00:01:24.0257,I,34228,0010 Recv Event Type=100,Account=,Value=
00:01:24.0257,I,34228,0010 MasterManager Recv NotifyEvent = Type=100,Account=,Value=
00:01:24.0267,I,34228,0010 UpdateSystemProperty
00:01:24.0267,I,34228,0010 OrderManager Recv NotifyEvent = Type=100,Account=,Value=
00:01:57.7136,I,34228,0005 CheckPinPointNews() : ResultCode[0], PnNewsHeader[null]
00:03:11.5198,I,34228,0020 KeepSession at 2026/02/11 00:03:12
00:04:57.7122,I,34228,0005 CheckPinPointNews() : ResultCode[0], PnNewsHeader[null]
00:06:31.5271,I,34228,0020 KeepSession at 2026/02/11 00:06:32
00:07:44.5275,I,34228,0001 NewsHeaders + PersonalNewsHeaders: count=8736
00:07:57.7213,I,34228,0041 CheckPinPointNews() : ResultCode[0], PnNewsHeader[null]
00:09:19.7272,I,34228,0015 UpdateService.UpdateCheck : start
00:09:51.5344,I,34228,0041 KeepSession at 2026/02/11 00:09:52
00:10:57.7371,I,34228,0041 CheckPinPointNews() : ResultCode[0], PnNewsHeader[null]
00:13:11.5279,I,34228,0008 KeepSession at 2026/02/11 00:13:12
00:13:57.7439,I,34228,0042 CheckPinPointNews() : ResultCode[0], PnNewsHeader[null]
00:16:31.5377,I,34228,0005 KeepSession at 2026/02/11 00:16:32
00:16:46.0429,I,34228,0001 NewsHeaders + PersonalNewsHeaders: count=8737
00:16:57.7500,I,34228,0005 CheckPinPointNews() : ResultCode[0], PnNewsHeader[null]
00:19:19.7418,I,34228,0043 UpdateService.UpdateCheck : start
00:19:49.3678,I,34228,0001 NewsHeaders + PersonalNewsHeaders: count=8738
00:19:51.5478,I,34228,0043 KeepSession at 2026/02/11 00:19:52
00:19:57.7578,I,34228,0005 CheckPinPointNews() : ResultCode[0], PnNewsHeader[null]
00:22:57.7626,I,34228,0045 CheckPinPointNews() : ResultCode[0], PnNewsHeader[null]
00:23:11.5580,I,34228,0045 KeepSession at 2026/02/11 00:23:12
00:25:57.7666,I,34228,0008 CheckPinPointNews() : ResultCode[0], PnNewsHeader[null]
00:26:31.5687,I,34228,0043 KeepSession at 2026/02/11 00:26:32
00:28:57.7756,I,34228,0008 CheckPinPointNews() : ResultCode[0], PnNewsHeader[null]
00:29:19.7525,I,34228,0043 UpdateService.UpdateCheck : start
00:29:51.5685,I,34228,0041 KeepSession at 2026/02/11 00:29:52
00:31:57.7863,I,34228,0045 CheckPinPointNews() : ResultCode[0], PnNewsHeader[null]
00:33:11.5757,I,34228,0044 KeepSession at 2026/02/11 00:33:12
00:34:57.7866,I,34228,0045 CheckPinPointNews() : ResultCode[0], PnNewsHeader[null]
00:36:31.5886,I,34228,0005 KeepSession at 2026/02/11 00:36:32
00:37:57.7895,I,34228,0008 CheckPinPointNews() : ResultCode[0], PnNewsHeader[null]
00:39:19.7574,I,34228,0043 UpdateService.UpdateCheck : start
00:39:51.5904,I,34228,0020 KeepSession at 2026/02/11 00:39:52
00:40:46.4556,I,34228,0001 NewsHeaders + PersonalNewsHeaders: count=8739
00:40:57.8037,I,34228,0041 CheckPinPointNews() : ResultCode[0], PnNewsHeader[null]
00:43:11.5957,I,34228,0010 KeepSession at 2026/02/11 00:43:12
00:43:57.8043,I,34228,0045 CheckPinPointNews() : ResultCode[0], PnNewsHeader[null]
00:46:31.6041,I,34228,0015 KeepSession at 2026/02/11 00:46:32
00:46:57.8116,I,34228,0044 CheckPinPointNews() : ResultCode[0], PnNewsHeader[null]
00:49:19.7722,I,34228,0005 UpdateService.UpdateCheck : start
00:49:51.6109,I,34228,0010 KeepSession at 2026/02/11 00:49:52
00:49:57.8213,I,34228,0044 CheckPinPointNews() : ResultCode[0], PnNewsHeader[null]
00:52:57.8215,I,34228,0045 CheckPinPointNews() : ResultCode[0], PnNewsHeader[null]
00:53:11.6245,I,34228,0015 KeepSession at 2026/02/11 00:53:12
00:55:57.8329,I,34228,0005 CheckPinPointNews() : ResultCode[0], PnNewsHeader[null]
00:56:31.6224,I,34228,0005 KeepSession at 2026/02/11 00:56:32
00:58:57.8397,I,34228,0020 CheckPinPointNews() : ResultCode[0], PnNewsHeader[null]
00:59:19.7764,I,34228,0041 UpdateService.UpdateCheck : start
00:59:51.6339,I,34228,0008 KeepSession at 2026/02/11 00:59:52
01:01:57.8493,I,34228,0042 CheckPinPointNews() : ResultCode[0], PnNewsHeader[null]
01:03:11.6404,I,34228,0008 KeepSession at 2026/02/11 01:03:12
01:04:57.8427,I,34228,0005 CheckPinPointNews() : ResultCode[0], PnNewsHeader[null]
01:06:31.6541,I,34228,0010 KeepSession at 2026/02/11 01:06:32
01:07:46.6995,I,34228,0001 NewsHeaders + PersonalNewsHeaders: count=8740
01:07:57.8534,I,34228,0043 CheckPinPointNews() : ResultCode[0], PnNewsHeader[null]
01:09:19.7902,I,34228,0008 UpdateService.UpdateCheck : start
01:09:51.6670,I,34228,0041 KeepSession at 2026/02/11 01:09:52
01:10:47.3551,I,34228,0001 NewsHeaders + PersonalNewsHeaders: count=8741
01:10:57.8678,I,34228,0041 CheckPinPointNews() : ResultCode[0], PnNewsHeader[null]
01:13:11.6676,I,34228,0043 KeepSession at 2026/02/11 01:13:12
01:13:47.7064,I,34228,0001 NewsHeaders + PersonalNewsHeaders: count=8742
01:13:57.8800,I,34228,0005 CheckPinPointNews() : ResultCode[0], PnNewsHeader[null]
01:16:31.6744,I,34228,0020 KeepSession at 2026/02/11 01:16:32
01:16:57.8821,I,34228,0045 CheckPinPointNews() : ResultCode[0], PnNewsHeader[null]
01:19:19.8043,I,34228,0020 UpdateService.UpdateCheck : start
01:19:51.6794,I,34228,0044 KeepSession at 2026/02/11 01:19:52
01:19:57.8993,I,34228,0010 CheckPinPointNews() : ResultCode[0], PnNewsHeader[null]
01:22:57.9084,I,34228,0005 CheckPinPointNews() : ResultCode[0], PnNewsHeader[null]
01:23:11.6810,I,34228,0042 KeepSession at 2026/02/11 01:23:12
01:25:57.9099,I,34228,0015 CheckPinPointNews() : ResultCode[0], PnNewsHeader[null]
01:26:31.6822,I,34228,0008 KeepSession at 2026/02/11 01:26:32
01:28:57.9089,I,34228,0044 CheckPinPointNews() : ResultCode[0], PnNewsHeader[null]
01:29:19.8112,I,34228,0008 UpdateService.UpdateCheck : start
01:29:51.6872,I,34228,0045 KeepSession at 2026/02/11 01:29:52
01:31:57.9151,I,34228,0015 CheckPinPointNews() : ResultCode[0], PnNewsHeader[null]
01:33:11.6905,I,34228,0045 KeepSession at 2026/02/11 01:33:12
01:34:48.0343,I,34228,0001 NewsHeaders + PersonalNewsHeaders: count=8743
01:34:57.9227,I,34228,0043 CheckPinPointNews() : ResultCode[0], PnNewsHeader[null]
01:36:31.6908,I,34228,0015 KeepSession at 2026/02/11 01:36:32
01:37:57.9269,I,34228,0020 CheckPinPointNews() : ResultCode[0], PnNewsHeader[null]
01:39:19.8188,I,34228,0005 UpdateService.UpdateCheck : start
01:39:51.6982,I,34228,0041 KeepSession at 2026/02/11 01:39:52
01:40:57.9422,I,34228,0042 CheckPinPointNews() : ResultCode[0], PnNewsHeader[null]
01:43:11.7134,I,34228,0045 KeepSession at 2026/02/11 01:43:12
01:43:57.9455,I,34228,0020 CheckPinPointNews() : ResultCode[0], PnNewsHeader[null]
01:46:31.7270,I,34228,0042 KeepSession at 2026/02/11 01:46:32
01:46:57.9463,I,34228,0020 CheckPinPointNews() : ResultCode[0], PnNewsHeader[null]
01:49:19.8228,I,34228,0044 UpdateService.UpdateCheck : start
01:49:51.7343,I,34228,0042 KeepSession at 2026/02/11 01:49:52
01:49:57.9644,I,34228,0044 CheckPinPointNews() : ResultCode[0], PnNewsHeader[null]
01:52:57.9591,I,34228,0008 CheckPinPointNews() : ResultCode[0], PnNewsHeader[null]
01:53:11.7397,I,34228,0015 KeepSession at 2026/02/11 01:53:12
01:55:57.9728,I,34228,0045 CheckPinPointNews() : ResultCode[0], PnNewsHeader[null]
01:56:31.7455,I,34228,0015 KeepSession at 2026/02/11 01:56:32
01:58:57.9822,I,34228,0015 CheckPinPointNews() : ResultCode[0], PnNewsHeader[null]
01:59:19.8360,I,34228,0043 UpdateService.UpdateCheck : start
01:59:51.7501,I,34228,0005 KeepSession at 2026/02/11 01:59:52
02:01:57.9838,I,34228,0043 CheckPinPointNews() : ResultCode[0], PnNewsHeader[null]
02:03:11.7697,I,34228,0041 KeepSession at 2026/02/11 02:03:12
02:04:57.9907,I,34228,0008 CheckPinPointNews() : ResultCode[0], PnNewsHeader[null]
02:06:31.7682,I,34228,0043 KeepSession at 2026/02/11 02:06:32
02:07:58.0004,I,34228,0042 CheckPinPointNews() : ResultCode[0], PnNewsHeader[null]
02:09:19.8380,I,34228,0044 UpdateService.UpdateCheck : start
02:09:51.7799,I,34228,0005 KeepSession at 2026/02/11 02:09:52
02:10:58.0098,I,34228,0008 CheckPinPointNews() : ResultCode[0], PnNewsHeader[null]
02:13:11.7798,I,34228,0008 KeepSession at 2026/02/11 02:13:12
02:13:58.0158,I,34228,0005 CheckPinPointNews() : ResultCode[0], PnNewsHeader[null]
02:16:31.7809,I,34228,0015 KeepSession at 2026/02/11 02:16:32
02:16:58.0306,I,34228,0042 CheckPinPointNews() : ResultCode[0], PnNewsHeader[null]
02:19:19.8472,I,34228,0042 UpdateService.UpdateCheck : start
02:19:51.7987,I,34228,0042 KeepSession at 2026/02/11 02:19:52
02:19:58.0196,I,34228,0020 CheckPinPointNews() : ResultCode[0], PnNewsHeader[null]
02:22:58.0314,I,34228,0005 CheckPinPointNews() : ResultCode[0], PnNewsHeader[null]
02:23:11.8021,I,34228,0005 KeepSession at 2026/02/11 02:23:12
02:25:58.0333,I,34228,0005 CheckPinPointNews() : ResultCode[0], PnNewsHeader[null]
02:26:31.8021,I,34228,0015 KeepSession at 2026/02/11 02:26:32
02:28:58.0372,I,34228,0044 CheckPinPointNews() : ResultCode[0], PnNewsHeader[null]
02:29:19.8728,I,34228,0044 UpdateService.UpdateCheck : start
02:29:51.8407,I,34228,0041 KeepSession at 2026/02/11 02:29:52
02:31:58.0459,I,34228,0010 CheckPinPointNews() : ResultCode[0], PnNewsHeader[null]
02:33:11.8389,I,34228,0041 KeepSession at 2026/02/11 02:33:12
02:34:58.0503,I,34228,0041 CheckPinPointNews() : ResultCode[0], PnNewsHeader[null]
02:36:31.8423,I,34228,0041 KeepSession at 2026/02/11 02:36:32
02:37:48.0575,I,34228,0001 NewsHeaders + PersonalNewsHeaders: count=8744
02:37:58.0570,I,34228,0015 CheckPinPointNews() : ResultCode[0], PnNewsHeader[null]
02:39:19.8809,I,34228,0010 UpdateService.UpdateCheck : start
02:39:51.8562,I,34228,0010 KeepSession at 2026/02/11 02:39:52
02:40:58.0642,I,34228,0044 CheckPinPointNews() : ResultCode[0], PnNewsHeader[null]
02:43:11.8711,I,34228,0045 KeepSession at 2026/02/11 02:43:12
02:43:58.0713,I,34228,0010 CheckPinPointNews() : ResultCode[0], PnNewsHeader[null]
02:46:31.8752,I,34228,0042 KeepSession at 2026/02/11 02:46:32
02:46:58.0820,I,34228,0015 CheckPinPointNews() : ResultCode[0], PnNewsHeader[null]
02:49:19.8909,I,34228,0043 UpdateService.UpdateCheck : start
02:49:49.2390,I,34228,0001 NewsHeaders + PersonalNewsHeaders: count=8745
02:49:51.8828,I,34228,0005 KeepSession at 2026/02/11 02:49:52
02:49:58.0921,I,34228,0042 CheckPinPointNews() : ResultCode[0], PnNewsHeader[null]
02:52:58.1053,I,34228,0044 CheckPinPointNews() : ResultCode[0], PnNewsHeader[null]
02:53:11.8942,I,34228,0045 KeepSession at 2026/02/11 02:53:12
02:55:58.1156,I,34228,0045 CheckPinPointNews() : ResultCode[0], PnNewsHeader[null]
02:56:31.8989,I,34228,0043 KeepSession at 2026/02/11 02:56:32
02:58:58.1173,I,34228,0043 CheckPinPointNews() : ResultCode[0], PnNewsHeader[null]
02:59:19.9052,I,34228,0044 UpdateService.UpdateCheck : start
02:59:51.9072,I,34228,0010 KeepSession at 2026/02/11 02:59:52
03:01:58.1244,I,34228,0045 CheckPinPointNews() : ResultCode[0], PnNewsHeader[null]
03:03:11.9141,I,34228,0015 KeepSession at 2026/02/11 03:03:12
03:04:58.1265,I,34228,0041 CheckPinPointNews() : ResultCode[0], PnNewsHeader[null]
03:06:31.9199,I,34228,0010 KeepSession at 2026/02/11 03:06:32
03:07:58.1336,I,34228,0010 CheckPinPointNews() : ResultCode[0], PnNewsHeader[null]
03:09:19.9140,I,34228,0005 UpdateService.UpdateCheck : start
03:09:51.9451,I,34228,0042 KeepSession at 2026/02/11 03:09:52
03:10:58.1388,I,34228,0008 CheckPinPointNews() : ResultCode[0], PnNewsHeader[null]
03:13:11.9401,I,34228,0045 KeepSession at 2026/02/11 03:13:12
03:13:58.1467,I,34228,0042 CheckPinPointNews() : ResultCode[0], PnNewsHeader[null]
03:16:31.9471,I,34228,0043 KeepSession at 2026/02/11 03:16:32
03:16:50.7851,I,34228,0001 NewsHeaders + PersonalNewsHeaders: count=8746
03:16:58.1525,I,34228,0041 CheckPinPointNews() : ResultCode[0], PnNewsHeader[null]
03:19:19.9154,I,34228,0043 UpdateService.UpdateCheck : start
03:19:51.9527,I,34228,0008 KeepSession at 2026/02/11 03:19:52
03:19:58.1522,I,34228,0043 CheckPinPointNews() : ResultCode[0], PnNewsHeader[null]
03:22:58.1632,I,34228,0045 CheckPinPointNews() : ResultCode[0], PnNewsHeader[null]
03:23:11.9584,I,34228,0010 KeepSession at 2026/02/11 03:23:12
03:25:58.1676,I,34228,0044 CheckPinPointNews() : ResultCode[0], PnNewsHeader[null]
03:26:31.9694,I,34228,0043 KeepSession at 2026/02/11 03:26:32
03:28:58.1739,I,34228,0041 CheckPinPointNews() : ResultCode[0], PnNewsHeader[null]
03:29:19.9197,I,34228,0042 UpdateService.UpdateCheck : start
03:29:51.9840,I,34228,0008 KeepSession at 2026/02/11 03:29:52
03:31:58.1780,I,34228,0042 CheckPinPointNews() : ResultCode[0], PnNewsHeader[null]
03:33:11.9812,I,34228,0044 KeepSession at 2026/02/11 03:33:12
03:34:58.1989,I,34228,0042 CheckPinPointNews() : ResultCode[0], PnNewsHeader[null]
03:36:31.9818,I,34228,0044 KeepSession at 2026/02/11 03:36:32
03:37:58.2002,I,34228,0043 CheckPinPointNews() : ResultCode[0], PnNewsHeader[null]
03:39:19.9236,I,34228,0045 UpdateService.UpdateCheck : start
03:39:51.9895,I,34228,0045 KeepSession at 2026/02/11 03:39:52
03:40:58.2046,I,34228,0045 CheckPinPointNews() : ResultCode[0], PnNewsHeader[null]
03:43:11.9963,I,34228,0020 KeepSession at 2026/02/11 03:43:12
03:43:58.2270,I,34228,0015 CheckPinPointNews() : ResultCode[0], PnNewsHeader[null]
03:46:32.0002,I,34228,0045 KeepSession at 2026/02/11 03:46:32
03:46:58.2412,I,34228,0020 CheckPinPointNews() : ResultCode[0], PnNewsHeader[null]
03:49:19.9277,I,34228,0042 UpdateService.UpdateCheck : start
03:49:52.0089,I,34228,0044 KeepSession at 2026/02/11 03:49:52
03:49:58.2329,I,34228,0041 CheckPinPointNews() : ResultCode[0], PnNewsHeader[null]
03:52:58.2329,I,34228,0005 CheckPinPointNews() : ResultCode[0], PnNewsHeader[null]
03:53:12.0104,I,34228,0042 KeepSession at 2026/02/11 03:53:12
03:55:53.4858,I,34228,0001 NewsHeaders + PersonalNewsHeaders: count=8747
03:55:58.2477,I,34228,0008 CheckPinPointNews() : ResultCode[0], PnNewsHeader[null]
03:56:32.0202,I,34228,0008 KeepSession at 2026/02/11 03:56:32
03:58:58.2572,I,34228,0020 CheckPinPointNews() : ResultCode[0], PnNewsHeader[null]
03:59:19.9305,I,34228,0043 UpdateService.UpdateCheck : start
03:59:52.0443,I,34228,0045 KeepSession at 2026/02/11 03:59:52
04:01:50.9179,I,34228,0001 NewsHeaders + PersonalNewsHeaders: count=8748
04:01:58.2646,I,34228,0015 CheckPinPointNews() : ResultCode[0], PnNewsHeader[null]
04:03:12.0395,I,34228,0020 KeepSession at 2026/02/11 04:03:12
04:04:58.2686,I,34228,0010 CheckPinPointNews() : ResultCode[0], PnNewsHeader[null]
04:06:32.0506,I,34228,0042 KeepSession at 2026/02/11 04:06:32
04:07:58.2787,I,34228,0010 CheckPinPointNews() : ResultCode[0], PnNewsHeader[null]
04:09:19.9320,I,34228,0045 UpdateService.UpdateCheck : start
04:09:52.0553,I,34228,0043 KeepSession at 2026/02/11 04:09:52
04:10:58.2869,I,34228,0010 CheckPinPointNews() : ResultCode[0], PnNewsHeader[null]
04:13:12.0618,I,34228,0041 KeepSession at 2026/02/11 04:13:12
04:13:58.2906,I,34228,0044 CheckPinPointNews() : ResultCode[0], PnNewsHeader[null]
04:16:32.0749,I,34228,0015 KeepSession at 2026/02/11 04:16:32
04:16:58.2991,I,34228,0005 CheckPinPointNews() : ResultCode[0], PnNewsHeader[null]
04:19:19.9412,I,34228,0008 UpdateService.UpdateCheck : start
04:19:52.1012,I,34228,0041 KeepSession at 2026/02/11 04:19:53
04:19:58.3097,I,34228,0045 CheckPinPointNews() : ResultCode[0], PnNewsHeader[null]
04:22:58.3270,I,34228,0044 CheckPinPointNews() : ResultCode[0], PnNewsHeader[null]
04:23:12.0880,I,34228,0044 KeepSession at 2026/02/11 04:23:13
04:25:58.3192,I,34228,0044 CheckPinPointNews() : ResultCode[0], PnNewsHeader[null]
04:26:32.0939,I,34228,0045 KeepSession at 2026/02/11 04:26:33
04:28:58.3206,I,34228,0005 CheckPinPointNews() : ResultCode[0], PnNewsHeader[null]
04:29:19.9475,I,34228,0020 UpdateService.UpdateCheck : start
04:29:52.1053,I,34228,0020 KeepSession at 2026/02/11 04:29:53
04:31:58.3203,I,34228,0044 CheckPinPointNews() : ResultCode[0], PnNewsHeader[null]
04:33:12.1273,I,34228,0041 KeepSession at 2026/02/11 04:33:13
04:34:58.3242,I,34228,0008 CheckPinPointNews() : ResultCode[0], PnNewsHeader[null]
04:36:32.1353,I,34228,0020 KeepSession at 2026/02/11 04:36:33
04:37:58.3247,I,34228,0044 CheckPinPointNews() : ResultCode[0], PnNewsHeader[null]
04:39:19.9614,I,34228,0041 UpdateService.UpdateCheck : start
04:39:52.1402,I,34228,0008 KeepSession at 2026/02/11 04:39:53
04:40:58.3235,I,34228,0045 CheckPinPointNews() : ResultCode[0], PnNewsHeader[null]
04:43:12.1565,I,34228,0041 KeepSession at 2026/02/11 04:43:13
04:43:58.3312,I,34228,0044 CheckPinPointNews() : ResultCode[0], PnNewsHeader[null]
04:46:32.1563,I,34228,0010 KeepSession at 2026/02/11 04:46:33
04:46:58.3420,I,34228,0044 CheckPinPointNews() : ResultCode[0], PnNewsHeader[null]
04:49:19.9698,I,34228,0044 UpdateService.UpdateCheck : start
04:49:52.1783,I,34228,0044 KeepSession at 2026/02/11 04:49:53
04:49:58.3525,I,34228,0044 CheckPinPointNews() : ResultCode[0], PnNewsHeader[null]
04:52:58.3579,I,34228,0043 CheckPinPointNews() : ResultCode[0], PnNewsHeader[null]
04:53:12.1765,I,34228,0041 KeepSession at 2026/02/11 04:53:13
04:55:58.3599,I,34228,0015 CheckPinPointNews() : ResultCode[0], PnNewsHeader[null]
04:56:32.1830,I,34228,0020 KeepSession at 2026/02/11 04:56:33
04:58:58.3711,I,34228,0042 CheckPinPointNews() : ResultCode[0], PnNewsHeader[null]
04:59:19.9742,I,34228,0041 UpdateService.UpdateCheck : start
04:59:52.1948,I,34228,0045 KeepSession at 2026/02/11 04:59:53
05:01:56.5689,I,34228,0001 NewsHeaders + PersonalNewsHeaders: count=8749
05:01:58.3790,I,34228,0005 CheckPinPointNews() : ResultCode[0], PnNewsHeader[null]
05:03:12.2012,I,34228,0044 KeepSession at 2026/02/11 05:03:13
05:04:58.3918,I,34228,0008 CheckPinPointNews() : ResultCode[0], PnNewsHeader[null]
05:06:32.1898,I,34228,0045 KeepSession at 2026/02/11 05:06:33
05:07:58.4051,I,34228,0045 CheckPinPointNews() : ResultCode[0], PnNewsHeader[null]
05:09:19.9763,I,34228,0042 UpdateService.UpdateCheck : start
05:09:52.2020,I,34228,0043 KeepSession at 2026/02/11 05:09:53
05:10:58.4023,I,34228,0010 CheckPinPointNews() : ResultCode[0], PnNewsHeader[null]
05:13:12.2229,I,34228,0044 KeepSession at 2026/02/11 05:13:13
05:13:58.4088,I,34228,0045 CheckPinPointNews() : ResultCode[0], PnNewsHeader[null]
05:16:32.2338,I,34228,0044 KeepSession at 2026/02/11 05:16:33
05:16:58.4075,I,34228,0041 CheckPinPointNews() : ResultCode[0], PnNewsHeader[null]
05:19:19.9815,I,34228,0043 UpdateService.UpdateCheck : start
05:19:52.2342,I,34228,0010 KeepSession at 2026/02/11 05:19:53
05:19:58.4225,I,34228,0044 CheckPinPointNews() : ResultCode[0], PnNewsHeader[null]
05:22:58.4224,I,34228,0005 CheckPinPointNews() : ResultCode[0], PnNewsHeader[null]
05:23:12.2467,I,34228,0008 KeepSession at 2026/02/11 05:23:13
05:25:58.4429,I,34228,0043 CheckPinPointNews() : ResultCode[0], PnNewsHeader[null]
05:26:32.2492,I,34228,0041 KeepSession at 2026/02/11 05:26:33
05:28:49.6302,I,34228,0001 NewsHeaders + PersonalNewsHeaders: count=8750
05:28:58.4492,I,34228,0045 CheckPinPointNews() : ResultCode[0], PnNewsHeader[null]
05:29:19.9882,I,34228,0008 UpdateService.UpdateCheck : start
05:29:52.2526,I,34228,0010 KeepSession at 2026/02/11 05:29:53
05:31:58.4531,I,34228,0041 CheckPinPointNews() : ResultCode[0], PnNewsHeader[null]
05:33:12.2647,I,34228,0008 KeepSession at 2026/02/11 05:33:13
05:34:58.4668,I,34228,0010 CheckPinPointNews() : ResultCode[0], PnNewsHeader[null]
05:36:32.2703,I,34228,0020 KeepSession at 2026/02/11 05:36:33
05:37:58.4700,I,34228,0045 CheckPinPointNews() : ResultCode[0], PnNewsHeader[null]
05:39:19.9961,I,34228,0010 UpdateService.UpdateCheck : start
05:39:52.2793,I,34228,0010 KeepSession at 2026/02/11 05:39:53
05:40:58.4721,I,34228,0041 CheckPinPointNews() : ResultCode[0], PnNewsHeader[null]
05:43:12.2881,I,34228,0010 KeepSession at 2026/02/11 05:43:13
05:43:58.4740,I,34228,0042 CheckPinPointNews() : ResultCode[0], PnNewsHeader[null]
05:46:32.3010,I,34228,0042 KeepSession at 2026/02/11 05:46:33
05:46:58.5139,I,34228,0044 CheckPinPointNews() : ResultCode[0], PnNewsHeader[null]
05:49:19.9997,I,34228,0015 UpdateService.UpdateCheck : start
05:49:52.3098,I,34228,0044 KeepSession at 2026/02/11 05:49:53
05:49:58.4966,I,34228,0010 CheckPinPointNews() : ResultCode[0], PnNewsHeader[null]
05:52:58.5047,I,34228,0015 CheckPinPointNews() : ResultCode[0], PnNewsHeader[null]
05:53:12.3172,I,34228,0045 KeepSession at 2026/02/11 05:53:13
05:55:58.5175,I,34228,0041 CheckPinPointNews() : ResultCode[0], PnNewsHeader[null]
05:56:32.3313,I,34228,0044 KeepSession at 2026/02/11 05:56:33
05:58:58.5138,I,34228,0005 CheckPinPointNews() : ResultCode[0], PnNewsHeader[null]
05:59:20.0127,I,34228,0042 UpdateService.UpdateCheck : start
05:59:52.3403,I,34228,0042 KeepSession at 2026/02/11 05:59:53
06:01:58.5175,I,34228,0008 CheckPinPointNews() : ResultCode[0], PnNewsHeader[null]
06:03:12.3528,I,34228,0045 KeepSession at 2026/02/11 06:03:13
06:04:58.5205,I,34228,0044 CheckPinPointNews() : ResultCode[0], PnNewsHeader[null]
06:06:32.3585,I,34228,0043 KeepSession at 2026/02/11 06:06:33
06:07:58.5261,I,34228,0041 CheckPinPointNews() : ResultCode[0], PnNewsHeader[null]
06:09:20.0217,I,34228,0008 UpdateService.UpdateCheck : start
06:09:52.3715,I,34228,0005 KeepSession at 2026/02/11 06:09:53
06:10:18.0715,I,34228,0041 Recv Event Type=101,Account=,Value=
06:10:18.0715,I,34228,0041 MasterManager Recv NotifyEvent = Type=101,Account=,Value=
06:10:18.0715,I,34228,0041 UpdateSymbolCache
06:10:18.0766,I,34228,0041 UpdateExchangeCache
06:10:18.0775,I,34228,0041 ClearCapMarginSellIppanCache
06:10:18.0785,I,34228,0041 OrderManager Recv NotifyEvent = Type=101,Account=,Value=
06:10:18.0796,I,34228,0041 Recv Event Type=205,Account=,Value=
06:10:18.0796,I,34228,0041 MasterManager Recv NotifyEvent = Type=205,Account=,Value=
06:10:18.0796,I,34228,0041 ClearSymbolInfoCache
06:10:18.0796,I,34228,0041 OrderManager Recv NotifyEvent = Type=205,Account=,Value=
06:10:18.0796,I,34228,0041 Recv Event Type=100,Account=,Value=
06:10:18.0796,I,34228,0041 MasterManager Recv NotifyEvent = Type=100,Account=,Value=
06:10:18.0796,I,34228,0041 UpdateSystemProperty
06:10:18.0805,I,34228,0041 OrderManager Recv NotifyEvent = Type=100,Account=,Value=
06:10:21.5845,I,34228,0008 SymbolUpdated
06:10:21.8438,I,34228,0001 SeriesDataProvider.Regist_Tick(SeriesKey : { Symbol=8306, Exchange=1, SecurityType=1,BidAsk= })
06:10:22.2669,I,34228,0015 GetTickServiceUrl UseSecurePort=False
06:10:58.5310,I,34228,0042 CheckPinPointNews() : ResultCode[0], PnNewsHeader[null]
06:13:12.3753,I,34228,0044 KeepSession at 2026/02/11 06:13:13
06:13:58.5338,I,34228,0042 CheckPinPointNews() : ResultCode[0], PnNewsHeader[null]
06:15:00.6958,I,34228,0026 UpdateOrderAndDetail Order.ID=20260206A01N31931089
06:15:00.6958,I,34228,0026 UpdateOrderAndDetail Order.ID=20260206A01N31931201
06:15:48.3491,I,34228,0015 Recv Event Type=100,Account=,Value=
06:15:48.3491,I,34228,0015 MasterManager Recv NotifyEvent = Type=100,Account=,Value=
06:15:48.3491,I,34228,0015 UpdateSystemProperty
06:15:48.3491,I,34228,0015 OrderManager Recv NotifyEvent = Type=100,Account=,Value=
06:16:32.4111,I,34228,0041 認証更新エラー Code=10012
06:16:32.4231,I,34228,0041 カブステAPIクリア
06:17:59.7812,I,34228,0041 失敗：ダウンロード先URL ProtocolError:http://194.223.146.66/Historical/Ranking/701/Ranking_701_9999.bin
System.Net.WebException: リモート サーバーがエラーを返しました: (503) サーバーを使用できません
   場所 System.Net.WebClient.OpenRead(Uri address)
   場所 ard.a(String A_0, RequestCacheLevel A_1, a A_2)
06:17:59.7812,I,34228,0010 失敗：ダウンロード先URL ProtocolError:http://194.223.146.66/Historical/Ranking/501/Ranking_501_9999.bin
System.Net.WebException: リモート サーバーがエラーを返しました: (503) サーバーを使用できません
   場所 System.Net.WebClient.OpenRead(Uri address)
   場所 ard.a(String A_0, RequestCacheLevel A_1, a A_2)
06:17:59.7952,I,34228,0010 失敗：ダウンロード先URL ProtocolError:http://194.223.146.66/Historical/Ranking/501/Ranking_501_9999.bin
System.Net.WebException: リモート サーバーがエラーを返しました: (503) サーバーを使用できません
   場所 System.Net.WebClient.OpenRead(Uri address)
   場所 ard.a(String A_0, RequestCacheLevel A_1, a A_2)
06:17:59.7952,I,34228,0041 失敗：ダウンロード先URL ProtocolError:http://194.223.146.66/Historical/Ranking/701/Ranking_701_9999.bin
System.Net.WebException: リモート サーバーがエラーを返しました: (503) サーバーを使用できません
   場所 System.Net.WebClient.OpenRead(Uri address)
   場所 ard.a(String A_0, RequestCacheLevel A_1, a A_2)
06:17:59.8050,I,34228,0010 失敗：ダウンロード先URL ProtocolError:http://194.223.146.66/Historical/Ranking/501/Ranking_501_9999.bin
System.Net.WebException: リモート サーバーがエラーを返しました: (503) サーバーを使用できません
   場所 System.Net.WebClient.OpenRead(Uri address)
   場所 ard.a(String A_0, RequestCacheLevel A_1, a A_2)
06:17:59.8070,I,34228,0041 失敗：ダウンロード先URL ProtocolError:http://194.223.146.66/Historical/Ranking/701/Ranking_701_9999.bin
System.Net.WebException: リモート サーバーがエラーを返しました: (503) サーバーを使用できません
   場所 System.Net.WebClient.OpenRead(Uri address)
   場所 ard.a(String A_0, RequestCacheLevel A_1, a A_2)
06:19:20.0231,I,34228,0045 UpdateService.UpdateCheck : start
06:25:35.1766,I,34228,0041 Recv Event Type=101,Account=,Value=
06:25:35.1766,I,34228,0041 MasterManager Recv NotifyEvent = Type=101,Account=,Value=
06:25:35.1766,I,34228,0041 UpdateSymbolCache
06:25:35.1766,I,34228,0041 UpdateExchangeCache
06:25:35.1766,I,34228,0041 ClearCapMarginSellIppanCache
06:25:35.1766,I,34228,0041 OrderManager Recv NotifyEvent = Type=101,Account=,Value=
06:25:35.1766,I,34228,0041 Recv Event Type=205,Account=,Value=
06:25:35.1766,I,34228,0041 MasterManager Recv NotifyEvent = Type=205,Account=,Value=
06:25:35.1766,I,34228,0041 ClearSymbolInfoCache
06:25:35.1766,I,34228,0041 OrderManager Recv NotifyEvent = Type=205,Account=,Value=
06:25:38.7530,I,34228,0010 SymbolUpdated
06:25:38.8903,I,34228,0001 SeriesDataProvider.Regist_Tick(SeriesKey : { Symbol=8306, Exchange=1, SecurityType=1,BidAsk= })
06:25:39.1816,I,34228,0041 GetTickServiceUrl UseSecurePort=False
06:29:20.0258,I,34228,0041 UpdateService.UpdateCheck : start
06:30:35.4270,I,34228,0041 Recv Event Type=101,Account=,Value=
06:30:35.4270,I,34228,0041 MasterManager Recv NotifyEvent = Type=101,Account=,Value=
06:30:35.4270,I,34228,0041 UpdateSymbolCache
06:30:35.4270,I,34228,0041 UpdateExchangeCache
06:30:35.4270,I,34228,0041 ClearCapMarginSellIppanCache
06:30:35.4270,I,34228,0041 OrderManager Recv NotifyEvent = Type=101,Account=,Value=
06:30:35.4270,I,34228,0041 Recv Event Type=205,Account=,Value=
06:30:35.4270,I,34228,0041 MasterManager Recv NotifyEvent = Type=205,Account=,Value=
06:30:35.4270,I,34228,0041 ClearSymbolInfoCache
06:30:35.4270,I,34228,0041 OrderManager Recv NotifyEvent = Type=205,Account=,Value=
06:30:38.8284,I,34228,0044 SymbolUpdated
06:30:38.9520,I,34228,0001 SeriesDataProvider.Regist_Tick(SeriesKey : { Symbol=8306, Exchange=1, SecurityType=1,BidAsk= })
06:30:39.1585,I,34228,0043 GetTickServiceUrl UseSecurePort=False
06:34:51.0901,I,34228,0001 NewsHeaders + PersonalNewsHeaders: count=8751
06:38:35.8050,I,34228,0010 Recv Event Type=101,Account=,Value=
06:38:35.8050,I,34228,0010 MasterManager Recv NotifyEvent = Type=101,Account=,Value=
06:38:35.8050,I,34228,0010 UpdateSymbolCache
06:38:35.8050,I,34228,0010 UpdateExchangeCache
06:38:35.8050,I,34228,0010 ClearCapMarginSellIppanCache
06:38:35.8050,I,34228,0010 OrderManager Recv NotifyEvent = Type=101,Account=,Value=
06:38:35.8050,I,34228,0010 Recv Event Type=205,Account=,Value=
06:38:35.8050,I,34228,0010 MasterManager Recv NotifyEvent = Type=205,Account=,Value=
06:38:35.8050,I,34228,0010 ClearSymbolInfoCache
06:38:35.8050,I,34228,0010 OrderManager Recv NotifyEvent = Type=205,Account=,Value=
06:38:39.2206,I,34228,0005 SymbolUpdated
06:38:39.3881,I,34228,0001 SeriesDataProvider.Regist_Tick(SeriesKey : { Symbol=8306, Exchange=1, SecurityType=1,BidAsk= })
06:38:39.5386,I,34228,0008 GetTickServiceUrl UseSecurePort=False
06:39:20.0356,I,34228,0044 UpdateService.UpdateCheck : start
06:44:06.0966,I,34228,0042 Recv Event Type=200,Account=,Value=
06:44:06.0966,I,34228,0042 MasterManager Recv NotifyEvent = Type=200,Account=,Value=
06:44:06.0966,I,34228,0042 OrderManager Recv NotifyEvent = Type=200,Account=,Value=
06:44:06.1155,I,34228,0042 Recv Event Type=201,Account=,Value=
06:44:06.1155,I,34228,0042 MasterManager Recv NotifyEvent = Type=201,Account=,Value=
06:44:06.1155,I,34228,0042 OrderManager Recv NotifyEvent = Type=201,Account=,Value=
06:44:06.2003,I,34228,0042 Recv Event Type=201,Account=,Value=
06:44:06.2003,I,34228,0042 MasterManager Recv NotifyEvent = Type=201,Account=,Value=
06:44:06.2003,I,34228,0042 OrderManager Recv NotifyEvent = Type=201,Account=,Value=
06:46:06.3566,I,34228,0008 Recv Event Type=100,Account=,Value=
06:46:06.3566,I,34228,0008 MasterManager Recv NotifyEvent = Type=100,Account=,Value=
06:46:06.3566,I,34228,0008 UpdateSystemProperty
06:46:06.3566,I,34228,0008 OrderManager Recv NotifyEvent = Type=100,Account=,Value=
06:49:20.0388,I,34228,0045 UpdateService.UpdateCheck : start
06:51:36.7462,I,34228,0008 Recv Event Type=100,Account=,Value=
06:51:36.7462,I,34228,0008 MasterManager Recv NotifyEvent = Type=100,Account=,Value=
06:51:36.7462,I,34228,0008 UpdateSystemProperty
06:51:36.7471,I,34228,0008 OrderManager Recv NotifyEvent = Type=100,Account=,Value=
06:55:36.9611,I,34228,0041 Recv Event Type=101,Account=,Value=
06:55:36.9611,I,34228,0041 MasterManager Recv NotifyEvent = Type=101,Account=,Value=
06:55:36.9611,I,34228,0041 UpdateSymbolCache
06:55:36.9611,I,34228,0041 UpdateExchangeCache
06:55:36.9611,I,34228,0041 ClearCapMarginSellIppanCache
06:55:36.9611,I,34228,0041 OrderManager Recv NotifyEvent = Type=101,Account=,Value=
06:55:36.9611,I,34228,0041 Recv Event Type=205,Account=,Value=
06:55:36.9611,I,34228,0041 MasterManager Recv NotifyEvent = Type=205,Account=,Value=
06:55:36.9611,I,34228,0041 ClearSymbolInfoCache
06:55:36.9611,I,34228,0041 OrderManager Recv NotifyEvent = Type=205,Account=,Value=
06:55:40.4987,I,34228,0045 SymbolUpdated
06:55:40.6157,I,34228,0001 SeriesDataProvider.Regist_Tick(SeriesKey : { Symbol=8306, Exchange=1, SecurityType=1,BidAsk= })
06:55:40.9195,I,34228,0020 GetTickServiceUrl UseSecurePort=False
06:55:55.9475,I,34228,0001 NewsHeaders + PersonalNewsHeaders: count=8752
06:59:20.0489,I,34228,0045 UpdateService.UpdateCheck : start
07:04:56.2598,I,34228,0001 NewsHeaders + PersonalNewsHeaders: count=8754
07:08:00.2443,I,34228,0001 NewsHeaders + PersonalNewsHeaders: count=8757
07:09:20.0618,I,34228,0005 UpdateService.UpdateCheck : start
07:09:20.0618,I,34228,0005 UpdateService.DoUpdateCheck : start
07:09:20.0838,I,34228,0001 UpdateService.Callback : start
07:09:20.0838,I,34228,0001 UpdateService.Callback : ImportantAppVersion = 5036000000
07:09:20.0838,I,34228,0001 UpdateService.Callback : CurrentAppVersion   = 5036000000
07:09:20.0839,I,34228,0001 UpdateService.Callback : myVer               = 5036000000
07:09:20.0875,I,34228,0001 UpdateService.Callback : UpdateKind          = UpdateNone
07:10:37.7365,I,34228,0010 Recv Event Type=100,Account=,Value=
07:10:37.7365,I,34228,0010 MasterManager Recv NotifyEvent = Type=100,Account=,Value=
07:10:37.7365,I,34228,0010 UpdateSystemProperty
07:10:37.7365,I,34228,0010 OrderManager Recv NotifyEvent = Type=100,Account=,Value=
07:11:01.2325,I,34228,0001 NewsHeaders + PersonalNewsHeaders: count=8758
07:13:57.8481,I,34228,0001 NewsHeaders + PersonalNewsHeaders: count=8759
07:16:57.6421,I,34228,0001 NewsHeaders + PersonalNewsHeaders: count=8762
07:19:20.0673,I,34228,0042 UpdateService.UpdateCheck : start
07:19:20.0673,I,34228,0042 UpdateService.DoUpdateCheck : start
07:19:20.0821,I,34228,0001 UpdateService.Callback : start
07:19:20.0821,I,34228,0001 UpdateService.Callback : ImportantAppVersion = 5036000000
07:19:20.0821,I,34228,0001 UpdateService.Callback : CurrentAppVersion   = 5036000000
07:19:20.0821,I,34228,0001 UpdateService.Callback : myVer               = 5036000000
07:19:20.0821,I,34228,0001 UpdateService.Callback : UpdateKind          = UpdateNone
07:19:59.2945,I,34228,0001 NewsHeaders + PersonalNewsHeaders: count=8764
07:29:20.0737,I,34228,0045 UpdateService.UpdateCheck : start
07:29:20.0737,I,34228,0045 UpdateService.DoUpdateCheck : start
07:29:20.0897,I,34228,0001 UpdateService.Callback : start
07:29:20.0897,I,34228,0001 UpdateService.Callback : ImportantAppVersion = 5036000000
07:29:20.0897,I,34228,0001 UpdateService.Callback : CurrentAppVersion   = 5036000000
07:29:20.0897,I,34228,0001 UpdateService.Callback : myVer               = 5036000000
07:29:20.0897,I,34228,0001 UpdateService.Callback : UpdateKind          = UpdateNone
07:38:39.2020,I,34228,0015 Recv Event Type=101,Account=,Value=
07:38:39.2020,I,34228,0015 MasterManager Recv NotifyEvent = Type=101,Account=,Value=
07:38:39.2020,I,34228,0015 UpdateSymbolCache
07:38:39.2020,I,34228,0015 UpdateExchangeCache
07:38:39.2020,I,34228,0015 ClearCapMarginSellIppanCache
07:38:39.2020,I,34228,0015 OrderManager Recv NotifyEvent = Type=101,Account=,Value=
07:38:39.2020,I,34228,0015 Recv Event Type=205,Account=,Value=
07:38:39.2020,I,34228,0015 MasterManager Recv NotifyEvent = Type=205,Account=,Value=
07:38:39.2020,I,34228,0015 ClearSymbolInfoCache
07:38:39.2020,I,34228,0015 OrderManager Recv NotifyEvent = Type=205,Account=,Value=
07:38:42.6113,I,34228,0043 SymbolUpdated
07:38:42.7478,I,34228,0001 SeriesDataProvider.Regist_Tick(SeriesKey : { Symbol=8306, Exchange=1, SecurityType=1,BidAsk= })
07:38:43.0462,I,34228,0041 GetTickServiceUrl UseSecurePort=False
07:39:20.0849,I,34228,0041 UpdateService.UpdateCheck : start
07:39:20.0849,I,34228,0041 UpdateService.DoUpdateCheck : start
07:39:20.1008,I,34228,0001 UpdateService.Callback : start
07:39:20.1008,I,34228,0001 UpdateService.Callback : ImportantAppVersion = 5036000000
07:39:20.1008,I,34228,0001 UpdateService.Callback : CurrentAppVersion   = 5036000000
07:39:20.1008,I,34228,0001 UpdateService.Callback : myVer               = 5036000000
07:39:20.1008,I,34228,0001 UpdateService.Callback : UpdateKind          = UpdateNone
07:43:39.4778,I,34228,0015 Recv Event Type=202,Account=,Value=
07:43:39.4778,I,34228,0015 MasterManager Recv NotifyEvent = Type=202,Account=,Value=
07:43:39.4778,I,34228,0015 OrderManager Recv NotifyEvent = Type=202,Account=,Value=
07:43:39.4778,I,34228,0015 ClearWallet
07:49:20.0987,I,34228,0020 UpdateService.UpdateCheck : start
07:49:20.0987,I,34228,0020 UpdateService.DoUpdateCheck : start
07:49:20.1153,I,34228,0001 UpdateService.Callback : start
07:49:20.1153,I,34228,0001 UpdateService.Callback : ImportantAppVersion = 5036000000
07:49:20.1153,I,34228,0001 UpdateService.Callback : CurrentAppVersion   = 5036000000
07:49:20.1153,I,34228,0001 UpdateService.Callback : myVer               = 5036000000
07:49:20.1153,I,34228,0001 UpdateService.Callback : UpdateKind          = UpdateNone
07:52:09.9026,I,34228,0041 Recv Event Type=101,Account=,Value=
07:52:09.9026,I,34228,0041 MasterManager Recv NotifyEvent = Type=101,Account=,Value=
07:52:09.9026,I,34228,0041 UpdateSymbolCache
07:52:09.9026,I,34228,0041 UpdateExchangeCache
07:52:09.9026,I,34228,0041 ClearCapMarginSellIppanCache
07:52:09.9026,I,34228,0041 OrderManager Recv NotifyEvent = Type=101,Account=,Value=
07:52:09.9026,I,34228,0041 Recv Event Type=205,Account=,Value=
07:52:09.9026,I,34228,0041 MasterManager Recv NotifyEvent = Type=205,Account=,Value=
07:52:09.9026,I,34228,0041 ClearSymbolInfoCache
07:52:09.9026,I,34228,0041 OrderManager Recv NotifyEvent = Type=205,Account=,Value=
07:52:13.2656,I,34228,0010 SymbolUpdated
07:52:13.3778,I,34228,0001 SeriesDataProvider.Regist_Tick(SeriesKey : { Symbol=8306, Exchange=1, SecurityType=1,BidAsk= })
07:52:13.6280,I,34228,0015 GetTickServiceUrl UseSecurePort=False
07:59:20.1131,I,34228,0044 UpdateService.UpdateCheck : start
07:59:20.1131,I,34228,0044 UpdateService.DoUpdateCheck : start
07:59:20.1349,I,34228,0001 UpdateService.Callback : start
07:59:20.1349,I,34228,0001 UpdateService.Callback : ImportantAppVersion = 5036000000
07:59:20.1349,I,34228,0001 UpdateService.Callback : CurrentAppVersion   = 5036000000
07:59:20.1349,I,34228,0001 UpdateService.Callback : myVer               = 5036000000
07:59:20.1349,I,34228,0001 UpdateService.Callback : UpdateKind          = UpdateNone
08:09:20.1139,I,34228,0020 UpdateService.UpdateCheck : start
08:09:20.1139,I,34228,0020 UpdateService.DoUpdateCheck : start
08:09:20.1394,I,34228,0001 UpdateService.Callback : start
08:09:20.1394,I,34228,0001 UpdateService.Callback : ImportantAppVersion = 5036000000
08:09:20.1394,I,34228,0001 UpdateService.Callback : CurrentAppVersion   = 5036000000
08:09:20.1394,I,34228,0001 UpdateService.Callback : myVer               = 5036000000
08:09:20.1394,I,34228,0001 UpdateService.Callback : UpdateKind          = UpdateNone
08:10:40.8424,I,34228,0041 Recv Event Type=101,Account=,Value=
08:10:40.8424,I,34228,0041 MasterManager Recv NotifyEvent = Type=101,Account=,Value=
08:10:40.8424,I,34228,0041 UpdateSymbolCache
08:10:40.8424,I,34228,0041 UpdateExchangeCache
08:10:40.8424,I,34228,0041 ClearCapMarginSellIppanCache
08:10:40.8424,I,34228,0041 OrderManager Recv NotifyEvent = Type=101,Account=,Value=
08:10:40.8424,I,34228,0041 Recv Event Type=205,Account=,Value=
08:10:40.8424,I,34228,0041 MasterManager Recv NotifyEvent = Type=205,Account=,Value=
08:10:40.8424,I,34228,0041 ClearSymbolInfoCache
08:10:40.8424,I,34228,0041 OrderManager Recv NotifyEvent = Type=205,Account=,Value=
08:10:44.3112,I,34228,0020 SymbolUpdated
08:10:44.4088,I,34228,0001 SeriesDataProvider.Regist_Tick(SeriesKey : { Symbol=8306, Exchange=1, SecurityType=1,BidAsk= })
08:10:44.7382,I,34228,0008 GetTickServiceUrl UseSecurePort=False
08:19:20.1203,I,34228,0020 UpdateService.UpdateCheck : start
08:19:20.1203,I,34228,0020 UpdateService.DoUpdateCheck : start
08:19:20.1373,I,34228,0001 UpdateService.Callback : start
08:19:20.1373,I,34228,0001 UpdateService.Callback : ImportantAppVersion = 5036000000
08:19:20.1373,I,34228,0001 UpdateService.Callback : CurrentAppVersion   = 5036000000
08:19:20.1373,I,34228,0001 UpdateService.Callback : myVer               = 5036000000
08:19:20.1373,I,34228,0001 UpdateService.Callback : UpdateKind          = UpdateNone
08:29:20.1218,I,34228,0008 UpdateService.UpdateCheck : start
08:29:20.1218,I,34228,0008 UpdateService.DoUpdateCheck : start
08:29:20.1377,I,34228,0001 UpdateService.Callback : start
08:29:20.1377,I,34228,0001 UpdateService.Callback : ImportantAppVersion = 5036000000
08:29:20.1377,I,34228,0001 UpdateService.Callback : CurrentAppVersion   = 5036000000
08:29:20.1377,I,34228,0001 UpdateService.Callback : myVer               = 5036000000
08:29:20.1377,I,34228,0001 UpdateService.Callback : UpdateKind          = UpdateNone
08:31:59.5093,I,34228,0001 NewsHeaders + PersonalNewsHeaders: count=8765
08:32:41.9541,I,34228,0020 Recv Event Type=101,Account=,Value=
08:32:41.9541,I,34228,0020 MasterManager Recv NotifyEvent = Type=101,Account=,Value=
08:32:41.9541,I,34228,0020 UpdateSymbolCache
08:32:41.9541,I,34228,0020 UpdateExchangeCache
08:32:41.9541,I,34228,0020 ClearCapMarginSellIppanCache
08:32:41.9541,I,34228,0020 OrderManager Recv NotifyEvent = Type=101,Account=,Value=
08:32:41.9541,I,34228,0020 Recv Event Type=205,Account=,Value=
08:32:41.9541,I,34228,0020 MasterManager Recv NotifyEvent = Type=205,Account=,Value=
08:32:41.9541,I,34228,0020 ClearSymbolInfoCache
08:32:41.9541,I,34228,0020 OrderManager Recv NotifyEvent = Type=205,Account=,Value=
08:32:46.0221,I,34228,0010 SymbolUpdated
08:32:46.3297,I,34228,0001 SeriesDataProvider.Regist_Tick(SeriesKey : { Symbol=8306, Exchange=1, SecurityType=1,BidAsk= })
08:32:47.2460,I,34228,0008 GetTickServiceUrl UseSecurePort=False
08:39:20.1311,I,34228,0015 UpdateService.UpdateCheck : start
08:39:20.1311,I,34228,0015 UpdateService.DoUpdateCheck : start
08:39:20.1492,I,34228,0001 UpdateService.Callback : start
08:39:20.1492,I,34228,0001 UpdateService.Callback : ImportantAppVersion = 5036000000
08:39:20.1492,I,34228,0001 UpdateService.Callback : CurrentAppVersion   = 5036000000
08:39:20.1492,I,34228,0001 UpdateService.Callback : myVer               = 5036000000
08:39:20.1492,I,34228,0001 UpdateService.Callback : UpdateKind          = UpdateNone
08:49:20.1350,I,34228,0005 UpdateService.UpdateCheck : start
08:49:20.1350,I,34228,0005 UpdateService.DoUpdateCheck : start
08:49:20.1566,I,34228,0001 UpdateService.Callback : start
08:49:20.1566,I,34228,0001 UpdateService.Callback : ImportantAppVersion = 5036000000
08:49:20.1566,I,34228,0001 UpdateService.Callback : CurrentAppVersion   = 5036000000
08:49:20.1566,I,34228,0001 UpdateService.Callback : myVer               = 5036000000
08:49:20.1566,I,34228,0001 UpdateService.Callback : UpdateKind          = UpdateNone
08:59:20.1470,I,34228,0045 UpdateService.UpdateCheck : start
09:02:03.0106,I,34228,0001 NewsHeaders + PersonalNewsHeaders: count=8766
09:09:20.1529,I,34228,0045 UpdateService.UpdateCheck : start
09:19:20.1598,I,34228,0010 UpdateService.UpdateCheck : start
09:29:20.1659,I,34228,0045 UpdateService.UpdateCheck : start
09:31:15.1212,I,34228,0043 Recv Event Type=102,Account=,Value=
09:31:15.1212,I,34228,0043 MasterManager Recv NotifyEvent = Type=102,Account=,Value=
09:31:15.1237,I,34228,0043 UpdateSymbolCompliance
09:31:15.1237,I,34228,0043 SymbolCompliance Cache Clear, Count=0
09:31:15.1237,I,34228,0043 OrderManager Recv NotifyEvent = Type=102,Account=,Value=
09:31:45.1533,I,34228,0020 Recv Event Type=102,Account=,Value=
09:31:45.1533,I,34228,0020 MasterManager Recv NotifyEvent = Type=102,Account=,Value=
09:31:45.1533,I,34228,0020 UpdateSymbolCompliance
09:31:45.1533,I,34228,0020 SymbolCompliance Cache Clear, Count=0
09:31:45.1533,I,34228,0020 OrderManager Recv NotifyEvent = Type=102,Account=,Value=
09:36:15.3962,I,34228,0041 Recv Event Type=102,Account=,Value=
09:36:15.3962,I,34228,0041 MasterManager Recv NotifyEvent = Type=102,Account=,Value=
09:36:15.3962,I,34228,0041 UpdateSymbolCompliance
09:36:15.3962,I,34228,0041 SymbolCompliance Cache Clear, Count=0
09:36:15.3962,I,34228,0041 OrderManager Recv NotifyEvent = Type=102,Account=,Value=
09:36:45.4239,I,34228,0041 Recv Event Type=102,Account=,Value=
09:36:45.4239,I,34228,0041 MasterManager Recv NotifyEvent = Type=102,Account=,Value=
09:36:45.4239,I,34228,0041 UpdateSymbolCompliance
09:36:45.4239,I,34228,0041 SymbolCompliance Cache Clear, Count=0
09:36:45.4239,I,34228,0041 OrderManager Recv NotifyEvent = Type=102,Account=,Value=
09:38:15.5047,I,34228,0045 Recv Event Type=101,Account=,Value=
09:38:15.5047,I,34228,0045 MasterManager Recv NotifyEvent = Type=101,Account=,Value=
09:38:15.5047,I,34228,0045 UpdateSymbolCache
09:38:15.5047,I,34228,0045 UpdateExchangeCache
09:38:15.5047,I,34228,0045 ClearCapMarginSellIppanCache
09:38:15.5047,I,34228,0045 OrderManager Recv NotifyEvent = Type=101,Account=,Value=
09:38:15.5047,I,34228,0045 Recv Event Type=205,Account=,Value=
09:38:15.5047,I,34228,0045 MasterManager Recv NotifyEvent = Type=205,Account=,Value=
09:38:15.5047,I,34228,0045 ClearSymbolInfoCache
09:38:15.5047,I,34228,0045 OrderManager Recv NotifyEvent = Type=205,Account=,Value=
09:38:19.0967,I,34228,0020 SymbolUpdated
09:38:19.2376,I,34228,0001 SeriesDataProvider.Regist_Tick(SeriesKey : { Symbol=8306, Exchange=1, SecurityType=1,BidAsk= })
09:38:19.5795,I,34228,0010 GetTickServiceUrl UseSecurePort=False
09:39:20.1654,I,34228,0043 UpdateService.UpdateCheck : start
09:49:20.1745,I,34228,0041 UpdateService.UpdateCheck : start
09:59:20.1850,I,34228,0008 UpdateService.UpdateCheck : start
10:02:02.6952,I,34228,0001 NewsHeaders + PersonalNewsHeaders: count=8767
10:04:16.8771,I,34228,0020 Recv Event Type=101,Account=,Value=
10:04:16.8771,I,34228,0020 MasterManager Recv NotifyEvent = Type=101,Account=,Value=
10:04:16.8771,I,34228,0020 UpdateSymbolCache
10:04:16.8778,I,34228,0020 UpdateExchangeCache
10:04:16.8778,I,34228,0020 ClearCapMarginSellIppanCache
10:04:16.8778,I,34228,0020 OrderManager Recv NotifyEvent = Type=101,Account=,Value=
10:04:16.8778,I,34228,0020 Recv Event Type=205,Account=,Value=
10:04:16.8778,I,34228,0020 MasterManager Recv NotifyEvent = Type=205,Account=,Value=
10:04:16.8778,I,34228,0020 ClearSymbolInfoCache
10:04:16.8778,I,34228,0020 OrderManager Recv NotifyEvent = Type=205,Account=,Value=
10:04:20.4447,I,34228,0008 SymbolUpdated
10:04:20.5669,I,34228,0001 SeriesDataProvider.Regist_Tick(SeriesKey : { Symbol=8306, Exchange=1, SecurityType=1,BidAsk= })
10:04:20.7730,I,34228,0010 GetTickServiceUrl UseSecurePort=False
10:09:20.1859,I,34228,0044 UpdateService.UpdateCheck : start
10:19:20.2009,I,34228,0015 UpdateService.UpdateCheck : start
10:29:20.2033,I,34228,0043 UpdateService.UpdateCheck : start
10:34:24.1025,I,34228,0031 Recv Event Type=2,Account=*@BROADCASTNEWS,Value=BROADCASTNEWS
10:34:24.1033,I,34228,0031 MasterManager Recv NotifyEvent = Type=2,Account=*@BROADCASTNEWS,Value=BROADCASTNEWS
10:34:24.1033,I,34228,0031 OrderManager Recv NotifyEvent = Type=2,Account=*@BROADCASTNEWS,Value=BROADCASTNEWS
10:34:24.1043,I,34228,0001 ピンポイントニュースの更新通知は行わない[1, 01396248, ]
10:39:20.2046,I,34228,0043 UpdateService.UpdateCheck : start
10:49:20.2087,I,34228,0045 UpdateService.UpdateCheck : start
10:59:20.2210,I,34228,0020 UpdateService.UpdateCheck : start
11:02:07.5673,I,34228,0001 NewsHeaders + PersonalNewsHeaders: count=8768
11:09:20.2283,I,34228,0008 UpdateService.UpdateCheck : start
11:19:20.2358,I,34228,0015 UpdateService.UpdateCheck : start
11:29:20.2463,I,34228,0010 UpdateService.UpdateCheck : start
11:39:20.2538,I,34228,0044 UpdateService.UpdateCheck : start
11:49:20.2669,I,34228,0041 UpdateService.UpdateCheck : start
11:59:20.2775,I,34228,0005 UpdateService.UpdateCheck : start
12:09:20.2815,I,34228,0045 UpdateService.UpdateCheck : start
12:19:20.2825,I,34228,0044 UpdateService.UpdateCheck : start
12:29:20.2926,I,34228,0005 UpdateService.UpdateCheck : start
12:39:20.3034,I,34228,0044 UpdateService.UpdateCheck : start
12:49:20.3059,I,34228,0044 UpdateService.UpdateCheck : start
12:59:20.3202,I,34228,0043 UpdateService.UpdateCheck : start
13:09:20.3274,I,34228,0042 UpdateService.UpdateCheck : start
13:19:20.3306,I,34228,0008 UpdateService.UpdateCheck : start
13:29:20.3368,I,34228,0008 UpdateService.UpdateCheck : start
13:32:09.2341,I,34228,0001 NewsHeaders + PersonalNewsHeaders: count=8769
13:39:20.3519,I,34228,0043 UpdateService.UpdateCheck : start
13:49:20.3619,I,34228,0005 UpdateService.UpdateCheck : start
13:59:20.3671,I,34228,0042 UpdateService.UpdateCheck : start
14:00:28.7022,I,34228,0041 Recv Event Type=100,Account=,Value=
14:00:28.7022,I,34228,0041 MasterManager Recv NotifyEvent = Type=100,Account=,Value=
14:00:28.7022,I,34228,0041 UpdateSystemProperty
14:00:28.7144,I,34228,0041 OrderManager Recv NotifyEvent = Type=100,Account=,Value=
14:05:28.9606,I,34228,0008 Recv Event Type=101,Account=,Value=
14:05:28.9606,I,34228,0008 MasterManager Recv NotifyEvent = Type=101,Account=,Value=
14:05:28.9606,I,34228,0008 UpdateSymbolCache
14:05:28.9616,I,34228,0008 UpdateExchangeCache
14:05:28.9616,I,34228,0008 ClearCapMarginSellIppanCache
14:05:28.9616,I,34228,0008 OrderManager Recv NotifyEvent = Type=101,Account=,Value=
14:05:28.9616,I,34228,0008 Recv Event Type=205,Account=,Value=
14:05:28.9616,I,34228,0008 MasterManager Recv NotifyEvent = Type=205,Account=,Value=
14:05:28.9616,I,34228,0008 ClearSymbolInfoCache
14:05:28.9616,I,34228,0008 OrderManager Recv NotifyEvent = Type=205,Account=,Value=
14:05:32.6742,I,34228,0042 SymbolUpdated
14:05:32.9066,I,34228,0001 SeriesDataProvider.Regist_Tick(SeriesKey : { Symbol=8306, Exchange=1, SecurityType=1,BidAsk= })
14:05:33.1637,I,34228,0045 GetTickServiceUrl UseSecurePort=False
14:09:20.3680,I,34228,0041 UpdateService.UpdateCheck : start
14:19:20.3695,I,34228,0044 UpdateService.UpdateCheck : start
14:29:20.3763,I,34228,0044 UpdateService.UpdateCheck : start
14:30:30.0510,I,34228,0022 Recv Event Type=101,Account=,Value=
14:30:30.0510,I,34228,0022 MasterManager Recv NotifyEvent = Type=101,Account=,Value=
14:30:30.0510,I,34228,0022 UpdateSymbolCache
14:30:30.0510,I,34228,0022 UpdateExchangeCache
14:30:30.0510,I,34228,0022 ClearCapMarginSellIppanCache
14:30:30.0510,I,34228,0022 OrderManager Recv NotifyEvent = Type=101,Account=,Value=
14:30:30.0510,I,34228,0022 Recv Event Type=205,Account=,Value=
14:30:30.0510,I,34228,0022 MasterManager Recv NotifyEvent = Type=205,Account=,Value=
14:30:30.0510,I,34228,0022 ClearSymbolInfoCache
14:30:30.0510,I,34228,0022 OrderManager Recv NotifyEvent = Type=205,Account=,Value=
14:30:30.0510,I,34228,0022 Recv Event Type=100,Account=,Value=
14:30:30.0510,I,34228,0022 MasterManager Recv NotifyEvent = Type=100,Account=,Value=
14:30:30.0510,I,34228,0022 UpdateSystemProperty
14:30:30.0510,I,34228,0022 OrderManager Recv NotifyEvent = Type=100,Account=,Value=
14:30:33.3767,I,34228,0008 SymbolUpdated
14:30:33.4735,I,34228,0001 SeriesDataProvider.Regist_Tick(SeriesKey : { Symbol=8306, Exchange=1, SecurityType=1,BidAsk= })
14:30:33.6838,I,34228,0045 GetTickServiceUrl UseSecurePort=False
14:39:20.3892,I,34228,0020 UpdateService.UpdateCheck : start
14:49:20.3994,I,34228,0022 UpdateService.UpdateCheck : start
14:51:31.0738,I,34228,0020 Recv Event Type=101,Account=,Value=
14:51:31.0738,I,34228,0020 MasterManager Recv NotifyEvent = Type=101,Account=,Value=
14:51:31.0738,I,34228,0020 UpdateSymbolCache
14:51:31.0738,I,34228,0020 UpdateExchangeCache
14:51:31.0738,I,34228,0020 ClearCapMarginSellIppanCache
14:51:31.0738,I,34228,0020 OrderManager Recv NotifyEvent = Type=101,Account=,Value=
14:51:31.0738,I,34228,0020 Recv Event Type=205,Account=,Value=
14:51:31.0738,I,34228,0020 MasterManager Recv NotifyEvent = Type=205,Account=,Value=
14:51:31.0738,I,34228,0020 ClearSymbolInfoCache
14:51:31.0738,I,34228,0020 OrderManager Recv NotifyEvent = Type=205,Account=,Value=
14:51:34.6512,I,34228,0044 SymbolUpdated
14:51:34.7843,I,34228,0001 SeriesDataProvider.Regist_Tick(SeriesKey : { Symbol=8306, Exchange=1, SecurityType=1,BidAsk= })
14:51:35.1079,I,34228,0015 GetTickServiceUrl UseSecurePort=False
14:52:31.1284,I,34228,0005 Recv Event Type=101,Account=,Value=
14:52:31.1284,I,34228,0005 MasterManager Recv NotifyEvent = Type=101,Account=,Value=
14:52:31.1284,I,34228,0005 UpdateSymbolCache
14:52:31.1284,I,34228,0005 UpdateExchangeCache
14:52:31.1284,I,34228,0005 ClearCapMarginSellIppanCache
14:52:31.1284,I,34228,0005 OrderManager Recv NotifyEvent = Type=101,Account=,Value=
14:52:31.1284,I,34228,0005 Recv Event Type=205,Account=,Value=
14:52:31.1284,I,34228,0005 MasterManager Recv NotifyEvent = Type=205,Account=,Value=
14:52:31.1284,I,34228,0005 ClearSymbolInfoCache
14:52:31.1284,I,34228,0005 OrderManager Recv NotifyEvent = Type=205,Account=,Value=
14:52:35.2538,I,34228,0044 SymbolUpdated
14:52:35.3903,I,34228,0001 SeriesDataProvider.Regist_Tick(SeriesKey : { Symbol=8306, Exchange=1, SecurityType=1,BidAsk= })
14:52:35.6528,I,34228,0041 GetTickServiceUrl UseSecurePort=False
14:59:20.4106,I,34228,0015 UpdateService.UpdateCheck : start
15:09:20.4254,I,34228,0045 UpdateService.UpdateCheck : start
15:19:20.4328,I,34228,0020 UpdateService.UpdateCheck : start
15:29:20.4347,I,34228,0005 UpdateService.UpdateCheck : start
15:39:20.4375,I,34228,0020 UpdateService.UpdateCheck : start
15:49:20.4381,I,34228,0041 UpdateService.UpdateCheck : start
15:50:34.1065,I,34228,0005 Recv Event Type=101,Account=,Value=
15:50:34.1065,I,34228,0005 MasterManager Recv NotifyEvent = Type=101,Account=,Value=
15:50:34.1065,I,34228,0005 UpdateSymbolCache
15:50:34.1065,I,34228,0005 UpdateExchangeCache
15:50:34.1065,I,34228,0005 ClearCapMarginSellIppanCache
15:50:34.1065,I,34228,0005 OrderManager Recv NotifyEvent = Type=101,Account=,Value=
15:50:34.1065,I,34228,0005 Recv Event Type=205,Account=,Value=
15:50:34.1065,I,34228,0005 MasterManager Recv NotifyEvent = Type=205,Account=,Value=
15:50:34.1065,I,34228,0005 ClearSymbolInfoCache
15:50:34.1065,I,34228,0005 OrderManager Recv NotifyEvent = Type=205,Account=,Value=
15:50:37.6200,I,34228,0045 SymbolUpdated
15:50:37.7604,I,34228,0001 SeriesDataProvider.Regist_Tick(SeriesKey : { Symbol=8306, Exchange=1, SecurityType=1,BidAsk= })
15:50:37.9761,I,34228,0041 GetTickServiceUrl UseSecurePort=False
15:59:20.4483,I,34228,0041 UpdateService.UpdateCheck : start
16:09:20.4540,I,34228,0044 UpdateService.UpdateCheck : start
16:10:35.0613,I,34228,0015 Recv Event Type=101,Account=,Value=
16:10:35.0613,I,34228,0015 MasterManager Recv NotifyEvent = Type=101,Account=,Value=
16:10:35.0613,I,34228,0015 UpdateSymbolCache
16:10:35.0613,I,34228,0015 UpdateExchangeCache
16:10:35.0613,I,34228,0015 ClearCapMarginSellIppanCache
16:10:35.0613,I,34228,0015 OrderManager Recv NotifyEvent = Type=101,Account=,Value=
16:10:35.0613,I,34228,0015 Recv Event Type=205,Account=,Value=
16:10:35.0613,I,34228,0015 MasterManager Recv NotifyEvent = Type=205,Account=,Value=
16:10:35.0613,I,34228,0015 ClearSymbolInfoCache
16:10:35.0613,I,34228,0015 OrderManager Recv NotifyEvent = Type=205,Account=,Value=
16:10:38.4698,I,34228,0047 SymbolUpdated
16:10:38.5665,I,34228,0001 SeriesDataProvider.Regist_Tick(SeriesKey : { Symbol=8306, Exchange=1, SecurityType=1,BidAsk= })
16:10:38.7989,I,34228,0043 GetTickServiceUrl UseSecurePort=False
16:19:20.4638,I,34228,0020 UpdateService.UpdateCheck : start
16:25:35.8239,I,34228,0015 Recv Event Type=101,Account=,Value=
16:25:35.8239,I,34228,0015 MasterManager Recv NotifyEvent = Type=101,Account=,Value=
16:25:35.8239,I,34228,0015 UpdateSymbolCache
16:25:35.8239,I,34228,0015 UpdateExchangeCache
16:25:35.8239,I,34228,0015 ClearCapMarginSellIppanCache
16:25:35.8239,I,34228,0015 OrderManager Recv NotifyEvent = Type=101,Account=,Value=
16:25:35.8239,I,34228,0015 Recv Event Type=205,Account=,Value=
16:25:35.8239,I,34228,0015 MasterManager Recv NotifyEvent = Type=205,Account=,Value=
16:25:35.8239,I,34228,0015 ClearSymbolInfoCache
16:25:35.8239,I,34228,0015 OrderManager Recv NotifyEvent = Type=205,Account=,Value=
16:25:39.4007,I,34228,0041 SymbolUpdated
16:25:39.5039,I,34228,0001 SeriesDataProvider.Regist_Tick(SeriesKey : { Symbol=8306, Exchange=1, SecurityType=1,BidAsk= })
16:25:39.7356,I,34228,0015 GetTickServiceUrl UseSecurePort=False
16:29:20.4749,I,34228,0020 UpdateService.UpdateCheck : start
16:32:16.0560,I,34228,0001 NewsHeaders + PersonalNewsHeaders: count=8770
16:39:20.4743,I,34228,0044 UpdateService.UpdateCheck : start
16:40:36.5132,I,34228,0047 Recv Event Type=101,Account=,Value=
16:40:36.5132,I,34228,0047 MasterManager Recv NotifyEvent = Type=101,Account=,Value=
16:40:36.5132,I,34228,0047 UpdateSymbolCache
16:40:36.5132,I,34228,0047 UpdateExchangeCache
16:40:36.5132,I,34228,0047 ClearCapMarginSellIppanCache
16:40:36.5132,I,34228,0047 OrderManager Recv NotifyEvent = Type=101,Account=,Value=
16:40:36.5132,I,34228,0047 Recv Event Type=205,Account=,Value=
16:40:36.5132,I,34228,0047 MasterManager Recv NotifyEvent = Type=205,Account=,Value=
16:40:36.5132,I,34228,0047 ClearSymbolInfoCache
16:40:36.5132,I,34228,0047 OrderManager Recv NotifyEvent = Type=205,Account=,Value=
16:40:40.3747,I,34228,0020 SymbolUpdated
16:40:40.5203,I,34228,0001 SeriesDataProvider.Regist_Tick(SeriesKey : { Symbol=8306, Exchange=1, SecurityType=1,BidAsk= })
16:40:40.7278,I,34228,0047 GetTickServiceUrl UseSecurePort=False
16:45:36.7692,I,34228,0043 Recv Event Type=202,Account=,Value=
16:45:36.7692,I,34228,0043 MasterManager Recv NotifyEvent = Type=202,Account=,Value=
16:45:36.7692,I,34228,0043 OrderManager Recv NotifyEvent = Type=202,Account=,Value=
16:45:36.7692,I,34228,0043 ClearWallet
16:49:20.4831,I,34228,0045 UpdateService.UpdateCheck : start
16:55:37.3045,I,34228,0044 Recv Event Type=101,Account=,Value=
16:55:37.3045,I,34228,0044 MasterManager Recv NotifyEvent = Type=101,Account=,Value=
16:55:37.3045,I,34228,0044 UpdateSymbolCache
16:55:37.3045,I,34228,0044 UpdateExchangeCache
16:55:37.3045,I,34228,0044 ClearCapMarginSellIppanCache
16:55:37.3045,I,34228,0044 OrderManager Recv NotifyEvent = Type=101,Account=,Value=
16:55:37.3045,I,34228,0044 Recv Event Type=205,Account=,Value=
16:55:37.3045,I,34228,0044 MasterManager Recv NotifyEvent = Type=205,Account=,Value=
16:55:37.3045,I,34228,0044 ClearSymbolInfoCache
16:55:37.3045,I,34228,0044 OrderManager Recv NotifyEvent = Type=205,Account=,Value=
16:55:40.9472,I,34228,0020 SymbolUpdated
16:55:41.0401,I,34228,0001 SeriesDataProvider.Regist_Tick(SeriesKey : { Symbol=8306, Exchange=1, SecurityType=1,BidAsk= })
16:55:41.3739,I,34228,0043 GetTickServiceUrl UseSecurePort=False
16:59:20.4955,I,34228,0047 UpdateService.UpdateCheck : start
17:09:20.5024,I,34228,0045 UpdateService.UpdateCheck : start
17:19:20.5042,I,34228,0005 UpdateService.UpdateCheck : start
17:29:20.5052,I,34228,0015 UpdateService.UpdateCheck : start
17:30:38.9815,I,34228,0020 Recv Event Type=101,Account=,Value=
17:30:38.9815,I,34228,0020 MasterManager Recv NotifyEvent = Type=101,Account=,Value=
17:30:38.9815,I,34228,0020 UpdateSymbolCache
17:30:38.9815,I,34228,0020 UpdateExchangeCache
17:30:38.9815,I,34228,0020 ClearCapMarginSellIppanCache
17:30:38.9815,I,34228,0020 OrderManager Recv NotifyEvent = Type=101,Account=,Value=
17:30:38.9815,I,34228,0020 Recv Event Type=205,Account=,Value=
17:30:38.9815,I,34228,0020 MasterManager Recv NotifyEvent = Type=205,Account=,Value=
17:30:38.9815,I,34228,0020 ClearSymbolInfoCache
17:30:38.9815,I,34228,0020 OrderManager Recv NotifyEvent = Type=205,Account=,Value=
17:30:42.4813,I,34228,0005 SymbolUpdated
17:30:42.6026,I,34228,0001 SeriesDataProvider.Regist_Tick(SeriesKey : { Symbol=8306, Exchange=1, SecurityType=1,BidAsk= })
17:30:42.8455,I,34228,0020 GetTickServiceUrl UseSecurePort=False
17:39:20.5146,I,34228,0043 UpdateService.UpdateCheck : start
17:49:20.5191,I,34228,0043 UpdateService.UpdateCheck : start
17:59:20.5219,I,34228,0047 UpdateService.UpdateCheck : start
18:09:20.5256,I,34228,0044 UpdateService.UpdateCheck : start
18:19:20.5314,I,34228,0041 UpdateService.UpdateCheck : start
18:29:20.5419,I,34228,0044 UpdateService.UpdateCheck : start
18:39:20.5427,I,34228,0043 UpdateService.UpdateCheck : start
18:49:21.8779,I,34228,0015 UpdateService.UpdateCheck : start
18:59:21.8908,I,34228,0005 UpdateService.UpdateCheck : start
19:09:21.8968,I,34228,0020 UpdateService.UpdateCheck : start
19:19:21.9119,I,34228,0008 UpdateService.UpdateCheck : start
19:20:15.5521,I,34228,0005 Recv Event Type=101,Account=,Value=
19:20:15.5521,I,34228,0005 MasterManager Recv NotifyEvent = Type=101,Account=,Value=
19:20:15.5521,I,34228,0005 UpdateSymbolCache
19:20:15.5521,I,34228,0005 UpdateExchangeCache
19:20:15.5521,I,34228,0005 ClearCapMarginSellIppanCache
19:20:15.5521,I,34228,0005 OrderManager Recv NotifyEvent = Type=101,Account=,Value=
19:20:15.5531,I,34228,0005 Recv Event Type=205,Account=,Value=
19:20:15.5531,I,34228,0005 MasterManager Recv NotifyEvent = Type=205,Account=,Value=
19:20:15.5531,I,34228,0005 ClearSymbolInfoCache
19:20:15.5531,I,34228,0005 OrderManager Recv NotifyEvent = Type=205,Account=,Value=
19:20:19.3268,I,34228,0041 SymbolUpdated
19:20:19.4731,I,34228,0001 SeriesDataProvider.Regist_Tick(SeriesKey : { Symbol=8306, Exchange=1, SecurityType=1,BidAsk= })
19:20:19.8109,I,34228,0042 GetTickServiceUrl UseSecurePort=False
19:29:21.9121,I,34228,0045 UpdateService.UpdateCheck : start
19:34:29.0777,I,34228,0001 NewsHeaders + PersonalNewsHeaders: count=8771
19:39:21.9215,I,34228,0015 UpdateService.UpdateCheck : start
19:45:16.7445,I,34228,0020 Recv Event Type=101,Account=,Value=
19:45:16.7445,I,34228,0020 MasterManager Recv NotifyEvent = Type=101,Account=,Value=
19:45:16.7445,I,34228,0020 UpdateSymbolCache
19:45:16.7445,I,34228,0020 UpdateExchangeCache
19:45:16.7445,I,34228,0020 ClearCapMarginSellIppanCache
19:45:16.7445,I,34228,0020 OrderManager Recv NotifyEvent = Type=101,Account=,Value=
19:45:16.7445,I,34228,0020 Recv Event Type=205,Account=,Value=
19:45:16.7445,I,34228,0020 MasterManager Recv NotifyEvent = Type=205,Account=,Value=
19:45:16.7445,I,34228,0020 ClearSymbolInfoCache
19:45:16.7445,I,34228,0020 OrderManager Recv NotifyEvent = Type=205,Account=,Value=
19:45:20.3137,I,34228,0043 SymbolUpdated
19:45:20.4329,I,34228,0001 SeriesDataProvider.Regist_Tick(SeriesKey : { Symbol=8306, Exchange=1, SecurityType=1,BidAsk= })
19:45:20.7389,I,34228,0041 GetTickServiceUrl UseSecurePort=False
19:49:21.9283,I,34228,0044 UpdateService.UpdateCheck : start
19:55:17.2277,I,34228,0045 Recv Event Type=101,Account=,Value=
19:55:17.2277,I,34228,0045 MasterManager Recv NotifyEvent = Type=101,Account=,Value=
19:55:17.2277,I,34228,0045 UpdateSymbolCache
19:55:17.2277,I,34228,0045 UpdateExchangeCache
19:55:17.2277,I,34228,0045 ClearCapMarginSellIppanCache
19:55:17.2277,I,34228,0045 OrderManager Recv NotifyEvent = Type=101,Account=,Value=
19:55:17.2277,I,34228,0045 Recv Event Type=205,Account=,Value=
19:55:17.2277,I,34228,0045 MasterManager Recv NotifyEvent = Type=205,Account=,Value=
19:55:17.2277,I,34228,0045 ClearSymbolInfoCache
19:55:17.2277,I,34228,0045 OrderManager Recv NotifyEvent = Type=205,Account=,Value=
19:55:20.7851,I,34228,0044 SymbolUpdated
19:55:20.9013,I,34228,0001 SeriesDataProvider.Regist_Tick(SeriesKey : { Symbol=8306, Exchange=1, SecurityType=1,BidAsk= })
19:55:21.1861,I,34228,0005 GetTickServiceUrl UseSecurePort=False
19:59:21.9414,I,34228,0044 UpdateService.UpdateCheck : start
20:07:32.8606,I,34228,0001 NewsHeaders + PersonalNewsHeaders: count=8772
20:09:21.9456,I,34228,0045 UpdateService.UpdateCheck : start
20:15:18.2530,I,34228,0015 Recv Event Type=101,Account=,Value=
20:15:18.2530,I,34228,0015 MasterManager Recv NotifyEvent = Type=101,Account=,Value=
20:15:18.2530,I,34228,0015 UpdateSymbolCache
20:15:18.2530,I,34228,0015 UpdateExchangeCache
20:15:18.2530,I,34228,0015 ClearCapMarginSellIppanCache
20:15:18.2530,I,34228,0015 OrderManager Recv NotifyEvent = Type=101,Account=,Value=
20:15:18.2530,I,34228,0015 Recv Event Type=205,Account=,Value=
20:15:18.2530,I,34228,0015 MasterManager Recv NotifyEvent = Type=205,Account=,Value=
20:15:18.2530,I,34228,0015 ClearSymbolInfoCache
20:15:18.2530,I,34228,0015 OrderManager Recv NotifyEvent = Type=205,Account=,Value=
20:15:21.8808,I,34228,0005 SymbolUpdated
20:15:21.9892,I,34228,0001 SeriesDataProvider.Regist_Tick(SeriesKey : { Symbol=8306, Exchange=1, SecurityType=1,BidAsk= })
20:15:22.3078,I,34228,0042 GetTickServiceUrl UseSecurePort=False
20:19:21.9601,I,34228,0005 UpdateService.UpdateCheck : start
20:29:21.9663,I,34228,0008 UpdateService.UpdateCheck : start
20:35:19.2346,I,34228,0044 Recv Event Type=101,Account=,Value=
20:35:19.2346,I,34228,0044 MasterManager Recv NotifyEvent = Type=101,Account=,Value=
20:35:19.2346,I,34228,0044 UpdateSymbolCache
20:35:19.2346,I,34228,0044 UpdateExchangeCache
20:35:19.2346,I,34228,0044 ClearCapMarginSellIppanCache
20:35:19.2346,I,34228,0044 OrderManager Recv NotifyEvent = Type=101,Account=,Value=
20:35:19.2346,I,34228,0044 Recv Event Type=205,Account=,Value=
20:35:19.2346,I,34228,0044 MasterManager Recv NotifyEvent = Type=205,Account=,Value=
20:35:19.2346,I,34228,0044 ClearSymbolInfoCache
20:35:19.2346,I,34228,0044 OrderManager Recv NotifyEvent = Type=205,Account=,Value=
20:35:22.8307,I,34228,0045 SymbolUpdated
20:35:22.9254,I,34228,0001 SeriesDataProvider.Regist_Tick(SeriesKey : { Symbol=8306, Exchange=1, SecurityType=1,BidAsk= })
20:35:23.1635,I,34228,0043 GetTickServiceUrl UseSecurePort=False
20:39:21.9715,I,34228,0042 UpdateService.UpdateCheck : start
20:49:21.9800,I,34228,0008 UpdateService.UpdateCheck : start
20:59:21.9826,I,34228,0044 UpdateService.UpdateCheck : start
21:04:35.1286,I,34228,0001 NewsHeaders + PersonalNewsHeaders: count=8773
21:09:21.9918,I,34228,0008 UpdateService.UpdateCheck : start
21:09:21.9918,I,34228,0008 UpdateService.DoUpdateCheck : start
21:09:22.0191,I,34228,0001 UpdateService.Callback : start
21:09:22.0191,I,34228,0001 UpdateService.Callback : ImportantAppVersion = 5036000000
21:09:22.0191,I,34228,0001 UpdateService.Callback : CurrentAppVersion   = 5036000000
21:09:22.0201,I,34228,0001 UpdateService.Callback : myVer               = 5036000000
21:09:22.0224,I,34228,0001 UpdateService.Callback : UpdateKind          = UpdateNone
21:19:21.9947,I,34228,0042 UpdateService.UpdateCheck : start
21:19:21.9947,I,34228,0042 UpdateService.DoUpdateCheck : start
21:19:22.0125,I,34228,0001 UpdateService.Callback : start
21:19:22.0125,I,34228,0001 UpdateService.Callback : ImportantAppVersion = 5036000000
21:19:22.0125,I,34228,0001 UpdateService.Callback : CurrentAppVersion   = 5036000000
21:19:22.0125,I,34228,0001 UpdateService.Callback : myVer               = 5036000000
21:19:22.0125,I,34228,0001 UpdateService.Callback : UpdateKind          = UpdateNone
21:29:21.9948,I,34228,0015 UpdateService.UpdateCheck : start
21:29:21.9948,I,34228,0015 UpdateService.DoUpdateCheck : start
21:29:22.0088,I,34228,0001 UpdateService.Callback : start
21:29:22.0088,I,34228,0001 UpdateService.Callback : ImportantAppVersion = 5036000000
21:29:22.0088,I,34228,0001 UpdateService.Callback : CurrentAppVersion   = 5036000000
21:29:22.0088,I,34228,0001 UpdateService.Callback : myVer               = 5036000000
21:29:22.0088,I,34228,0001 UpdateService.Callback : UpdateKind          = UpdateNone
21:30:21.9505,I,34228,0008 Recv Event Type=201,Account=,Value=
21:30:21.9505,I,34228,0008 MasterManager Recv NotifyEvent = Type=201,Account=,Value=
21:30:21.9505,I,34228,0008 OrderManager Recv NotifyEvent = Type=201,Account=,Value=
21:39:22.0024,I,34228,0044 UpdateService.UpdateCheck : start
21:39:22.0024,I,34228,0044 UpdateService.DoUpdateCheck : start
21:39:22.0175,I,34228,0001 UpdateService.Callback : start
21:39:22.0175,I,34228,0001 UpdateService.Callback : ImportantAppVersion = 5036000000
21:39:22.0175,I,34228,0001 UpdateService.Callback : CurrentAppVersion   = 5036000000
21:39:22.0175,I,34228,0001 UpdateService.Callback : myVer               = 5036000000
21:39:22.0175,I,34228,0001 UpdateService.Callback : UpdateKind          = UpdateNone
21:40:33.1854,I,34228,0001 NewsHeaders + PersonalNewsHeaders: count=8774
21:49:22.0161,I,34228,0041 UpdateService.UpdateCheck : start
21:49:22.0161,I,34228,0041 UpdateService.DoUpdateCheck : start
21:49:22.0307,I,34228,0001 UpdateService.Callback : start
21:49:22.0307,I,34228,0001 UpdateService.Callback : ImportantAppVersion = 5036000000
21:49:22.0307,I,34228,0001 UpdateService.Callback : CurrentAppVersion   = 5036000000
21:49:22.0307,I,34228,0001 UpdateService.Callback : myVer               = 5036000000
21:49:22.0307,I,34228,0001 UpdateService.Callback : UpdateKind          = UpdateNone
21:59:22.0180,I,34228,0020 UpdateService.UpdateCheck : start
21:59:22.0180,I,34228,0020 UpdateService.DoUpdateCheck : start
21:59:22.0328,I,34228,0001 UpdateService.Callback : start
21:59:22.0328,I,34228,0001 UpdateService.Callback : ImportantAppVersion = 5036000000
21:59:22.0328,I,34228,0001 UpdateService.Callback : CurrentAppVersion   = 5036000000
21:59:22.0328,I,34228,0001 UpdateService.Callback : myVer               = 5036000000
21:59:22.0328,I,34228,0001 UpdateService.Callback : UpdateKind          = UpdateNone
22:09:22.0204,I,34228,0045 UpdateService.UpdateCheck : start
22:09:22.0204,I,34228,0045 UpdateService.DoUpdateCheck : start
22:09:22.0362,I,34228,0001 UpdateService.Callback : start
22:09:22.0362,I,34228,0001 UpdateService.Callback : ImportantAppVersion = 5036000000
22:09:22.0362,I,34228,0001 UpdateService.Callback : CurrentAppVersion   = 5036000000
22:09:22.0362,I,34228,0001 UpdateService.Callback : myVer               = 5036000000
22:09:22.0362,I,34228,0001 UpdateService.Callback : UpdateKind          = UpdateNone
22:13:35.4609,I,34228,0001 NewsHeaders + PersonalNewsHeaders: count=8775
22:16:36.1712,I,34228,0001 NewsHeaders + PersonalNewsHeaders: count=8776
22:19:22.0266,I,34228,0045 UpdateService.UpdateCheck : start
22:19:22.0266,I,34228,0045 UpdateService.DoUpdateCheck : start
22:19:22.0436,I,34228,0001 UpdateService.Callback : start
22:19:22.0436,I,34228,0001 UpdateService.Callback : ImportantAppVersion = 5036000000
22:19:22.0436,I,34228,0001 UpdateService.Callback : CurrentAppVersion   = 5036000000
22:19:22.0436,I,34228,0001 UpdateService.Callback : myVer               = 5036000000
22:19:22.0436,I,34228,0001 UpdateService.Callback : UpdateKind          = UpdateNone
22:22:37.9144,I,34228,0001 NewsHeaders + PersonalNewsHeaders: count=8777
22:29:22.0377,I,34228,0043 UpdateService.UpdateCheck : start
22:29:22.0377,I,34228,0043 UpdateService.DoUpdateCheck : start
22:29:22.0538,I,34228,0001 UpdateService.Callback : start
22:29:22.0538,I,34228,0001 UpdateService.Callback : ImportantAppVersion = 5036000000
22:29:22.0538,I,34228,0001 UpdateService.Callback : CurrentAppVersion   = 5036000000
22:29:22.0538,I,34228,0001 UpdateService.Callback : myVer               = 5036000000
22:29:22.0538,I,34228,0001 UpdateService.Callback : UpdateKind          = UpdateNone
22:39:22.0485,I,34228,0015 UpdateService.UpdateCheck : start
22:39:22.0485,I,34228,0015 UpdateService.DoUpdateCheck : start
22:39:22.0637,I,34228,0001 UpdateService.Callback : start
22:39:22.0637,I,34228,0001 UpdateService.Callback : ImportantAppVersion = 5036000000
22:39:22.0637,I,34228,0001 UpdateService.Callback : CurrentAppVersion   = 5036000000
22:39:22.0637,I,34228,0001 UpdateService.Callback : myVer               = 5036000000
22:39:22.0637,I,34228,0001 UpdateService.Callback : UpdateKind          = UpdateNone
22:49:22.0577,I,34228,0008 UpdateService.UpdateCheck : start
22:49:22.0577,I,34228,0008 UpdateService.DoUpdateCheck : start
22:49:22.0715,I,34228,0001 UpdateService.Callback : start
22:49:22.0715,I,34228,0001 UpdateService.Callback : ImportantAppVersion = 5036000000
22:49:22.0715,I,34228,0001 UpdateService.Callback : CurrentAppVersion   = 5036000000
22:49:22.0715,I,34228,0001 UpdateService.Callback : myVer               = 5036000000
22:49:22.0715,I,34228,0001 UpdateService.Callback : UpdateKind          = UpdateNone
22:59:22.0714,I,34228,0041 UpdateService.UpdateCheck : start
22:59:22.0714,I,34228,0041 UpdateService.DoUpdateCheck : start
22:59:22.0858,I,34228,0001 UpdateService.Callback : start
22:59:22.0858,I,34228,0001 UpdateService.Callback : ImportantAppVersion = 5036000000
22:59:22.0858,I,34228,0001 UpdateService.Callback : CurrentAppVersion   = 5036000000
22:59:22.0868,I,34228,0001 UpdateService.Callback : myVer               = 5036000000
22:59:22.0868,I,34228,0001 UpdateService.Callback : UpdateKind          = UpdateNone
23:07:39.6744,I,34228,0001 NewsHeaders + PersonalNewsHeaders: count=8778
23:09:22.0831,I,34228,0043 UpdateService.UpdateCheck : start
23:09:22.0831,I,34228,0043 UpdateService.DoUpdateCheck : start
23:09:22.0981,I,34228,0001 UpdateService.Callback : start
23:09:22.0981,I,34228,0001 UpdateService.Callback : ImportantAppVersion = 5036000000
23:09:22.0981,I,34228,0001 UpdateService.Callback : CurrentAppVersion   = 5036000000
23:09:22.0981,I,34228,0001 UpdateService.Callback : myVer               = 5036000000
23:09:22.0981,I,34228,0001 UpdateService.Callback : UpdateKind          = UpdateNone
23:10:32.3262,I,34228,0001 NewsHeaders + PersonalNewsHeaders: count=8778
23:19:22.0899,I,34228,0044 UpdateService.UpdateCheck : start
23:19:22.0899,I,34228,0044 UpdateService.DoUpdateCheck : start
23:19:22.1080,I,34228,0001 UpdateService.Callback : start
23:19:22.1080,I,34228,0001 UpdateService.Callback : ImportantAppVersion = 5036000000
23:19:22.1080,I,34228,0001 UpdateService.Callback : CurrentAppVersion   = 5036000000
23:19:22.1080,I,34228,0001 UpdateService.Callback : myVer               = 5036000000
23:19:22.1080,I,34228,0001 UpdateService.Callback : UpdateKind          = UpdateNone
23:20:27.2749,I,34228,0041 Recv Event Type=101,Account=,Value=
23:20:27.2749,I,34228,0041 MasterManager Recv NotifyEvent = Type=101,Account=,Value=
23:20:27.2749,I,34228,0041 UpdateSymbolCache
23:20:27.2749,I,34228,0041 UpdateExchangeCache
23:20:27.2749,I,34228,0041 ClearCapMarginSellIppanCache
23:20:27.2749,I,34228,0041 OrderManager Recv NotifyEvent = Type=101,Account=,Value=
23:20:27.2749,I,34228,0041 Recv Event Type=205,Account=,Value=
23:20:27.2749,I,34228,0041 MasterManager Recv NotifyEvent = Type=205,Account=,Value=
23:20:27.2749,I,34228,0041 ClearSymbolInfoCache
23:20:27.2749,I,34228,0041 OrderManager Recv NotifyEvent = Type=205,Account=,Value=
23:20:27.2749,I,34228,0041 Recv Event Type=100,Account=,Value=
23:20:27.2749,I,34228,0041 MasterManager Recv NotifyEvent = Type=100,Account=,Value=
23:20:27.2749,I,34228,0041 UpdateSystemProperty
23:20:27.2749,I,34228,0041 OrderManager Recv NotifyEvent = Type=100,Account=,Value=
23:20:31.1033,I,34228,0047 SymbolUpdated
23:20:31.2169,I,34228,0001 SeriesDataProvider.Regist_Tick(SeriesKey : { Symbol=8306, Exchange=1, SecurityType=1,BidAsk= })
23:20:31.4437,I,34228,0008 GetTickServiceUrl UseSecurePort=False
23:29:22.0943,I,34228,0005 UpdateService.UpdateCheck : start
23:29:22.0943,I,34228,0005 UpdateService.DoUpdateCheck : start
23:29:22.1094,I,34228,0001 UpdateService.Callback : start
23:29:22.1094,I,34228,0001 UpdateService.Callback : ImportantAppVersion = 5036000000
23:29:22.1094,I,34228,0001 UpdateService.Callback : CurrentAppVersion   = 5036000000
23:29:22.1094,I,34228,0001 UpdateService.Callback : myVer               = 5036000000
23:29:22.1094,I,34228,0001 UpdateService.Callback : UpdateKind          = UpdateNone
23:37:34.3806,I,34228,0001 NewsHeaders + PersonalNewsHeaders: count=8779
23:39:22.1076,I,34228,0044 UpdateService.UpdateCheck : start
23:39:22.1076,I,34228,0044 UpdateService.DoUpdateCheck : start
23:39:22.1226,I,34228,0001 UpdateService.Callback : start
23:39:22.1226,I,34228,0001 UpdateService.Callback : ImportantAppVersion = 5036000000
23:39:22.1226,I,34228,0001 UpdateService.Callback : CurrentAppVersion   = 5036000000
23:39:22.1226,I,34228,0001 UpdateService.Callback : myVer               = 5036000000
23:39:22.1226,I,34228,0001 UpdateService.Callback : UpdateKind          = UpdateNone
23:49:22.1106,I,34228,0020 UpdateService.UpdateCheck : start
23:49:22.1106,I,34228,0020 UpdateService.DoUpdateCheck : start
23:49:22.1246,I,34228,0001 UpdateService.Callback : start
23:49:22.1246,I,34228,0001 UpdateService.Callback : ImportantAppVersion = 5036000000
23:49:22.1246,I,34228,0001 UpdateService.Callback : CurrentAppVersion   = 5036000000
23:49:22.1246,I,34228,0001 UpdateService.Callback : myVer               = 5036000000
23:49:22.1246,I,34228,0001 UpdateService.Callback : UpdateKind          = UpdateNone
23:49:40.1714,I,34228,0001 NewsHeaders + PersonalNewsHeaders: count=8781
23:52:36.4318,I,34228,0001 NewsHeaders + PersonalNewsHeaders: count=8782
23:55:28.9135,I,34228,0044 Recv Event Type=101,Account=,Value=
23:55:28.9135,I,34228,0044 MasterManager Recv NotifyEvent = Type=101,Account=,Value=
23:55:28.9135,I,34228,0044 UpdateSymbolCache
23:55:28.9135,I,34228,0044 UpdateExchangeCache
23:55:28.9135,I,34228,0044 ClearCapMarginSellIppanCache
23:55:28.9135,I,34228,0044 OrderManager Recv NotifyEvent = Type=101,Account=,Value=
23:55:28.9135,I,34228,0044 Recv Event Type=205,Account=,Value=
23:55:28.9135,I,34228,0044 MasterManager Recv NotifyEvent = Type=205,Account=,Value=
23:55:28.9135,I,34228,0044 ClearSymbolInfoCache
23:55:28.9135,I,34228,0044 OrderManager Recv NotifyEvent = Type=205,Account=,Value=
23:55:32.6282,I,34228,0047 SymbolUpdated
23:55:32.7315,I,34228,0001 SeriesDataProvider.Regist_Tick(SeriesKey : { Symbol=8306, Exchange=1, SecurityType=1,BidAsk= })
23:55:33.0983,I,34228,0041 GetTickServiceUrl UseSecurePort=False
23:59:22.1171,I,34228,0041 UpdateService.UpdateCheck : start
23:59:22.1171,I,34228,0041 UpdateService.DoUpdateCheck : start
23:59:22.1333,I,34228,0001 UpdateService.Callback : start
23:59:22.1333,I,34228,0001 UpdateService.Callback : ImportantAppVersion = 5036000000
23:59:22.1333,I,34228,0001 UpdateService.Callback : CurrentAppVersion   = 5036000000
23:59:22.1333,I,34228,0001 UpdateService.Callback : myVer               = 5036000000
23:59:22.1333,I,34228,0001 UpdateService.Callback : UpdateKind          = UpdateNone
