06:10:27.0901,I,35380,0001 sNEhjAcsohexdbtERoNgZK6o7T1oJHbAZ0ZniIfk/3Cm3YQ3mEe9OX9yCydFzU4PKHQzSIah1zpPGlHexT8SQbhb6r5bOKrIcGpTNUcQz/a6vcvsMlnAD1wv6p8TBCROqFGezmnFiK894uB8SWdG3T/ShgJeGNPvYIlXffUh6Bs=
06:10:27.0911,I,35380,0001 p6Q6JKotJWT9n9u92xLrhnaxiTcpYqNSxbYp4lIUOFYBtys+ZEQYIcWJFxC+HdHbVYJ9x79bzEVCJILtQyDiV2NeXG4teYPcVIyV4G8EuFpbsJBShkbp4hSxJmcjzDb0uevqrFcbO1YmqmtlRw7rCt6VR4o47Ty2FBlFc8c8Poc=^WSKxnk4GnowLSIr7iTd+JzE2O3krl79r3miFEmp7zQXCX9t65U+2b0h1NtrFhPnFIM+gET1044LrVs/Mf7jyqqvpqqa7qzriOsZRxqAsUaFqT3vaFpRTE2GMI3zEdZW9qHmBeUN3jnMdpNrmIWzRZr6aXHJC0Ur/orKJL4Zl3AQ=
06:10:27.0937,I,35380,0001 ESiExtjDPlgnUWxirLAKRoku3m+G1C8dL/U/jt34ps0t95keMIf2j11Wutou9VOKBl+QmaDqTtxpnNTQNyrqI4HOKNsZS6xJ6AOWuTjieLr2x9/02EEz0GrOlMl4I7Gq1bQkRU/UmwKGtZsgE3C4M/ZpZMJ3Zr0hfa+633HOt10=^r7xTbK4Jk0WYcKycCwZ2ePVJCMk5UAjBByWlmL3c1cRxr+iso5Qrv0Gu3lfM21oMQzUWFp1WrXGBGlEMlt5/y1gYLOjbQZXkodty76dx3l82snKp9YhLEnMoWq6o9BYxDHCBVMLlz+OX/sTz6yxEDqjrQ31Q1ab5SxvScllc/oc=
06:10:27.0946,I,35380,0001 x6SslT9Tf0RaNGGCvf/NxHsrcC9IERkOEuj197BNUFq7I5ZjKlIbPQ6/VpGqRGISLS5i4uHQa2NrYQ1NX7vw4BBF+WUhV2qnB6aVZyigXHcW6VO4uW0Hb0/CMA16pyyoaa53o1ZQjnk81L/vDVqZRtSSGaSmTvBBiF2BsBC0IZw=
06:10:27.0946,I,35380,0001 qPqKSjTaqrEfk8yB9GM46xBky3G60pHUYzyErwbJhs9PMZ5p/f+2rxEjkU7LZflQ37WBlPErZaGvou3AQhHkvLYMyXPf2A2mCC/tIrLf3G43MG8uhDm0BbUW5Qy9oF0q67hCWP0z4aNBwKP940LOxWYyOEFnPqHu/E7ZqL4LfGs=
06:10:27.1206,I,35380,0001 0kLRO9ttAJBEoIIHOPFOJ/+TQ+AJ5duFsH3XBoeEvvgZIW7+5fL3OFKPh0Jr8d7zotXNBjDeWQEkpS2RHk7MYd+9vT92w3+erReBNR1z2erqvVQxoTENcqHcNiHqqs+vWawGWH/AnsGNrVpr3rzYjO5I5rL8S4Lkmua20saSgMw=
06:10:27.1206,I,35380,0001 iZpjruSDmnOq3G+Rsrgp7NH14z/lb8lpCI0fY+rrykAuQ6qGFQi+sdE+AYDu3LSGlaFoEcdrjT/knsGuyZwg3wfQ+i+njUw0a9/LHpn/WYw4uqZcpnu6z3fU+2VhTGr9rbx8iCBH+DlIThi9ErG83orzVb4oW0BWChVSM9LmWak=
06:10:27.1206,I,35380,0001 SXqL4FKLSlC38Ni719zpwVkXJnfa0H/VsWne4rR69PrdfORjmq+URCKNJ8MmR8ciGR4eHivHzuOMzV8p5gALVboCKSawULotXMU+p/sdefknnNIOtxup/p+FWZQORsmU6jUmCQAvfK+d8gy3PXAfTwLshA0V3YcTDtqzmBDU01s=
06:10:27.6246,I,35380,0001 lLJcECfyHVDe+cURYU3dLVh/0/DqogmMYvmTJxn9Z6YHoBwFPyVXIwy5BnGwuxQduBz/noG5UM0pNzKH2U+ZvHq5Quu34sWg7UaIF2efZDmQpl6grD7zg4c26RlIHbFuM3Um0qJn5VfIutg2D0TYXEo+vt69ZB7MbMWOpydkBr4=^oNdqZLtCO7gJQ5vm5y21OGexLaQU5WCkeCD4guNOZr4M6qcw74tpkIptil8lKQxC8ioef2/CIytkO0a3I0mh4w5NT9B3GrEgwAhKY9K9YZJ86hjCB8zrTcHfgbRotwHeZrixyNL8zSWVH233HrlmLtU4zU1hhQxF5jHynrRAZ14=
06:10:27.6321,I,35380,0001 CfpN9Q/Yi9VwoWQ2I7pPMyuX9DuzKDTkBFkrF35TVYY/l1jd8rFLC26NFO1Wj0ur0QhJYuk+MqYKpCO5PxAZuj9uBwoYvhJCjPXf7F5DRjMhJsIgwQD+0weCzZIfff3olQuIwQYlKVRuUQE3V8cZkWqzZhw+kTqOauHSy7Bo9YE=
06:10:27.6331,I,35380,0001 MDwSYNwUmDewjLOAyqmatiGkxdIG2WBbrw0YZhlTtJ0Qe6LDlHe4jL65W2MDbZPxrw7iXFPfh3G5W7/qNxobmHjMXtOby1CPqgTLwK7vxqgTN7VXzD40Z0kJU/FYaHiqk5XV22DBI12h95TDZbs8i8qYTlwwImRbqNgz+YG0/Ao=
06:10:27.6331,I,35380,0001 vBXW9VmLscY2vutSbCqmv3sefSPfWF2mjFB4PiSU8yY5D0lClp0i2HXVcn0IRr6xZFSsi6LXjQQzpzRRMaw3ZwOERcpJ867ZKfuVafXGCnu2yWe/oQEnkdFW+s0e1TnszxxXT7OF/TAMakjDNNhu7+WOuKasX2kB2QAKwzfDHNE=
06:10:27.6331,I,35380,0001 tO/Gb6GJU1T5QBUsXP0fOk2t4kh0MG0Bhr6HHOqRREBo1UXj8z7Ns8Cgk5K/VrGxR56jYSwRNq7ZuQyzRc5MN6na9BujG0wao6aFgU3itSGGvh6RV3GILNbff4ZL+LyUaltOZBrZNm7WD4WnYUc+wAr6xA2E/MhLe7xqBtwhBdA=^Q0lEYzTO9IXiG2pC17RpArKiL2pmo5kjzpCQ/GyghJFZV4x5TLyY1UTU5cPj3qQOkmPeKrJ3uCAyvpkeevLmkXzazY2XPkhfMVRIo1x/OrKO64Ud3T4gfjBcJj/GYzCcm1CrpbphtsQI667GB1fbx6DHWOSd77c0uhvdooOq4Z8=
06:10:27.6331,I,35380,0001 lhKlokm2ndLI6DFEgv0W38l3Lct/DA+uOVz5mDBrrao0TgezKjag5YcZqkiysjPteHfxVMrH3mzlFbjQXa5fiav6I5IxbXcIfc2M7yN5onRxgys9uoqfSWDEMlvUi11xYg2bUHM1zhhZb2G61v3n978JNsRXA25qE/JkSKYkivM=^dRMgCh4fQXnZk5R6j2cvpzLfYvwtbq8EOXhKcYhEw4oQVtysdpsJ6fQmQ23B/qk83hNsib+RRQ4qDtzTZykFGvwHNHlc1QAEUEL0heKQrrNDl8awVkdrgAqAmtfKOPMJaHRw5YfC7JNEVm31J8fS1L25ELbg3D86/R40T9QNZfY=
06:10:27.6331,I,35380,0001 YBvig6jhubKG8XlY+bIr9iXrbX8rqClH4i8g9sAB7o9uAS9xb570Q0Vl9my/X8SSP3d1+5AAxkO04RAhXyt4IsUmR0X8UjoirLfkbUQP3H4O6PnhpV/spTqXZScq5NNxNlBAvPjKAlkMofY+4runk3abu6viV+IACATAy4LEt5E=
06:10:27.6331,I,35380,0001 Usq3Upq4ScPuXzsynWBG/GruZMXsroLm/TMMBLr/+DwC2lwaIFcyZclGp3+a46TUhH1457Omn4FEm76kWlgS46P+lmKZWtrRvjLYmT0HwYfRouTQhhpabIERxbMWAWt1ziPUeg6jEVLD7vQ04wiE/K8O0pUDmYtge370mX0NbpY=
06:10:27.6408,I,35380,0001 kAnvMT4/V3eI0tXt0lXy38sQK9rPurpaaYiQfkGy83G2dLJ2php6nmesnELQ3+Qx5X+cTz49ZFb18OlbX8rTH1P8p13HzL3RR6CBDvSiFu2JHd9zksDZcKfeH9TOPmoA+oVQMIp1ecTI5mXtEML9PL5mw2Tzfjog8hnBZVO1UEU=
06:10:27.6408,I,35380,0001 l/1kuKMThgKfHih40tmX9uLgmbWjdCXjWG0+WyuLjk4VLY4C55G/Ja5Z9WBiBwG6c/12/4n9FbRYdK4hdbv2jDtyo+Jz/CNnKHmrZna4RuKzYpw4hjwjWHj1HNVLi07METufJi1Xi82wRywXH+gwH+BgKf39CmQTEG37VxXHkns=
06:10:27.6408,I,35380,0001 IputAk18s6ML0a39BpLxw28ZUpRyVjGfusYOP9tDs5B2sINYf+OzFaHaJ0dEm2trIUik9BiZZ4jEY1W2HB+jzskMmN+04OAvMY6kZU4qYcRdgR7xrJ9E5mOn5dQwFm1AdSpZMK2PFwUb7/3wewitPsRY/Lq2HU+/6wlNtlac8Ps=^w22ST2ji3ItzeCj3Coo5Shcdk4esQ8Rxio3r1Oe0/327Iv3rAIL/ZteW9kFP0Z1+1JKn0fWGD0X0VDbzqZWtOvDl44SK3zfbUEpQSMkMj6uyUQHYNDBy4GrLtoHTjxL6myjakH54uqceXBE7l1RAM4AajcXZKwnyzNh7CdB6Ye0=
06:10:27.6448,I,35380,0001 RET0B2fSFf0mZ9xdpRAXc6G82M7BsUFMbU8M7NSTofqDw4cMiKYE9OaBeu/icLLhNKw7j9DfzSoY6ytPNm/SlcVsPWY8hJtRHGh4Spixo90vHSajby7QOQxqKk5V5RyScs5ZpF6D1Qu83vYt/hYfzm4QFdNJxy/XhW4cRoo+0a8=
06:10:27.6448,I,35380,0001 j8pmnvKRChC69hslTLfYYNIGtspzpj3QBi8Vc6uVgKpMJ6ZMuwlnPmDdJBPrHEgmIpr099yKIaV/FBu7zHmFuLqISqr7vpn9CbN+QaAbcoAR4FNO5wooPCvM9PKEl4qaVGzPZj1YI1wQcO8Ve8IUBuMmIdTgbj9gUqnczMe+s2I=
06:25:40.1426,I,35380,0001 cQFH12hXG2vVGgIAWT/72raB8xZJFO6Ls4V7jVbVF6QYOF36GsgkxXaRIqvv4mgDMa/3bM6Frq7lVQP8SaUX3RHjKpyXTGtJBQySwNZRanh5QSWmkXOtIgUxH0q0nDgChZUcDtm3RXUZFINCmmojU+IdO3UdnZiodJ9kJzYLbFU=
06:25:40.1426,I,35380,0001 fUvXhpts3srIZuk8rqF9yVLZcVclHY1PPWP6sM5t5ZItXcXZ/to2mvegsEJeLdCxC46Fn049EZv+QElPdInpveQ2xSdK+1cfah379t8vhBujERHrKuRp/6cOqAqh2zgtYUT7bHz4epdBKnW+SH1b7A9v1NRiGEI0Ua2pXh279GE=^F+MhfKA52Ix5++IXzLD4zE7f9W62N++3Sg69/N9/DVAmvpdaqYTMHSDiGbwe69Jz/6Y5L6o4H22IrUTAHu0S6scNRrfnQXBoHynmkzWWtvJyJatRrBUW2X8Qs1myLJLOSHlJiLCEg1G7Zym8DkSNiyk4W+rQm5kgtyZ1c3XeELw=
06:25:40.1426,I,35380,0001 nU/QNOYsCQQaiC+fGBIKjyAY21jDyB4O3TRQHf5dMDb2JQ2Ryna3boHrznYJhyolLbOMx8M0eenbuzRpea7TlPTPIvuHCl1vb4v0b/h0nIztxolIgvxKF+QKF4G/XY1tzHu3jquaoWw6BdYHPv8HGPBJhNmhbSox0LCMSdG78zk=^KscmeN0V1QUieZlkJk3LSQTUb1cIG9ZvL/b+kNZ8mb257AZGOcBmA1LUTEM4FM5jcvODhfTm0j60GZnzW3ZmBHHUxKstWcbqqc534znSQCBPVA8JZNyk8NnQWNkqINwoqS0EqvyaUkwBX20vgVGNvEKhURzGdS5O+gvcMg79eEk=
06:25:40.1426,I,35380,0001 XfxBbAbVkkufn7bMfp2oAgK1HnI2CpoxqEgDFP6/G5+rGAl7yCJGp1j0oOSJQw58afUSH3ffGb/WNpDXuLCzuodS5OiTe9FtwFyJc+0B9y4MqbGGA10i1d02hHELXnUuW8v4Zx6XSuN1JMo22NFCBT9mkOv0r+g4pnVJD5ZEpY4=
06:25:40.1426,I,35380,0001 NhQz0CbZitJRmXlM/UBPHupmwPjxjhVK8pETwM9z+U+mFyPzMESSaHOatooHRMUStSyPsHFmRer5ZzkIjNk35v71aDlbEXx9tuGE9abFgbKwWAfgBcK38m7Z98zYt7OnEA0ktHiTxy1xqregykcLVkWYAPQGSwbQduF3j54BuOs=
06:25:40.1515,I,35380,0001 a5pa1DyYfHZ/NWjXan6i9XnKweRWP77/h4sHfS0W1sTbnuV5JsZNTGckrYGhuEOUDCqo5NsNuwiAcQ5RqtftKIjPZMMKHSFA4uZhOmyg4WXOFXxU/ml0BxRFRx2L6bVtdTrILTMvMBn8wjKeNq5AvYn2HYtSIRKHu969jQDKefc=
06:25:40.1515,I,35380,0001 M7jLTjH/VmH9AKh2LUFbdAoobyurU9Uol8/e6aLrYmarVw+KHIC9AtCUQlbxLe8CEefiv1wwCjfGe0VvbON70Cdgajx4lKA2F4F0ukzUko0u4ItPazoP+4JWweIjcRawB6UV9MM1SEyx4zS4cLHinfjAI9emggsSLuQ72p2mPiI=
06:25:40.1515,I,35380,0001 IyeA5wZaMCerSO0nyCf+zXamN5Se10DDR3Fvrmw9kAAtygaCjXq9+c5idNYpam4rlZVkvOO6tbBn7bLDK8nbzq6iZnaBQPqdTo4JpoP6+17K+ouGzKgeFO3ghbvtREYOC8VRAxQ0krEXTnTDMURxVzIo6gvGuAYIh5ngGLUyViI=
06:25:40.5469,I,35380,0001 vqD1wfL/SnGGyZpj29kVBvTHdSvMEyDVmehEnU12ts5xGa+QI1azN2ysuwbW/rpHFUac4Eacg9EFZkMX911QObcpX/fAPoJ04M0eBAci/ec05NL1wJUdkVAy2Y0MlkR6xSJBrN7G4i7BWiIoP7TlVI+CvuZILclf/ScnJfIAqLg=^wpAwS8MEVlNK4J3ZQ2iKWwNF5qjdisdAdq6e5AjQ/U1QBarIBJK+/8xi9fDUIUqZ3y7vcbzRUfB9fNfmoac4pq3pk5+XZ5+CPkoTquJY36wegn8wN4JqLpUbc9e/0Y5QjTfoeHoqXifsEjrWuxLYhhAdwjR0V/pvO+lfcz/D3uM=
06:25:40.5543,I,35380,0001 Y2PTQKQD8n4MmTx8chPvzIs3252KL7sTbKhuYoxpbyY1ZtLshKE0jg10E/lnmlq9GCktJ+xOnAaWaOBKCxAAzykrKpq1rnIUnlwD8imYrGbffK0SqBzdd44k7/9rZ+hx9kY3ob1DbMFw41ukXaZFm7ObOlFkad2yaNO7xQiLrSk=
06:25:40.5543,I,35380,0001 d//lTTSnZ4YF/umZ3bgnF3Kp3+Jc+xg31hOy+k1iih9ZJDNmjxbnOUpiWEVm55x6BOWkUBFZwee3HA+WpTxryZF3MpSsTWJFroB8HCd0Pbhw9n0AbMdT1ZcLqF2/6qGjTLyXt/Zvrlx8FA1ZW9G6BoANHY1OlIGGVEPoP7EGZEA=
06:25:40.5543,I,35380,0001 UqqesXWsd+eNMj212sqAUZpuW/w7oBTNW1AfK3lq1J+kDmy6KSly9sEOF2rPyAGI8VjLtXuew2cPC3A2C8qah0/n+pb3JaBoQycECrnhsi6qpDoA2gXYBj64zN8v8emilgeeNbhdKlOyg/94RCysGG953ZIfFPvU2kyrYwNNuUg=
06:25:40.5543,I,35380,0001 XgjMWzmQAfCWmloPEgwHSrNRQjEZzzW62J/nAvDLyJKFdyyVtxouX/2riM9/ivKPgqoLh4hCtVXWbX+ul7D1L/l9ouTNvhpehg+qyqtBBqUlcHfwhDbSEMz2/7KICXeP1xebrD5AByCUz2koZmsbssoloVWdoOi1hf1rmtdVREc=^LmMfmiCSZ6p4zIwpOlisxZZol0Ej7bObWQKaQiAzIo+ya/Nj9WHtlhHFfJHDscwgmlgmsl7Gt4n6FMI4o23mnrIzturC/WDV0ronGfipT2DXFvy++TFUdS6nE7F3q5fUgrmOjbni6lmtu868cD1qwycwSeo7DekRfEAofxsy3g4=
06:25:40.5543,I,35380,0001 J1/1LYmQcH6E0ngdxZOYgink6gTZw7g+wOUmxe4f8HHMxEOimad2ZeR6uLvC09gwi6MjYMWkBsNSXueKAY7BoU/3geRNFxSiX9LHkiTzH4zISUlUkCudHQ/UMS0Gs7WPblwXiUgHHW0+6lBQ7aNuPw5QP5+inHa9em6ft/o7sMs=^0VtPcYbzFPlmk5G4sAe1xEqxObgK2d/qiipr9h5Pnf6LvwjvGPEcBm7jxqfXjcUBFZrcWi+oI3fY7GfLBYpc7jaMEHl61VymZ/x7OtNTMgtKO5ScURBozzjoW9oRd5cvQz/QtuUamV8r1bvB1BmlL9OYbMij92hlRK4h+3NDWXw=
06:25:40.5543,I,35380,0001 zmP6mlNoPyFcvjNeElxD0qDV6fjJkhL6HcNQ11tNCwjcRkqZrECPVrrBsQ7rLbJ8ZMhSqkUrCTXVO/qOqP6u/Yrw3SgMgf2us0dS+zk2MarPgaXbHhpEovHooiUjIZhE0Os5abfepP4z62fZWe3UdgT9jJETASZjPGBhKJwaBDQ=
06:25:40.5543,I,35380,0001 fnXjqDlbKZncRMU7pViaj8gXq8SdVA1YdElMIGvBGhYx19hF7gIRq12i3KWW3iBK9RvNcOYua/6sPVo2tiDM+a7FJrdCrX49D+HdDRvzoHB0UjOqFkI6CcFesZgPcCiJn8QzIvdVSftqeYKOE9jzi9pYjSVISu2Iau6zhpTmNJk=
06:25:40.5612,I,35380,0001 C1KdOxPRisaQLnsL0crIFYHHkc76oYmjuAYJ2LCWcUg/uNG19euOXttHf7YAzxMwjS2h++JdiJdO0vjrhLyd/v4apuuq7Q97+CqdU/5EQhoPw6ujffeZ8gCF6E4y6s1dR/ooPVKPDFRylP/GuHRuuLzD8CGxewHFgBJk6JRUHMg=
06:25:40.5612,I,35380,0001 G7NILIZ6FG2v/O8iOKIpD4bh42U1qnYDDYZ3TB5qdj0Wv9ImLsEskzw//bCTUdkFSekaCHV4kxWutWNPyJX35IexhAi6wpe4rEAcp2zQhyZGn250EUF3IFG5wpAeXxcFQRXE4cQqVy7+KHsVqxQhsdP9yvCDTPPOmOypEMRgcvE=
06:25:40.5612,I,35380,0001 S84qsz8RCsR+WDFidtWueQDwKcXAwYCEos7DezIFpYPp1qrP1KCU80H4RZhyY68K0nh1NxeNJC2T67PeHmgQtQ8qh/AEhb07fTIWFEGr1zKO4iBwq0cL8O6oTCk1amVOcoAL6wQRQ2Is8+fuGJV3Ggg3fIm6hCgv2BaQE89u9NA=^J4JwmDdSzE02vsRN/kMsS8EiEgEN0QWPT+/KZ/AX+t7f7G8H4s0GiYl3zUDg3fPg2PT2jI5guVwIhzhKBSR+FTVnd5lStUQ+bVBQqLoBylGvEax6ZQg1fYA5c3wjkALHu5NphrA5j499rh07Zhk9B3CNSDk3I707l5H36VF5WWc=
06:25:40.5642,I,35380,0001 CmZMwv5hZjNwOqZ9Whzr+v4INbj2Lusdaf4IsQse6yk7Ljt3FHlFea3ksOXo2R9HL2gAcIwmWpniGpKgs/79JBRBxV6FQbdNKEqn1qDS1vyw2mwLCr4UKCKiwyuH7XwtbLTuBHoFc2f8+cPUPlzyHF0+h8Cd94GfwTqMmExkSHk=
06:25:40.5642,I,35380,0001 RSxwmKtdrchJZpsYM6cAl/kNczmTTUA48EIhiDNHzh+0TyjEx3f5lUqnz5kikVwM9q3kbkoKjWOcUwNlZEPSyoVBaz+UYbVP8IWKsRa0q5SeYUFtgdVhuZxecd6q0kfw0mzTZQnWDrsedxd3bui5h4LtLWedSps4S8nNVgkbx3A=
06:30:39.5710,I,35380,0001 b4fcwVu5oqojD1rTl0BWY0ojvjCVIegWCg4rbm5RRE3tHrOmQF0QwO1jlayQZx/oVooYY8g1BWxxaw0rHwst61/U7mu6hWG653KBz0MKOxTGJDe4rhRdtrjVwk3qHKjb7kttoGH9/+pi+V6MO6joiRZ445Le9tA+Xz9GvHNpJxw=
06:30:39.5710,I,35380,0001 Ah/CayDz6nVf0Y6iOQy9zfaZtrzVFTnmpqApdcqUolZANsCbBvZ5dH4fThHF/r665xobQSaAWcKbovHLl99oq5sze4RfKOaThDsdWNVN0UCZD1A0Zsh4+ypqfIqto9quMmKmDxwtO6gj5df150gZt/40EHg4jvXgh2KvpkHqKSY=^HWv/aw3tzSh+9a9KzpoxQzrH8gq8zNeWDyg5Vm52l+P5RHEh6Fr9GbVjEIxi5f3e4wfIJOVr2prAybdEc4kel2FcfZ92fljegCEICbXepLOud4/cPSFN68g/v+xWeEtnqhxJKW7tuyUwEh/J0EhZky7mTaXmFQuO2N15L2eLuQI=
06:30:39.5710,I,35380,0001 UJlgI0RUTSFTaCZS07ihoE6TxCE9BATu4DTq37DPOCk8HbG+C4XMDItQWDubgyDG2JJUL08qixFpkRTx8fWD7ReTpEmpjmRuARB4LMl+CH8ejMi+42muZIMkePrurA4J1qDFEa3rNS6x5Hg6niyrliyrJn0vhiyTuG0CzDGQVzs=^OSrDY+6ehcVdy5pqHyVHQehO0KAk5hq5dEIXbvM6S1BgI1qxOD25tqH0sO2aH8ItXQf6c+Fuh6RrZtxmJNEQnjMVKrEHLPdYXxuOsAtux9iPsZzut4NA6AStuamaKyxo03wGNXPsaOh+wiR8hkgp+e8incOwKMeqgyHt0OfKJIc=
06:30:39.5710,I,35380,0001 QDDWujLqztbol60NCHnfpVWbeNGhHZVRAQp5+h2z/PrAHZNC9LUn8taKYvdVyy1VgHTFF6IFr93H7jZRdnQaipWNy6784qkfM/B9F1/BhakJSdvERvt5ZmEJTDczhLgDiXUD2UjoK7olF+/TvlAQQ/qwpLS9FG5C+8vr8giYHsw=
06:30:39.5710,I,35380,0001 HP9ReJ8L+f7IHlYuwIkTR9eRCOFNROavSZK6oX/HqaZTI0M9G5il54wbnfQTV5t70g7usKiXYqJ6UgzTVno7MV9yoMCWyIBSFUZIAkHHhbNcpVDkFpjIn0uAvapem7LB3H3KQZb7zLaULW6+LBiIpU5fpeep3osp3MEyu4FitAA=
06:30:39.5805,I,35380,0001 FuKk6uNEefocNLRnc4qex0bz8VULJFEF1GFp4EXirht1UkkcEeB+NjK9H+g+H9KGoY39dYF82OVjhCwChflGwH29d7R0bfVSKVK0Wu4zhZeyDIiucoYDnNABGu+nqTIg7njlT4YOM8h3QoatSzJrBg+mqHjfcE60Ah5Epox4wOE=
06:30:39.5805,I,35380,0001 m3A2qIUaenk2s7kM44mu12T+HUvPKW+SritOwvqm1skqRHvqGL2QZrxwlDqWl2Vbo7fXvDHWVyI4lk6Q1A2qWMZ0WF6PRvO99LQerYwk3A6RlIE3xbO9lYi5jbBr8oUpozYxUSFxuPAqUJWGyib6z39pc004mG9Cqa1w5/cUSXk=
06:30:39.5805,I,35380,0001 AIBLd7t2b/Rcu2CE/hV55b6H3x3IDuEsqf36c/6RTYXCboI37a6c6cVXpkXDpsR5nHhAi8Cdwt4hkR5LkLL9Wy4paePQPivI+fs30wCjr0UmIOKEV6ACy5N2fPQxbHfdKP4Ad0Rml4b7+vJg656Tns8Pk9HuBoojZS+WM9UiiWA=
06:30:40.0348,I,35380,0001 LIJfZSS4u7svLAxG+Lz3QHF9sKhmskDubqqehBbyWFz2yXCKeWWvtepQk4PiTh3D8tvSMfYytn7PisP4Qvf4QHBH3UOCa5YArApBMat76zLd8nrc3AT/GBo8HMuAdtBoZWYcGg4z827BOTAMnQFoBzW5xAGaCRIbAiX9PodLUWY=^iNGYr1KNqtriMU5jQuO49WY/wOQ2iJRAS0ddo5HqyaZSpbZguc1x/zDm6S7VK0Lw7WkRgEm7b5B4lGdaQB1HZYtigE42Yz4aN9QWimBaRNeQ9djnR3QDH/xc/6IXwQ7XChFHUS05jA/ag+rUqjmDvm5r3dy/NDoaz7QNK52fAQs=
06:30:40.0427,I,35380,0001 km2D+AC1P2NXqIYd5RhJ1kUa1VCz06rbqn0sfjARqnPRVs70wp+I6t17ZL9QhmEhiHfVh6ZjPZqNRcMMeQj3V//iDXVa1cDzJyAJVt+4gSHmCX3pmRMfcX0eocM4F6Oqf55HAMEe7c2g9D1COa/LjJ4zFzljgZEqPfweIvgYXWs=
06:30:40.0427,I,35380,0001 qak8wHLQ9YCAPPoD0ofJk9fWukZYedfb1FDHgCkmN0o9qOvsevoG+lOspKk7LKPmPilXe08y4nMDZK36uGc0VhxyT6x9GzAJVDwemsK0yr2LLOMaNhqn6QIZNEub++vepfg/7M1NLdaSBuDkmNtnSy+5bf/X0/TglkHNl2d0oNE=
06:30:40.0427,I,35380,0001 FzVoadyf7gqY104HAhZXxDEFMZve49yxZL8oen6D6J6q6eXQ5Gai5q2nMZd9yLj1PsGH9tsGP2cit4oxpDcYQkUn1RErlECwUms3tnl/WNgTGUdB8lGNOt/a356C8sa6Z88dajCLnv0hg/o6O4aTK9IjncnZpne4l/Fv2FlgsK0=
06:30:40.0427,I,35380,0001 y9GvnZfjfWt0ng+qwIhkFFMhN/6IagKtrhseQQ6IGwSvAOu4bkgQC8Sf0b/LCZ+ubTjR0f31n/vWfaU20hopYQmV8/v+1FFMso7VNmT+4Emi6gnhuCSb+/Kghw5JiY5lQr2dJApaQd34eJEBksT4fx7o0l0QErMikTf5nKXz+hc=^hN3ODa9oEE2+DCke0D+0wFmyTrhGNFYcYXCcmEvmhjlFqrAP6RFoNX84H1mrINLmphHy+nVEwba423zTEDwrOrON95ZBMxGpNb9uICkFDPhewPRYbBmu6egeMmacwJ2qH2LsVfe64ZKR1u0nvBoYv65Ruzq4LMa5B/GTi3iEFhY=
06:30:40.0427,I,35380,0001 QXFNeUzdUOdpwoxh5BlexYmhncqYzZsqoJ/FXa10YnDb/9tWACmcbFiOxn8KqKGbZXD9X8TAhZrrIIpjAio26heuth9/yqs3lxIkMwQ0/J2l3vWMzLuazdxyAHljRYjWqtiNY7rEo41otTdlQIjlW2Vk6zTK4FVNZhYlCYdfUi8=^E3G3CfLT/OwcLBYDslSuaPy3TTkfS6j38nGiRvk6J58ZjY38E6gzlxySqmE69Vvr1A3ZlReXMldjMkUtA2Hr2LkpJ0VnjRDeQMAJsHUNsxdqJ3qs1eIlDpVC5nOw0+97BVB5ZAGDw0HyMnThFcSNkgpRi+7fLhLTkkxpgBE/9oY=
06:30:40.0427,I,35380,0001 iJkg79q/bE2XqrfugN5YOqpdkaVZa5GR5XaYHqTS1iH+HCW8QXbXIjEZ7sjY7rmYK1ZBp4/hKk6tZUH9/fWbwml/LB7UgSBlGu8WIH6p2i2k+cTfBOB5rgwIOeNl9+iMb5bfXvSW3ZyWJ8dzTUpYx/j5sfkqh3Uxe0UKDsFgBsk=
06:30:40.0427,I,35380,0001 WrThr148ickvCeH/DoAOVTI271mMvoKwEbVOOBzdEeJeTtvUt7x/iwrzRCIvcvlb4Nh9XXUn+E+UHvvJvKKlwHvXigqn64QGfccBj2nhK0Xc5RUoAXp3UdAEqhPTBwj+ssTZLADVBV+S28yeUwnaDzrQEmgQcpykHGS/Cg+CwDA=
06:30:40.0497,I,35380,0001 NVwxt3/PsznKnN2QrTxiLgu4eShWEYfhL5p+iQDoLeysHDL6Isnulimxz6jtX6ctMHzANRJrpfYsMJ7oik3tUq+UEMZjOM96KvT0bHJOi5CPii6UJURr8P5lrr/2ckArc50gGprLCAi6Z/X2M66dlmy3pFzx7JfohIBc3rT5fTU=
06:30:40.0497,I,35380,0001 dL4XHG3vK7nFK6clZ51FOlPqEhS+KjdwbVOsbjWHBBoaid+pLpyhEaY6ZtUKs91fxdXnIC32GumIwUlqvmxRrOUr3qfJReKbrG73VWTnkoFkGCT7RS21j0lFXh73O8ijY5PWWyVjN6gToYOYKB1O4PCpS0D6Y1zgp1F/5Zah0pM=
06:30:40.0497,I,35380,0001 elGG+zUi+FEHUO35gzBja5cSbG66Gt6JD20Wx288j0mZ7fV0bOhcYS1mtpdhykk5F2QrzmkBEg7loFRav7t7kC5vRMz4htDVZwxUMgNEYL5T2IOGCca+VJZrfKwwIjkZg2fdQlZW44NA6Vi84xMmXHFDp5HEr64knxWtSMuZhM8=^fJ25Ywn1o0TDlUlq9erbv6YOD5vJnE5GHT7E5ecz6+bwHE0zkOlCuLF3cRkGUwld6+NE9z2H8B2cJhCepT+4UgoafXoVYWLgk4ciF01mRfpZWMo9MYhfobyA/sSIl5UWxZmmqyxp7Gw7AU7h49LR41sVCNRjj6XfZ4VVIElMgIY=
06:30:40.0537,I,35380,0001 iHBoU6Ke1TU1m3fOzUIYPlLQ1VHU3UgaPW+eKxYoBwhllEFGYSFU/m1o8ICmOMj36VYkOKphJarIFC0k0PUiI74gFoIxdknzAB4hE8I0StAcO5wd/U+/FtnNI5Sn5ixgnGdv/mbbwmIcWuCFpyhwcfmWz64tuIDxZVNf8qzdq5I=
06:30:40.0537,I,35380,0001 HxznLHaa8WLlDSBP9TtjhiyeXex2HMDpX2k91VRL5iV4A1zbUpbixwA8c1EXYaNF99SSLfmGHCCPU6e2nKIt+4s30MxB28LDz9LOCarXnVM1poFW4y8s5yuM5/gi88Nopo0LYtPhYL/lNlubD68BHdCSEGdR6QAKWajsB2veMug=
06:38:40.9211,I,35380,0001 uDdOUzu5wFNPQ+MWCcEAWTTor7h4IE0ATePAMmkZ/egPahym01i7spEPM1c5rSd41b0pmX6PeYhYhaD+ANMEwSJK6ZO4P8gVfBTXCU9QcbnwvJJdMBOKorxyv3IHQh0eyuWzcKKL1UzcSoNqIhlh/PJELqgnzGVPE4BHv6ukl98=
06:38:40.9211,I,35380,0001 lWi+wTgMGD3VhOiyFm+ep0TMXGRBdqOdPuvdkyk6OvJFLw5F5p2ICadCN8FMKNENK88vnZ8v84PknYIqi2l4UIzgF5zLT7EIz+bvWWiXTDNfC0x1fhiAfKwwcfmMvH19ZhS+60Avj7pjqmHJHTmrjYB/y52wuVLkhqZhSc9Q/cc=^Ea1rolv6ncY6PiFviMA9ylyS2EyQEq7joNYBp6c2g9FXsJ5XuTZRHhtae7/rAp2OCcpAgV51yj1JU6RiKyg1cDt9tDX05VQtAB2VzmWVH1HuZA+2Q/Jcc07P9fyQ0s/y/9mWxLmAL+INRLMctMfQC+Pz7k7HJcgKO7+8MmwXutE=
06:38:40.9211,I,35380,0001 tn2+bfLuCA+6BPigGIusAHAwGtkclWB5iQjbiRJhQsn5DkMnLvUyCdiBCfXt2vbkc9+D/XaGch5ce8bojPiQXUjWshizwAHwIizHInaTO5YEFg0bXKkV1l2YjcYNJAYWDd76tLlUbZg/ivOlaPU4AVhzC2rX8MTEFoObczXp7y0=^WchKm8lVxoKgOrv/UhRm/D86GX17cpwfeLlC6HBVzIFfOxXiQvhNKNyeFBbUtK2Gu7gLdF/8r9HHuA/vixw8wF4itqCaV3m/KDZ/Yxv7TwLJHLQTslMLykKJUaAuaYONxMr9yvn+0OdpwnMsAD89dMdgOppE6DApf7T2dpoLRKM=
06:38:40.9211,I,35380,0001 HEf1jb7sbzHgqOZohZC0QKu7nlyuYuMOsCpaUrc1pOVRSBxNdQWEx0xuxNn5b7mw8SbkpitFSsXtwytzwDmaunF5sG0BMrE443xFgXKSn6+Qj58z1R0b0pmo74NyxDAFP00YhoVRqHgklC9LF2k/MpwFyE028N+2mK1dRb3B6bs=
06:38:40.9211,I,35380,0001 TlXrAaueAgfcRIPqsnvFGNqM1TgAI7SJO75aH20UqvPVydoMVZ1abHCKc1CUKTe0VSj96+cmVNTKBvxX1lE8vMlz7ttvKKmefDPqQsE19PYFgdluFQL7+sa6zbRYpUNjIr+LYxtQx/MXXevZH3eVbSQh3LYxJhfqRUB/JjfDs+U=
06:38:40.9314,I,35380,0001 X4NVHKtfi0x3a+TUt4E5081DwScblfvKFvuaorTjFGyuA8758AOprrMdjMQzVNP1US9EFauvTedNau9eYGTs7mMAHu33aNrkvAvheHGzrvsRLGYyIKSeKNghAUzMuVUrgm/j9PAHtJhajLTzHlTj9b8+SGnWXu7Zg2pZnbNoVyo=
06:38:40.9314,I,35380,0001 G72SlJfVyP36gy0ShLxX7VVzU5A3qyAVK4qxgGbTiFs4Zd51TGqdDlabgS7+o0IIsSbAuU2QKrW0Dw333R5gEaP7RPBPYXYd+SQRF4h8942oXe00hjdnc/WkZv/wFIU6W4bg8bEz7LuMBFfgq1xbaAfY09MHgr2VeEIKKihRsCY=
06:38:40.9314,I,35380,0001 GskzxlH+FH/SZh49wt9MmSpN5dkZ7oQnyZmDZMrm7escAx4JDQBtxoxYGvkM4hhutHfarhw0CZwFCLw6u4if2PSXbKRzprNCucswsyx/JkdUJ1Hasm9ZMauO3FACk4zyqkrv3UzPj0v3YqEY6YrrzYSPEol0CG6hkuedvfMV01U=
06:38:41.3043,I,35380,0001 qKlXIogMksx9GAVfnaIYwbRj6s64kv+RLXTK9qQvICYL8HB5vIJKKo6lmiFfb3DwwIuEWfoiat9snGLbkVa7gJTcmzmRi4D7TCPWdORlQIUIDdg7xBqtnWrsaBiXaadvb9/sar9x8mVDUP13cEGCYB7NVHl+Z4bA5sCj5VT+b/w=^dvkJm+kGz0SPl8fnc2VnBWKIoIADBs5unB/o+dwi/M1U/4WlNPZ3m9YwC4ajv3YZhi8BUStvSeuS9kQltjvv8OLRT1UBIiFEGtrOyurjAzgGMCJ7PfrBdzzLBFXDbO/GMliv29I0uxOMF61RccP7oAeHUrj0zWuJrglla9k5xjk=
06:38:41.3117,I,35380,0001 UoC1mW3u3Hmyn+GhgPyUYW1dxN19STVpLg7panoW5Zcbsx1QUWLPEkjQv9Xg3KgFVeQO1jB30vBflkbv+1BdPY4zPEJrW5EUbv8KrSegclLsJnuXrsprc4zKVvy8cNM8z1iEHB6+tKQxQk57HazsAJuc7vejzSYDVQoaTz+SJSc=
06:38:41.3117,I,35380,0001 Con6dFvemhjYoTvLRUGcll0NhDYdGNzm2aU4Mu2SHN3VzhaWHqcSxRNgpq/VpSCwEU0irEONDcjKvF1HlumL8hOk2UrTu4QQHT5eSQkr8Fg+6et3AKh+cB/5MOtPXLpRcZflSjF6LXtrL7TvNyu9SGEBddukaifojGuDGPLliuI=
06:38:41.3127,I,35380,0001 ohIPAraJqTYAZvfys3JNFcnCx3fhbwWQTy3QwoQQhqQvad3S9jTnREC/g3B8ZeRkj0gcuO9a2UIbLl+Ue91x6AZLh4G3jrSurgnX+spbzr+KOVlDqOX5vCtv/g01klUy15JgFJ6MCaQZIoVVmP1m9r3ecZJjir+1hrXFo2jxp8s=
06:38:41.3127,I,35380,0001 cEDrd+cMruZjtGvHsR2JXf5xejGyMQEk7PNrgB36+ZZilKboSKfqDUXgJ6TBAKkw7LZIiLS5XD3ybEJ7Ul1NHNx7gbhyvkrsbURRDI3lvOu3AtD6mmU5yAp8VwFN1f4iCgwKdSsGGi67bcuvmb/bv8aDtParqiINNtOyIZ3h31s=^bn62ZM9iTHWR8iBA2Tl6454NBP4IAvK73iR7rV2RPY0oYujTtmWIsb/r86dOzbkFplCjYiwS50cO0JS/GPNwghDYM0v3NSFQEi0R8A815QDNVqJEsqaaFs7GP18uayDTuq8Y92dx05eyhqT/nA/XLbKJzYSUapAVtJQwDRlgxq0=
06:38:41.3127,I,35380,0001 BZMzWBOqQqNkkH9LgRLWYrNFd6M+qDS5xtXtc3eNaeoDjpuopSN/wkv1nLgNLFup9Ry9YrztFJTKEIc1MbvFzd/xPwFLEptbkguN7RVy2fGbnynOmwjkO7ep3rOjjePvloG5n89UXPNaW7XBirnjaGMkbcOMW2VFuYx5F12OsME=^N3hQtTwZY8jU7HVwlDNv6/88p8JC8v0wrFF6jaPtqGy0dnUu4IAhdg9BVBTMigsTVXgivHJc+0R51iJdGGBKvbNzCuq1Bi0ntVHC8CpAVvJP7FZwKv68mZDWU2WY5Yxrgnj33hTG3heNSYgA7cvAHTf92ygUg4AP9Xfxaud7s6Q=
06:38:41.3127,I,35380,0001 Rr47TUrGAAMpoaAP++VS9VgIfV9JeT6S00Gpq+v+/+hwAuNccrQxiH325DxlK6FY7v0q8L3nIrIiWIMEabOIMtjeBGMJBIAlAGWtfmtY2hhsK7tI6qoMBVi9NDHSCISFSrfe22DiQ0qWPHHST9FIOMvURfFAlNKFbZ5PAZRnRhs=
06:38:41.3127,I,35380,0001 GhTYVgiDguqtjed5Gd2MkWSTzJwwCw00v/8BGaIx4twQSc0dqYl2Y/kNz3C7zj7SxbxUFu19aTnAzySTTEB6UM55M7oosoEV6lZcwHLDa3v5teqLddjYS9+Apa7tOmxOVb5571nhHvpKjmrRugQr3PfULCeBagRLCy1RYWb01yk=
06:38:41.3193,I,35380,0001 Zw8IhBeqmrqOWGZYAh5jDXJqzUAUgxvRKbGIPVnOtgkE4sd4+Zmcj87gU8UKE7wZLkDvPLgpYLKgyQrUx1EjBCsZrQ21561bFzsuVl9jFE3nEuS1OcxAp3hDwAlB+GGA8z+hXlHWsdlsrfqtAh7yl4vSBq7mo10NKo6kmiRSLzI=
06:38:41.3193,I,35380,0001 ExEr6SpxCnmMqV31dcSLHwnwkLBImO3Lx3FzBGZBnpPHppkh1h1g1pS8HjU50SkySDBl8zHz67d3O4X1xSJXHNHkVu5rzjQ/ODP+nhd+z6BRezxyeZpTJcTl99VGf4UHJmHQLZZuufjfoVEHQr86R8My2KF2Xf0T2LnablIleig=
06:38:41.3193,I,35380,0001 Bhh3xJkf3XplVKtGTplaBIXd4MxHFzDb96Weu1qRSgHw+cH5gOGnwpPpS6AG/iNcAuGtb4nv3TAcPbdccfb6Rs92JZUgsiSxb/VZywOt3+1HRy4LmhawYibmCFEsdq5YhZfB54siBIW4g/V+wBTzUaWABLk0Oxno9rt1etcK45A=^KWFE1O3eRs4ZGuN8bo2AvRxKcevwdNs0vENYyslimIEWlVPljIshlXbk6p571dXsZdJv8hHi/XkGipa3/R5oPF2xmXqzNSMFHGciS1NCx1fUXgafgZvPGU+0x05CwkU7VmvVeTH/PZbWh03MFEuUyVazVll+eZiMzBONNf4ex5c=
06:38:41.3233,I,35380,0001 jp+B2HWDfWiZDOR1TsIftlMCLQmGaoyy6NQJf7lOKNcSfJZE3SPNhH7jyYgfCvMovKRZhnSxgKg91074hq3wwsVxr+kBP2dbBC2g/hUSR3tnu0/Uj3dK7sE8Gqi6izP7Sxlp9Pw65kPABUODbdXCc458Ikp6Io/H/pvqLyYkWGc=
06:38:41.3233,I,35380,0001 abb6+PyjHUPPUzwxmjY5G7EZmlc9uM7vqOt2+AvEoSKEku2r59k0YIKW/wjyyoUjQIEVUKawuxGM0kn+kgNuRi2y5uBgxnTJ6fEkNIzhvzx7csjFkEONuknl3TIHA5FngMLoWOdMlldoLh7kAEI3Sv7mvLw8kI+kGRmRFI20e6A=
06:55:41.8187,I,35380,0001 ZNfeCdi7FLz5Ib15wvg9b9sQ6UMnOIIHmNrd/mFXoLGiilFoVs1hAzTxs4Yyu3B2NG8NpQY1FnmqquTGME9a9sCgX2j4GsTh5DMc5d5yQQbIxJmECTt3AgpgbCS5X+j8eTmszJrXa/08PiMK8zvX1qPWfXSYq4EM4YK+m8VdxOs=
06:55:41.8187,I,35380,0001 LXWAU8F2H+c+ggdatl5U8ieMJlYjlNwuQZdd/YGu2QJbwWn4axyfXp/1ESy9hrgupzx8Fc+qyyGP2uRQ4qP5ebsFAFKzeqWVe58dAWQpJ1s3yGHX22tfMDhjbr2a/nhcMSacAcY9ZQdHxCro6ZjB8jfUK0lUU7amchKCUduFjkc=^EuXhIX4aesiUUCYXVWrNrtdxa30YqnerMaP1pbcwqlDQxDESc3HSjIBdWzAewZSJOXPOEg2b01iieyLXPsuGQPyY+rv5c5IJBwI5HcHQPo9qF0nKou2uhnkkaYLl7dYHMsJGkpo1f2Xk+3FxiR2quJ0ZdogFs+ZnrYNMG0VN/48=
06:55:41.8187,I,35380,0001 guL2liL5huy+YgbGdjlqyZDYpDvgm0vYFHvtawXQnfCBnTOVl0zzP2wY09XQZh4W49NROmNhmCR6xQJx6Y+zwGULn3HBUUblBYyLR8+NTZsay0MSEvFiL8gMQ1FJew15TwuTTfGZEqeAezPoriVR/ulsdQrhoOB/tqC8ZssB1zE=^M0T6LdXYmAAeCnp7ZnrFNdjbPFWeJIPosev86yWJdt01WWlkdZVv8s+H4uAOm9vNo7/wx+9sFi6K7e20E01nwLnCTJ/JnIKZf+0NA+LqXBKufS18ov4JvdUJL4ScpDoT0vtv44hJz3Mi5Qsnxc3zXArvnKInSgXft5ZLIabiNtM=
06:55:41.8187,I,35380,0001 fwzwBtyfIfHzz5nTW10/vc7asj5ZPofEUbAqc+iVnSKsIQCJkVnkS6mKhTP4ce64X0Ml8HDRPECniM0u8RTQyK/yxr7CYNPXjjyi+fyx1bAlpDo/OsQ2etPuopIoa6A6C+BzfUjuZPnssdKTis0TZhVGPw2S6AtlIitgyGgzUas=
06:55:41.8187,I,35380,0001 qWChsYz37Sg8vdOT7R9lh5V5ekAN+kvfmpX3OC6rxH7/LYt6AhCK7GiTMC7ETe5m0A6UDtQ81Nq6eWqMY5KdMaFgTsQmCFs5yfrRnurxIrHLzFTEIiJnzcMcRUZZdushBlPqrzAp0RsrYoX/8EEunxY8PhRutJlJhnO0ebhhx/I=
06:55:41.8470,I,35380,0001 m/vfQ16uCZOPObMfteSISvGPjX/EppA/S2vHAHo701hrgJUFVP9UGOTpN5tWha4MpW8dMYxf08hDtKNjJmGEdv0hpNfAY8JLZA/gfs1xTkoAqtNfyAKTzIP91rOGcEgVq9daN+y1Lr3gqdVz2xSJeNaVDCF32mkJMVyCKhDUrPU=
06:55:41.8470,I,35380,0001 FT0cBAHbPfl8EWWo9zm1H3kzqjcM4t8fCE4nFNlL2ZljisKSGe8T9Hk29UPLbbhNGagm0NAMxHS3e0qFReF+NOwE+VEFa6AV98rMgxmQZ9p0YJdcBZRHPUhfgTUdccMRERxxWkaxDz5aW8h5jZirG7/pzFjR8NNVL+PuNBuVl/A=
06:55:41.8470,I,35380,0001 DmaZz3Yrj1sJ7EzwJ4dOv8TYBVjD7bCbyPY7xCXkQQGoszmnUI2SDL7tSgnsYBostPmtluWIqecC1n1elA9j2n/Qc/lxYP7sHokd8HZNvU9I3pE9c4qlon+x7gPZhHdn6ryndeiQXs8UDxTjZcsfMA2ChSa32MvWa2tUjJiUiuM=
06:55:42.3188,I,35380,0001 lMXWRox1QD7Ifml0iWXLC059N4EH1kPBitvkiuuy2m5yrSWXZBn8zgYWIAfMD3/9qqyFxawePOpSq1sQbETG4xLxteIJvbRnBBWuuVUKUeJJwp9wwJVzQApECd5I3oJlwBshLcI/pajXiksdxfRAOSWgV2DizuMcRmPRmODB9e0=^qQ3qhA/1HElgIOAw40PHoXo1WPiuonQd19A/65Y4qddNHTnRklq8R9kg+UTc7XOcl35UgrExkcedMJyZeP+hhLlwVLKdH+yKCrk34HRt1lFyFjES5XtxjN0ctUc6CgX7F1VLToiF0eP/XZx449X49ETKJ79Id+xqOVtP9Ifc0+0=
06:55:42.3228,I,35380,0001 KPFJstbHlug/HTVBy+xsdrj5h0DI9UXXp8pWqLn5fk5coKnpd2DFXTkKM0q9xYBEGTL9GJe3ZC8tfBiv1uO7KgWAZaqps+9iOKuqr6mo3H98jRj/p+oO4Fv/UFmGr8q9uTvuuFK7GsQdHPy5qQKNsGJ1hXqqf/jKcNYbtC5cWgU=
06:55:42.3228,I,35380,0001 tbq6Nys6R64I15Myx/xHdttsjRpuUPFoFELcoZjXczlLIE1OBXeJTRYYSF3rhLPhmuhBJxfcSVau2O+NDQzrV0EUvMn7jD6w0QJALOjQCIYKRrgq9ZTH1iTDb7RfikM80nDcRWAdzS/WMHA6OL7XEG2A6JkAKeU0Psxn4EdLgJI=
06:55:42.3238,I,35380,0001 UpJZe4RWe5Oo/AyeSMiH9dDNyV56AcEA3LFeL6EH/BDWmniw9VIu1mVyndo4yy2KpTZpv53Yuz7D3gYkAyq+d1cDnXkmvKZb6Ty1IY1xd4w4CpptqbB55/oZd5IeNM9dc04kcNokpcMztGO86ImntMxDX6XvUFL6lSGTET+Wdeg=
06:55:42.3238,I,35380,0001 ooF3UjN5o29BpT1ptsl0pKfIoYVmCrC8VzCj75WKazmF0+pwH3hVfza7yjE8lIVp5muAcgs4y7qc/GqCNGawLrSb8F6a8fzjhB6yg3Sm81KS/tq4baxns9CLrnwsFx6LzxmWArkvw9LquZ6Fohg+65xaVeLYo3Jz0vHWseLnKsM=^S385+0gTftvBjlgYUXd6wEoq/X8J15cOwK3ylCf68QRrYt7HVwR3IuysNxzmJkVUM2y1B5eQmKFUuQbJlRFJuA/SE6+0DNUEtxBOnbXu17b8QX59fiz4vXa6CfUkClNUS+lVEeEA7823Vgeg1AeB6t/11kYCVGcpegK0gomreeE=
06:55:42.3238,I,35380,0001 05GCQB78ski+V913ZSnn2k2wvR+C+zbRrS501OPAr1YsEcwWAXKa5B6qLOg2pXT8d8kckKBTmf+9z59BYw5J4oNp4lyOxQBCmnIeG4nqbmtm2WyaL53MO1BqR647rWMcN1fNRQYfCEkSfD02hlkYwKsL5WIS9AwkcRtjALAvqvA=^L3s9VuGCsqGTEGT/MU148MeJ+yjX56sRK0xpmhylS+1EhacrHXi25T27ILgrPBsSoR+aRictjRleocPaxIeQrXucMPlMMT4YXIBot3mQSnpnHa6fS7z431UaTO6wzgcDXzbK/drtcDs86EdqyWB86W+BzxraMD43kaIOvTar0j4=
06:55:42.3238,I,35380,0001 lS8YEOW8dVLUssdpZh0c5TJeEgFEIkXqMyxsQMvErGwTRy7r8gPv4uNxRNhG43BQa39HLpFviwFtDNBo+8fnyMDVOW2NGvedsPId9gBmg3ztyo4kWUQg9qzU50b2Bf106NhQOO7OYBhy/IF8mgdDy7jf+SDLUminTgVGeeLlFLs=
06:55:42.3238,I,35380,0001 SprMXhBTrftcs87htWYAQ+I70LuRW99Ru6eUJtMMirFM1bCcYv4hvCEPSl+Mi36vV25pyM/HFTmGwMqKP8ykQ89DreBCGtYVWX6jEWlaiEr4qelM1YxnfBXb1Itf02urjbyDXFd1vvvUjANSTvh/YwSA2Y4FJz6oubU7qJ0wUi0=
06:55:42.3309,I,35380,0001 Yn4IMNodpzspviRS5yoxuIjdEklXEqA5VUmO95AKnBfw4zKIYxITqDfQpf5mqANG4aZgSH7ytbFkvOwOIkJVKoTkS08jtlv/CQN6vDsSEYwYgHLkyvHcR9AGr+i6MQSQTmsDvk9pQRT/6yNSTtjQI2oXKegvnv+o8dcV2S7ey6k=
06:55:42.3309,I,35380,0001 b0rHLzWPfgXnrglkQ+9qLmNlWHLiVO3rEWmvp41ifcd2arR9YR3IHygqu/ZcSrrCzRyYBiRWO4OqusOI31u+kEK/YyfETo3Qsu3tVADrDrKHN1gbfHjLe+uqQLyn+c05GtPsyNcG8ZVwkrmlPhY9rfrcYYnDhTOKnVFVyXrPsIs=
06:55:42.3309,I,35380,0001 zVHngLXP9xb/zU6FKRPRPBQxl3mnTefsTy5ISOMANTS0csfL/eWWWG+ZrykGjZ/h6nD5+UctElqTcBzqHIaDr4+AyHgs8LsP712M5ce4674h1GuTthDsKYAmWZNBNY1r/uLPjZ+WRkHakuZU29Iqurl3N74lWqKVj2rv2+mBhr0=^g67cEWyKxZbDIiRodN6s6SqiEKiQ46YiEAM2e8f3pFNYAnxE/Uk1rFRrNkcUHmfH5Cv33WOUpQi47tvi3pZ811ueAA3j4mV4Ia6NFk8fmFTLY++WF6t448eFNIIWAkwB415SNkdPoEr2ha9P0ViBExkWvT0s8BiXWOzN/9m13xM=
06:55:42.3369,I,35380,0001 Wogm95TuHlzc3CtYviWYuFw0w1A9ALmuEo1eGZBdZ/DnLUtlaY+7yr2Ve8U8o8eFJwszRRZMox15bm0rYR+sQBo/xR1fh735bKq+Pn8R23Lw7ZvJNKxmzIggSma2LRD6z3EMQBR3UD5C18pMN8oj24z3RVJefp2V5p1tHgvSUXM=
06:55:42.3369,I,35380,0001 VozM8IMf9PwRdSSfWAp0dVmlUflJxQhn+PI6ubf7hZbuk5tNghM31B8pJII/1KN0io/huqnydNfKhOPdc8naWYF16//jSoCVr3xSKCruu2OBYujv7H8tXtGoWSUc/FY99Tl6tzUitPD6xQPpSNnPPwSRNu7Su6+jAbuDq84YcEo=
07:38:43.1628,I,35380,0001 GXjoURYCFlRAMMNCmKvSywEKkOajFZuQUqmSGWMHydV3tbyi//WwyGLkqWB3uSFKXDIjBKKTrrEPcBQUkfdRjmNM7cZXK1pyCYFMXBmMVBv8UGI0ervtk8Aan6lz5UvyD5P6k0nM7oUh3U9vwkwDKIO0B2A1uI1GsIiiXicPp2Q=
07:38:43.1628,I,35380,0001 U3TolNB6LR8aJbR0S5zs3Dm4OP5ilofpv8T7WhA5Y/Yhn1slnR3EbTFFy+cLqbwRsZifr6r6OHRfw9xoB/eHj6CqaxY4F9C0ap+EKx2IHVJbt4MhSn8IP3/DO6Bhq3E7KqlooBLsB6a3Ai3BMsLTp0tyazceezNCA+A1QucvAhE=^P0d55SBp/5B84nBfhCu6tSWNjkEZkOPkAEZMlcAIK+CTXdwPuxq0TIqdMueYAflAd41EQvVeZPwNFkXopl+kJaaLf9dbHqu3EUMZMDTDVI065fh2xTEBNIzOhlC6pgZHjpbAVqQSZiF7r2ONyU69GBFaaMDhbGL8ZoKxDU+yVr0=
07:38:43.1628,I,35380,0001 NgSeNsi5fXfoQx2k0ZWWOIwgWP419eI7gRpCgTZ0kIZgrwz8hl5kYR58Rt0WPzMYkjilIOJuZUkSJ0aTTHH7sNl4PGdePhi+WbF6uvKbWh8zr4cREWRy7iQA9htX+4lKnSRheHHQqbICUu5zGPqO4ysBNIfKV3NlJId0PRK6EoY=^PA5dQncXpj0hy5GZupPAg0e+xjyLMrYx1JEPbPO+8vDmJ7yFnRQQkqxYxUbshnWncRRNlRElYkWjxlfRr/Jv6QVwI/Mz6vH8r6SNvULJvQ9paXVbrZz8eItgeETLbG8k9zUSp5LdVPJ0PWFJBAfjFzvZcy1P0NXOajb55p50ees=
07:38:43.1628,I,35380,0001 LKVh9sLHd7hh5fXe49IRIqNDOUTNS1YcVzzE17UlIzGZodIprAt67vwCEXHPz269zs7ihlA3tgnMShdkv5umLI3/L7VPOCyXOAedbKmTPXpPTVyiM6sxyctwhOII8vd6AUG1f0k9UnijTMHMuj/LLVAxU3yS0TqUni+RhW3x3pg=
07:38:43.1628,I,35380,0001 pU+XeirJ5NeqMwiR7XgaE5xy8el+50bfx7ftPZdnCJmmwmkTNFEp9BNxTskrKIL52Wr+nNz7++1IjM2ZhJ5A449SqSbFtIUFsBBHviiju5bPUJgNcwFVoiBpkLINhXFGzOYOpxtBZMveiU2YMM92ayzIArD8NdZN7tcwYM2tcjg=
07:38:43.1717,I,35380,0001 kjAvZVxZSQwsePz/sX89JK7ZdGURWOHN6RnF5fxFXqfcpuM8Dkn1Dxrq5x243uZotHxILTxXtrYKoHodZvCPT+8P3ZnpYJ9kf/+wjxYWJNMd2tcnNuE3bFdO0SUdERajHZL9lf2JaJzonAZ1lzGtcAT4iU9LstD5tI1pGthIU+E=
07:38:43.1717,I,35380,0001 z89Hkp+Eob0gk9znGBo2nuEDxntHer2vlDwHQOXmyKY29IK50Kp8rLftP/KrDTBk30UGav7oNIkYrmSL/tQnx2utRrVBjrmKzB8PON9qnlolUWQ0KYRA9JGmxOr+mHADibmPiMmq/xjjawDaLvoQL/a2XSIQoJAoC1GQEcB3pIU=
07:38:43.1717,I,35380,0001 Av3ZQ0yq54QhP4Gnn7NUkB8osROuXI1kndAyTOcwfcivXVTynlvDa0Y+znQ12zEyezyYz+pbdCSzeBLXGc0bZNC5emOUgPezfWS0Dbc/kc+hmtt6OYROvAPojK75GPPh8r2FS0SWf8JdnyV34uCilq27CCn/nm/63BlzZg/fbkE=
07:38:43.5700,I,35380,0001 zG75mXxD4szNhNAhJjQiFPdsofs/dUSBXZwPExo06RWrUNSxIjSoGPYEz0jQLTXlW8Tubf/vCMyZOeIycbvog5PqLSVuoRu9tY/RUggQp0oxq1xpd4S18lHlpKO1DjxrUaTpu6ZnrxZbuXf59wZ1ztQ1lkhSwxixsmzxptlyZto=^OdEMVc1oe4RnMgf6yoih2IVTMJ25Dm8vC2mHZvBInPuPyHIEaq4wxvQg0n1lyS5eMB3CRieelECp9dv2I6rD4TCpDjICZX7BH1p04wP/uioFaxodWDw+MWoKK+Xdsvkbnk35PaXjfsheNT0LGFB1/o0qlAcmyDBxvJCt+tKD3sE=
07:38:43.5741,I,35380,0001 Rhbrc2U/f/WXcRIldYqKD3PmN1xhe/NVcdJIaaX25T59Ewd3Ju57ASfk6F/4MoOge99s6gHmmGVLy9NpFZBbIOendWwHFWgNzTWkY8sn6uR56+6LqssoF5Cmbdw5cpsAuHUWpFneqAM6ZtSn/lnahwUJ2+WdBTgpI3TKgiX/59g=
07:38:43.5741,I,35380,0001 fBMAtd1tCfD0sxG+Zhv7adXTvf/zJiipbjnnHumoeUb+FDx2glaf92OjXp/QxyArLw33vdsTke5htPsS7YGAKvg9AEbx90o4YrsJftHyym9aENgHXg1y+4D6Ugx+yRBzdej7eEzGovdPYb9O+7kaMhW5amzqnM0uB/6aisxeeI4=
07:38:43.5741,I,35380,0001 cSXoGpXsTThoz23b0T+iF0pf7d60/DMMjSuqqx8v+P7YkPDISNEn7mybdgocFabaAPwFIrbf8IeFiY0JgDLabXbhxJ7VqIkhnuWTFN8yABk+Q9vK7g8c4fUyk7XQkap4skKYq+/T1lcP+H8NxI9fiXsp7R26UbIxdvZiHRkNSLY=
07:38:43.5741,I,35380,0001 v2REqTWze1ivQadQ0knciGKLcfwlxUtnLxGLFmBZq8g3Q8NgPI221HYWm/uvwDml0codr+YPMFMeNReCmZHzv1x+fpoC3aAHWLm5TrlDsU+VccL+/eDH4yuqbuxBbV/eRWySVXW9axyTT/3j2gMxtSWZcaUGTfUEGB1cIe1LebE=^NJtvCJvAVUggkvFyhc7ORelIIueUvI5WnM8O9nOK2wB040xytUfGE8ORxUJwzOcVbGCo09ZecGJ7BNg1P6/TAFQ6LmjjDwcTqyWtm2G9zFUxIB5RpHG69CPl6uIkMR6BfH4KZqiD0qysB4lteXjOqpBBCyMX/x+0fKIEx85iAg8=
07:38:43.5741,I,35380,0001 a980HYsCfmKyG/zlrKjW9Go9xlwZwDHqg6Ya4BwbCG/WOECfzSbZxa4F/xZGWzHHTGq8MZ0kRTbBS1wi1UDn/GtMvbY43E4AcqVR8/tHQPauzYLWPja9Vm7/tnAoNhIv+EH88juGBPSjXPfib6Se48/77ydr6JVMqEjX7nmCCi0=^dPO8sStsIHKswL6I26MBESSsShZLjHXTuXHee66yN9JG7eNbsUVwAOcMNdvkNtXVbVUbB8JW+Bvwo8He1lum5rw2knhV/d9e6c/xxFUImpZkpGPt1Mn6yKXG0rzi3cUHmwJ4kneA+H9fws9KzqELqZRilM4QU5v7LudTsGpmQsU=
07:38:43.5741,I,35380,0001 jYta6ulFH3dKB3kSNbuviRVsOzqH+Y7e/2qOn75v94vuKfCRPASzYVGE8vKnJfbzXkE0/ue8Y8qxicDuES13M0NYNsVl6ImAGEze2ijMraBdLTKdrVublqB/00X5CMA5rQVZhgUbZbVTAci5fc3NNfjp5IGzOrQFfDBPahb+H3g=
07:38:43.5751,I,35380,0001 XTNn7dnbiRQbID66TWCMgiGvx9/3PwVAtayDASodaWsfg1uf7x9sx3Av+NZdVEydFcBQULuASERByr3h8WYEShBnnq2CZfB9qOJ/npMnTgFD+xZU0kl9MsUEJSv+PyFLeMSVzzTjU0lq7R61IZ909XEBjLouYdeKKX+pPqCkgWs=
07:38:43.5891,I,35380,0001 EkR7Mtrl+qraqgV3wTz1lDyIRw0ggeTBu/vV1mUnMHXGWE6MEK3c2vc96aPO+YhQLuEhJv2GXpMcFNjja49XpoA+TanX8RQYATdY4LgwDNl3FttCIQvSDSB8dyp+3glbHO5tohRMrnwgHnmd4YVvrh+osmpZKhDQfTYMf1R3lwA=
07:38:43.5891,I,35380,0001 P40kDAsKjRHB1NWYYo3Gzjmk3IZ8OElf/ZrE+MkfVxwnch4qI3NWwvA1IAZmUFQfc8bt7bIXqPymvgP9+idgiv8MlR7iLfznqwG5iiHDQ5bjtTeKyg6OcZ09xoA6TnSf1ay/ZCbmQcQyw97+Xsli/q0vMWMD305aF5Ymmq9Q2M4=
07:38:43.5900,I,35380,0001 UsMbEz66CyONX9QFjrkYSJ83lC8xkfI01D46Fia9HbXFg0FkKOw7XkzfMD8QfVcGIcCpUmtIk4ytGGYOnPfffhI5Qq1y3h/02d2dyxL8OqBVHXqTwggEYfT+a4/AlsMVWbZuno8DGT6YoyQtEk1L2vAsQiQfKQbf0e438kGzBLo=^uHHvymCYVpbK/Lu+EQY9KbADDcFf5pzFTgoPjzdpKbX27IJKlyG6+hBIqpO7y3/XHVIfDMWhKZAmW9/QGspnFRgHoFRc4v/6wSJUiGfzN8BOe7RHYE/WtikuT8DOz3tvGM1beOAM/gEg/aId5/zUD3tjvmpoHL/KmnVsN+uiqL8=
07:38:43.5941,I,35380,0001 nq8NMkxn2hBUD1tvMZ8Ofksv9lRm0cAH244GRu+hzA5U2DTgdP6iH5zo6vjRja+FsPDIz0+q5MeYu9qEpW/RyX3XQT5WItFP4Zu9ffKKjI8lrLs/cN03jSYwChtFzkzfr4w/ebbitmMEFV49sryo8dZkpDIVdCAnQEyzh1gVST8=
07:38:43.5941,I,35380,0001 CFbyd+qn8KX1XPS1pb9lqlT8D8+I2LCi4KB//+of7hAWrbXILV8RXpM3vdETSw62DWJChbdDMzaUodIhPAjcHcMNn/s3PEQBrl21yGjB2mETXIP8F3Ifmh3gyhcwWGH0SFiFiJCQTM2tfDJ7xMNzXcFZ4CtOGI8xbcxJ+073PAU=
07:52:43.7906,I,35380,0001 fBg//wBB51eqzEpA8a+3okz7yuFfhNpHQd31P2/3wss2aru98Nc49SpxFqIjn8NQ8qITHxwfNwR5kYYVosHG5y+sOikNVqogwUKpgwF4I9nNbNzyuVgDLJiwRcSTanGKKCjyJVblF8S5l7sc4Zn+NwMoiAsCcinPvWqYFt565m8=
07:52:43.7906,I,35380,0001 r6vWMq68VJQdSz8sNKwbIR2uVVSnYui2vIatQ/TYVhE5CznEsD0p3S4pdfXelGlFoc1V8C5iK70tAD7gk9fZjIWwiEGnfBu3QQLK9GgLmlMQ8n+YMib4iInhNhc/zST7eLCBZhd5oesTZKtmnccy326xsg0VF0/MsCMoe5FrLYc=^mYasX7380fpQSqdq38Loru6s4dHSnbjZ4zjaorr2gpkdy1e0n59yvhO5BiHq86S5MfSch7dh9XhcE3GMwsRFURU3Q/1Jvu+QjFbw76/GglKpG0tn1lNOGxrBkVdpgj0VWMyCt1InaEWiagOplmMHQ9zuwwAYZHHIluaF2N6FljU=
07:52:43.7906,I,35380,0001 ZrfjXwK5i/coeM0iaIDFdod1xpAqrzbe+0CJ27dttuIMUOUTZiSGy+BE0oDKJNQfsOsU90KIOm6tmAbc2sr4wgOdVolSbfm7lZN2T4slxGsYXSIY69iafwlPnOivepuieatQm5PdAbHUhcfHYpQIfRKgSP1Jmvdew/fyBjRJPJo=^NZpxb6FT9MI15Ix5GbwwwoCTxZoFlgMnLnljx6vBnA4r+z/RHwd7EiIinAOY4S3Lye7ZpnRSYKO+2YBpJjb+TMAdamIPFXsx0746NQ8R351u9zvoiy9LSdEoSa01LGmvzniJcKEJMaVw7pBJagJEAOD9QqSl5WQ8gTnH8kDBuAc=
07:52:43.7906,I,35380,0001 JXEyDa5qj8XsZELr0raZYYruvIY0A/sWwzvfcFyOC3PAJ1ex/Yp2+thWkqtfKs0mZ9UKYAYwQ6JR3mHZav8TvwD87K7cLSj2yhLY0ybkXbC0/TF7dNtF1KDlTiTZn+D/mpPioCTJfOer1uBX4H5hxnxOBwA/Kir1srqsHZQAzlo=
07:52:43.7906,I,35380,0001 RXXimbqwQGJCzRGS9jLtY7T7TwVcCgkEJ1gK+x1d/0g0wCxU9JK4i6frmUyBKLQa1TJUNfQzY5W6Pt/XpIVR7NIPuzTjyyY8U7NJYPhtBCx5ghYoEZfvyiqA7whcgKgpEYpRyzbAkk+MVdUVhGeehUEVfeF9UXjahOR1gUUPuu0=
07:52:43.7970,I,35380,0001 ruVX0HZpAmvetxR1vPsYpf0vH9xDSYDTANEbqBKnCuumcFHDUES3L8PCGQmZrDk197VC49Q2nzFtMWSAfBVLD1QRHoOtY2eTNszg224lQtTRGAebl0nWwyjPHNKFKenLa74+c7F5xcLTEj7U02kH3h+rTHJvjMqHe5oUCUCuaas=
07:52:43.7970,I,35380,0001 VcupBumjRU+LcPmv0pcnU/Dto43xOzU80WqlstSQVqynEVzRAmPv+G8lO0hpQjC4KuD4UYzf/TvFrMce16JP/yYn3Qg4fnHAKGNU3Ypz1ARNhlHWO83gWjpcvLGr/I9vLwCMhZGKnVfeIGVIUpeMhN5EwcjaW38Wb80XTDmb25Q=
07:52:43.7970,I,35380,0001 PThb4Qz9xJdx2cY6TIA1DFeO10gdEgvi95EHkt3ad9o5I/62Bm0ucRjEms4FB7fuBFMc33vzwx0tLj6IF2bqTaxoP/foD1+XtGyNDsqvjn221NXUe+RcM3q16TMi88/6zmBz9nith/ow2LbzNuNMQnvfRAqp9zBze2WlLS23XaQ=
07:52:44.1298,I,35380,0001 XVR3e9qKRKncSuarvTQWneKu+n7Foccr7HP4FvcvrYRoMiTdEutvgNLOQ6EDuvbheLA/jAlKhram4GXFvcgPx/YpJWBX0ulYsXuYjPzs/jpPPhVTvBi7Wh4pg13LG0Dr5ZnuOvl0+6aJYISJWO67mXzwz1Z0PSfXt6gwoIsN4AM=^IUqW9ECv12+x7P7PYSRXsFYm7whYd5yOzBXgtarhgmn3Ds72rFpr5pdjGEe7llT2j2BCOrb9fw4HqENrus7SXjueKyjNe0J4sDtGQekfr7Z/UX06kx+qHrw3VOU87TxkY+8oi3UqFjsDEn0AD557solKGWSH3jDyJs9+I/8JfYM=
07:52:44.1347,I,35380,0001 CzC9koCR6MI4olB1sWZYxZBpnUiijTwJIidTIf6W4eYRzKf0Gt6KAckErLu3pCwL2moxnHrbnZDfyoM1qpmBD/AymbY8pkBl2o22GaKJ6Qu+tP+bQQxHOeVVYOb+NMS1HBggISWxmZoZYCQEDvgInWG5nDKKzgqfDTYrxOX2bCU=
07:52:44.1347,I,35380,0001 zJlyNqRo8uq1g+vdZzB8uxOwIUncYZUsXi4YKpDFlD9jn9PYaDW8xfNjpN72za30wgdQz+GX9wQBf4TuTU1O+YsH1QSwsKnBcWKmbHDRzn6u8ZqDtm8re/HD2t7CABUbeeucS0PLuAvYyr3omPCJN25NclLSMnblDosKHkLcq4Q=
07:52:44.1347,I,35380,0001 gvCaeDQkYVdKu28xUvkmb/i3SCtP6sXB/OJrdMev3tYzq9UUGlDs9M1+XsN3FK/P+qjcUkUhIKSjCElh7maSjsWBOgym8M6PN0SpCxkgnMDUTxSy1ukKZJCo9FILQ8E8juYzCL+s3AnkjjlaQ1xYQS2+GILqPX9+Rk5GDJRG10s=
07:52:44.1357,I,35380,0001 SKNEATK35Jwfr45YGkxEWkHbzCELU6nDmid3gHVMwvxGcVkIdbF5Ez3e/CwYe26XJW6t65X3CGPrJVwu+ZS01zB8i5qqcIpRucrlul4EJFyRplKdE38iHFVe6/wxYJUOXACnVtIIfxGrCppi7EwenuX8CN8t401fDVCehfXnijQ=^d6VVZ0f1n8BiKJqLIZeqd4V8e4BMWWhqA7j+OWJQ4MDFn9mOAkPbHfNSHWuzXubLEA5ny3nYMJpdUyx8qJoQyvHHRFBMHVuZRfUF3UT367+l3HVLYnrVotZW7NgomRidp4DQV+4Hm2o6Gy4WdSA7odVd++c0jw30Z31hipdN2ss=
07:52:44.1357,I,35380,0001 QJXe6x9ikpM6dqvn8cGc+5fFRZ/Kyf8ILVwPfuxBIBWPlB7m/zE5M3m4TiLvn5kqqqJBpvq/qvG9VQ9d/qz2OtPZt5eKh05taNVYw9kSjZa4kZz2w8dZLUL3FonzCpfCuA44b+GoQKDo1Sd0fz47joGRwiUeGzSHyrzPvygQFYo=^qksCANav0EqCpBfM5Vub7fM5DKMFkWaZF7U402/xqJSq1DvRF7ug/H43nulH+zax4O5rUFkuKyax7ml8gwmECdLcakEJe66telhRGmcptDhbSSj7Pu99Og57zWQG5nOnKOCSZnuYyWa4bbU2qB6cqg5DyvdLQW9rHByvl7t5fKs=
07:52:44.1357,I,35380,0001 xtBcpqPH+A9PvnUqwhMqrggVemRNPUih6XgVwkaHJmN5ND+RZBGQGHmhOgQFU2N44TfJjbRXQy3GfM53qFjt3IhWlHbohKC033DdAFFrxEuuEDZ2bq14MsPtyrZvPH8R3cHU+PoAGw/H/Byo79/9nw7WiJCmMjjyEeokKfc/fR0=
07:52:44.1357,I,35380,0001 RCMDvDGsO5/ZZY2ovyitZAYKa5+cB1W+I0UI//XPa5k2gxWnCnvC/0nE4MW/6p3fagsYg3h7vsGZCVDM/8bFfDDEIs/3U/13cstBvB6dhLHhBKoXWegWcbfMbOQkJFkmQYJjff85DjZpBV+bRnPVGEeoEQIJec2AkUxYjlf2JUo=
07:52:44.1408,I,35380,0001 X7zKKzb0VYy2qVoIUUDk+IGCTdU/flIkuSMaTDF/+9Nw9sMKtJ0k+TD2sWSqwbFfSI2iLESBQpCb4O6bAVeEqGrTuynTMWXT/rTS57uguILOqwEOelx9R3RXmMvJUdxJHtUhmf09eFoe1Dn4YI8fhzIhYzOAavzt4Dun2S+jPk0=
07:52:44.1408,I,35380,0001 BqBWib4znBUOdcpRgczUPgFlPgZz0GrM6PKUQXxyANlhBfxTUdUByNA+e+lZG1jvaXWEp7HZS8z/4/tMRkcJl1qwaM4fOoSAetajINzyvFaGM26H6ifMka8xNfoVefAegFPSDsq2nRVyETrMhbT+0b1+bq/uAoawyVchb6wonX4=
07:52:44.1408,I,35380,0001 dzM9qdrnz5Ihm52Ud2K79IuwNptU2QVoOGIWIG0pEelWt91+b/rDENPxt+0sfrm44Pnb8Y5j3ZUDpdQrRznTuky+uFXlJNHRcgvqapbJxJStJw/vMVWLgnfOD1KqRsn1HUMZjXPwtSPKwnUWnh4MHJCTHtc+Ncvlvz3esYVrLC4=^yv6SCnII7mOFI//p0GNOLuNbwrPA3b1ysivmQvGMncyptz24VKid5SNdLxZhdPJ7j+Ct67LJ9RiFW03t3BpHKFHCJkpV5PCkIsWWXcP27v6luj2UfwB3aQSpcEgTYcbvO8M+/M0QOOdQTCUmAg6NtTRBoX2nvx/mRmWZi1h1OYI=
07:52:44.1438,I,35380,0001 Ow6Q1+NInr6O3PgRXUq2Ue7QiDSDaoPqcKsrD+3vzrWb755Bew/sjXa/oINQOLJe3D2vxXN8Ft+s8ZDMKvb7OqzF9Pz00NOmYtOTqUDfSWcNtmphTAeDdi0Cu5LwakFpN/ryw9Qb81QbQdNmkXrgsDldcyeaUnBVUBddAtbjEg0=
07:52:44.1438,I,35380,0001 o4tm7J9K3xVH6DnTTC4RWDBcdtWstZr7xEANUuff5vHpSNEmRCV2Mm0Myaeg9ZAm2aIGvlRV3odXmLk5PeveC/6WWCFgQDEswlU2rqKOWTjuGb7/U71mxwRmkqyqeJlmtfr6X0uZLUoYXR2WXD1eY8LzZQxt6jFjs+UZKb3YeBg=
08:10:45.4909,I,35380,0001 iQlcinZPALrtJzl8JJmS5D4VGdat8KAeWER/IFhlOwihaHd38h3+WIKa8Qx1nGZYX/NBQK4xZz7h1n6lAlt/LWDC5BdRnQTf+wsBsayHdgi10mn7ANyI+K/l4HbEH0wKFCj+hC7Mbl6esOhq/uwSi4+ocIjQ6w/PUdj6DkLrsak=
08:10:45.4919,I,35380,0001 zRkVNsLogZnYnOQGdqI7+dPMef+h7iISTf9KiC4f6g3redLLEBopJAZAyJZU+wCV5hW6Jb8hojv/kNpPAmIqvjm8HiKXN28oG7l4OOHd5tlCjCDkrtT9u+JNOqEEyIHgQPii6tSqwDtZiHPj0KNqYNVNiI8XTLjwRMsQALwHdJc=^iitjJNNSXTx3mHxBooSbvulYJA7MqipnPas1MnaYXA44jmho9MxKuS2slKXt8uMGCielB9qcXl/J84d1NTe0omQVwcrbw2gafeuVX1Iz6HvGMde1UCWwvBYEJB8oWd007GcH3UD1ciCC4cmZKf+TYg/2vIIGsIhjJ0qukJ6aaUg=
08:10:45.4919,I,35380,0001 f2HZjFSeW2iE7vXgeK1CtubvzR3LBPDoFWv3liA2R3jBncQLPsRBPLhzFhSSDqnLS1oZp4+lA7Qoh28ekks1N13iwSKB0SB8r4w0nwb0VbOHLz1yMkTQODbbIVaqO00eZr/EhGc6QE4ma0NkYznelcALMM0t2byeCKF7VHTGcAw=^Qd22qbe0i7SsrwYS3hMSJfld+0HWxQeFQH0AWfQeSPBWjiEQGy6njqSpy1EhvIkL/lwsdQP3utS2HnAE/5KL3ki0HJ3QsQnzshPBDy4k9VD8OkvajAg++NkHSBSfvn5trMvsOuGZOdWHBqoYq7fHj6Ux9AQLNaEC5rW2sWJZLnQ=
08:10:45.4919,I,35380,0001 edgcKDeYApnLh7+OMMP9aGFu/ltgJ5GV+kRIZQJVUwd23vAlMaNl55ll1kwkCTQMRLR9OfxHhLe08NqY2fYOXlfGQsfklA0tPHYB3bpnzqmTMH4jVKWTlFmwlaHX+cYKfp6s8O2MSuf4EOlF8ze8soQNc8nZQovEJGzir8bf8rM=
08:10:45.4919,I,35380,0001 FEAa97HuAQNrnVZTrFpXnwoA4IB4f2pXzjKUPvEKQNxcozqL3fqPl5Wd4KZa3WGEB8LQyPlrQQdydVSu6d4akPo8DOdmUsle9pAFk6SECJsGOlvf50/8t4EXhudvoc83T0E+WDE/0VBWdhOxXER+3bsyKmkbnWEByuzUc7DFOfg=
08:10:45.5001,I,35380,0001 emWBf9qcvWsvHhyl876gVr+Xx5S3XOxe8WYtaZFiahRC9Ja1WWZ6w+P8/Hfi3PqRiaaV8Zb2zZ63denft0x0aDSOidTMV7el8xbmDgFZAUKaQgybL1WEfz+cvlnW6Cs9W1KTjZw7Q4N0SRLRK1TCAIzHDnyDTP3oRZP577Ep7d4=
08:10:45.5001,I,35380,0001 RdsIDdfJI6MNvswB/l9nPZB97upiJDD8xskQG4+immCU2pfXXM8CH6T89SMhpey6rzIx2RX2WCTSSC/t8PRQGeLCknGlOYgkPjqL+hHJclqAeERlEd/7Fp4i+yBQ7SxqyUFHivA2+YFHfdmyiuVcGo0BKEcmZV5zfnBbtSROUko=
08:10:45.5001,I,35380,0001 vLKEIS81tz+utsiBf00AZkS8Nn2fr3tD7sEJ7iIrx5ZUmxwh8EY+VhMA+jGXhRNpPLVhDLnDTlqrmmh7LAPng99Xdnsp8mGSv7aFDHqI0b5EzXUd7bNbyRKfbOkYAAZp9v3x0H8Uizj/g0dShLLbrwFvaNyv2+bj6As16d88T3o=
08:10:45.8974,I,35380,0001 v+ixnmnutpyDwoyqfPTV/bB4pYnCOTKGrhVrtb7pioF2nLq9SLGcD5SB2+k1pyG5qWQaKU9lfWD/kfwAl7I5cX0DS24E3qNalcS+0L2qhhdpB7/mD9EIKj3aLF5U9ilM0ExbLAQuQHPEq6BxFexIZWjAJkpdFiAfUh7OXm1rbwA=^WHq2aen7bl/lnKPVT7Lf+MQkwalvaj723d8v/f2Asr890gEB6quVS8qWXOAMgeD5dCOtEIVmhxaKkCTLEGOwY7w+JpP4KFjWRLbjevV4iAEDxSzTfCPNvwMzjX0LimxZRpaEZUMWTmfaWazNIOoh2DuqJiqsf5UW6O5TH337WjY=
08:10:45.9024,I,35380,0001 zg8Nc10vrr06aNfCdxuGzISDJgq+IJxOevuXsPJGcGA/6qg9lCTYtIHMdj4qGm6ZQYoTx2kE/I2Yz/VFwnXvHF2x8aGMmn0hf2H/ZaB8S9xkU7pXQ3BpE2SN7o7SAangmR6LB+X2tbng0NoAyWh9MwWkWqym25M3P68vIJbqC7g=
08:10:45.9024,I,35380,0001 f/hmaeWeSCVYl6Vq7Lw0Pw2Vn/znzoUWMuZOdmbsUkNwsSIGagDPluRTfCwWbm5RRbUXusJlI1UCyIZLLUhh32UkddELDthKvJM6r+QeY2zBl5HjXKJTYcWSIQs1IHpGcMsZli7tvMb+sNTSEKZMYSRP7nu/K05PLTlg/Q+toOQ=
08:10:45.9024,I,35380,0001 1APW8ABOT/Cf9YrgCUnT3e+qPoBGNPNLIF/88LfTwWzO8j1lE7bRynBlQhgWmnbufF7NdNgEbv8nD8/Prvu9OwXdPcw7pc7ECsOBIumhwRJ4PFaJQkzL/30zzgtVrLL13PnBkxCMMDHS+niUZDdEtJzAczPvSiOoX+2nCaV/C+4=
08:10:45.9024,I,35380,0001 AUr9SoJHduMgZ5awhKZw0DPqvH9mxHn6IFYeuScmVY+ZycGpi5OvAZSVGv7VbREqrK/hlvWnkMDb5vk+m32/OA+yCXqmkxHeuBEilvW6WCGX6xbAWk+6eIJEVugc98pZRSIxhkmerToIqdZDSms9XtugUX7YefTuM9g8DTBXYkE=^ZLwjinPy5FCG5k8ISCX9xx60yANxrpF/QsBrxDftkzFAYoMhmHT2TKuvup90EgFhSWylSxbqBZv4EajXcZi8dk0NZzZK+PDj5bBX9N9ZR3mbsmTne1PrOcKvZvH5XqxHQA5D7Z2mMrD5JAruZhfcPK0q5ZmMHOBD+IhFzis+i1s=
08:10:45.9024,I,35380,0001 vFArVnyaVJD1XMV5tDHtW7pTjUSi92bGFjuqnlDX0iaSyhhB4wI88aWUtXL9Sd6/REQ3WRKRYmB7IXfUasJNdVKJylbhXAyVedGE8CyKctM7+jPX6evvcqhidUufXlSrEIT04V7PkoZ/CLcUeKTZPk2Kkuup5/E6G/8LVT2bb/k=^YJAUfSii7vs/D9XHR7cMZdVdcGyqLaYwsUl2QpIH1iWIPHZvyURdFY0UI6nuIuoboHcwCI6XFp563QrYCPPpaClkphi9BuHydr6r9H+22RpQACaR6yUblxmqhHa02q5jdQQp6vN9/F37tWXmn0pqUaPYHqsMIpzikGmn+dNnXqg=
08:10:45.9024,I,35380,0001 n/ccgDOrnRi94ezOwScUIhkGU9FiTYGmBKKE6fkooF7yHwVTFJ0Z4RMZfvJalufkmw60idY/BQpKLBU5CgHF9Z3BsvjtoZJUuki/5K+hM0HuvKj7oWkt589mJaZLpkCRb9Ma8OqhNa5Wc1Ze5XJb7/J0D7rMP7rjJ2bWWyqZaRI=
08:10:45.9024,I,35380,0001 XFDsjaqPmSl/CUd8VZ8gAal+eFIpwkV79uDveKj7NQXeepVr0QiybENwv6vRLmN4kVzfGZd44Bv4biO8Yza1hFjWI5shApJZYwk3jiG2/w5fFaDaeJt0Pi5U4DI52KKMl5JtwL1txvXgYRRV3S80TaBZK8yqTNVDMMD1+aYN2J4=
08:10:45.9084,I,35380,0001 UWxwKe6HU46R89Kc8zUIaqkpTia9MpIBpLEZBefS5mNhHHpTgudPjqN3QABGtzpc7tvuDMsNJxo4+DRQ6UazZwD+yohNeb9HomPcm2Mm80pMhK6f7P+U3/lXB6KzmH8lyqCAVX9rXmsCltKP929ckWbEWwCYWCBSALOGmpW3UgE=
08:10:45.9084,I,35380,0001 Cl/jxqbDgCQNiwrySg4E9P/oAaCnP/kdZqfxQu9JjxPyv/XDIYqUADI1qW0doyTA3JCT/osrQCBVqH/DBt5Thl5jpMwQVDMBrJgGM8yz/Uzmafr/sNC89qxPJToDWBFDubt9OkdGIVopERW3S6O5LdtIeARgM0/lnZQnES8Xjek=
08:10:45.9094,I,35380,0001 NmtHO7a1dK3JEjcBapbsEgpgj07W7OajBscEwtbmiIYbf/0ELb6oSok6QubBI+83EIM4dzCK5yFeI7tJsEN1hNPRiaCV5n3CkRUYCjh8ume4aXpI/bnaCKeIvcnsPpFWlGPwacFCOW4JYvHTh++8UpZaPhl7j3HhG9i7Dt7QKkU=^vD4UXj1NIPPMQfHDFDw48/yUYDsPcX8n9RbHiA+KOWabCtVYnWJC4bpyPcJ2oHCvt0tv2or2VC7J/FXE8fO2uiQPpQe0LLRuPQrDBHZk1INX8+R3ObpWJR5MdVVu4rvh1TmFim8+2xY2hOzI3Q/NmQK4sSVBckbKooXcJ5XV9Mo=
08:10:45.9124,I,35380,0001 AwI6PkkZTpu5mlwky5uXyt8ZlHAb/CSkoIDFhXT2A76/PY3bwxv9CeSn4SQuWwXZsT0enYe429iRUQo68CbWvYmZJnxt7ICCa9dH0aDWnjtuzKQI99x8D0+tFRAvbCox38MEdKI0uZ1tXZFysnX/YBDr/ZE1P8ca0f8YA4FWY8A=
08:10:45.9124,I,35380,0001 Z7sTDtWX3jzJCfc7Mq5LMj87bXoNByr6y0VyPvcvMpEihaR7l62nbNF6y2qmXnb1PDYlkaMBbTTRqOUzbQMrMBqB4Fb0qCb7BJxizP8HEFxKx9Io4/Hl9jy2Zx4gOC5FdgmVoLINAGZh/CKsVJI+1LZ9cH+X8Y91+K5dzXVQJz8=
09:00:04.4198,I,35380,0001 Ss5U4HTEUiB71GFLTlmZvz1JQPP5KY0jB7QnSkm7vkh8+FRWwItftlVDeRQh3gwMrWzgoLPtKYA9ISMQDYFO63h3Me2slPHiTBrd6uhBijOngAt6J9uk72y30wx/KFfLK9d6ONO9iUuC2RlmXSpQlTQ0l1ORecQd4wS8EqhgKpo=^NAsSyTG4L3rHpxe38RGDlSrkkrofLmNQct+Y9tWiqeRsMNhs0kGiMA+ID6aW7Wg5iYHxSo1zmhBAI5aFiBPJplr0WKggnFP+u2QnGi94juQicxwIJeqqqXfHX/iDFk2BLk1paAvYFM6JjvoVbXYOm7sp/YYIKmTu38XmSPSiNfM=
09:00:04.4198,I,35380,0001 Cv4x/BctnGH2Wve/5w1+UXkJJnlefmugUQg7ptUmjPjHvG4wXbY0y1A9FJcwJe9MDZjd2ZUHfnPUkVYiOS6IkFK9Ij1JEjticXLHETlrx5aGrNfMgATkjwC0S61NtxGLK/CVwI/IxBhVljmoeflg3o1gPA9rdkDBG9xy/j2Nhz0=^zmKSZfxWlwDpFPsxpe2yDH/5Z7JFNbXFNKBohI/OeEjiZaF0YJFnGfUDB/YzRTJTjErlENCZHvpDTiZu59Yq/LD6Weaf2Dy0/m6351bXv8kbjlmvqbe25jIWw8MMovr5izRTdhmsb/EK6CD9OGKWUGX/AxPEMDKtry5nWSJMze4=
14:05:37.8724,I,35380,0001 RV1a6QshkgYEnZ+8VMl5bughUdbhycfg7iYAUwI8qfHJmtEsmQUm79Gt1CVGZ7gmyO61zzKDFIUMA7W9xtGEhxUoZSFbjVi8FgiJYZCNkhiwz7SvdBRz3i12qlOEj0tBmzrVBN5fWQs/brWiK3K0MtSiG5Lue2Tbkw04eUoF63U=
14:05:37.8734,I,35380,0001 C8+CiYVdFPd7gmoVT1Z00vSZer3Y8G0CeoCYkneofXWrStA6IJEegkT0ABgn1x9lE5hGxJqpN7IxjQ2oQEvcPKz4EN6Kb0nx7M0ONH4H6ga+4JtCb6tl3USs08jVX877BpKfZidzv3apKjKF/kr7+LrkrJRV8fmLNU5YRAOXRok=^jZamISrEvRhcOZRSmENxzwK/wxP8K9KnEe8/EbYp+w/i7Ruyayu6oYjXCF8okdOT6ayO1cpGL6Akdsg230sKp7lXKp0c8Bgp8Tz0GyRHdbMYk0P8JeDgfI7RBYQt7GrRDsiq0H6ZsauAdIwM1gB40W6qTGoJFnwIGOgc5Fzlq5Y=
14:05:37.8764,I,35380,0001 x+qqPRX5hYJmLC9jrL115Gjx7gt2h+L1hsUVD8pyO1pwINo9yOtKUeh3HElWfjDdOVWkfqZZLdGf4H0RSDwhFaZIL2DWqpsi3Jn5VEWUSKYRycuLNrUpqh5UWxcaWjSCYJwKJJpSMDs4eF7HOvRrMEu6GKwLx8+hlsGgmFAzfwM=^gHsMRCYmN7l+/hgmSKZbhDidRCui6xV7H8SzOF3Q2JSZ6tFl/TZfRmDM7yIqLVP3If/GsMvJCAKSLDYVOmoBLrnbfT6OJ/T5gy1GAMmL97ytw9+kzqLnHSz5S/1pjgqAAfXX7jOYs3r28VUIjrMJ6kn5rhf3dgsLW6Xz+VtpUh4=
14:05:37.8773,I,35380,0001 FtIMNs/aDFKM0FkYOzwORoVHyqBqT2H7KEMq8S0Es2NKuFr85dKzRfzJLMKYFqBH5jOkUWcJzZLtLYJX+Hf1FwEj0lPUBSzb2wnPhaIH1RuUTS5Kqcie/NtJhkuhlmwvKILis8A2sduPuVD/7ELEL+CCId1KY8oCm+mqTtgb9iU=
14:05:37.8773,I,35380,0001 fzz5mNGhDdVpbX0j6Rpq0T/9IKQdXcmsyOmL0gahIC4oJ7wWPpQwAIzqwaWN4foyPH2DDhrMalUz24eIBoYjT2Xs8d1hS7dlAlS5Ybfd/1rmeUc36N7L6FJOegKHcOB9UiTTD0KCksMknrVBDZnBF4cDRTOeJKCYkcb989PAJTM=
14:05:37.9003,I,35380,0001 pzSaAJG8HNmyfeGdr3HGmcGML3Nd2phst07wIkwYmeEBQz5yse5g4wR9UO1SvE+jyDUFyY1mf7TkxwZaJ8/zSQ5GPljr/5xhvff+NI4V4NYIeOCfjLasa5jecMBt1osQ7TxSwHCP7JEsLncULw2qu1yykgvOjG+dmvWzSncR7tk=
14:05:37.9003,I,35380,0001 jOuQTC3nb9do8LDR6mT/tbGRW1DhzqwPd9nbAFO1h4yeTLsJmjBA5SgyR2xzNWFcmKWy3hqF/xkW3GRf9WYT+DYgQf7j6dhzyz0qMpnFEHU+UtNzr3u6Swtc0pL4CKDOq+pgQEBnQmx4elGYFS7HYYR/y4Hz0SBcdGa8EDgYhz8=
14:05:37.9013,I,35380,0001 YH/lUtnf4h/w3uv8B36SpMP9JJ9xF/NyJbvnlzHNKpMgHwPQ8cN0zZPbCIEU7vnOvqXpVFgTuSp/gvsJT5OMMDgRr15y4Nk+1lWAuMsZF2fMIYelK6MM14efKsT1glEdqsjWIVFCn7fxkrG2SLKlf/HC7xH8n9Elp6fuofNYjX0=
14:05:38.6020,I,35380,0001 sbfB2AlQM3bhVesq+71hIkHaeK8EIQubCAcUIMZAqQJC72+dPfGPaAtcJTa634FiKfiZzPVeg2x6Vy9LbAKYU4CWVGkdrL3hwmypEqM54KQTsMf6lJG4/4q+QBN2CUDVIKJCl7NcCJpTHjuOezjSnAEEYJ9jQIImUoVQv5CrfUc=^Z9H3U9/F7knwi2e45EvEbKxahvEaWGc/JPELqj3OQ97Ce/6NenutVlKtyT031sUq3/eDIZ77bRqDT2m9pvFD+sHUm6/c5VRgRH9X6va9xzXDE5IK7dyPfG/2AoSSE61fEyCqn5IVFXzRSYXnmtBffsnJzPdHcZlLUDjtE5Zs/9A=
14:05:38.6080,I,35380,0001 KYZmk0JaKvzABmQqf5a7oNQpY0d123V14Oxx7fKLU13YdrL/F80Z1Ld+5J8jn/WcxJwdM+LS3UWpmPW2A9bZOEzuTCPCY87mwhIlk0dB30aRRzZKbyGEAKTz99/wHnSbvEu6Th2wskCtq/mpsoyCfFciubpDAgEZkE3gABwlQbU=
14:05:38.6080,I,35380,0001 lglX6j5voH2Fv8BQenEHOY1C3DdxcYUCkcIB6q2ZV6dowM2zxVT+P3oXGHd1JamGkRbiYj8kYD1AUw6ByeI7ezanbYW6/NQcHDLUx6aSUF43E1UcWtF13b3wBwVd6h8N53Z4Us2lizF5y9yjdv/6WWQtEsuXq9bBhlIO+o+agzo=
14:05:38.6080,I,35380,0001 GhmTfRKazSHWm/3vyz+tVBfTPxucnXO6gGAo5uLf++eask6SuDDivknS2jDLNXIq1n99K7wFJyUeIp7kxsR5zoitssASrc8fcYRgtl6qo0odo1+e9+JjWzhi9q5Dp3Y4RWRTrMNBm8zOBjPkGDblYFtQzsi14If08Os1C/VD1Dw=
14:05:38.6080,I,35380,0001 gBGSyGCti1C93IxCuovagy5qnWdWEfX7m+pJV9JwAqGhJS91S23QGBraHYFKIgDAPsMdBCTkvAimq9orPwfBKgTkN7NEu/GYU8HI9/MmNISUpLBh5eDM9+uTvmogmWVH1XMGfnhfyJAWfUve42TjbglIfSRfJje0fTxGpeT/V04=^eKhS8nMsF5GQBHQ00iBt0dWxxfTXkj0dcYkNZzddPTRj8BosQEGYYtnK4QB6F1kBJF5dHk22yNgVEPkLUP91ABqXvCKjOm0mMK50q6Mq6z1YAPfqdCM6DJI9PSOup7Xlp7OIVQ1Pd9iDQ9SWCARi4sOdxtpV/nPZ3hQW0mfs1Xc=
14:05:38.6080,I,35380,0001 FNs3aAU1tyU5VErwg5CvjQqG/5shS+rJAfsUxGTDtb6OH+UOBSK2+2hFH+BcPmEQyi0Hx+yWMh08DFabcREzHtVeTEo40qr32U4Xp2o7Heo+ukVh19kgIjPk9ZAX3ZpvX9f3huNWp78mEEfBfIizaZF0I58GdV1+i9ouMq2XQZU=^HuHUG/9xwoGs7kUkcHWlSo9YUHJqo5EzCwYU8l0UO/nfwNaa1Pd6IHZhP51oQCdDSO4uTiat7TVzPXoMYzDqRWZfgo/T/xAD1CIbO3Rowo0aEchNz4d8jBLey3n5qVFbSWTHbR2IOZuoKolOASDW7SHHkHcM76+IQuIUFMTp/ms=
14:05:38.6080,I,35380,0001 TCSRM3cQBGdZ/vRKFMAvYRHXRzQi7T9OQpHzz59K+ho1o94SXMVC4et4vU+DCKYg4Y8wH4ONjWL49WouLdNrfeWxnF8nR8mFlA+L0WKcVZfN8yKC0RDn+kf7aJrwNx9BJ92MkiWNHSGeeouxnxVy85Cf7Lo1Fg3nOL51Sv8mbgc=
14:05:38.6080,I,35380,0001 0CH3eMjiTsgE0Y1srJrrl4a32Uf5wgCHHMcISohnPsuHHoYrCmAUoFC5/hE0V2jsKB1nZbot2YDA+s5vOQfPnRlYzjdcvPV3lQwoIoKN8quGHJ18IesLF/tB3aqOVugz3yIhmhZ40UUszJfGgKKxMhu6nL643MUsWK10T+l5C/s=
14:05:38.6190,I,35380,0001 SY98v/qVKjy/txsRWE/FpfYSJL++pmnm1hKOZd2DP8dsJ0hyhj+6+DkQ2+XQtSf3tlnZHiAWGytUOiaeecWT8FBq+aGv0HAG0jHSDW8CHm4w5CZCIHxWREvR8UJCpc+cqw06UfzGHk+O4IpxqY3qtF8oOAL3pDk4EwMW135vBfw=
14:05:38.6190,I,35380,0001 kG9qYtD+phLXyUvgdKGlK56TjLYnSYX2NkdO77kWKlfkssL1pdpk9Slkfb1ILvi96PHdaOSRzKvcNYADSfcicoJPPtQIi8K8ZOMnYoU9/zSdpS/5FiNqx9+WWCUo/n504ONQit14skSm/1LBmk4hHax4VA12AYf1RXSsAfGrJrY=
14:05:38.6190,I,35380,0001 QDOMwnX58BxGnDXNfXbXVEQRCyLKujkpAD0E86loOOsM7yicJ05FSpyc1rKYCgZp7rcCBYvCL+AQDV0Ow+a+Dg49YInbfeNx0P9WHkAtjAeNNNOJ8W2fKp84ds4qZf4ZrkX0X98fZZUs5LJHrmttUTrFHnL9EG825YEMOPBZU/Q=^pbbCaHKRCapq3WOGBO0Fb4F+dvI7yARyYAahsTTbziFvDx6xwjvWFa7/OdQr5KEs4zbWn2G2hc+yRtXx9zsF7LHNdRT+OoVp6lIA7CZiZZ17ZH406bvR3I4c9BpraJi7QgftKhE2nvTZuA+jVt84CojenZTpu6fXf0igOA8azlY=
14:05:38.6249,I,35380,0001 YUpKuojZbb48CD/wDOuCekFuS5rURmQCLJAUJdmU/mCykLG6NS4pMzhih8K0LdIOLtlcEvjcpRM5FcSlbJL9ZpI0XOaOMFq88F1f1/7Q0NXhhq7hAllJ09WEMYhveplcHpl8/7LPNF4ZaN5CNozpSU3VCmCoBPLutcRtvRKhyec=
14:05:38.6249,I,35380,0001 Qahbz5eg/0YW9nu6X2TwU5GdljN2ZKqgrdO6tkFeKv+LN329SZe2pM0WB5ccXxMERp72cTf+wxGouvU++3yNogDmUhM0qd+Zsc2MzwHcVeK6F3XlICU280cf2dvqfjQ/aHg++AFTmJfr48OuweHWBoFGAlaAv70amAcu34C9SfU=
14:10:24.6359,I,35380,0001 VYER6yu6c7ZKTaLY7byrdDwDWlh6tr9nP2jEfNE4AscBKrVO+1Dk6QJHpinqTFdy8ft2eqK3ZFxJlRfv1h++2B6Htz14N1Wqg9QpNR5bteOE9qtJjB32qiVcrcFbWWLHcoVoUjle1BC3LeAD8GW7x3pPve/7qA5cw+t9hPTFtE8=^JlUn6auN52X9F07zu0LhEm1TBvwiJhOGKT6BuLUSSoaNBoG++zvhzbyIV9PeBBof6fmYmVdGimyjC6XnnmS/E9U1FDLK8AGNeSUcXREFnT669hAdTGt3YZgHQF2sUuArrOL6JNcJDX2WLf8FAqqa8Hp7pS9MdlZuBq5L5Dg8DY8=
14:10:24.6359,I,35380,0001 BkpJai6a25umrWDVGvHDJuGKOOn95Y4arB+2ny+97aq0cRDVAC/nBChho3XHJ14dbYYtxzZyZnxJdtC28GwOFypDp7+w13FqMGfQwxODUWCpZ+VyBTwCePCzr5xX+yxRRlsOY9l5HERzQ2jYpwlrwP0DY7/9bjro39JvNC/p6QE=^XcCHhVBKX7uyWtcqLn2u+UnL3BnUwLdEe9SP18+tBwzoHOWWKNyE9A1qbm/f3iKEFI/oZzEB9uiJZUJp4Ih2GBsMrlqdH8Dc1dbetqTmqYYevWd0vclb4AcVqdwg1Q5mz/r7RiFbia9s2p609Q3rh8/c8NaOmd2+4Va/1NNxrsU=
14:10:24.6359,I,35380,0001 HfyZIV7dtthyzgcC8gstl/U7Ge/tXy1RN6T56/9CC7mgIC64shMsVj1fCbweD043RVn0KX1w+4yDI23aSjp6R9dGQRbqrYiPy6sPB/sqT+p2JTdwwuBESZiJpO4Mtfha9JYC577NgJc/KrdDmGr80+G9YFHhGFnkQBGGN1zcqgA=^Xa30jhbpjNKO3zPt4N7xNlx71kIjSLiw1z9KRiaeKn6csRym/uygr1uGcczu2fHvBtAMu6IvTVpOfl41f+ciYN7RfGePohph0iteTrfbIJ9VXH+fF1Y7HoPhjRblqDp0MpP8yq2xBDHSq1w3cjKaM9+nvdwwm7zPYLynz38Ufc4=
14:10:24.6359,I,35380,0001 s8zmYzRenq1MBR/l3NWuC3/g11eaSH1r8LvfKZcjzllUbv6b//Itj9j5lLLrYs+7YLdv4e2k677kz6o/kJ3TOq4PFZBaKeDH/laQr51rrDnM9i9WH9AgC8GFx+pE3GV4iia6yQarEYgUZsfEzrl13PXkjq/72xrENHZNXeni/6s=^09J78aimxJJF8rkZtXDuzkQN04ztlH1EpYilpeni+zqGrsAhh3xqG/jTYbm1dTpenHkTwJVY6YEOHVAbKchdydX6nBUWWpI++mxLJU+Raakzwun0Ab1Jx9V1/lLrWNOBNXpT6CVj0sE0QtNFsa4ymoW17jDK1HiZ8MJAmD0cx2E=
14:10:24.6709,I,35380,0001 sUkTHqf2nxJ20jSiUr7CMWhuc4aKdJUwX9QukXprKm8rZ/1hUd9Ck40bLb2Qk4GFulnu+RqfqJ3MsXyjtvHn5Z5K8JidW4L7p/KP18GtIg/asGqUu4QQGAyHct6lqL0Svq1NSopq3jJrErGSzHA7yaHLKsVGQRA1ftRnQibcfFI=
14:10:24.6910,I,35380,0001 DKSBCbE/CxiFbWL5G1yB/Ki72mZA9lmEuAVtYh7dVV88wB1fU1DlToSGjqE6kF5gNJuZq3dNSnlwQNOKvTRUIGPebhqDSSjyfYBwVBcdgN1O0F998pmPPHFIGPTIrDM69txs9eOr5UyF0QcBGJXPdL1NcH7ewWnegRVk1vr+zFQ=
14:10:24.6930,I,35380,0001 zAfB2/UmggKaG8jxJDPq8SleVNCOVvRZTFcg+zw0HyOw+ia3AjyMPh/IgZDgJB+Pootjl1QgBaRVIvXfPHf630j2NE08CJvqswadsNdRC/qKi79rqvPA6K+bFYDRT/R7UvfO5DIxsnLos6CT863w/GLeMgZlWKGdMVNxo7liuZA=^X/yGr2oVoHEZBrNa2340jsihDcY7p5/B4ksjZCL+WKTx+saj8vm+xUB7IcbFFHviq40iM+ycKUS5ZHgPfNBhRrdwJK7fETAzISoiKs9TZxID0hn72PdnCpPDyjLQJ6ZpdGTfHHuHKSf23Ln3PWAyzkoShZ8Rn8IwQYBy5arYLRg=
14:10:24.6930,I,35380,0001 gVjsbJp7g53iNWafcV+aM2tYCi8ZgCxVdCsybDGnx186vsE3JS89dUNJRHO3hOFvn4dbENK/ArwsD8oIqtwDyo8aJ8NhknEdfxY9gK3c8WswJtRHnq6aAkKDGuVnDk3pJFxnDLQqdZaoY9brTejj+86p398r8JfL0J6kOp3Us9U=^zaiGuqAB7pv1yPGEYg51NjLsghgDIHUld+SXqv3iP/n77qH8bp9PwSI606NF0pBVocXWvxh226yY14yYURa/nXhvtt9G00T1Px6OleJ18jtnp162semIQJZ+eXUsNmtx4T73jrzhcWnE27W9yztKuwRSG7N/nsDEwOFCa4s5S8Y=
14:10:24.6930,I,35380,0001 wJm3W9t9Ct6Inad7AvmCzIHMFT9nY67WfPVa8ogyMCKOuxL/hIXwU+1Fw+IdH0iZcntm78IIsCZ4Dq5LVUJxM1zT9LCnjb68VZ6tu1WDzIR/LLCkSjMNw2TSzOU63nAK0EcsS//TqyXUabwVOotd58mp+gGJVkuSOj5ynuV/+CA=^SrMyAOCfKIFvMt5N95YEhPtGL/hddM+u+eLK8XBTNwb7hHuifYvn8LYIgVFZTXSeV4JEEjQuo5gYHoJ7F/L5xRkgx0gdghCH20uMfBCkXeOZpM6Ow0y0QaJfzGp1WMDFklESQfnsplplhdnz2f3IafDez/EIQAvvcL/e5IBJk+0=
14:10:24.6930,I,35380,0001 gW6aah8hfol2sSV4b4lHL8n/0QiB59XoAYe6xgiD8jZqxwHhVoe3YxsKAUkPrBm/aj77i4DwPP7NqY5m2xISLw+eKFZSgMOernHUKfVMDPbo9mqP709g8msCYQbv4G8tCVsPOh8dPcPyAmk8kwtJxFZte7yubzhRBX9iDyqrngY=^bAJKyZWejhRIu/F0AzJtprWdheDavDkOYcuWpHPhMCxj6dyorQ/UcSYbE9SOg9t0QzhcsNlWUQWRCTfY74vUaJY1DzLaYjsswKRLYC7IUSEK+IZHqI8jo+qMxs4xbiUYrthtMlDVo2U3zoVdADktgCw6jThqDj334aKDBItm9XU=
14:11:07.6881,I,24368,0001 PYvbxlEpbFbvh/Y/WlXo72yjaGrhk7M80x4u6MtkXQnoD/bFUuN80NQab1ZEkPfRaAqMSda+sVzWPEcAI2lZIVg86H166/uUGXz6XDkj7cgOhnygTOJVeofbN5v8pKD+4xkmWQJ1Taq6EFJnqiHuTt74Iy9vZIqVDJcfdj5F1Qc=^tr7lMJEUoHWV7HdroIplykvliJ4tUGoCdM7XaGm+5sJOI+R3VKCUvolBBQqqZxYx9Jc2cLl3SzJvvLfhYGoIJBYeazpHp8qYfAEhGDiEYZ5wFf9MxircLkTXTrpLNTvnr+I+7rloOdEVcV7/Y2WfxUp9bNnziWnBqZ+9LVydm+U=
14:11:07.7801,I,24368,0001 Vu8Uttij567TCmCYQCZi8Glc/FF3LRSaD6Gb8sZY3YT46QtivQLzWik+IroOalzRHdf7tIKhBoALL9eHwvBlCo4W5MyYg8S7toMH9yp/sWLqm2h/MIBK8uh88KnpJhSID4z3XxuLsfhZTGj/+T17bIsxi1/OpuofsAjFE8ZCVo0=^s2FmpTMMmJ/xRkTpjEpAQy529Iw43vE16Te18nGBctZZjutgFNrCxLGFdwtR2nnAerbTQS+oZDIMbgzA/uCFz2NFTmlI8GbAP5BIiWmHd1eImaDyAdB54pxv25FYVmm7Vhd08ElC6LnUe16xqqjKCEN0nKNfF89F8GC7wrVMQBo=
14:11:07.7930,I,24368,0001 gYLEg9kwebvTPU+CgODpNTwhDFUgn4RanIYQj0jDjfuzZFTpjvCOt/uNiTT+8SFbtLfMJmmmr1MhopSgHXgnBgv/o9hgcoNdDdgjCFWXRLGtsmQyjXGhq18tgntixjNsHoISeZgDgJriPiGlb6igpbHJsPpWv7qn8rv6C54Kcfw=
14:11:07.8641,I,24368,0001 A94R7VysG2SDbujoOc2smxpxikHTD+zsZMshuJdDDh65PB34p8ec1frb7LqvfX5oMtp4t7l4J1AxnR7UFqhnFLTskLqRdA24tqTEc3Kd+MH/s9GAIAmJu0fDbLQjEWRBajzjZ7fVB+OIQ1CPs2DKHlwjxRuN705mRC57YvGrwd0=
14:11:07.8641,I,24368,0001 SsDAZ5TLNVOiwbCYmIhaiaMYQA/AcN0qcPNWXfYUnHwfhun3Q8THiBFwtjWn/S+gyQSRJO5a5AHlctJGEYk3y3Ub2/P12Kji0qmzEuRSFlXQjbDwLq37bxjqeQFFX7qvEEuLG25OWiqegYzlRmuRJJ2944P4lSfJALU51Jmh6H8=
14:11:07.9489,I,24368,0001 ZCtceuKHorl3YcdCsSGghD8FDAt1G8VPhc+Pjv0gsQQ0+id0zBsSQzTEoY6aYAxk5lL8wsAjVKuN9xNreJEt6/BPCuzsJCPm2jrbXsu1Qg607irhpq6rk8hm8wt7Rc4facMMf5d9RKc7O/qnf5D+xI4VZBW8LMGLm9L4Nubn3e0=
14:11:07.9489,I,24368,0001 wFGcSIRTr4SY9u5KXEhWSqxNdXB75DULOcrH3tVgq6dx/bc6gVYYa26eBJLljZ2NTZUnScyw4u65wFVlY5H9+vxHbmget1M8PTfNzz6GBae9dYSmIXikwnEjaUYpcq9UpvG61BeQ+GjMDcUK0HgjFxrc4JSlSmiIxh0zm5V1WtM=
14:11:07.9499,I,24368,0001 Qy7loWcBy37fnaMYQ5Bp0Isj30D4pGYTLBrM7bRtGKtn0AWDBxEgYHJ5q1ja+biWotJiquA2sQXdx95QOsR2sUAUjAKqPUdqtFup7ZCahPrCDZu8HPIu2ApowCHNyBFOgxDGY/rTm9DhM8SqsCs8cr4MRXWsoajBBHIrzYXMrdg=
14:11:08.0447,I,24368,0001 Kns0841QtSEFtQ0y0zIjLCxGdcrc5hnnk4x/kxHIJXpHemThlPD8+RSDD1UW/ua7hL1Dt5nZNQX5of/Y+umKRCdYu1YFO58SBtQyAffpASE5w60UB9+nyBhpkWRY8rnIc1gLyXTXFFVJcVgI+ckMn/1qnWCtiUvca2FbmUrzPmo=^uM3aD1Wqu/7QKsutQHfDWiKzqp9KYhnpNENHoOLcgfn9wtPM9mr8eaeuuvgQZjoi1BaB+O5RjQ25pVf/8XFj36RLuDn+zX3iIu65rMY9FiqRdQpzMIOLujRUDxiSZMyTMaErJO2YFFhwuxsZxhtM9OuDDK/93p+9IMgIUBzW1i0=
14:11:08.1284,I,24368,0001 U98veQw/pXkmYucebPLyZMFiBQVWipx5Ma8zQcIOB61Sz4teB5vu5aMwgFJebKttb+oivC9XSoi6ERSyfU7SsIYObKdUxhRPrYdeMA1dP8obizBMs6rkmEcy4foo947V5WrRX3w3PCDZmUj2plV4XE2jHDLDwPbSLbfufFuEDNA=^un/0Yb1FeX3Iahu6ecZZ5alHAybCpXWOPnjg3h/1V/STbHZv8O9oIoL+9zfIfBokNtCt2p0tzs8iIB9LLzSAjtiyh5XkDU8kwvKtCqhF0q7pW4KofPIbRb35/lK5mVljlUyl4G+5i4+9J2YXmmpj68iQgeZmfePQVEY4vPO/EQQ=
14:11:08.1314,I,24368,0001 m+AJzhbw2Hf5+5iMesZe4GBQMSvypt7tquTmsgU5EArqRXL4PpqytECCjpZqBWX2A41YJaigFAoDLftFHIQ9C6qnN5wmLsmPUQOE31vilzLx2SiyDdbc9742HOlqG15Wyb/BwEXWi1XIa3RW3lhJ4D/bRbzb3H/6D3eH4T0LfV0=
14:11:08.1653,I,24368,0001 FHwsmXGj7z8ThXVU1abv5PDrrLqinQaYvQzNnHUfUCqRMtml0AQZFqpc5dRd3sKftJoGIFpqYiZ4BPPvwIKAUhKAaCuCTrRJkmO+Aewzogu8pF2Em9PHBOQ37jvw9VwMVWwIG/Gsw4tHmJ4Ao33aMD+dY3/WMOryxcl62LS9tkk=
14:11:08.1663,I,24368,0001 XXZk0vzDVFhp3/Iocmt4zp6egQOVI+kTyyy0J59bu2MrVCveKBqy0TNQ2GalB42a1ECB+swBtFgPvoEMnZh1D1mOu/hke8tNnPV5XVhFuj+a9V3DUq9Xq1mf/wFACf2/o3kExkVO8Bl4RAJfoxrCjiPJ0UDsK86Yj6jeVHuxOE8=
14:11:08.1823,I,24368,0001 lEPl82kZkFPmj2f2Fsh8EBPM5YV5PKvFX0rbhw6dth/mXm9Y8m9HjEC2xfDu4YHeJaRO/gaFB8+FswRVNN+GOviyxSDZjQ/s6UBGWmkl9xsrxrIrak9AQ2eBmRX6a5ohDwSrpXcb8nQc7+dvO4bhDCaNrvAxDWzalUfLJ9NsYBY=
14:11:08.1823,I,24368,0001 kBqvqxTiSt76OpidD+LTQKgRBFraerpNUVHVZTMu/Mw3xETBz/VJG5WP49lDLDuThMq5evoEEPXX36LjgWe0/zICt2v9y++V1M4UNDvseya2EqoD39mtv+VlsIZLvZOa6/7tItJ7uar8B15vovcHUykeFU/pkmaarucrSY3CGfE=
14:11:09.2200,I,24368,0001 D4oTgc8rmXNUbyo0Xt/juWjNIq00W9Hvqfr+oBIOPKVQYf3e3uXxLgGtpoA0wJA0dlrW2+9X3+ApVKTKMJCObHWjBWjQa8sXxIM6fLIWEZgi95BdiNYWk6r9mvSIx4+sEsaSwavVoDtMRE+6Q+56UQVsDJ/6fYhM/iQiK/Ld/7g=
14:11:09.3522,I,24368,0001 0EowqQiUPEmAm726VHeFprAIFbU3COEdwx0jQq+jS5MevMPSTZTSApWiCgJCVjNV4U4DSHs83WSL4EaQ1AXB4siiNhQS2uL8A1BMPpKnG8XsjlhbxRsqaHIG1zGUhGOj+zmkm1xjJGgykd50E2Mo8HJ2v1dV27yBZ0o1pydRJZ0=
14:11:09.3532,I,24368,0001 gLtFhVYPfw8y1hgy9JWVNhbnZrMhAnTRlIpiB40oh7Q6sbAfHFTN61UsYs/jEdzHsNPcCsScDrtn0nnpcBrWJI3fhRZ+IOUiX53QmUErn//V6m/oycO9nwiFAri0W9PqVFmk9TDbhMmZAQrzYvvJJ13UWHWaH/ABs/MkZLSapbc=
14:11:09.3532,I,24368,0001 SSEvJ4Dqzt/1earjWus60wjO93hS11cIazdC+kJOfPvI5qI6GSDXwAFvC5QCCf43MXwYPyktpPgc8jU9bK/Kpfn3fVCdic39Mxp1Hh0vfIsAL3Yt1NZyECc+piQu/UHVfWDUWnQdWhsZXw3+6KNe49UCmql5Hx1z1sv8A30YNlA=
14:11:09.3562,I,24368,0001 raJzGYwH4r/dwyTttF1B/IrYs0DkC0jJb1KhomcgkbULjYz4glD3xZkp4VDl72YlZT8ZsEQcaUiPC22ODlnKIESbGe3AIvfvJ/dZ5UREH7k4ssPYiLKvnrlrWmW5iEaTYS/aC2zHO88oz93dU7pReP45LXBozQbIoMX4n88Fj7s=
14:11:09.3662,I,24368,0001 C6RSAb+XcUcqJRACNSnmE2w5TYl5t79EEQqDBLJkDwh3lGTjEq8tsLel272sBca2mGTCVJmP1VrRPBgUjzG/sWFc7zOoi3NOEZDkcZMBOYzEI9ztIPzAc7kymG3tgf32c2a3QfF33AJkk/ll5r7aYsjLz28HM3To+CG6HxjXRKc=
14:11:09.8891,I,24368,0001 MADpSmQjjTQhY5ZDlTyNA/WewHjfhqDcA0PcqQJFLahJDjX8jtqWSIvqVrtkaIbMjcykHDN+rb+9C9AIcexVMFIRkuwJrbM6UewTs7apYcKohb3iBLCI5ri4VEY1P9RkjBxC60ebxUboNu/6BVmki30piUbpzhyONRteJzOXQBU=
14:11:09.9190,I,24368,0001 R83EzIMpCkY7CBOOe+Mq7lt5V63hzpNrkWAvgONTC5ooXsi+O7bYeouBAoQS2dCfOrv52YSva0C12bkQOtmyHxV9JkIPJ3PRG5Xmz8sABQpqsuMcr4Tbsr8DGm4BPoFAm7ikaAhgvYbtruoPZBg3LTNKsX3poCDrLOmwQgj98Ak=
14:11:09.9410,I,24368,0001 n8RdfewpoSLyPM5gqmrmBLOVqPxmx7p/s37tbtJYUx/ocJ8JQc37hGzxM0GDFEF6ttnH0CW/oaIQze0e3AsEndD+YJL+y45JLNCK4umQIHZMKmi63k0Mq+F+Y/wrgg/fSeg6jBIg3YtkslggWVOsQRjG3bztJw04iWYrYumrY7k=
14:11:10.1698,I,24368,0001 j0r9E2u8HFbSrmUkqt9LroPYUgOqoETG9aZyO2vq00twlPqwThdxsEyC0JJiClbgfbcZdlFTdJovyRrddENlR/Krig6hHzK1Pe2AbL9WAhdsELr6EIJc3SF6OnSkFwH1jYHykbWxqBeWN7qnhkg6/4H0zrGuLhp1usOUS8GZqp8=
14:11:10.8575,I,24368,0001 oItoS96H4TJjSsj9JyFXavoSC4V/u4jeu9O61zT9VHz0a62cHKZtq1i96f1hbikNcXaDTWuJBCPXA6lvcIuUmkM3URglIBwUab8nHyyEG/CWDlBBkp2TbV5Nu/Yrs7dYNNsWkg8FABACKSlcebMXqYOwIq1DMDKotuD6sZn9BP0=
14:12:11.0334,I,24368,0001 F55XputVTAlpR3VuVhd/TwKyNGa2w4o/UN8vPLRgrej3wUWU6M7OYJZD04weh1UbCsJkP6oLKOCk+TP0URmwohB963LRGeLejfRoSyD2/yGz72/B2/s5eNMG263lp2H0nqbaDl2TefBYBnO+FHFKojBnHEqMIv6OtkJ+F8azWw4=^dFcklT+fTEkits3pRv6fKJqg1EsDzniWKGJeZXJJVV02hvU5cavtgIJH+J0vgVAiK1LJTQfN+P7PjdTgSPu0AGto73mBy50iNo43wKNKLxH39HnTIu6zUKKaXOhT6KCh3qXWS9VaOaYoUziducmN+tH+uFxrTDhfreldUg27N6Q=
14:12:11.0334,I,24368,0001 mTsMd4oWi8gd1NevZPYWY5WSfJ/ZOHV5tneoWSQjoEKoTBwEIh2AzctxzKOTm1uTXytULfZB1+kqXJiY+aKx0FIgRgJLU/M8/KzJxKOz6Lx1Gmg9fybWTi/gIgMaPTr5bwBK3g+DN8Xcu5J67t667tTermW3ce1R9b2b5df8k0U=^QGH+1VKM7MIimwRiMwS8dgRXMasYM+sYuYoPAU+sucZWbQlU+DyaNLu54lgiRysD7mNMT2Z6EvHW4FEfrD50jol2hKXyq3FgO3SZt/ZdVjcv8RjjWZpVkRYrVrvipauAFHq0Sl5GpOXDwAIPnYj/fsdnrTLyiYi+8pG+qFNw/5g=
14:27:34.4550,I,24368,0001 rP4sAjooIy5smebzE+zH9po3d4NsJylxYkjsbOkBwhPbWGuMQ5WqrSuKqLXJuRZjCSyshHmtZXAMJYgfG+jp2VQOOBuU/BYl2Fj/N+5V82Y2ZZBn47oQ9FhY7xDlvjHR1xPKe3HzXOYquwUYuV4NBMx1jik8/Wpt/X1g0j6W0bw=^yxQ4m0vS0ZUaHBqOV/DmF0jWPYaxhP65dTNfHLGkKCOUZ6V5Tm+6LbDMRqeSi/wsAmEWjXa6kvg7bQxmKd17bzRFym9yMt+1LC7Yco/3UndIRey9jyu1+N1IRMhOasAEYXE1l9Jlz/ES62sKRdZ3f7pmy2i91FNHR7shR2icTdI=
14:27:34.4580,I,24368,0001 RTpwkp9TRpWgsG2y6P2Zxr9T+1X1qhjtn6xuqmrlb+M2FSC15vtjisBLqOBsv8O0FLU7fS6jg6aNx3ezwyY3uIyJg3G2rOEJ69PJ975G6rOlARECgLPp/Uh/gKXWqiY1RWjUkSFDokmrGIJn6y+pCa5XYNAmyp0IEBquNoWvgzI=^au0JTBzzVYPA4KwPz9pEwgpujlBLD9/+v+hHSKILxnndw2Qaa/rt5V+BuslBgDTb2CEasWU0V+OxBCZWD3rLsaclXe5pGZlR5SBkds0YIZb0HnjZdYj4UqgUpLinUd4iIh7BPLgih7E4dE72UVhpi7QwHjRrdCH5dDomZy/o8aw=
14:34:03.9451,I,24368,0001 P7si5OhG4QkAgN53ZXHo8APFI6RbYgiAJLS7+BAOEef92LKhQAiGNsvAhEmeQSlUXo1K5U6vQ+v1RubTV8EKw6RHPP0IVrGK07MBEdSjH9YKp34lqhci/7peXBc/sVUtWm797pMdqgJfBzdH8TDofISQM4sVK3jk+qrZiIxr+lg=
14:34:03.9471,I,24368,0001 xWLhgSdzcvAtAIasB7WC93EmjRdQk8C+OS1H5qq/SA8vOJnewY/hvEqjNBw3fCsP56HLa1x/XSseLsBhruORjzgTTVlhbtS4I42Cxw5ekTcXhbVXo7eCe1prmStk4ub7KXNFb3dsopQEttCkhfTwGlksm+fE2eXucaqrdJoo5jU=^Gb6CkIErAevvE6YC2jq0muwG4JT6hk+axZTYUERUwcAoVx9y5R10uq8iQDTTJQUwKywPoiukM7NX8bNSOPuFIaE2pjrHBL7KYIhJSK2zy5kzKzNJ/doYyNpjBpTDOiLUfmJZTuiGI5AsC1JioxZPL5ctUQtQBQ0XIFtyqnYI/z8=
14:34:03.9481,I,24368,0001 SEfV41NXew81QyA6oACUNepKop2ZphTivAgyX3wfChxGQukin0lwfzJr2NHUwb/vgiDmBxpS5ncF8OjChmrjZqawUsd7t473NN+KYqPQ5ibFJMk9D/Ig3yEPIzda+7ltmfm4weJjSTD5WxuInqNDnGy1Lph93rEaNPMihHz/jJE=^M7bkoCtc3wzj7w8LIK4j697wHOucy0hwlGciExjAX83AClvqcGfSGYVsKv4m3tDWGPitXaqIvkBjpVIx23Dsw2fgrc6IwpSX07SOejRSZlKVn2G5V88jjfBWR/F4/x3iKfKI4SVnn4Hf1qYw0DFHXa/e8jhw5YCS6/CiZdepnFw=
14:34:03.9511,I,24368,0001 u14E2jfAv//UPQAToIm67A6SM5Ajc6Abd/+zRe13K6nCORS5GYtuQKyUZlcNr3K6YwgHgKVicaT3qMb9mm7ADt0VA3E2wWLBAlknWIjqHStPeK8odRqU/0Dkq8AwRh0Jb9SjbreLMxc+nSmtLkKukpHFMR4IeuvPv3fEsupzDA4=
14:34:03.9511,I,24368,0001 NnQGMz7+0t1BiHP5xAaSUtgOZBekiDE0yI67oz1OBY/PbwPU8YoDRlkvWk2F/XeUsz0KiwbX5VFdyyB4YFwzmpaZCdbdsX/Y7FyDzmleUAlbqC4tNgGD3JQ+V77vp3HebDedtULdlPGIF28rrbDd/LdNpJG7OcU8Gfo1KzZe0eY=
14:34:03.9611,I,24368,0001 ZIxtA5THDOocw4b7zWd56FPb3mj5V44ych+4WA6VNrirIeM4EeMzeD8U3guEQd0MD/b+dmIPYO2DzHhv5RRfT7cbTP7sdyK8llIg8zxnsiAigeQddVk4JJsG3xsbY1Q5rNCPtvuQZzWhrBVhLlayumgc/rp6XR4kXGrHC5xIa1s=
14:34:03.9611,I,24368,0001 0gBx7mFeYmTSvsa2HzhorouPbhzLkqffLyJcmyXfbmoKQQwnnpcuRYMZFiXi2UCM/9DMGcKCcZvFPmlJTxTCxDlLxVf1fboPGly4ulhIQM5WJLJYBzHZdErw/uz7x86EbdN8bdOf7uBdOhtXjqycYpsCaBrTxX4KnDuspbyXEoA=
14:34:03.9611,I,24368,0001 pEYvbmL2zRFudV3OocUa0aKgOS1bZiP8IFt5GYIYUFPaa75kZqZXfzuKNb/Xc3Yzc9vw/bS4W/1ecchZC33nAcrf2jLyWet0YszxLMAUh+Fv/pQccZjckUacsH1AOaL6AgJlo8lJ4Bm2DcRU/F3uhXT4nIkUcfK7LymQh0Q3Hy4=
14:34:04.4074,I,24368,0001 cPfn1r1OsBwuNxjlugkoxCfxMH3nYzi7ssNu6FfPzQtiHnLTRks9w8BjUFkpS5zvzqXtY90RRPSXU4tVCZrxyN7QBAK+UwZNPh0JVnguDVqu4qPMjg7YzS5TU+fI72A1THqMPYNvX1jyiNUZxjSosn7tiRzNlmWvzsb/ESov8aY=^TaPYRS19JtHbZhX5B6yjd92OKbqoP2XpBatoeFVqa/a38cdLe1t76lXpOTGtb5T/GzcwYF4pms7wxqEBlMsCD/MgB8oQO8y51nFDnVy02F4wgqmHNN3pe2qkzRnOk9PRCklOcrPP02S2xgz7hmOeAo9iXdx9ndAA9OF+PXlTmo4=
14:34:04.4134,I,24368,0001 E7bHx5Mf3u95icu+EuBeSlFUAGEU5PF48qBequ05EGmAyH9DM5fRvOHpWye0Ogn/Yhlw9sQnrK5B1OC+wAkn0uKDZoCO9R2lLCBG8yWZ4w+ISyo5SAaFbxdFGkm0xmn66UIEWEUUpfY0hVIlPw/RecRVv66AIrUTxcA81uCRC/c=
14:34:04.4134,I,24368,0001 FGtwGqhQtqtTm4cGzGuF3ecJp7yaLtLAJw2hJNU0A8aXtLkI+yRqx4KRKrzC24EZHmvXJ4aSsJv+k2wHB7zX9NHoGqnqttznIL2JPBBvj3Pld4OfXtNB+CSPGUesr7TEF5lFKhPu5hn3I+8A2sJSa3t/EE8H8rBYGjklDHEPPCQ=
14:34:04.4134,I,24368,0001 0Vmhkq6EPAUQhe/1EOU37HscM+lcOyTF8vVjPiBkMx/WY2ZVgYiyo/fRqDZFbFBCOZaGX0thxijzrsxxoUYMlb4CuDRm74Es5sgliaGcVBmPHG6GVdTK1gVr4b9plDV1tP/LW7A9cmweXiWEfYnZCJvcjpJ2dfqYjNei8YtMgqs=
14:34:04.4134,I,24368,0001 N3ivfJXEqbahf+Jl4WgGf953VVPjIbmTrGPEKOAy0JWPMZ36r39dRnvQFsvSloFF13BCT4VwI2A//atYNGHF2PezjOx0eQv6kKX4L+P3vGvTNBaBo1OLqdtVMkJXbLyP6qUBofJxCTX7/BAiP8rzOLFmZ6uesy0OZbwJHUILaRE=^rFDBBtyIYrmD9EQI8CbxxjQDjmNKsbiwpYWFV3ElW1P7GdSHVjD7IZn5NtyrtzMykSkbRRBTgoxJTpU9iKPhklsQwQ9S/esA/qPO1vx2Z3zlVot9/1vPHMXMT7x+xW8ppsRxZDs5b7qxMM5CV8Xqmyox2dl8YkmBypxcFd7pS7o=
14:34:04.4134,I,24368,0001 OYyQkigDvT7xNBn3tzfRH1Vu9LDMQafX39l0CjeYVqEyyzCEzd/GbVUxrRSIY3P2pL/fSuy5nJ+NxRam7OsyZhg6nQ8n1K33CrpGDlzZhvWZpty8lbkT0UkIcaUeChgG1lk22YtnElMHKCuIXNUtVb1h15tZK+OunDQ6ROYEk3w=^hvl1HovZ1ub11P3jyGi9AerDBMbJXkvFvON3OYAz5t4QmwWXxqF7d90SAnLFNAe7XjAMYpXF7SEBR/mIvyeU9+cBSl52qnXHUXHjWgbZQ8YA7ybHmdkXylkKlH3o667U5soXM/RfHlnVZw7d7Mn+6ytgLu9WGFSi7nPeQiUveZM=
14:34:04.4134,I,24368,0001 zA0vO+A1OgkvcRmWBHp+k7NuwKkf94Vo8MAphCrnAKXrZjQLsqzEVTck0eXlibJL7ByJA9HCR/ShryUjMOWHb5XpVjPsBp7Weu1a3A3+ieCM0iSzs6VoIT0fQreFT8ru2zmAUXvxSAm8nBWe/v+x95bj3YjbCMh5JqdnbraSzfM=
14:34:04.4134,I,24368,0001 pJM4z7SwCnlk4WirnHnjh6mTuR/GXYe13sfPOd1NhzgLWKmJq651meip3hziNPQVw/ODTl58rQpvjYOmKf276542xAacXudW8LPe1ti7Sc1Q6KIMjMoRHg1DUMKjt4DpP4sAktO+3+OrVWrK6B6Hl0B9iEN+JtQ9PQspbuuU9RY=
14:34:04.4223,I,24368,0001 xQp3IUNq1UCwFKhhko+tdI82Pi/VCgGEo4wtR3rw8X12kp+L1Mp1ZL49TqktoENzqSueuNpWwXv46yv4qipVUZhfvGKzW74e4NYZUXohUpoDXlGa47akqtwHy4sNOP7YlJ0uyJdpXMT9NFpH+QKmORRinkNmcRBOPfiTgmTL7rg=
14:34:04.4223,I,24368,0001 toE7U/T6ESnmknCCo7vL1wHKB3S76JFnXKQyZl+LKB0u3jvBO5UyEH50GjWdB1N9n5J5IMXW/wjrZhRozCpSsH7uthmH/or5r2BVlGIT2IVeLO7iXxZYcC8AuUCpaIpGOmY3UMQvY36r8ZMvCI98Zy01eHmPXDwgUjJD36Xtk/c=
14:34:04.4223,I,24368,0001 Xh9XxFDUMl4dLnHtwgOSaVBXJiVsjwpKT5C0Bqzrdw1eXrCpuu7pqzHyuIl57O3CJr0W498lq/dwGJGTP7QzK2dWaga6kPkkUsi9UUnnAF+t3JBrXvC2JPh4ks66AB5Mbsv1sBKYIdGTqA4griVzs08eSaCja7uFQ+UJHGTCfcE=^XiaB7M3Vm0CzpEqWgSM5zi4USnIzcUK75A4DNL5hd9F/3FRftwjYXP7WkS8xiT2FYosOiNzao/bf5emoPBRpWEiZBvx4T/11w/ttQ9OLY+wYo3g3sNFjxS3jhpY52P1bVlvBks/VD5Y26+3QOPEt39DSwGPGB5khh9mpHIu/gig=
14:34:04.4273,I,24368,0001 hMEW/zdmDv2uDm+/hSr3g1bTQci/Tl5ej7pss6/2uHGlvU6Xv7Nct9kV3sBcSP1lb8FVJHZM2W8pnY8doELfQjMddb+CJ0+eceb6nJ0NBPvezyWUzS3f4KpV/LuN2W18/P23nHTPx8RUYqbgwZ2dNvvaI3Hk9+85uVBKPB2sEHc=
14:34:04.4273,I,24368,0001 pgFbhAuhr/ci2k95vv2W5jbqNAeIs7s/RFZHhkYKf/afhgAO/wDFZTGJSNugbsluPUwMBbW8+ZVZ5RNm9g0FIz93VqRsk7eySTcyHnXL6B72cHG9uWmE8H1a3EHPHVqk4Pk6YcsXQj6yjvBh5nJSCq/vkflFET71eHEqrkwcCKY=
14:44:42.7841,I,24368,0001 eZvjm8smTUgIsEzmMeuZJyMGSzK36kzw0v8r15Sc74oaVxkDk3U+jsO+nqHrqyyMe+2qCwrWcE7Pxnxce3g0KqUAjTS+5pw/41cyTrA7kuTxPDvcEwrfd+5vu06qas/PqbhFUAjhlqKtDVE8R8qifPP9h1aCQMgcN/PMfgWMYUg=^MZSUz3bDtpPMb4CLmnlh97tuiTn1eAMvfbIvNB9lttdmdMu0XjA4m8oTSn/lgO48DgIkfg5B6P/iPg1xIeoXMy6Y8IcDIk9UrvZjh69ZP+VkawAJn7htvWr4NBVI2C4hcgWOcb+/HT4A1YssHH/qlqGVtvOLWVfC47ikRDTh4gE=
14:44:42.7841,I,24368,0001 XVWxCYt1TfwnQU3yho1ux0Pv6u4XGighVyIJUj367iVDzoeixcFjzjR3cm9lZzyZdTw8C+l8iRNfZ22rpq1txtbE0+U4khAxESNv4vb84hQTYyqqk5MYEz1EOYJ7D9ZymQz+wPwbmxf8I/KhKgeSDMCTONczR4GEvpR3mY53W+w=^Rmqs2FCPn2+J0392LzSkQpzotbDJNRITR1Juzdsh8l8KCrVemsQi9eAQH3TiiMFOJTmYCEsIJLdprN7s26P+3L2E7U6GXOVmF/8r1nP4RvZg1LW4pGS+4dC4xJnrrhID3MDgUszIOIo+CJ2/6k9QVw34Toa00upGIQxEbglucwc=
14:44:42.8081,I,24368,0001 GQtqZgbhCUqQIjoA19X/xr0MfL+rCnsYc7M9ML92Qzpdc10aXZCfkEoZ+F5je2uwdI7EgM6db2BfI0OqTKFm+Kr1jxKEU9umbKu7L3MoGgFM3noQU61MOp6ISN/ZqWwZnZS2Gu5T5jOHli88BBmeXidgz6+DYJgKorq/4hwqGFk=^s0AfLM6ObK2mMMmlqXsEd04zRq/YcL4QVGIL1ZB8K/CXAgBKiKT9Tf3q/WVJ2xJl68ypdYGEz5vfha0iMviiurd/5FOxHbzMGz/hjXA26TnxVkMyq+kqlqBFzGRKJtPdaMQf/Un4dB0LI8ngPfXNVKHtP7XvUF5HDKLFHg80lGI=
14:44:42.8091,I,24368,0001 B8aPqjZ1m7P41+dCb3oe4XSpxE2vgIu6k3YdeDyGa51kBry+jG/WVOmZS+v0PsDvC+y3mrwBFEp3Q/CZZcUtStyJjixAYRsle2dJ3WnPnHNFJJfCaxECzm+ml37iSC+vRdUOH7YKXcWKCIOpb08mbhbCV3FOdnWvIxVZ7lkN/ko=^B2PLr9SZwXDkEazbqwmJSskKbJVGDY2urJtGKwPG1SSzCfwRLGxT6NP0T63MdCwDTP3OigSWF02JK1TlfKl9t2BzwnjLU9563HR0wE6kG8vc6TKHvaPHdv0LNIukYZ0Fuq6dvMxHWAE1AuXLoiBz6wFokfXd4s57PRwQxil3pSs=
14:44:42.8171,I,24368,0001 Y/60pFoxkkzqSZ5Cffa0iWPS2rehMmRsn0VcGIaQKabKRfUi2SVc5GqoE88qPV141DJCsqE1WiVytUHPGbn5xAOIuF+k3feqFnMgnPw9Odd3PKwoUDMHCAaR00vdAOgVkaaDBUC+3iMECKbHGvUs2fUHR1o0t+8WlsP5KX6g/WY=^ogOfzvufN6y94l7YnTMNC86wjshK/vmMVwCZ1V61Qq6ra90bRyoygU2HHQmytB/0PCgoz3JOoTgYWGfDMBgmQfPR/h7ya4GV5b3RrwDIhQd3ysicmrA04Kf+UDogvirAJmYGEWNgHWE+bvdPBs2fDF5m44k4qfjR8maF8A6Hadw=
14:44:42.8180,I,24368,0001 nNkwb2BA9VgD+0ph+0QeXUdYgRoQhXH/swVt3asizEzxYLoIveTfC8DY2HUT6aXnJalwgWR1MsOIHuNjJLMB30UwGqgCPmhRVdY8+b0IqHQsBH9WyFdGkn6xvH88wm00M5Xou3FiFZWdZ+eQTctV4Kx3mg0A7uvXTTTILvEpt8U=^vqF6qrHLcqfKPAtM34YbzM6fRNBl2kiT6p+MC/Jj/jTiG6zfhA3tDhIVdrPBaF7lmOuVuOAx6WkI4UowJ1vKL4g44rU16bPxXnjsW4gGAgGOcJ25QuSIOYOK4u9x3y82amteeSI2Rs0k0D1A3Y7aZkAhFbd8hEU+A/zAT9vCGAs=
14:47:23.1013,I,24368,0001 Tt8ZsMdoF34sm5He9e9bN0zdryUN0sJ83buBCTJJx0HzQj2Rzje4xKlSclBhh6/y7ojM8MQNhcZY5CqFNYx1XUZBu0Ql+aQUb1YXocSkV6QxY7DJ9rex7Afb95CrFOjCqunAY8KGtWrXkN25TV1rbL8hx3Xqdk3opqhH/J29ZSM=^PgY79JUNBaqr+A8LxrrdoVoqZb8CO+cWWohEtH82lJdBu9RVXRAD740Fxjvz6pB9yv5XVoZ+P6bRh6gA21eTLvkiJBNtBYMLn475S0jLhYxEEShyztOW+Yxv0DvyEb8dfnMQKexl8yLxJ+YDQ6kqNujVLFeA/7tCOzRREKqzieY=
14:47:23.1013,I,24368,0001 YD43MqVOEIsFqVONKbIFu6vIyCaXlCRQX3mrFc25fVLsOdDiKjZWh1mCW5irUAsitRibjhDMQ4fqD72vk0Hlwh4p90ShQjMZOat8hTTbT1gtecoKDBZroqTnrDVEkCTXDvQem1qyUUXrIiQSWady5pNTs2oyZ8wRLuxVDPgC2S8=^ewEzzoA9JwKo0IJ3zz5GBhCyFzQ+Ne81xovkAhMJ/txs1FyCoEpWYxcyQZdcn5CNOcUGlO3VmtTuQ5BYtYiWnBnS6EB7wVwe2uo0xEAdiHFVNMN0anKZyu8ifueCLsGSF11woxH6KVK5Y29DwcG7owrTgV1kszFgj9xdhEcTi9c=
14:47:23.1431,I,24368,0001 YoGua2TyyrLfs9GNuE1Q66SWkFRSbrHuOwI4pNO6u6dC6Z12HfE5MEmwhtD8f2FEtx/0zaPd26ZKYOe8//3Hf/jgtlqcwBjDzwoI5F1l+yOS1QUTesWU4T540YhSJNk/df4S+hHtUW+93QgtZXHC3OacVyPnxpZL1utCWK/UWUU=^c5evVfmp2fjY0hos3XFFteMUNm/259v4p/MUf7BiRZ14NhtiFMJqcsKoONb8l4xeQEPcEwpGslOHhJZsOLNl2FM5krA59fo0ubKb8kEP3oQ8aXocD+l3Ney6pWepMZsJUgSFgBWt2FqMGQ/CsDOSuvMjGOl4vxWiC7QwLBOFZao=
14:47:23.1431,I,24368,0001 OTtS1LnmqSQYr7b8aDRdGP/wrAifZeiQHp88Y0WT120hZ8RSFacOI3xrzCd1q+ctlhH/XI2rVd7sRRYDW9Pa0+lkj/mZZlEa9OaWsqFdj2q0tVwothqoJ5yPWmIClN/UsAiQggaAYHCtTKfUWRAh2amY6dYOoAmxca7Ss9yZF0s=^eeb2YKnv1ZpsAMnst1Xzdw6gnT+B1+SlnBmAbwJj6j6vMh11LIgXnxnPKE+SFBTccJMbh4uKqLi/FbexZ7Q0/AgC6i09pAvG1dV/YLh+lvaZl+tZ76pemQ6F6CjxtL+E2av52GWWbIs+ZqHsFX/n8CxPDHj0n7dzU/FvalQdVoQ=
14:47:23.1461,I,24368,0001 P/Lt/Pcx5xvSd6NTGhBXyRLcc+hhqVnrJx5z2xjVuS2g//J0SvQwur2skEozw+mvGY+mI+sOAw+cmlChlgI41UxuN7UeKrhHXaD/e5YaOuFhY/mkxNfjhiQKNlIzMzlxLLMLkqr6B9tBpGJgbc0k8BLeeyFPusXxUUIjo160oZg=^YUSKtjQl1E/RoTuJfScYkeuOopGGFQDORB3Cwr035LoJiX/XUOFLr4N7W/K1uLxRWSIXDocy+Jc52OUe32+lg7OpUIWH3EY9QeYtHbMUYj8y0ZFVd7kl8QkorH//gXQrJT2mvCv5jwbRRD0jyL52fNrStkfMMYHGL+9e0sqR3x8=
14:47:23.1461,I,24368,0001 YDTUmYomLZA2JnRR3cZ/2CUudqMIWMJOwmmR6c1Q27FPNdFyH5HKgptJt7D3W2ygjIffkK1MnXV2rELIFc2FwaytLjBACzpZnNMjy0lLm4eiE88KVEU1IcXaIRQCX6I+cglPlyJdf/BQ4uboQprwPtSJClF+FuVMmxLyW2dIj3E=^le7aBOBKmqnNiZE9coQZK6dz+T/YRyrRbMkwMG01i/rGNy5bPkA5QdUvL9rmaKnSbVUsmj8I5y7XIL9XmdZZHmn/zj6F3VKAgU0ADvh1kLeTh24JAYnIzNNmWOZPZnSIlHPMSHADSoLDti//AYjJdV6ZWvN3cg9ZtkmFr7rdUuM=
14:51:33.1824,I,24368,0001 E21X8MpccaVV72CXaiv0KivojLyH+ib6QkdrhiCnq+nNTOIpHmSVJVcn1hpWEha7U2JZeZu1OZAWzgxnlEiiCXO+8Adq0SltzX/ci0/8nv9Sl5VBY7WdwX6oWq3/UW2wjPHFuKiYGqpdzfNGz0vdJEF0CsdjmdI+8cWhh0B5g6I=^rKJDN3Q6Go+vIRfw8xsLNX1ahG4QKkYnIx6mQvUpBzYfpiDbWwiin6/pCq5xY86XfSLBYkn+IPsJZU6BCnyl/HQZQ4OV5EKjcL+ID8OaFC9IX4D1SAkuTYXP0rpHsW66nXj2tdTnHLEWTsppN1gL72f4WTWRHnUGLjnp/mAuVsA=
14:51:33.1824,I,24368,0001 sQfwrqTXalC9NBll8CJ2dkXKnRhhf0NZcoDDLmK5Ag+6JzstEcA2OmbSqwE3ol/YL7w2d/4c/3IzEMmF+xQSayayMkafweqYTIzvkymS06XTFtOr7KTGOjgL3QM62Yp86kO7gB9Z+ztLtxfUEuu1S+B+Tm/b/z69u05qim0OVR0=^M7h5V4fFcNCi5aPl9ZVa3vtLxf9jvjXlE+cZ/lP/0/0ZlkQ2h8zAvuvfsOT7JPA0+uEkHd6zNkvqT1lWFqbF6PShAiJKgTKPQwWEuLBtO6e1lpdU60kqH0oqrMz1jVAG4eysyDu2shj6c2LdS3sZSn0/OWYDNTAeQ7REY2yy5gs=
14:51:34.5058,I,24368,0001 PU4E0KXBTG04pWgoez2RZu8u5kCHlBLw/VrqqFJFXOK1Y6k0G58OpZFA9Uc0rfqnzB6aVULJJahkFsVgHuTuM20M03R28QCT4nBvVDuvfTq5Z8864Eflxyg8BaSI4usILrg/XqxjRT/ppLIavEgngmLob6HrCjXMPKOtItzJoVE=
14:51:34.5058,I,24368,0001 KoIMnHDpnanfU0N8NIv9Bnzb93M1SC1D18/PCBBZj/HZX5YFsmlWByIwHDulRLdrErOIhV9rcwK299hUrnFlixqurQlfkCyWPC2uEA7qN8C6goTOZyPSjutouPvb+da4kgyVPXJaY6jh9v2idCgVujr9/xFA1ghRwZuFSECEqCM=^tsEKOydrt5wENXtb8lJHlydlb8jplSWT3aYgWuUcMCJS8J/uLGPM0fPLMeT7lSI3la0M4AEfNeIi4iik44nqzEA6lYqC+9ARpvzo9aw323gr55Dh09rl8PKvcvUpSQt5NloZAwHPyWwSXC4Jg0YXFE+Xparb5T/wSBU2Wgg0JhM=
14:51:34.5068,I,24368,0001 kGt+VgzouG5EJrAoh8r1GrzlVdIWK+JyyGiFrHpMDUuU9vgnp7sZYxgrfEVytWwwB5UO/bBEge4e1BD/wNLkOS1trZ1FVJwueUxrVBKGyH43ijkPsVZCKrB5Rp76o4kNmmDQ74S9DqA3QFMxvqWn2PvquhSYC7vuNRduCOwIJAc=^IJEZS/Cdqw84ReOfN4pUGcPCqfv2r/vzrLvBY8gkgWXcv9XnXOn/f/BxIWQ3fdLazJDSNy5fydwnlfbIG1RSJ/emNydkgnoJn6U327c911TJaJZLL/Eclc7FMTqNhJ6Wp/HkP+KtETB8mxqz2G6Sb1cgAv4lxVP3zUu8PqLj0Ew=
14:51:34.5068,I,24368,0001 pqvtF7AB54KW/R/G+LxwsxbzUYFIjhdhbf3p4fHSCd4DgcAGshluxbmVMwZJHwOCj53z5tkLzXfv843TGW9DfpHG+tageqSJDNmBHbOyCzwHixIwLhoHn/lCJN2oJSiac2oLKI0wFzN0BBQe9NHm6qzGNjSp5Hh/iA6htN+VyOk=
14:51:34.5068,I,24368,0001 gfETwnv3Ev2W/tExCDnNYFMGM8PD4FA4ZqG1zCsEcTeCufSF14dAeOLEPBd+aPDCe/x2wTuXI0g6Pk24n5Nylk32SOenm4E6tJQZqYXMX8ONE20Z0l7Dk7LvMkMufgVDhwEKW3QbNq5dD+mbq076hS0nUvX9xB9IpaHOZyTlWEQ=
14:51:34.5169,I,24368,0001 EWsVZnpzMrf05YXlsH66q6GP+DJEhKRL9MFVwsC2iYsPQTrKCrU98N/5SKcmQ7C109JGtBxLMAuwSKi88oeTVzM6k+JU7VhKavHFZuMDOvLEk1XdN4GuSLk6tw8xCgzSJX8sjL+rtx8HwRS7ZgWj9lvo/+1UxHUwL3CqHeleIP4=
14:51:34.5169,I,24368,0001 oLSU2TuCTVRiHuZuq0kATtmOHUMxj1n7i1NLVoLem4gruK9BDT/mOflhZpjCd+BsBAJ/5sYaAEf/KNHMVzWLh2ITbChEHufhFjCtchvxIEjjblLlsinZNPm7W/62JVEMibcOzPmGEMsOBfQ966gdOT8VYFHaDI0okJ2+i5Na4ws=
14:51:34.5169,I,24368,0001 gLKnLsHRd4c1w9xa6sbLuFbi4XEGPTWnATFqe9kXwqg6wC9KtXG1ciCDhubhJzbcYujg5zZoTOp67JpZU1NmRGO69n5BE2Q/P30MQ4w1G9PpDAku+/v/zsxENUEde1WycTbhlvU4fvUUaMELCYQzR3VWwFhT7nmiVhNKJsBnkNM=
14:51:34.9652,I,24368,0001 hFIqmGT4CcCgG5TIdeFwYJlrbagEsOesPhU873PjgOQ8OhTJiT/XuXfQgqKS06KfcQ509BTSujmQBTmvQQlmDjuzdNxSloq6KHRZy59n63qrl3jKlLMiD6hO5oF2anqEBBC5Ctev7rfsp+ZEnLX6UgzKc1rKXacOrztqKvzaskU=^qFdWWTj8wBsWRkSYF3CWNYM980R0CLu84JF3GzwkGG7w3bzSjePBTjHg8hdNiJUIY3/IZMuNhVQNKZouIQsBL2Y+IHJThOYak3v9GRrlpvJ+QwvriNrAsgUBsoUaQskYUvS5NiuctoBXsHIBLOFSId8XBhtoHhQNPpObAkjyErk=
14:51:34.9724,I,24368,0001 vV85k09c1Pd2eNZSqtgOR2W7Gw8yw1sL+kce3Fpn34f2egloEJdDmEgQdKrNDgUK5DhJyktsG9QZsY8EYLqMlUYDN2hd2yTpz3PqmHytGQ8gKDF9kshZ3Lfu4RskzqhZie+u1Q74kyhNVwFHbAL3HJ/O6PSPU0hK8WaO7OWb6WU=
14:51:34.9724,I,24368,0001 sdA9vvwvUKfa3ZafMAZo54sJ4ubbdsEuazQyMJn4ilfpekgT2OayLBS8JcS0seO8UTkc97yoEj+j3IKhRNiKzqgxwvxAuzk+ff8lzhTOvOmkI91lj01Da4BPO76YRrmzxy/9yUK4DoN2W9yMnO8Qjr2TlJaQ7RqmAy2RJ1OaVrc=
14:51:34.9724,I,24368,0001 L9jsZTVTDLYRFirF+Q0EQZKDU0lO7JoUch5QC7OyS+k5X37ZTSIB1upnUWIDLXzj3xxHJjnxVTz34aFJhC17jCVvu//d83cYrNWGxrerJ/ZWzw2yqvIGEgUhwa0KCtrYoSo3PYL+oqPeLgvc6eL7F8qPFeg3MoseFtrFncHfFso=
14:51:34.9724,I,24368,0001 WVKdsSe3D/YnnNxEjEg22OL0I60s1FbekCueNPJEsoa5A1RfebFh9PuhkH+UgSuiR55g/3TMVPX55MqG6XsGHlzvAVL1gnR+x3mShP23/pd6NxThRj/QMgDmXh2Vqc6hF42pYhek+bxEgl+7txxddn4njOz/BnoLvIQMBvn0pTs=^lDU3PuqEtwwKIEllsqQwIO80i/44Lcg/OmInWfq2WHSEC3uNV6xuK5UmNzqtFaAdRILcH67WMl9A316H3736pJ4dsLuNjTXXNjqlZcUVGKErl7DMBbcuitMIkfL16jxKhiTafVXCgR3vbM5c/IEtav1qB+ORWHmEMo1nsUdSqqA=
14:51:34.9734,I,24368,0001 kLhTLAkGqr4VgROqB6v2MOgrD3HxGLyR9Ur1XujvPGi+wc3haZ+aEtHfwdgDqpgRvYhDsqZKEqzjaHf1HMOT70+Hn/M2Us6dH6X2FtqDr0KBKaYlyyFOnil2y1CMNqedQSrAuN6IugcUgELddyjhZcmENevtzniDfHfYZmQpNtg=^rJupTAquSQT7IWfVYWfmqge/uUjmVvIkQe7uzG7Zo8ML9Rp3dF7SIJlshWNer/dy/vxhA1eKD5klTi3iuvU6iq+i0bEl/bOlRRDCA85LXIfEypt19mvlH4UCFfvFd+ufIYQpeYaolE7r15JrdPwVas4IP+kfjqMkaMVaUDmZk9Q=
14:51:34.9734,I,24368,0001 BDPq06qEWZVWk102g99/S0hY6Hd1XlX/qiR1pk3rbw3dMER9qU9g7BqHWsOOKzAWZZpzNX6+qxqz63YQXvYwTR7acRvDLlP8EUNSYaqFRJVEme+fyHrGdE8wrv0gwxtnu813kVJQmUujfcGobvn2qpozenHbt+GyDvmmPLFBfvY=
14:51:34.9734,I,24368,0001 jZ3sInkING0fFDlbL3U1eWV+rS8VfWN96vdxMc4ILkngSQ1Io1crtSIij9BgsPnprYjqyTjt68splmoomstUcBU63AVohuc5z/F5ZfvX3zKXRHKYdJvSwtBWp5WjDZ5XsNPXzI1NKocjTwd3UF8UOAJy6utlSziro+BawP0LfrU=
14:51:34.9815,I,24368,0001 PE9Ts8AGFNNC/ZH2NezL9ad/HMZEepvl8wh9iKYfwZL/AA+kT+IUL4n5bxHNkUNmNbxLTaf1jkV5Tdk5ZdXzRgYN4flMtBRzKI8CSnY7MK6zcMaxg9yZp7nz7KSjPChhj5f+JATrhNqr0/S/pW6lCGmRttAAHoLIrVEtMdk3sSU=
14:51:34.9815,I,24368,0001 rlnTpOCMBUE3Y6WXFZGVLXHC9Lz07Cnb0EMRpe6t5IKPVskckb0OirDsRz8DRTKrpmCOlnswWRo65DK2feQf72cCGdZH8hpVicYlw1FHL7uVkE4ADPjFPTXfiA5IFJ0KcFEWHL1i2/zejJnDzzEceG23nVv9Kb5KiO30GKhuMMQ=
14:51:34.9815,I,24368,0001 msN90xsY3e5V5sZRaZXKmWPzybozAfu3LmdpmrTjABtNq/n4HcjK6W2RCq/PveER/bzZjwqGdxTmRlmlyJtIu4mO2fFRdiZFJZzKN/5LNAgQ0EKIfGi9ErpGyeL8KpQnS6BWKWiMnVgi4/OeJMvaOZ4A7uHR1xKz/sI4GvdLtlo=^Mva3Qb8RmuHp+uqoxFXzfpARICOA3ahCvy9pY1xKyb7zHd1Pfh9rnqLDtxx5pR1YHvKgxlpQVzeFWXUcUIKrfIuHXDL/bCT6rEWAmiZNjvux/GIJF6CoQmTGcSWcu2htcdfbbaD3LpL+OK46/nDJSaWpAmD3CHyj6pxxgEh+Q3A=
14:51:34.9845,I,24368,0001 tEY5HfFRyYa78thNAmWVJwwbs2+lFB/jeAhJCg49b1Irufvf2As8hG7zQkHVYvlpgydE1cVHcarlGS4JhOP2gA9nhWVWS1PU1/3+66fTmDK6eMfYysRcmzRuLRzTmPYxye2c4W0C/2tYpileI+s6BNgcgM9smGID/g0LFkK80wg=
14:51:34.9845,I,24368,0001 wGvJlR7sUeExsC0ZItm1kII2DWLc092f3WkU/QjcXZhHFQ+G8xZIHgwBt18ui4CsbdJ1SY00MYAdqQG6YERlkkmvYpUN0SzLH7JEV9lTZtaROQN8MMkHL+etBZGQ9xJmxMOo4BhtrmnkkYQcPTDFUzGV40lpTWro5vHO6saBN6w=
14:53:47.5531,I,24368,0001 Xv1ABoZXZPBpOgoQ1Z9w7eLKm/s0jA7L5iottO70L0YNbtBxgBv2m1xpIQzYN0ohHDFAjQ08F2SXgFdBAz/5TU2iG7RTmNnWKbFedTu5/6BL2Nnx6vkoDu/dOkTHJKq1WNBEF4W0tzp6SpjxFSdyQT+vCl8cjeZdcuWPBzIDkvU=^jIRfN3Z/KSChwMv4udaHs+F5Iadv9iHjGEDax2SGmn9g7ZPOi95leqRUeCKYRdpdFltx/piCgsya2xXkz/Diq82WfUH3BYyvHEUEsBbEMnbwmde0u9j1EecXXytMvxuQ/wEjB1443MeSK/2Qw7R+i8ytP6aYcgqsx8/YLVVWAu4=
14:53:47.5531,I,24368,0001 RuCyEgh5Qsv35IskFizwvz58g9tt7JvqmhOWcEGMTkLMeagAfScRD+W6pGWvClZw+dxz47K1YP2MKCNX9ldOTyvto68L25tboLQfylKsQz1q7NGCS/pHLZeA/2IqIlXFG9orI3UHoS+A75pjKDlbXrp/VqkT5/g3ZElaiWLiOGo=^XBY60yYRy2vZbe/RXujkmyzl7xKTjVMtplg6UIYkh+UD1ameJ8WMoRiVgK0OBsH0A/0tZW/EdkJTwC6mbcd5MR/NKU8vsdG4SXFv84XCDvVtU6rTlx7mtit2dsrJhZGJmWXpk9QR/TSK4VMRi+I+MXOANE3UkKhMYb+ihYjc57g=
14:53:47.5760,I,24368,0001 H9kwH8G2eXp73W1XpL9ffNfYLOYBrYVcTcLiyjAUHJgKDvipCe0FNmM3nW4c1TCxi+KziJHdb9YdxvbZgD5zTxkUeOUuOCB3VmNJEQp03BsWl/KHOifqavDJpFyqsHnDpxRYCuiDOPT7CvXxapD0vVjCHL+/YRO0CVTHI/jJ348=^YkklRLglxT2SVf6mDQEPR/ocNbN+w/hw//5JTCFCQtzNJlrCih0FsLUVo2EAnHp4w3IdYS1apZyCFdUccFOuW7ufXBNMpNDsqzat7M5d/YXbiNcOn9tpqV4ZIkKVGBx8Lpy8L7q1qWPWLiGgFUM7tbrk1Y1/Z6aIHnjDxxYyFIk=
14:53:47.5760,I,24368,0001 m7/xRR3Fow9pP5zkuDKpr3LOokAxQUDtjzXB8CmhhhaoqxS6EIL3M2N6Q1/Jv5aCYu1u1qa78R03PZRkjDAaa6boYGL7yp0nF8LGIORXKHAdWm7F1nguM0Q6aaSCMJoAmWywVADWzJhJYEnQJWntUPf9SyPj/leu1GGl3eV5XX4=^cgvRNgJJXAG159hbZ4vHYB4xR6e1S8glo1j4JISoTikAW+s3Gee6BHHtVBeOR6o7q1U8c4cePRHIAeMOQ65PlBnSmE5/pu/RPO5RMnbqiDJThE3uLxObXk+ima8wji4tA5EwVtdCltg9pT6a9UF4rwyH2Qvw0u5r/Q/ClmEsl8M=
14:53:47.5950,I,24368,0001 wFL0eHfzIXP2mn+OoFaAD4yzWKXjZYnYFNxn62kHG5orDa4Vtk1IoYPmnV/SRXHTrvkUp+iDRtSisLE0Eggz+UmwvcmOlpiLIL7fEZeYpDc57bwTKlqYQljZkepQvak/o6fT825L0B8kIR+uoylNZtBIRADm5Df31M+V8cpQoNA=^nRN41CGg8wLD1hqXSBwHjJuU9zLKRmt0vpR2NrebFfWHCLKcVoH8NMMihE8X+aB7EGJM5Mfb5BYKfCUv2N89D8nnjVcOgipaw7EA2eKwQCPE16TVTePtP5ayddOWRyAS+Jc1apmd0LyiMsbicI+KeB7Askhr/6vcDceiOO9//5I=
14:53:47.5950,I,24368,0001 SGmTlna/J2h0h3c8Sh0YFcK2g11+fOqtTZkfRHuFzM+H8Rb21qVOuprvx+04RG8MszFuK7sBzRtMuudw0eiP+WyqYH/XGppNiWvJHDLZXb2ZLDHKh/e/e0yQ9T/AYyg55ToXCe9CjC+5R/QYra4EvplAYdK+zaltWznJjB0kTTM=^z0poxsxhLtZiO5hH6XXNKC4DOOUlKmEIdJE2YijNERv1MvG6bE87r2m5+560oj/bG98g0cyzXytjAnbljjIfXjCzn+NyaAGb4PKg7oPgdOfktRqRNsVkhFT0mzoWZTkwUFba68mh55S/uv8JMs+Xr8yQ290L56vC3ddBmeSvJjo=
14:55:42.1071,I,24368,0001 GChfeMKC/Tl71yhAbNWeJzRpmcXtUOaPRvj7fw60qwgCNUKIzdkeCug5a1plp8s22QUZEuLnlDHEiPbetHLgPk1M6P0yGUFWijnpSeeZFwxkNgFa15pFeo3v684H3WhSZ3T3zhLb7CHOlZMU3UjoiyAvL0pw+5l2pFVxmVe2nYs=^kgOmTmx2iot+fObQYJXIBTFbZO6zq1ituTb66++KMSOBABH4VkYOkr9qLas2NRKltCvZMZ5v/XycX8vaaPdpH1vud31kGgyvx+REcjnSJZ6rVPZGirb1bjjT6YScqwXdiTCVyOqM4pRgRQqpBd29YLPRcL9qoHICCVXFJE0NBRI=
14:55:42.1071,I,24368,0001 v6YUA4DVfqeY8xHQvDLzAruRbh2hu/2dBw+5eN7Grc34V3iHWoBYvwocuaXj5nWhBIFsNH75PeSGoGs+8/d3tCsjRAuorV4x5meiHS6SF97NtjC2koHhdZofuVX0iXkXx7uUPrjGrT+f38GD7o26MQK6ihUgESUAF7PIBQ1QuWs=^aF4gu2VQEu8Pow0g+XMLpr97IHs8vujFDZ8+fn+ynZjx+C+t6dETOY3+xtwlEtAcAgiBPuEWv+ZFT3FC8XbxX2PILWFi2X6MmFDbJkSlhOCi2YqUoMM2KUTdmtSx5K06E55WcuhZHCaIdYgx9yh4/d476OOusaVekZsWZZoOqkU=
