06:10:36.1939,I,16592,0001 CI20/sTnUeRwuTLPRruNuAbm+maWr6dfGPRhzM2vBkPgFVUIpbpqyakcS6MuB0yBWyv8A4/1db5Ct+1XnOjKFGbFOitM0HjIBR3fLhmVxiApQLRs5xC+QL0/s28Nyxp8EtFJip8zgZ7Js7gSrxAlBU8apIfRVL5L3WlP7YKFGno=
06:10:36.1939,I,16592,0001 So2frjMmm4A+m3yjS0EPcymBAd5VXXfKsZwHCJ20+OqQ5TbommM04KFQ73o65C5Etig2B6M+ITiq9edZwULtdQsb2VxUhOMkOrxJvjSxEhkIP0ayJ1vhmRquYEWqLZdU1ZnuMt4KWnsxOyx3BAin5nxaQizuBSZ9agleCWJAC3s=^AOSWbLSxz8f3l3cL4kJEl8Fd1B1p91MjrR+4hA8H8ZKzVdJDvutCU6VpsZFhExWLiR5w84BOiARoIsTOqLcYSz0op0LiG+l2V+k5oArGt1pKUgCOVINFHKXhWXuTjVjF/Suy+A/p2vSBOHpzbYEsxeE/ZBxGffaUkbGBgcfN0oQ=
06:10:36.1939,I,16592,0001 RnvgRZyZ/BLLl+DbLb/wQHHetkikEJZRrlFAsfhfPt496SgRYKGzUGX7kfgFJCesWvIB3aH9HyVxWyXvzDHHa2O1MosQeovqidbCsAz2b65O00eW83GScsgEdzeirhs32y6AfCppOzjb+0ps23xBTexPzxxOx7+p8PUIsbrTvWU=^ZKj/WliKxJKNh3AXQAhaX7H6lJdARtsU45g+BvnRpq6W3BpV8kn9RBbMzROMNNSf9o2cF/R9TudmrsyayPpoDkBTLIPgVp3tSzka+z/boQaxxYiMU6XC5G57bI4yVVlSg+G/RalzMTJmy6f34Q2VEahQkbv1/F//np5F8nfxQ9s=
06:10:36.1939,I,16592,0001 U8mwU6VjDKBn3aInnXmA87YPUkTG2qqoieuEyUIGtRm/aomOaZHsa6DjMa8V9TmmaeCE8yY5g4wnFsC3kL5MZhfwO6aiPTnOz2X2ni9mLUDSimYQTZ8VQKgHeXzZcu2Gt5wwh0Kke7kM2nA7QUCZDfBk0xD3Zd55iQdTrwJpGao=
06:10:36.1939,I,16592,0001 ld43hoNzYOzp2N6cOlhoZIGRoDE/fyx2iSzzvATnbFCbHzf1PWSvaUzLnPXF73Bgez9arr+ZP0Rn8XDZYPjYnqDRaf/+Nvqiq9N27/+n29MEr1BdQ3asfKqNF4fyg0sZcd1L2LeGRQ0FL8uYa8K5IcZKk6FQlBOB073P3KjuXaE=
06:10:36.2033,I,16592,0001 OMZmfUL8ik9miCgcUUSxCxPjMdZTOqfoe5T4UXatuCIicpWvsf8S6JoTII5Vw1CtHsOzdu+pk4kYbOs190Ft4Cc6hbM7PA8MlIpIh0xFreQofy6auAJshBlt0/l0N7xujniIXhRDGkapfnuova1gaT2SVKYoJLeos4M+RrJ/v/I=
06:10:36.2033,I,16592,0001 QynI1lw32lA5w9hka/thVv78gVSqio72E+Tul9jeG876lYEfwGUji8knd2g9bxmeXr9HSDuTFMuhgd/RY/aVBDB8Kk+wJBd8nI7p7CArZgxslkGLdLvRQ8aMUXMHjwbj5h8j/9ytY9gujYz7kmmzVF7Mg0HHyNxs8JRuUON2TEI=
06:10:36.2033,I,16592,0001 BJwW5eMQGzfpFJlAmU+cM+kzIPtvt+XievbnSWZ6YMX/CEOB42uqwicfmmpmkVoerHmvQYpstGydF9KEH418uR56wA303Hr4R8luAbrdILIncaUM/DRKgTHZ81OCImlVyD2Az2UqC4lxFLxQ1ltau5qrV9pQKO0duIhjZucdQeQ=
06:10:36.5317,I,16592,0001 nB1pW0wN8PZqcknfPa4/9wRob+1gUCpaSv3Ir4ajOx9YLKYBk1qAL8BULzsIn46xPkKvGebprZfbsfK14fIQj08K7XrGxW3Ok9WT4nqVCBOKCjggrL8IEVG0bABncvjudnZr5cyIOinpSk8HNIR/WwOFAP69IO+tjmpM47ht2hU=^QF1SF3p0YnGLE9N3g3e91jY+XMMvH+KWGtnDFZwZRhikLsuWTcIlI6XBOjAUMtgQmj+U1X1zCH5IcRYC4yifQ2Oma0YopAKOJ9KEiT5HfDXYBRN1wo3mOP2bGkS6H9XFucmnvDD6+Wy/uWGCJRXykplGNut5HupAgLSDQh4tOZg=
06:10:36.5368,I,16592,0001 bTHEDzHuKuwDr0byJHKj58Pn0UGqZyRzWIuuGGced3bIt1yo9aNbg4ay/PBDDQ8NndZcHoUv+Htl50hhJcuWIqtA1nyqxz6M5roJ3W2M3K8NonVSaHIG7fRrCqe1/SfwrVuK8j0qz18rKEgwscaJKcREOIdZKO960FKYtFZ1YnI=
06:10:36.5368,I,16592,0001 Ow/UK9tt8FKs0zb8ctDSvF5fAuJYCnz1MhYpAzfdqSLitcGI3CnWbNsPBpvUt6XMuBZgtriu/e518EMjdkhuDJeE1Qwztdihju39fwoYbezZoA/8BNrRmkWJun5+7TDiSQLrSkPDqCGkxtt/6QYNaHXjSsy8UmIMA6/oJIF05dM=
06:10:36.5368,I,16592,0001 NGx1WS4gOPNqcVWxCxaBNIucYBguOiZYPzovvIy1KJZSiyBQ1GF5EEVbUFn+89rz5tHgIMumEkbd2Fm6MBv6ROzbyGhWYvR0yo1etMSyqIPcfEFPYdBo8igNAGJAm0z9HY+inLIukELg45twCaTy6CvVMIMPeYEtXTSUukgaHYE=
06:10:36.5368,I,16592,0001 EC31XgmPaBHol5ptw5jsB+HjxrgglyIDx+qZgBBr/OMQOt3Dg1AhaVHajKZH489HJPXeHsWbfU5hW5BsvA70k9bHWkVkut++nSoVai33T0wbKEqyKyodaQObMf++Z1pilsGw8z+IhlPEevf4FDheOmc5wT94FTC0Q8BuvI+1tZA=^pLW+3weOsfjirCGbiZZuN+5Ackv2k4lcc9QLRwOOlfJIxvP5ftoOAoBWRQ3K9n84Gzvmei9eIjiVM6qgS7+a1mq0HLiwrNlYM42QkD8oIwVWM5FdCoEKMCWpiY8V+djUA/3lV9ZuoJLtxFOQ4My9MBda1GQvQbT0Y2Utw60zbHo=
06:10:36.5368,I,16592,0001 tAgSMR0qkBEfdOg+BoyezusazIbaurVS9WxA5v9WxnPlhyqULhuhGxbnQEcBA4EGKtghtoYAc0XPzmJHpPCx9o/WyU5fvK4467LkyWGVJCrVJuzCiWpt/Csj0XuDyAflDxDzleogICusf+dZexrRs8HLJRvkdHSHPsLJ5DKnPWk=^meNgrNQOvOf5lL4QDqmXgx9V1AALK1iOwtpSLee2pFa09CBTq2Wu3GeicY1tFAO/UqEakJX8ZoNzIdMNK32wyVVAVkN5PzJkWRHcMhs575rwhn9lor7PjO0srfdZwElM0ymIMsYEZsprG8VMiSiThXFImgrMa51PjIp6tX9qokc=
06:10:36.5368,I,16592,0001 X0zF0P1ytBMR/6BKIWshe4Of4FGZmDRDV9j721wneN2N/ws/r5YStJvTkbfjiDbq/9zdNkyV4V68KlNPE8bTB0aSvjBi74SL5GrE/ssSHBC9BKgwdE9loUqWuwLuUIFJ+PPm27MNhFjxh2/+57yVp/eks/4aHeho9aLwKvobr6s=
06:10:36.5368,I,16592,0001 lYc34aq8cvMu5LGm7nZGaaRIY9bIxJLlW8CbEtGNbu5dnfs9JwOPlcQnwn7K8UZTfhQQg4lHIY4ZHV5HDybxBnA/D2avCgAb0qlENYntEVT46wxagTNxXewnZ+UR0MNoIcxjoDZKyjYAwdQgjNHUsHk46Cn3h/MeIZhrf70QP5k=
06:10:36.5448,I,16592,0001 VxSBFeMChpuVPJr5ri8mDX6oqro/cbDAgDU4w6RummBaMO1ENzmNkW0t/r1kInTvAbm1ufAPEO7xic+Efl75WixZ70eyo4qyesWjUgT0PqIAVpxLU2SHD4dvRNlOWtx8wmVA4+gm4W00OQlUce69EvOSXhzkRipVLlL/TGcTpog=
06:10:36.5448,I,16592,0001 FVB2mx+3kfUVVCvTlCPluW8PYcEEra3iWLJNkIrLKZewz//9OWzpxF+Cdctz/4AH8pupiXh3aBPgsF4kj3driI7XUOxGi+mS0lvIWSP0qwZRUd2H0P4MqbRT07ulORfSFSby+b7dnCUYLwAH8mweeK8TM4KvOs20Gg5n9/fJiSQ=
06:10:36.5448,I,16592,0001 TMHR2in0kHyVvQEyptTtuyV9Yq5cj0V9yHaTLF2caYMcneB1t+wBeA8poXPrL2wYRvkcvTHbPiRqP+TzQYqpJ2qdb7jFnw3CGu/NkpFe7SShl8QCfVJhynH/62aMJCMOyphYA0xpGVKRW2sda0CKcIYdTvKYJjxPHRyqQa0X18c=^0X8ncgGliaovMWnjJzARpBl96htqfN68BNae7JzH5d7h386GxMGHjijH/nzp1DXhBxEB4+jMq8UE94poncX5lZwcadqkEWJ2PF710kFgTRjHpD+k54qDB9u/J6Gia69fqdGuZyfEj4Q5WmP9NDVqH9geULk5SfjGn6pcL1O806o=
06:10:36.5688,I,16592,0001 D+6aa8YCT/1MVmQRwvdKSHbYIUH22xnzgEePod7gZs9KWk8jHhisbNS/7WGTjDl4MTh7k7xjbMPC3hxGBog7u7SR1ZFgF3gptNApVvrSrEwOl2nEQ0hBBaLEukJZAP9guNEsFy75oKcxPKkkMbAxW95GIIRZupTRUu2sm6D7ar4=
06:10:36.5698,I,16592,0001 pjBZhXRLXb757+qMOVNthOjFyRHVoSGAKt3s2ZHTSqi3CmnaD5afcoXk7VtirB7Tm6Mv1ITJieEmbIVEQnOVrPgiZlYIKZ/kn2rPFj68h61W+v97ZQjak1OqZagaFvFfzKPiIe+npemgnTXuNEF0qgOrZkrszvoJ4AB8COdfYrg=
06:25:39.7074,I,16592,0001 VDWsqz2V0gMHLyegdl38bStSIsE6UarDoUrC2e4YotW6SEWL0jqBvfu1mm3KA5r7rT9dd5QbeKvqrhqT1eWKE8ELNkVPzqEcAPnDgGIO7OcZMfSD8hJAnyxIPsT07WFGATrRU1IXBX2rpqdvBdgOoU2JUGo9DPwsexw8d3LmaLo=
06:25:39.7074,I,16592,0001 sHwv6ar0sGHZtGC9GkOCVlfnLCUWZ81VC0PTtuHVpKyZjcI4jS7ooGI9GJZShf+6gvbamytbH9wJPiVT5ipw5JX+3bUUfuFoXXYHYQHugUmc4N8FV2xWSAbj2iP7xEajLWORHCu4CDOWDoI1RwyPSkn1AuH2RSQrOIZcZwXaJ4I=^k39xqsb0QpCoJEa8KSyW1nDexOkuHyg679gnsUxl7rJBMA1HBC+vRGG3QGcZIyKE1mN+/1Nzlp/VBgNEPnlBYPdmPZLmbR6Syku7UMrMnCO7FdbfXUuecWScYt9WbvitvuCXOJwdROq93JGqdIQzUqc8bgIvDXSAqENZjDDWe90=
06:25:39.7074,I,16592,0001 a8bXsCUy0TCv14kdgrj38n1+m7N6gfq7bCrJJ5VznC8uCtsi2shWxG8LTN8BIfZ667MQC2J5KTj0EM+q4QrMxO2wKcbl52hzWEx0YapHgEbnQLJj9aBZxxNzR/CJkjwc79LmRdA/NuZb91nAVevzlM8ewaIHwzkCw+ZSaC33DmM=^s7vvbMUKMEksBUJKD1/amaskKWVd7D2afukM75rXEznPdVdo7vAgqSixUXQdaO+s7xZEqCeZag/14u4FjedZurmr31t7y0+iqOf+ZIuOpctHlJqtuQY75CkweE62iUpZoFxM+A0+tuTfaMUlwTM1aLZ/3GmwDB9McD7Gu2HiFjs=
06:25:39.7074,I,16592,0001 jrYQtCsF/wLg0CzIofNquvafH5trcc4a0y5kKrv7e7eCT9T06ysMbKWYOjlavuXbWl4sQkmHY8aYsTF3lSp1q4gwFy0hi5NkGqqv0kwJLoCHQIs08Vpd9Xgdt/PbTYZ1JW1sPkvZlWMpBvAkv0T2k21d/UYCtD0zVGBRHGoZGAo=
06:25:39.7074,I,16592,0001 Dcmot4cT1ZWkLdzb+maf6kHRbJelUj1QGqac/yJAIK/XDcOFBxi0bkVk9AbYrup4Zb+Ono7oWCRTMN64Zue9kPlBq7fqTE6ZAJB6d7p42w8QAtv3jna2sAWMpOLgSHI62IEQ34LK+262g2ALbYmxSWerDHlV9r6W0oNZ5na1zcU=
06:25:39.7164,I,16592,0001 lY5LzGMbIzjmoCKendPvnGv0MYi6fgl/5DrO2kmy3P25Y4gWlqrSaeWywmP3rQoVqRfuOww4GXLK+ZwE5IZnOnIv+AktmOz31KO0sE96RV0NRhOoEgFGFySjfmoyHpi+6p3vpZdHA+xXVVRKQBLzyuf7Gr2cQK+9Pl7Yj97XFmw=
06:25:39.7164,I,16592,0001 elKW0oSeabB67Vwqny1oZX4Sj3VNbe7rcL01n1Yf0MCyGdyjjib6r4ZcpvDYxxcV5cQffyDD92CneEmZIpadKrbGoVpHo4pfmL509AKaz0O6zM/vyQ1hPkTNfo3NmnQrYdX6CRVaxiJsrWV1MRISk1ghwVul+eRzVnNQgY4UUUY=
06:25:39.7164,I,16592,0001 xb4PaIUBMkUXrIpj11naNWZtRVk4xuCLaP6uNT2om8rXdyD/ZptIv7/4i2nHHv92Z6Sv/jhtK5DFYPweVe3/JysJSAgUFpwDoTZS7tNNBPHwfcKxrmGtwGxICCbbKI0QASJs1158CfB4Xo4X7B4psj7PJMtCyt0DYCkCw0K9fns=
06:25:40.1473,I,16592,0001 WnSy9nSdV8ZgNzpgSoMUYkBfUMNL9SDW7HAm3dZ/QW3evsZg2wscViQyLwMENamSi2jSKr4ioltUUf8+3Z5arP4F9bdMZmrlsoECvLmDgxbgvyB4ISRUMsU5JwvfvZDbIfXDaDYAQ9vSDxz4j7gtT/mhC8wwNm+FLlUqOXacu6k=^DaEZc7X6YP8ZgR6+YoRqy6Kj/hTusdDOxnS7+wyi0oXjKyFru9SVolIMdaGjh0W4FTg5334Tq6mM8NhNJ13cokRkvHAnNMmAgaAqCjCv8fbsJv1QhwhBq4Ti7WKqXjiWaoG9GwEq62P/wbsFWVQWTVrAhk28WUUKxm+ihvTzr9Q=
06:25:40.1562,I,16592,0001 ZbwFvx6xoD9bYYhPMWc/VgcSuPP0ipBsIRcQCED1h7RrI+hL2NZnK2fore3qRgs62mg8xDvfOttqeIUzDn+NYb54LE6Zz41cwWusQBH7On70J4xLfZMUaOMx/rY8947HdnOkggOZLS9S62KNpT5clSdWmifAGXzj1MWYVGkvhiI=
06:25:40.1562,I,16592,0001 gnU3FE7dEmn9yMvLtonOMvLzXrDR0w/wCl5GeTLQKSWCufcmQObiSDuB0ZZrcTfSj/oZs1dTyGCRGyeuxmwI4cfgXVPyi+bXJvHjIGm/ideEGRqJSmFuIMDceJ7F/uWmwpqf/Mx7jzGuKy3oVGHZ6Lky4vFXZ+jk62n+mjUrBN8=
06:25:40.1562,I,16592,0001 f5AMnA+b0mLhQzl6fD9yMzeoiN2scg+5DLgCxyTANssz9KNf2qDfAKC5jItwu/ZXHXXX6FxVDU5kSZ8w0O88KOJg2gBNwP+7XzJyFzhJlLbQIIRlrTc5dXQaE55czZsNfiqh2iDx8mfwf3T5vxmZfYbsoU+kjFnO3URvP77Shhw=
06:25:40.1562,I,16592,0001 ZpIlxlr41zM3/ZdJVdefhgK0rfyX6zQFXoegKKcMM6YkIfFgdyo4FCH0iIi+AG7gnA0zw0j3OVZddvEEJ2bqKCVsmvzji7bxPcFt6wPw3+4GK6gEW+xB8tLmzM1WnFExv5jelnPZRmnFu7IfKhvftgwNTfDbjLWLZLvt84jY82A=^ReN7zCOdpp99dBMkCNJ0LbfX6f3vEaV3YtBpiG3JVjqJbbi1Q6ThZERnf2+oXlp0SMokuUN8l/+hWfjfbdQgN6fKfiWPJJimeyv7SkLD1cxFi0um78Bs7jNp0pcv8akwdr+cc0y3cC4J+44eRNTyDgwDUuhzDWB6kI45IfEI71I=
06:25:40.1562,I,16592,0001 FMM0GU6E2Xs0H/ucocKQP3h6w07/tVTWrfOZHtYmw+DLdq5cMJx3oW56XlVWikg10U1KwfHp868nGG7072xKAi023CUEMnDdJOos8QS6hNvvanjL06Rwd/VdR1GhETJKce2CUt/iQZucfLl/N99+1QI4TFx668qOYcKRH+Lhx9k=^BifSEgzuA71ti4qJM59zvPrWYbFukG7ODCza/a/SsLThUw7p7OORp9/y4kwx/sep+sFBgIBDWqp1bbJld57jxfoOOuPpFLYlqHJtNXf7JSP6YOVLz+5ptQmeOQVzst9SUOk+sCEnm/TkVGIh3ZIjHgAttI3ZMzL0fymYnkMcYoE=
06:25:40.1562,I,16592,0001 HYNH+RPSqPlaNd5PVW78FCYPwmfx/Iqn6xNX5bsir4wQY9j8ImnqjbuARMdcMk+o9skJI5zXkjmKnZc3vwbcMO9hXRum7VFWSdGQ9Bg0QaHMRSFZwDx2utbkTENi3SsVa2RlVwXyAy6+ponin7TUlibm6JtJHkgsMVyGV5Ivytg=
06:25:40.1562,I,16592,0001 WICsq3pWv691bp6wmniq5+SjGskRh1BJMT/Bdr+lg3hBjI6YnPFIaXJrEjHK9ftDyVRKL7fQv3nYTA3AKqZbLwsNP111D/UD3vB9mjdcaZ+AMF57dGxz5B7HOJUFdPrdDAkwteVVLdo9vbuDLhgxednunM6/1TNh1vUK+O0ySIo=
06:25:40.1642,I,16592,0001 UggKK5tC+ZYsaXMtUhYKXBVhUhFN3OmKkao7CqgsoFf7ekK7xta1Wrkaa/S+RBFG55DqPEEP4AhNVBf0hl/2u30nWfJgP+ul8CPdmhL0u+4bt89du8C0e+9WwB+gnQ6EkfvrPffPt33pFLEMreMBh9RzNVwcvY2jrIE/wR82gfI=
06:25:40.1642,I,16592,0001 MYREGU5zoACb7ZNVABrFQ5YnqVkD2KR6HqpFPrl8wnKUxZe+vCnEIfMY+5BtGzEV6yft5v6OUrg2KlTV4JYvCb8aPkDCgE0cJAw9RA9BERaTCOhfIYx44XmBtlOI52MOktmdRvFTSddxlyAEReRmy6H9Gih9A+cl1YFyQ9FEBB4=
06:25:40.1642,I,16592,0001 Kjmic7tUhvPQ5+hNEKaFjrhZ3Eg98fMCV3R9u3Vi0NW2T0ZIMt1d/WVXXHZtP3qxpkMxf8+k7zyv79Zop4Mr4XLcSpzUv1A26JiI9daj6s9cU410VKHrYmUHTblU44Zn1BnCUr+eT3/oM5vLIFA3bA2xdlme/dUijbHRUiTs/Jo=^YfqpZzMIBMhXmGkcYQ8W30YzABGNUyjyX9l58DpiQiuPY/FxPR/Z3Y0lj53SY5ugL05wA3Xqr7DbgvU7x79UHMZW79bpl1RzcUJlWbbxOchkcU3ZeffTd0yQERRd3xsc009tnmuQCI6/MZlyJzypheo2/EYAXrwziclCVA/w020=
06:25:40.1672,I,16592,0001 jMY3n2gb5RC+vW+XrHj0SAoUieQ4w6FF3q6xjD8uEcEFO0GajLrjY3BMPTpd/jGrLAwsnhjHHY4SEGO9844eJz5thnZs1BN5hhYvgWWXtWF/aQGDOjCZXko/p/IzoRUU8zE9vgvjbx70ZxYwmCCSiac2jRBf/S0BiiQUmNzLH5M=
06:25:40.1672,I,16592,0001 paDuobvbPEpSuoH9Awglbat1JZCcxrs7c8RxiKPeAyRF7erlgyq2ZIvhnR3eKPmfqI5EH0HzfdXAlecYN74/+3G/lUn9A0iI7PCHG6fhu0V9kgCv8YujfBATidQ48rX2KiVNo5KqedAnC68E3okbAf6veaZ3kL0pA0zjwq3jAxs=
06:30:39.5595,I,16592,0001 QyVt5IY0qKamJle7rLZzMwylv4UO8wXITM7HsFQ+YxG+yZVp1oOuWsgiKdOIzrEHIMQPW4ITjaseNgI7Z3SvnnJsMEvVBJzYkylbF5gzD5PmLQiEHhJkGlq1Xp2uwmOkc1LJlPRJqzEvbOzqGsI/ecyabLXddnMxjvM8mohgj3U=
06:30:39.5595,I,16592,0001 bln4E/N9rjT/68EWqc932A0uQ8IaCv2Rj4bdJc3sia1+2sLPrVGJ9Gb9nWzTCADZUEQVjdzkVM2isxXvAlNCwXFVnrYLJCrcY22orPZ+BUPOcO/phRLHokVp/DQ91EhLk33ujFB65I4w/1c91vVa7cp7qHdH+8KHPZebZCnjjkw=^SAgcKQXPdhG4hPtJhL6foUeaV87uWdIirGH+cipJmq3QLsO9CFpnYMazUEwhula3AxaWDYPlkiTT6gXz9OBMWptj+ENEdvL6RdFuuFOwjtNcQLWuGRpZSe2bv2QaAQpdxYdTuDR2+E8q9UzSdasNdlKdd6AYNrCUfqb1PjsVSf0=
06:30:39.5595,I,16592,0001 euvW2q0RC6/bUsvl4r3uSY2GJ8Wvy2VnZ51MoJFGytSzX5evKsliis0j2tlAMl6lZKkQcWOzQ0FTT3fh6AUhTMMgcSDuN8a5JKR6YGEakcrxajZ+x+LMH0mRkU6koAcm3yDDyV0Z1bdJAYKc+xon/Cr+KhVWaqzBdVfMdJIWlkI=^IlR9YdupzUEp8Zxla9dOclLmrvYA5MHD8h/SRgx5cHu0P5TEgg4s6OcsMwCI4Ksnjj1s4HwPiEm0gtz4C6/gRn8KI3uYuO8dJlWBaN4DuShtHzsfdGoLsNr62KTfCQ2QeWv7n44k48Sykl4un/R0vbtwns4kxUPC91VdshB/9uk=
06:30:39.5595,I,16592,0001 dp49wPSibaPX1zYG5WgffK/Ee4VjSvXb8EzN2s7Hr7UdSWUCs9S9Io/CNXsngpG0L222g+Wfp7FoeIPl4cGTOzEqdGhd2NwlUQmh/1x6IiiDDJsMWHdUCNzCFq2sTJ827czihqkrw9xau8D+lHMyAs6W/Ff0m7iNSfPFNe8x0JE=
06:30:39.5595,I,16592,0001 0pxexhHsSVoJr+e9utMhStQtpNfm8Hn9ESA+ewsjasGGQybzIMOmMvyGQFnCVeuGZZEZHh6iX9vx0GRebdoqX2anKIo1JzriVhGdlCykGVBhB24HCXXhJ+hMY/me9NEfghJxC48gJZUfwjbZyB/NkcovYBMvcL5TyOBQNj+0Qjo=
06:30:39.5704,I,16592,0001 K1M63BSywlDqWkYUuqalqq7GMv8nHl8S7+IduU1Cmqho0ia9sDcyopM8WzkJjyan8+NOEww7QoU+Fy0rk6ILG/Pjc8LJ4jwukJqcL1X1XwXM+Ih19ffSPMb5T18Uwt2HXPgrBSOQrOb2jnmL1foYalJrBL9ujl5kO3jFlGxze6s=
06:30:39.5704,I,16592,0001 gLFf656hWZUcyySGlhIaxU6VkG3WsuAH3JG5Rwny769PyLW+WvkxPpfkL3MU/DLzV1EUVhIv+6loooVSo/lKdqdStBxEW5vpBk5liypiklaFtp2KnLaK+VfKG5WqT52YxDAJNeNEHBfZ7yvQ6Ze7YN//dVT7QuEWMPlPffybAEc=
06:30:39.5704,I,16592,0001 EF84+tA75kELkUd4ivRB3qaPBNrQvWZisf5hQ5M/cF/dgUQrroGlyChor6jOX7dTeRdB9453STxl6jaO/o96waYzSAQghM0xv8bchANf1i7HhGbwRIAtZZqWPi6zzUiOCxPuq+Ioel4dQBdp6he+v0JRAgx9xCftVWq0A/gwIII=
06:30:39.9271,I,16592,0001 u06WoXNu0JwTF3NUfiToPY1tSatrm3x8zqc/Gli3rolpMxte96MNmROXTFoeOBkRLPpMs8GksfgSpGWRFJYme+NDLrbYkZ4Dqx+B6HOE7mZ270zdsE/sGVaahP7kE91LmJkOyWXvcZX6N0dbpuhTG0txE7He6AkAmHr7T8zKfZM=^CzC+Xr7TyL0hOykHTDYXOCqKSlwTpE0C2USPEcIT2nqQxluPN6KLGTKfx3qZzLumPwtstfkIVvAnxy8VH28I2tQYGI0FADwPImK9sm3P4ngNjxhPdnsPTSO3wYdp2tdF62FkxGHMIBhUzp61UVEjvOUHJ8QyVVW6Sj+4zX7IEmw=
06:30:39.9311,I,16592,0001 yrLKd0gL1sLw40oX4mPgIVyJeqmLk+dzwVtt2xxpTaPtaPZsrin+GZ1zaXeexAZqlVqC6Z8m7b4PhWQHWPNVxm/tsNl0dYlBdAcFlJNsAwvaAAJYTR2dHsBkg0LYb0NtlU/ygFesljDB6wY4eulT8K236MyjRzc4fjGLStqQrrQ=
06:30:39.9311,I,16592,0001 hDCQeMaTucovsct9QztQvTDGW8bHNhohBdZgGo8AqWgN0XOfJ/oIdKqJpNp7ttjvlQamyhMft+mUVEElprS6otzg3+dnHjz2TkXpF75Y0Y0W5sSZDJcSIWqrPZV1jmWWdUVrcMmgXwj8YCydXfZaCj85szqRoPxaGYjperzNjDI=
06:30:39.9321,I,16592,0001 FPdq3WDB3xk1H0VzOrVuJbRhNs0ZhaCCXwArhE+gI45AA0VoHFwbE7y9k2RS4fw+4g5pVLJaVRWWW48aOKpJEKaCQiACQ9Wm2h94z4RVAGI/mNIUtioQ5dB+t1eBqBdSW2Q6J19DEjviB1WWGenC5xGRYRqss8tniUImlJVa4kE=
06:30:39.9321,I,16592,0001 omhZr65oF6kVQlkkd+PvPsna9TPR7J/F0BCUZtrg2mEr54vuzTHLeReGdkd7Nk3K9ASBduZR80qiX+EYHlFH6Q/6w+ypeCUDsaN6RqGnQFAOKEC/EraKk0aOO7VFXrkM99jndPI5PQ1eO2IE+bsBzMY+PQG47q0dmS9IN4gERIY=^ql0gzs+I+5PnBN6GiLJ47JxZubQLjHNDO6rCwPbujYeVjKW+DkUqPcOoYUpzDONqHYEVeDa8WXf+JbE45WRNpo55dUC3G8FpEyvSAmxGi7mVWQGNoxBwOZogXYi8GNvrsy+h6zETWzYKPCqAjiHqJYjMueRM3EIveOhSRnDr+RM=
06:30:39.9321,I,16592,0001 DxX57LLWXf0fT4pcP5IOEP/NQpW2HOidhsl6WIYoBc0IJN5zb/8HDAdKZvgQwS9ez86loKyvfosMx58A15viiY+U3ZuqohfkUrGqC7DxdY1T4YimL4CRSBBnDiNy+hJjNtBObrT25OMHqrrCqivE4KWU8j3eIcm6x9EGghu0QDQ=^i8WtdaFwWi0NrfeUDFaO4oSfabYAi0fWeBA8qJzGhKLc7ylyHw2MZevGMU6sk81Ea+nXW9w3om2t5EhPSB2zsXpo8Zd46OX5dRnKy8AJVmi/uHoAZGTdbLvjEps/spzbrFjOSTLtc2Wy78Esz9jCL/WFVBbDegvLLLxNnDxvDEw=
06:30:39.9321,I,16592,0001 Q0uZKH6/NwlZ624fR/BRHN+Znvz2bQYX6tryBA0o1HItspzoMjw9p7gHIhgm7XE7RqXNDP9+tt5D6eYilWxVgKf/0YrFq22avgA/xhW7csDfK4ZLonRhRValgzoC9OxtX+isMo2U77ev77EH+y6T15UXnwntblDr/TLhOQ+VTlg=
06:30:39.9321,I,16592,0001 rc/YUgGr/mRYdeTySxLE6pt/C9eJmYBHNVzvpViKKSr3d6uSj8TQ4nv8QzKWvTSc3aKX4p2EbDU5fQj5gNWCASwGSbG0qsvWtQ6PfDpUCI3pRMf4dcWVa6rOMNFRoCRe6RNwwIiF6DG6i501QWfKgyvmwep+bOnZpzTj+huabxw=
06:30:39.9411,I,16592,0001 gOx3IiOJSdc7QEsd0WeAn2s/WRZRrbKXNcbJZzCXfjCnYHsE2cg9tMgI6jBkx0JJFuTpsfVMYz55mgNRBSfCcoTUbQ8qqvEFyjPLjON3jyR7IX9Mc6Rh0FTN60myjfP0zNCxGu2nwgVz1DSh5rJSUPXt5o5KXbDJLMoRzmZOipA=
06:30:39.9411,I,16592,0001 DJg5pZ5YE1firldIY86TlG+JStEMBrkcehDm4ZDsjIxWNWhMZ/XEgZFVyLc2XH4Cz0rcbTLhEHYvlzyax1z5oZGPZdFjyGAy/j744+cZvFrPy5uGZBIa69tJOt7ARuyZB7nL1Bj07vF+cfThMRHA9Tt7vy7A+S5TxP6xbgJwv6s=
06:30:39.9411,I,16592,0001 y2ZXmqa7u8cKaE8wHmQKwTjlhNCWSKZBVAuCjF29h1iE5SDgIQndZB+AfFda6cUYuxXFhJYZKHZWKqeBovJd5EoRZRMtn2YDz1d5oxKsoYBq0lrJ5/lytFF9ExCIL5IW7H2IGuSEz97vM3Z3q1spZPq0mp1H43Q0feAdGMhjdJg=^iuWrK394XzZ7tX2R9wLeLAsCtXM+ZKay8qp+h9454QfpQa7vmYEXZMXBjdCxO/LLa4U3L3dtWxVmXrCUTTK8awMFTQU8m+XJAuGxL+xeFHzMmZ0m9+hiTgFzan4W13+quEqEUSNZiciNoXEjFLiF3Z4o5fSYl3AQRUhxopg0nvM=
06:30:39.9475,I,16592,0001 bdZhjaBYW9Buipb2sbV/AtLguLG4DCS0Hn6vXXCUu8z9h/BkatCyEztXXYaN/7nbmmhZSEbjSyLMjEqM2yQmTCQJNxC42p3KmkeFs3VZ2GnGYGsQkxcXfFGtPeE+Ks7xfMGIjQPd/iugt1jkycdsvC6znNwamq5R1/Z1es5V9ho=
06:30:39.9475,I,16592,0001 a8QZ5gCSfypJcPcWB8/NL2GGIYkZkJBSVyyAJupNmxbqqe82spIoi9adEk6At7D6lSz83YUplniars1DduaqC4y6ej1ivoc/8ACX3XF7jTYRGmBGN8RESKfv2A3CZk13CfDeBAgftHH+GAKrTL0Qve6Xk+N+rsPVXJKlJGtWkkI=
06:38:40.1384,I,16592,0001 ueRJZ+Vdpi8jekxwhP7vmMn8COeXURdAaJO4FEj6mkx7m8UqnM8o/ICsoBKISyXwSSxhNTPI2mFTwuyQT8eM/OroKBpWQQtwM/OV8lngtlRgepVnHwAgEQbqRvX5QJpU1gR7UNg77HF8p/lFVmp5XiH79pKZBHawxqd2ioqW6Y4=
06:38:40.1384,I,16592,0001 C6N8Eafd5OgGpxYwBt3x4Q+Nug7+RoKGlSkCHDUBY5sXusDWhY1Tr0LakmBGtNJp+JOCDeQDUYawZJQaWO/GZLZCc6y1chlKgOFM353obxA5VTGW+SOg0OWFeEUiKyYOvH98IwyUd77SeI6zer4KuWgJ6eMRnRstBZsdspQv6ug=^S0g49HH+i2tKAH+e6SI4YOSHBewiCBOA4FxLj0ZP0mh+9HFU/agFXCc+t/jThRVB0fTD6LdZBxtuOBNhBhwoH25yjM0VbBn4SqzsSYyi0v6U1dzzDXNqXxO0i7V4YVn+9qecWK8xLKa3ffe0eeT92s/NhxdveU+VU8RP7OBuOeU=
06:38:40.1384,I,16592,0001 vgzMWVf0oGKbpfUoljSDmxeewkNBfvNgDHNxE0dq98KA61N7AOn0CB+so261VNRjMFr9cvL6cDemli9DOFv2UMbXTUnZXBbY95f/aVrlTUCDa7zGOw3kE8YSfm+TzDkcYqmjbJw6CIx8mXvCXBAXQX6b6X2U1a1D4An01SYB898=^P+C607N0oHZ8uOtIVXLTGs2oOYEBaS2jmctueSuzAgQyk6UxuetTphQVHCs6UmsYWJqzEdwRzQGTu9mXWDwkZpCkDQhAnmBcY0X39/f/PdhfWZXxBDBmmTW4wPwdJK42yeCGiE/OXXcYl5aFDZBc7xMEzt+zfWwW4un6GGCHIz0=
06:38:40.1394,I,16592,0001 ZaluCSm+zqNpNr8d/gxYi7PCJvEI+xRCK8FTe74QK7wPRFkA+loPMuvT6u5nRqIs4mcxdwM58Zg+sZUv+alfm4EthAGWZmvn5cx/wXtvjl5sqY2bHJ6IW12PWfp0TY4UxNNCAwjXJIETQ7SnV0HXrxJ4Acf4KHi42CuS/1pq3hU=
06:38:40.1394,I,16592,0001 HQ8jfV6F/lG4QPlhtm/+8ucWQZf0e/UTMOZUIlArYoIx2IRcwWVF1IcOoAIzm1Or35xrm4yeq5tYezHr870FgwIZ2hCZ0Ta/c3eeLiz394O/eoxLBwcto/X4vjzdPrDKjWUPwBmVmYSCb/+YVGjb/m29wveI7+mepNmFqgPkECw=
06:38:40.1490,I,16592,0001 CUZwm4i/zPqDWFJg8d+ZYDT10nnhdahQpTnbX/Fu6jlMHnUvJvXgJo2jZh2Spgb5durXEuS7PKeBsWmVcbpO73bjAOAN9Nyg8OyquIyw29EN5jERWj/WEAFW/sVCh8cHZI7fvNNEfEDu1z7iGePxqowdnM2t3dgohvXOoL0Jv/g=
06:38:40.1490,I,16592,0001 rhUKz0jlBQJCeqb7WLyNFq6Sf4laYOCGlZMC7xii+2wbyJVd/M/wPAGgPQcfdcYYs/8xrEuC1WR7MFTn3lDGbLKbtGce6fwJKrvFkV9Z2DVZodSuvepGaHjIQBK4yBmXK8X/v/Q6nHQSCNMfto9P+MD11GExAZlcKLdUMBRuOSM=
06:38:40.1490,I,16592,0001 UTVUbdufHFCtALbUubYmbovRiHtcfsMrTdz8RWL1kjoCrjVTV6Vrhyieq2c35f4qIxDjgN9lCRLx7VjI+VJW1Jzfdd/pUnduXqA+QsvM0eH6WRChvTF2RDKQy+6JAlrvkWupPmIufHGRcvUMq/85/3p6NWv2ggPPuHW8Y/X75eQ=
06:38:40.5245,I,16592,0001 jyaU1KkGjszYY1ICtrPTtdJOXBHU8J6TK2QasVRpSeFbTsmncG43hDHbxn5CmBKHpGVNIs2qe/NzqCt1VXK2rizV9kq+HWSbPfsYipLX/3ksW6MyvC8IXDpMwvrkKJoa4ReQwiPY5c4kc0KAwZa+ckhHZSpHKBLevTyLAyPCDVw=^Z1tLVyIrhiGnNne0gUxuv9GZf6YXqNbRyz7NvJW48+2ohKuYewYju6NquB05zWbvMOPmIyyFwl+JFzidJ8t1LfY2nea9u/Gz58LN/zEp95Q+emmdU73fMNmevUucFYXfvW/X4xHQKO8Knw5+AzyNizks/tIqx7LVLMY81eQM5lI=
06:38:40.5316,I,16592,0001 fa65ADWKWDgiJVXDWQYgSClLh+4g1v7x/l5AC5muqBtdTo4zK+9tKoA4Kfc+yznXH7LoeVMML6C3VtlIPAbGyU0YPRYrDiEG+M4rCoMYNbBl+BntOAwW0khTzlWl4NeuWEdyiWAAbcLaV53phrPOszcT6caF1XyGxz14yP2VN2E=
06:38:40.5316,I,16592,0001 Myono3eF5HhdZKSoaVWdLqOk7fu090l0nr1jBdOgAPlx4msiSTZqKRPrB6guaC1WSspdPuS0YaY3/+sK09BD9TZcfV7EhTdDlJgLHUCvRQ8wYf2gH4xaswVS2d4X//9fkYxsBaM2yCISxia87VXHOynNf3XJwD7bJ9rg9wLxrtE=
06:38:40.5316,I,16592,0001 mrqHuHHB8qEbIjE2cE8OrQ/SZMWWN/JJwiPdH2swDFV/8mol0643B7cwCscNNCizWn1n/SBMhAyhzjunm7jGcZyWCsrP+FhNkERWlkJfUpnLdz62GVUbF8+CVYeAl0yqJrnf2bXS+OKufMHKnJyDMk1X3kHmzykdkj9fw0NNoLw=
06:38:40.5316,I,16592,0001 qGMUK5TjwFa6RLDtEDpzmwF2Y25f3Y5wdlPx3W6gWDswBq2U9ZgfJv6mvuWhSQAWL4jO+h/dmSvHnOnrq2UQ+m4/TIXO08Oba1epPJnaj9FhCbFdWcPtS4jEq3FbInebS9WBGx6e0IpoMdeISMddVu9336Gnsn4vXSxReeq8Gu4=^Z6nZyZtuj65mVKm9Xj0hSq2+VkLYV8tom/bPEVvOUjd0rBdOdD8WWbA171Q+Fn6Wkf17kbl5ujgvNibQR0r1Wk/F0714Zl6SbolMNmGj0sZIUy1SQ+MnoWwp4rsT5Q6z6ivGUwV/8ADqkF2fCPszVpsjeboqiRr2Dk5kD22+cV8=
06:38:40.5316,I,16592,0001 ZrdnpJtJOXTkE36oYnOtEuM51ptOJP9K0wqUxB1nV/fysmkNwAUTHWxAGqfW6KuGGwfV48+TYs/EyORhFswE7r2LJupVMtIG6BJIR7J6dHUBBDsLreYPttR1dxqSybKgowOiF/twS/uH3yPtLExtWdYMzv2k9eWLKgciB13/byE=^Hw9MMZ/iFigkeiAY7Qo9gI7/zzd18yXtSaRd39SsrTUOls3nCyuepJdKQL9KgbJo8V/Gt4s6n7Axttul81Q2ms9f96+81x2KW4aG9Rfx7TnukifJhpaNw0Ui9/j5vD7TCfMmKAgisTU9aL0t5+T7VBN4lQTfLa9D1XSf9BQK51Y=
06:38:40.5316,I,16592,0001 FNfyBOB7vvk0dODd5pUTSwSj50ViMEe4L173GGI4PfDbQ+thmQwBpEkDggo46nh0GP7DDev66sjvpnG+NPYiGrIGY79WboQajgegDD2vFp76hmmPC5HBX5Of/RNZOq7lGSrfdniT+PCAE4nQp4BTZwFXBxQRSRleL9bFh5pLhG4=
06:38:40.5316,I,16592,0001 ZzpQnSch2pFJFG4DkRANbGj5GPG4m6Sy8M430CVs+7IvTLYfQ9g/z/0sePmiK0tV4h4pFWhEhtcinRpor6oIvq3Id5yFtkJy92SvM/Ba4dpZo8Ff2KGzjRHbQs8QSJ0nDIj/A+U3S1xa6bOPotJgwELQ1JxiRhVJp4bb5HMLBqw=
06:38:40.5394,I,16592,0001 RMmTYzciuJBIxdk4EgWsI3sKmcvZx1loLSY9oZxcZ0ZMJ+cGresguM+qRSUf9Dj2eHAoHrYNDMxFpj8OER490wZznSb7EVV9yAXRwBcu+hrNGdNDbNx01X4+1cIXDS4WVBHTmGXfoh0UVlj29VyzWPpLcHTLtx6DmEwwjv1D+pc=
06:38:40.5394,I,16592,0001 iIkeBPnxQn9CXnr86BuXEUT23/mnz5o4jRgJ8mqgfQ8+rvW1mUsmqzdePsSHjPM86mL9FrIqxr/DjvLh1rYM685osKdL9q9NGrzGcYOrNLe86H9ASC2rrRqjSu1IdbfJpnewFnPkaGd1GL2GBPGybrzpndL+xR+NfBBtMB/ZxtY=
06:38:40.5394,I,16592,0001 PRRQoG24TI/FcYliI1A2IaY7Pf1zXaStlVLIbI03WQ5joAfXij7s/whzwerQPkkAqcEv2yOiYrAIFgj86rQytklk9cDd1R8pG9LqstHhiJKzmKct32hDWm/QZQYnk28sksHe30KtMTxOJAodKrwByweGzi1DfoBMtdAju9/FdpY=^bN/p4PmqujbzcagPX05TeFk88O6hu/he719dRrgofSM8RW5WT1r1lMeA7XKJD8U+VZCM9OVwwabOXM4kfs9oT9VYt4oYBKYAQjRRcHxBOgUfXAswcDmwtdW/ox249Gqawn1wez3vszr4YRHRZR/e9w/pUhcnEz171W8VlZDVbHw=
06:38:40.5424,I,16592,0001 RzUoEDJQKoYl6nCN57wOI/2KcL7K3gDOlfLN30VE5FBAjvm/p3DghFiiIdO9YXeLRgHWYcGqrwvrDEXBotGBh+YrRxCS8DBBeFeS2zGbCEyZ4uYrsBUx/FRfvRwYYrmDoMA1/DyDMCXFUM7MOng+OLX7Qgcq9UrmxvKkOmPW7xQ=
06:38:40.5424,I,16592,0001 BDID5GxKY+6ysUHZ7sr4SczYQp5T4Ct8WThIrDt1Z6fCNfMnvofwJRs9T9VR8Txkda7iIMPIrPW/G8lcX0bLDNUPLGtpaFEIGPiqIeweQFaM5Mc5aSSfjNpTUDOu8SGiiZrg+Iu72mUite1zELWHUgveP70ci5cy9eqZWZmh8tQ=
06:55:41.2072,I,16592,0001 ppUBSpArdYTB6mnpCirm1pEOouHinpYyEIbZuUKSD+73VyAzOactFS2E0GpTArYWYSntndrfudH64PDGHn+GMYDaTa3Gyqlrvo7g+qSPTD2qJ2dRzqxpaBrUb43d1PvgD/9uRWm4iqwVcCVvVcJVis1eESLCqd8bqqS9QwvEYsw=
06:55:41.2072,I,16592,0001 VNLJCf063T1ZvKwplonwvU1bKtydMKcaiAWpiPchKOFpZUETQYMwaGyqY2hEV1bscFlzi2qhOKER0LMqBEFz1YmUGiChRxHmSMo91BQYnKaYFBtgaS20UrAOiN2l3zxm2vqjzk1ElMCoKwVexA7TQ6/q1WB3+4LcJVXyrmRCQBM=^eBnxRaL8c7oG7LisA7MN2FBKTA6aYU+0YqnGhA2BYTijYZviq1+t8GhURgDceZ+91x0ePUSZGtvv4bell6zTlEVpVswFys31bGwqReQYr/62eI+oaRB1D2bgf+sQgOszo7sNAF1wdYZCSsufIdSFtLNEZgwFejf+B0kkd+Cx+/o=
06:55:41.2072,I,16592,0001 ClzyZGEK3auQABHIuzF1LDxSKvMzdeP+VazYevegqpA8fV4xmY8tpJVmlIwIvpZ4j1K612pOx4Q9DjIagSFGXsvtacb4un4ISTvtic6y5gF3de3vIxy239v8REmOo8HZWUgW3d34kks5/jdojgCtT5TsHrDFOlmXcFUatPLAl0s=^Z6jCL/C45YZTaLToA9xU4HZBRUrodcLr1l9Rf0dXUYnFsqYetOY5prH2ilzsXavyp51zd6/Ma7J8YmLDqt0bC0HbXcnbdHfdXUpDRjAuD8QytRE1gMfTu2AOQQT5hWaOeQZez8K/z5usX1VL+jz0mZD60P+JQN1Fwdg5d9mfa3Y=
06:55:41.2072,I,16592,0001 PqyOh2fsiLvAowXTYEIsnqxORtj9UglqUMN8gjUligs8PVqoXYMsRAVx+2R1dNi3Xgc3WilvQzPPJDWPCk61mXhP6bP5OP4eSeZgIoAFrNtGrOTO/6TH4QQYOTEfJf5ggC2Rp1+WkNMhEIOdOERS2i1mJQKFqGhLykknnohMWNM=
06:55:41.2072,I,16592,0001 tjbiec+Gp0GpjNvsbqhh0rMRGUizHgRqojCa0VAF8hIzlaZDPJwfK/hFRg1vyHCLxaUzaWUEGFmy0f3iab0v9J0wHVZRcNCiRBt5tF1XzqPPVz5X62FCbV8TcIJPM8f+eB+xexhLGWY2RO4kH2gYyD1+us7MVOaNXLIPmB6setE=
06:55:41.2190,I,16592,0001 zBVhW5dkk/DdhyxPp/NtEgTxIZS5eAtbTiDjhx6a4JXRSZ5XNlu1/0B416uOcqUsfXSz8GQZU9Pk6qHDnaHTHJnNZ6j9uJQI7Ojaf9iXpkXCrI2eQP1vjmwu7+9ExyWNEwUWjaLHAPOfpQAwmArf4djKoYifKNhRbXS2oCB8ikM=
06:55:41.2190,I,16592,0001 QKyJ1Lum8xDfTO/gZKCUpasWDadL1uEnnBBEmuZd4vJQsB9v2oHw1XZSiTdDQcGyyNYxhlB5lEBZub15QYNFqywvzF3grn0F/fJPRUMcDR5y7yHQN0gsympNkQIN20BEt5wO7gCh8naA6mZMzgTVFMWwwqpwkRKegXB9ESciifk=
06:55:41.2190,I,16592,0001 V+9FNy1hGOQWxV2Qo54SXSrlxA+ZLqdQ6osYD35JvpGWJD4TDMx+vNXrpHCt7YAiLXo2oFKQVB0zPl0MC8VtepFLOLCpZjbO1boTEhGRg0U9+iLMkZCjUus0cngbzAcz5gW1osMS2VRIsdMhla88cW1EC6Cl7Lz3GS5i/7vHqfU=
06:55:41.5672,I,16592,0001 znAREBjz1sG202WuydEOX/0mlpCk0pUyUTB1lEZjOBgBvRa2AsYqMylflyh4rU+AqJSHJqLHeNkDRLwJbmLDb93qjdYFvgTYUtXQoRMUipay2WzcG9pENqebSgfIJxGgdunjl7f7jBVQ2wijMFYh2sFkkB3EscObbypFcWH3NeY=^yrtzrdhT2uBvcQaq1X9VZiQhr7kFHt93zXIzJRGDb3WISxreOC8FSnAyQFxCyxJ8uw4VH3WwcI0UkxhcyxIvKPWDY1bqFbyIbyNXC5LYr27ZGryO1H0zJ/EQPiBaqgCpPIf4CbUx6dzl9akjNyBWeuT0jdFI25/0JjeIcP9UlvM=
06:55:41.5750,I,16592,0001 PVCKBdCcac4yAANJ2AD2+9U3ULN0iOzdXnA41d3i4qIAV5w4La5ZS6cpQnw9oWFk6ObDhRAyNZLglPFXSArxnghbWUoEBfQqISvCFnNi0bIBICFYv8JlRWwDaizaG2USUr5eo9ptGQppGljh2T1NOD8vcFlKy3DXld15fWyjFi4=
06:55:41.5750,I,16592,0001 GqJay78h3+LThWPN+yyCU79XtzjMe53lL9EbkBH+DWD7zoN6gW25UrhRTW4rrKBO39g4s3lQNzQzoQKXePIx2QOIzVNvZKng2Q9aAjptHxhR6mJBbs3PZlB5Bp8V0Lg0HWTamysF4+B7pMrir4bBSuPEQ4vbFo6IcluoaOYOwjc=
06:55:41.5750,I,16592,0001 lbAcIUXWIh31TxiZnEqDzGaUn+0XEcnkj+vYkxPC1Seyzbl8TtkXZXAHjfxImtw56GZVhxcifUB6GVyH5M9SR7b22yobzV68ZXpeD8D04JajXDDLfKSfSbbxr6jNED6D47Anxe2bXO0jyTsQvK41Ka+FZNc6RZxAyL0sVsIxAHE=
06:55:41.5750,I,16592,0001 REfK403m6EFHdjNj9JvkQ17LqobZiCrky74j1b7pFm0WaOizBnvWYCOS7c/dJYpIoW59b4SdEeYvM44WbD6oDsjgqiLOGEUkuwWbQwxVB8U4mayUA89+gJHbwDMlpifkEcZm/AD6aSsyue/qt593zp4f1n4+nyhJa5SgqF7bBcI=^LkcyLFrEZPeHk6pS+Wcx2B+FgnHjlecY2MESwNU4j6bi3/r0A/XziAQZYWqnN+b25Jp1p+L6y/80qwtJmalyqrX+32fnQTsArbCpU7R5dqg7NrwibJkjWIXCPup1fte4t3ZoKzkAP3TZoAPgm/lkPfNYKVUM3NfBHWgX1u2+cbQ=
06:55:41.5750,I,16592,0001 ri0h+MQjulWerT5pwu41emCQEaZ5ytr2P1SRyGIlcAxGWeC/d0/X0mKXQhVDE3MyXtvVU7NX0e2o+FMuo0nkcqB473E26UOV/qTr3ZKc95qPDRjR1Q9pyfdCPQYYHC3QpxcQzp5H82b3myvbu0gTJbw3QRi8itsQGCEHn2jMgJE=^vu+DCe2vEiLIyNb7TIf+I6RIUu0P0xTtAPHZi4BSjTgAx8jO8WNTRC9KZYWhu85gGM4fh8/w09Wy4kffmuDrn6VHVYL0DhCfzNOWSX1MwuqFKvmxQAEiaMNgRDUKPM/1XFrOuigGTvFVGe/UP+Bfx6JpCU+KqhkvXdN2FUJtexE=
06:55:41.5750,I,16592,0001 e4/GXP+oyImeLbL46jdWsctdOliKDJAWMdZPFYaWj70KrJE6R7ta5g3VHGZKj2HigmkuvTN2W/87bL4/Vo9apWRCuZBDixtC4+fOrUfgWKdiHe4bQRhoPz2NiRbz+O36s/zgZu5Ftj/8cyznE+4P9xQkgZH6RvsnOi70ahWHSxs=
06:55:41.5750,I,16592,0001 muJ5/QbFGHp2TJNf5CwZIF2SBq4befVyapiLkcCEAmCn6K4WEJQTNH+DA74TQlMxPmOS5ODi0V+q48t7tB5+CDW0CFEUnxQm8aeEvLHhfKXDBxACHwcQwng2T+A3g1F5L3qhQO/w2be9qOc4BH7fyca3CdLamEXlbouXIZB+KCc=
06:55:41.5830,I,16592,0001 WeeNWrAe0WGPb2Ybw0HuLt3sIeGgWtViYPj4StAc3yxci3Ezdssu9ggfCKg5sljVRKeZjc4guyEBSamkqbwkwffiS0Iy6haNAjZ1x0gP0MpMbZgp3bTgtuqxgqvFt+Q0sP7dKpg68Ufr661QQvVsbQRXoHQj7tti0Aci0QUQAsg=
06:55:41.5830,I,16592,0001 VL5gLanG0ewMz5ROzr3VGXfywC9Mi2Z7s/x8LDPPqmoTdNiWO+ZDDuyPyoLjALoXF3EmH5LwSxhsP2fVL7zFWUcsYfBmh6hVvbnaB9sOdE6KNU7CVJYVEtsL6un2WZDPiP0YYHAV7chLnB69jy5VC6UqDEAC5UcmTqEVejYfjgg=
06:55:41.5830,I,16592,0001 K4Mcl7VnHi8MYH1RRXxmjP0LcNrYxcw3H7+otiA4ry8ck/kUFwwYsDSaIxTKrb8x7tWfRTmyQVC0JRj8iH5DdYWeiLPnaBpJmgmUxuj0VnKqTEkeVXX5eQo866xwYXdmuHLFRdL9Plsxjm0/u9v18rdz6vspEsAfcvUJn0iwVro=^xyQXOoADJtPIfVDztBNnjmmHq8algLWVD27Yts3rE0SqQTk/84VdWNHK4E3NGa7Kv99RSY8AEi0p4LVWqiA2mvS6sdiNibe1JldW52iEm5cx03EX1ABtG13iqP6twY5ABLLBdsS9DiXoe8Yt20RxBb18j2HNquy+ZpyASGjze7k=
06:55:41.5878,I,16592,0001 W5tr84lh06VK/fEQSlqMQNzkslHh/cNAPyBYKwCzdaynercEpbV2f6Yi/j6l2fRBmzJq9zS7iKAoO9GUvxERwwGa2YQoUbh8tPskJOXbk/6RJ3zHaFeDl6CUi2o1b9ld98KJN2Q+zNybIx5yl4Qkkw/sLCGke8SferUvSE5htro=
06:55:41.5878,I,16592,0001 IpWjsOQ90jv3LUAD97bDGBnH43z5mieNk5+QHQnBVXnaAQP6xlIV3aa1pn3Y3LKf6FSKipBxFw8ZcseEpE2Rmy1ET33AIEexo5bv7R1ril9pjdrMxJSjMHC97LJkyC1cO4jW8oq8PN8wUCMfsq0XPjmo2q1pSDAdsZhlyWrkT4s=
07:38:13.4281,I,16592,0001 b/c99OD5S97dFQM91rVOZZ54TF3xbolaH35Jv2t4QyFrvIkYt8FOdbGWfFX8GaMQrsP/a5SFGsOpRTHP3c4i8OXJqsgrBBhbK85Lv9WKy0PdNd0jmYJu4K6EzuFQSWNyRB2UQBAgKhb5LMXJXoy/Tf4S5GWd/l5e2PlLZdJfAvw=
07:38:13.4281,I,16592,0001 zFtYrsePC0bpbHNfWqZlp3mw2EyU/7j9Ynjm79CF1EN76GlaPuaFjQrOfJ6cu+xkLbcy8G7qsTj9miSI+eylt99EjB9QM6mdwEFuZ2fgUjeOqpjauHJfPnXMVfgZE9NTXVsrAoETxqHd1Q3SS29WV37v1R9sx1INmsMnzUhtlRY=^th9/rccPiJ3a99/Z8eihNNbs0lpE+qudwsz3jOl0loiNr+CrLQs9VAX7m021NX83NybVCevBzkBwQofYXzfFMDtBwNTQpzcZbsOYeDsstEDWsu94cha9eWFE+yj03ZFPMdoBHkUYhb/let/CjNgV5Pbtrx2UV81bra/GGO1wVhY=
07:38:13.4281,I,16592,0001 gSYWN2VSTycSzmGaFxVPqmkfwI9msIluhddIVkg6OiP7npzWEaufCUqtG4TJrhQiIlXcyLq0Lv/UUYTPEcFxOgivJUJW4k/aHg6MZzPZGM+EB5V8CO2ecxukM7ULGq/EYFbzJpIYfQenD0Lb7U0OGydwlNRFwg73nY8xtfmVm6U=^jsiygFXpYDPQl3bBBHEbe5goWv9RAF5q8D0owCsG8ihncO6gUva5rcSaQ67BW5f/Knf1uVKxzUwyQHAPl8O+MmkVeUWQ0U1SYxwgFiLnt1G5YPHw2zPCWLSfYcrva/wzGYE9FbsN7qI3LNyb9h8a55BxcqFbOrLEWCE9vaZgKO4=
07:38:13.4281,I,16592,0001 tUMTdvWzKVoVH5yM5ksOH/o4W6ezO8S5aMP+ET8Y8j4xE+blm+DhD4ZEKx3w2iaTAoHkO8wdAkhRSoN1AsPVQwAFA9g6g++agnpvOtfdKLsm/2QabSE8rLrKRo3HGEI9OQky4rykYY820XK+3d7JXhDMNu5WOcaNGqyBJc875pE=
07:38:13.4281,I,16592,0001 kUmyMusBasmz4EmCfr9Or+a/mrtlcJHZcss4hdNqRVY73POjJV3rFE8lVl9lzkzAND0H3KyddOjgyJEUssRR6Nk6SAzQWnisdOral7Lws9vF8pkNpuU4ATvGzS53JZEZ+vYZplcZtdTLBXoL8pDb1hJev8YXES1qAqWmikQP6yE=
07:38:13.4366,I,16592,0001 Pwm1qDoI9CLtFWuNVfe87m9bkrp1o5XRHwwAu3GXYabciWKZtI5IigB5ktFXZDpcYyGhn2Lz8W5rPFVqZ7gkwZrwQiC2fdF8nTW440pkZViKYFgrq0YE7c7V6yGbtcZ4caEjpUGllhJLba02b4ZmoTucclE7F9/PV2IRUXXEb/4=
07:38:13.4376,I,16592,0001 rjCFQ9T86H+bVDl+v7OMhfEXy04dzDxx3UHKC0w/3sSQQRigaQ2IvOd9yCfvf/GzMiuCtiHl0AeT6Vb2QpINowpjWc2znplyZKkUoA9Jkf6m+hQo1u28tILZLla5COYKNSkf9CfARNePsotK70eOwJMDeCrBrDAx0jNjchXOpd0=
07:38:13.4376,I,16592,0001 DHxMZ/d75Fy9Zik2ldHOvqmLTbj0PIYi56wOPuamRHGQmUGyuDPWk3hjcemtlyOTFRajSgv7jpE0l3sSb4cMUH5NF91poho37i7Zqa5nZwule8edoQJlXgw5MD1bweuURZC7yerRd9QZmSwQQ6zn8v9eWK7HVBV/SPWLTbtJqRU=
07:38:13.7715,I,16592,0001 LqkvoNRRU8v5GuUe3mfi1AgU72yUtHwjThbMqj3nXCKuvS0K8qvgrq3jJp1syy2FY6loX0eO/JE72mdPQXeSdClIiy8vkirBk4z3h3XZuuqGb1IrG9MYdomvpt20A9/Vm61epNzUsHNZHLG93wu7Nw2fsPlfp3LjmbEQJOA1ROs=^bUChVm95Bal0CEe9mAxTbcbtMKnhqjreNxDpVXdIKJoATYVgsatvtOKBEzQPpcX2WI0oRSNqfqS6UOEr5e6YPjlAuSVu9vx00q/At3o+7mPlkaHEnRJlNe6JD5W6Tv5qfM0cN9g4RLJ7GpVYw0YwpMcp4lfRhO7sUOx638YMOKI=
07:38:13.7781,I,16592,0001 Ojd3ofD/m6scRidg2FyCRg7eXkPDpoFMXBU9TXxepdwLYOx6EDsgaKqQxgi20qH0Ik8fmzs6cfrftJ0uwIHiYjNt/H5sPpM0DgoUskeqYp4+QOGpYIY4Uwgq81Y+/VN2BIMZxyodl27WDEOELcFJ0+DxJPH2UEWL3ZPlFOGO0o0=
07:38:13.7781,I,16592,0001 zjnwWF0f97aXWFoWicmHjzRVy5V/1+SBmngGFev/l4xDryTCYl85wQALmqYGeR1tnA0PjeUPmgpig7/+Yr9ppsQjViu9FQTMGE9jdv9ISP1s4SQhq+Q5giEPaToB6KaD/Q8KOkrxM+M9lwhDk8PU5IPA+j5HdnP7mHYHzFKMjwQ=
07:38:13.7781,I,16592,0001 nsTsG+5gzMbVMXx3NEoxuCGCi1TOwEtgwDwzp0YQfn375hf8fB++79+dMGewjf/G/GsVn08Hs4OhysuzU9Wy+sVuayRbe7uVBSXwyriTcadhGrPArRRQmEL7YgJknh08YCqsHVv5bdKemt/BM5F2h1gWl/vkMOyIzcokDh4t+yA=
07:38:13.7781,I,16592,0001 hipEidjwUL6yf4xjE6p9NM1wcUpGgDZTji0mWe+MDEyuVUi0r/VElh/7wv1vjfvA7yNSIX8KvTEIfBYQjjJyQLNxX4n5ay5E9+hkSe1Hmhg7lc0VRdLHZhwnANB9oMfeufbMLcpi6tQQ+1+j0fbcgOypRSaXYqPd4XSOlILITOo=^Qc6y+GyfJiT9L9iWcs5+D9jykMSiiAEXMLeV+a1KDz7C1rzxdqcWIhy8A32CUOZ4J5dPVt3/46OW6dMaBbxXUN06rfLKZ4DUDbi6z0roYJ9WL0IyMYaemaKK6FdA5pEVt87ZSn8lJBHZoaPwPmJ44eTUgFxch+NjGnmqIRWav+8=
07:38:13.7781,I,16592,0001 GVEZeCKmRGQuGHTGmLckyeY+B24BdQ6467cO0WK9Rjm3m6WX/ve3wvNkN4gbQuKUg195Sm7q2wGkUFVT5aJSqs4tCy5ebPMGBTVP7Z5XoLApTbeZGbitF0MvOtYn1mfAYeD/Si7bAV9o9Ht8OTFD6UARGscFAzjD6jxv6d+iQJA=^rxbEEu6DlxjInc5Ae7Uct9XfNtS0S81HADpfKaTXagBwWz3HPCcZqTf4OcYxGc9I2o+kkkV85oG8zEATxpxecg1mcueeiwO+vMnVtng0Zha+oO0EMmc9PocPtLzB1sl6ByN5ONRRa0VdNT+2wuGQqevM3MsNzWmAmUvNellxF3g=
07:38:13.7781,I,16592,0001 pCWmQlfZCXYLX934zR8hGFnGyRCaXAAldVAx/f4Uuz2WVGVvua3yTeEhWM0iY+g3rPkdgxXqbh7dudIAcsYHmVhBmstdGFSBCFeOHPV3BjgpvoCNmsQcTNl203ItAFCrMiWqobG0JJWphfb0PZBR84GSB4gMHWbN0kZuJXUHXss=
07:38:13.7781,I,16592,0001 B0ijy3mvkksLgwOypVb/DrZtMEl/Y9hJRSK+blwJAT9hDJQjJ9jST0mukG44LyAKiJaHshekxTdRlV/bnCswlpnlGbN/qSq/B94I5nGvxuEXfJktlEdl3GcPp659gOX7lF1gHwXEYVwT5FbbGqTX9nqU0oQSi2cuS71KkEsGSzM=
07:38:13.7850,I,16592,0001 FApAkUxrxDkVTlD3QBClNAjcirYo1hqQ1QY+BLCZKaIPlHANuPSWCTxXYV4AfIKhx4wa7fwycshiHtubMx/cjOUAcsRm6IeTYH/6JMalDJRcgJBDUNqAZqYRN7ZdKfE1ZnONdMhf1O0768PTEhm7FhT74qb3GrzAw3vF+u3zOCw=
07:38:13.7850,I,16592,0001 FmFueY99PdGgv2RbOkhkLEFEaM+YUrsEuHyUuT5jO6WVbE5QMeBfGZN+gSxd4H0jtUalkMHBn+yQyC2mMEQ4DTxMq5Spq29kWDdsxmiJO7RCAbuPUEsFuHTVFlLiQ3PzcnAdfHM0NW9Zm1qVc7hlvR46RgDpABMDNZh1Llz86+E=
07:38:13.7850,I,16592,0001 uzUVAUFstsyPM6NKvmxAre+ekDWbAR9DInlSNByWNaonGqJvmx1Exm49MFd5dfhZenEUtOCDlA1sE6hVEnqdNOeuafYs0BMWKcgcTjGaLxJAg63Jz6Yl9ndW56OgbaTFE88yhVpjril2KAiUaOo62ZMwEXdUCD+cJuiwnNWR7WQ=^EGaC6NWN8CUA4OoLxGc2C1ohDYPicMgPu6QTk0UebKdtfC8gdi/WcVirkGLd0zYxNi6eligBjG4OfDZjeVaUKoyN4iWscblhnl/4cm8EgxVB8HjFzPq4Q92+p3y6k2+LT5EUkl+Sh5huNq7wgupXhJB2i3osDv4YOEBxQiu6XMk=
07:38:13.7880,I,16592,0001 P2wfbLhulgzvryLtu6Q2ZAuB/Cu0VreecyuQvHLMACA3VtNz9xKps84FGUE7Ud8Aym8XJA3k9yxYm/QnJnKxym1wjpimwSOriLjUVPQ7xz21MspkSBL6uyBZoMAQJhYrEJ9dXeETZ283d2QxUuV4+f2CjRO+m5IRU/8JAwuh7zs=
07:38:13.7880,I,16592,0001 aDiIrLGA/cTDSpa7aV57aoe7+HFYcLa4z88vkIRWb1donzMEJ1lBgDOTgVUkJXomS3SUy0YVWgv78O8Xiqc4ZADccFwnBlR3hWzdPClwHRU/d5TzvtYlZehHl3OiLpPzoJwMLbc54lT7RuKlHzyHCuaMXJZiS6KtJVDvpjBNGtk=
07:52:44.0061,I,16592,0001 qTi6G7sDpzbEDBMGB87NCs7Hs/AN+L+UBOm/jxslcGuKaI1ysM5+O7SYpomd9/nJ9ojSV9l1GECbF93hTjFQSsOOp3Tl+rZesS36j/Dcv6kRz+hSOpiQ0KbiZ0nDnqE2T4cYLsfw0BAo+4ku+9GUMei00DYlzo16z09CCEmghuo=
07:52:44.0061,I,16592,0001 Rekc+2v6bJt9aKgz7qpOHEF9VpvXqQCD+ZfjjmZPshoCDZlC3dPny1Bs2VZTggz/rFPB9SFu6P4H28WN/uSrwx9BwUCShTJIlhGKXVD5Mp6/BbMAzHS8qSavQu/xtDf0VPKYV1c3e1UFJQ7B3wGjIpiDeTzmwArlAB/7j9e15ws=^SdsTE+sZx6AI/mA5KHPANFqcuyP6AFBynpPn3cs7eG5hiCJOKFOz1QDlqoGZC5EIuDPTUgZ7xdZaqehMecfCLG/z5m1PeBrZW6avEa1YA1KcENBvUlkSIZXLnSiVoAh3wyA72DP2zCQLPV+gKUQo6Yc0pz7qYLeg4+AX89u2WmM=
07:52:44.0061,I,16592,0001 DSWucIIWBKJE5ZuAGB/DfYHrFBd5OWd5/4Crub/zH0We8fqTUxtjgi4QLcfxeKJvZvEAnLnj4XK2B2e5xjBnAmn74Maqq7kSkEpihr95ZkY2z0xWcgkNvnR3LsvLO9egstDSs7+Whu6E0KiEm6szcuVnQShaAqskb89WYuUb6cc=^Mz9TIrr5O0FgphS0QWo/rSgtbb9zS3A17SFq06gtIOLuCAyKqOys9rpW+8Gk8wFIZ23G9pfTD7VAMTeJA2iZQQWea+3GGYaEeUHjaZc8LFsyifRtTSoeI5pUMVbNZ15Fa2DeUluMi39Baqv/fhXwV3QzMckYw8k2asI3v4mKlIo=
07:52:44.0061,I,16592,0001 a3Y1ykQoeV3WioA/6rv1jHWkBgwt1eAFvrGOiqfAiMB4gb45psGS0q77WnwvpnQOd3f0UVbWedeMKjifFV7Tar8r66KOiq3TNF3Evwm4AS6bXOeWuvMUOB4hYtoasEGsksmGtTjKcawuMDIM7rJmJNiy4dHyvVh1ad4++lGbfkE=
07:52:44.0061,I,16592,0001 wHKcaqmvQrTEkLLRZCfm3X7WFGuXO9LO8EwyvxN3CNsp6CT1KQzBvmzhUJgw47A4mrCac2+kVBNuJ24anjR4X5USUt+XP5eQeGhFrUPXyCGSVM9qNfs9WEWpLeIYdJimwUOAHqiHHfylzDt3owxnoSG8hvuhf1G4/Omm4W/RcZI=
07:52:44.0157,I,16592,0001 jq+UpqfGDui70UhFNi98UiToBpawJQTm1d11zHbTvaC1JBUEPpZRbSLQma+3KRoD91is4u+rd7wRNZM6QGwEdPsnu03QzoiBJfLryWNL2HZk07risY9rUv0vbbWkjF4avosfcKV4WUjAypZRNvWrjZmF+GM34AvuXx3+1nu5dzg=
07:52:44.0157,I,16592,0001 aVPMRxwdOHvwJRLzxWN//Mp3c6qxrZlhtvEutnvliCt/NJGIp1xlfTSq2+7VS0lVoIyvSnS98UE9BEVupb3Kjh0rSWO96wIddu/+SNey9WoVi1xPVb/qhs/QGicCQpE3qWWIMShNvv0VN764yytfRURmW/J/NhKr4vbSue/ASRk=
07:52:44.0157,I,16592,0001 mgOAiYOYlH55MZG1CTU0z4D1AoGQFzphDmBpR6Yy8hO9ZWi7BafMeOs6foOGZmmA9fUIGorbKtRq7qTkJLZnjC5VTh9MwxYXFedbdiljJJ96LvKDymsX6A9I6THa9OjutXJhfg+wNPZnZhggKWJ0LBm3fRDV2jg5aT/TIAel5zk=
07:52:44.2920,I,16592,0001 quvEiS8GqHkIRZCFY1zFh9C5vW7qTgPz4T4Yko7BBXYD70eQRy6xplMpVxZ7CkWwCCVAYGSX89GoSSDeKn29iY+d+0QwqbZmWVW84d/YjZLADkB5ffr6dMNJ1eXffC+Z0/xR0eoDpMVGvbcUcLua7G2bb7wEx+AGUKQ5dyswM2g=^g5NgOUZEwR0cyOIQHODBENFm64Pwj5Mrc66RPn6eFVZGRhInt+Jqx9Aw8tKT2Tk49PUZcqi8OOedhHoUWQ4ApEq0NBR/34skwGdF2FpxKvrOukjup+sX4EkbWXSltDx2halGfEflsmw12GVt6VGQGIVjQZLw6ZPUaZOxo7fVlHM=
07:52:44.2979,I,16592,0001 UFy6zGlPJ8MiIPCk+/eEBeUYKJtVxBwTCzM+6jNtgIQPxGj77NaMAZw4m9M1iGV6i/ql5IK/Kr29KuQcxVq3DpK7WqgtYpn19bd/HzUPr8VIqRUCdZuSSSVvZzUTpCtcxoHBWjBhkuh8cYw5Q0GO4OJHC8hkxcQVVHcX5+y/l2c=
07:52:44.2979,I,16592,0001 Z9nQxEb6oFND2ciBLflmTsEzi59QNNijT3BUjqQcbyD85uyg1oqfuFi3MoU69k9aWm/Yoct+AYGzjlDO4WjyhwHkmh9i0r0q5JzidY/KfvCUC7pafq6SHK3orE8objmUbC8CV1zvuEQ5KnroQKRYB0Y8MLDUL/IiwGdKF6Rozmw=
07:52:44.2979,I,16592,0001 PMarU+mmVQ3RQ14P8fpsy/FKUfc9SEDG+G1RSxVcz3ScSJ5Nj5z7M0wzzHzL6+O4VHB1ByFrodxRxREesGztEPxUkJzUHH9F0Z5OY33shamYY3MEKOe7PZc6I2zeG9TfjXRBfcNltcHuQh3LOwYxA2PHxKaAwNpOpUiGvpmV0g4=
07:52:44.2979,I,16592,0001 KcNZ9p6kQdkR6DitJ+o8p4jGdThIgCUosPGZ9LXZvjlC+fAVA/GH+MaEDX7QMd7ek18p2bmXAIsP3UqTo+P2NI2gdV6R0Rrmu3Decs38XmMuHIgjLPLPFahZ/effBD2fUAXqQdkKSOWeteqHtlgrOu22TJHzlGixllVpP1q+QqQ=^dUwniuJhK2oY0675HgOfVMi1l32XElP4Lcob6jN106gmO8SC9MpNv224aGDuI+yiEubPhBKxXYJIYqG4jqBsIOzNcCZg2wdLFapd6rXZ3qblDGLgFMgm+aXAadGLw5Ullmy+dq8JEl7E0qod74ixgCDkasvwRwDZ1+LBg69WtRo=
07:52:44.2989,I,16592,0001 DtIAabez/zoC2lDRQXp8OUUaqsdq00+MdSOs+2r/zf5iRnIw+jtczsUyuNeqPeMu0hVcIKUUwpViHhPxe8BmpIHdOC7T2zdDgbOvD6TssZkSvB8DkPUSsHd2j8hnWPWspvDblOdK7DjekG4qzVYiH4696Lb4nh4wIDcNSLaKqCs=^CzvDIaq8+CLBeyejfnHXQHn7KGMEjMT/+tu2gQIT1uwWB36oXhsc471MTVeTgnrVaN9SX+81uosUGsDJ+/WZBxCExbFmexaeugBpNvZgIuYszGVqYenMusUvNV6ECsa818MNGB8nEZPf42v556upMjHpBje5Y/kJqT/5km8RE1A=
07:52:44.2989,I,16592,0001 FQgeu8VCcY214ovl9FyHoVF2sXwGE2i741hOOlKB7w7FyZ512ASGemBCNYSnyyPG3V33pJOT8qDVg3UEFP7/XMhx3RVVDxMMmRtms2UDEqUmiOHQLZJ37cn3GhuXk0JIRi6Otx/P+oUhDdzfaPe8HiEBcwWWFmfSMgeubn/ZBBU=
07:52:44.2989,I,16592,0001 y24Vw8AKb1KYB6Df+7VRQypd/tLEb8YlKp/OAQHbbTWkqDEm4jEfL6bNHt7bOv8TFXkL1IBO0K14bedgUtSO3H16kpHxTgrtVfwDBiL441+hlewmL/OMgi3yWiekVYfBI+evEh0W9sIXUQOgrnCkW4/vIQ2oME+y7Bq+z/GJA2g=
07:52:44.3049,I,16592,0001 KEah9RlCVsQQkrCQb29pUP+fp4KMawRfLflzCOMmTHQ9k/83Qx5cBUSfZvV2qfe4uSrl/P5KhMYn/WnhirSK04JPCQQ1wULmHIXNNRucJFVDi3Fnx37xiL8gEag66lRtA02CLSSqxjYJ9Xm4Kp8wHfXjMFCoMcPWF//njfcFB5Q=
07:52:44.3049,I,16592,0001 BTRVyfURVG2cS0RX57AQpfXPB3v8sXROvMBfkN+A4Mq0NIfCWHKRQp2Fljd1vI7KY+UDHaHzSAYowHTJFqCM3a1YsoBlKGt4Rv9i567l57lRoiEKYTE94KJeU3EXvrmKjTDnduEt6AG+KtZ/IxvwnOcx/kWqlJN1EDmdkg4oufc=
07:52:44.3049,I,16592,0001 hU2kwMhjD8aBxT1fjT8HFcdaHbjgGFBM4Lz/JH7TW6Dw6xPzq29bRJpV67gWPYduivZzzWPJ4ih4hqp368Ge76TVq/WFyKQvcg4dc8ENbMskvnx0HU7xWhy9scWAXlNSjKeu9OB+I/sfYM4gP7NACmzqdlVlNFlGxxbK5Ujy+U0=^YAOWAiKK26hs5O6WfF9OZgf979pWCuHmpmcTDzXQUPzVS7M0O3gxJq7/94jLWpgBrRK7OLhVqtb4ghbfzuuwf3q/7o7KFswHJLqQ1ENsbEDvH8uFMwXh+4q/dq7bvBtZKZ0wt37/dpiPU8mtNdhNZWaTZJgN3vHj2DlF5QWCpnM=
07:52:44.3090,I,16592,0001 v/Yb7O/64LjDfFxgJLzcll4/fs18T6o8B05ea0xCJ1QiIDQRa9kJ9jtu5grspljjyTVQn21WnBmw8oVt2g86o8ZvO9JoqFKAkHFgGVV9lz4ic4tm5/vJydoZwnRbUXtz8JkJbNkl1bM6YiCOsehrFwwKwWxS3bB8eD69quMumII=
07:52:44.3090,I,16592,0001 Sk1hSuEaEZ3Ob6W7sDErx833MErtVhU1UBkZgVCV92z7ojCwwgChBswJWE9qldidwfVyqIWA2HuVAGwyGIo32H9VdJRawsUMiQTLdDAEW3MnW17A8zyBakFsJcVxfKC1L25/NqIqkOR/hsr4aAylRwCIpfxUe2rTVQ9n9kJmYzQ=
08:10:14.9782,I,16592,0001 xtf+x+z3+vd2iCMkwjrb+PPVlAlW96Hwd13iMFF74TC+qwW8d6VQhAU+edNW36LKZyaMdeDBUQmnEn8cF6Q3wsgttMMK+4XeOLqSGm+dG3LrFyrzzuGIP1rcCguZYGMIhaOIlIaT0L/NQQIVQnDkOw3UO/bcXR5eyy8eMjUKun4=
08:10:14.9782,I,16592,0001 SPW1HkrfyG8O90Nu6EFBTlpRYuowwe1pqYPmCFFH+ejllDYqnKKIaHEPnKCLahC5XZU6fu/B+aUcISLev2RGSI6wQ5aIRZX52F67eIFk2xwumUJaQt14O7nDyDS5ZEPaoH2phzBFgFevISDeXUh+KxiOkX/sJUQ1QWLKjM+HugI=^ZOQwN5siCk5bMsnghpdM7N6j+3Jw3V2w8V4DGxqShYga+7c9i3AMygo9eIfhgR+o9chfN6Kla5670ge7dEdh/yjDDxMPcjO1H7WL9i5rIu+oRLd0NE24T+Wn7gGPIrCVX7e4Cm4UOzMXNJf4Xgq7UlV3tQ6rJYmg0J5cScf2tSg=
08:10:14.9782,I,16592,0001 hgByURXcoRZT9vLAQ8jQXn8TeFTU6en51G+9x4scMXirlRK15hzTHZJ7ZwHVYIylPrzTYfs94NlLBy4HJXvZw+BecoJiUgRKhRV31Oco0KObSf2JBnTBQXtruWj6gZoyntLnNN1dIDxf05OdHlNzYNFlTCxc/PN6h1Kp/RJZHAI=^wCNbRcGXcmDa5oqDI3Q10TbsKdjTyMYny0o4lGHASie4Z9r4JJZaA/sByXooi0Qn4VhOr3fhFtLdOmd74/ng21XaIBvFgU+jno0Di+c1i4rs5w5rECEilYG83YsR4sIPpttS1rD9hfqPHylAPRAcInqKgYdLsnC0iQL4qqsbTF8=
08:10:14.9782,I,16592,0001 Eo39qeM86AF1jtinoaCd+9tUbk64tZuL4KysYTClLX2DJBmvQr1GO9bJYaD8+gjeW5teyfAR+2vjtUMplxNURDkSODyxIuD1chFYKcSBxWKYBfe0Y2nE2RZLwm9IoiLiqfS/L4lat4fp2nRjHtgnsyBem99ws3fjk5DtpWOkajE=
08:10:14.9782,I,16592,0001 tZ579qg7K6NIi86WG3CX8yJLONV0IAZs6lPzqeGxu4ZtlY7/LTcL+ddSF8nHtLu8sNN3FpC5p0RqPwdrIcBYQTEj7huSHX3EdRwAw0LN+wOn5iTecO4vjvmnxPAulpU/0qgdNKZ+JPDxi0Nm9FA4JhSJRn50P+vVSXnpPP5l/dM=
08:10:14.9882,I,16592,0001 s0UMb8zh/ymj22rwqMR5jdUYT4SmeBwc30bZvCIBvssKDTaI8XNG8xok7N8trixswSlTt5x0D3bA01lzuCAP4tmn1UDaFB/AkUNAD07AqT39YCZLhyjuDezMG9MqhMiQRmq4BUwafCwbyFJuglP7oVn8CPKp51wXp+84tFQmzLQ=
08:10:14.9882,I,16592,0001 ywb4vXQ8FYGpexTArh//d3l6302d9esp7iEEJ73ACBC5FQUjQ7JegrOKMBVjlYub6k2yJPQC+PSkYMeROJrf9i4O9shoMdr6IXvTYBjG8rNENs90jCc29yyJQFC115n+X4DUAMNaLGbJjC59u8sqwTVcXMhBWv5dKVRVXVoQbw8=
08:10:14.9882,I,16592,0001 NVKxRZpME7MBF29i3q5e+uy/Rbmw2iT3WIk7P12XQwgOz3rb4a0K4cWXRJdVtVEnD2PZY4Ckcx2PJun4dFqOqzKZVQv9lJ6R6+THDlyu0keu5IM59/+49+yoS50yjM4vZBhqHV/4ZQOyMoSXRwopkYuacRu7yuhOw/4yXaKLmV0=
08:10:15.3039,I,16592,0001 U6ei3VrfQm4CUkiBKVhWJFZLLK4xRpvPZuJ+uEouZUYyFLYHC0jDcPRPioeHS+cDSQqevFruB+Of21JBJpZ0MktGXQNV4GUwE7dqwoBj9BTkYwpeVLEtKbq5Y/J7jpLt0tuDXi0xngHp6yjGNrQFmQNgJSjXGk+VabrHRXOftsc=^NeiBKL3ua4zRDPjoEqnqgotZRuUxm1gf3VX7kdOLKJQfSAzf776ZmaeN+58urXfmqRoqf64m4UqQf3eeR6muXskwA3eJUSaA0907fSI46CAT2AP7hGZ4bOVWd0MyI3MoUxfjGwW6yF8TbTYkfhZj6hC60LiabEG+sc5rkOHaLHc=
08:10:15.3104,I,16592,0001 SjpDNzhyVa+441ApyeIuAe8z9O5a9R0q3IKEZuM4+hbVT+oAy8q6BUUXlnx6tNvgARq2MkRvcS3lEMngOmZkoItwJxmFxFyfBzW0neBV8lDBQp80++SqkXaRfBCqsQwtzf9kdJCGoCiexJe7p3lv2NINRTsGQGoLvBr/Zgg3XR4=
08:10:15.3104,I,16592,0001 aTBNllrpd6WXMbBl1K4YXuo7jRxy9pHhrXPXpOaHuLTVZWdnzmQ8o9uyKZqYjzkQoMT5qfIaD1KApqnWU8DQPYL6yVaY8DW+OEAeEoyvc/lHdiSkcVGA8fKbng4cDH1L56nWS6xHcTySfEhuQsroAnBW4a5VGCJwsEKkKKqPKOs=
08:10:15.3104,I,16592,0001 m2WxIfOyme6jee8KTqmHKtd3OGCrHUjdCuEyaOLmS2Q++iiN2hmn9It1JSee2yu1bIOpxIlRI2Htrr3/DmaNVo0g7eVKvuppgZEK3I8q/LcJWRb2DEkuzYilxHbDBGHXDGo9TfZtu1baKn15RBPva1C/oO2FMHZBXssScayixHk=
08:10:15.3104,I,16592,0001 lViG37JcC4TYU6uo1tsIN28yuEfcH9IRUg/3KRf7Uo54qwMx+JQBbkw2e1dvlP9igwx2ij4gCLUuH9C0ZCuPrOqzqSeMYgVPpEtQlIDJsSsKU6pfu4x2PXa9r3NkWmwDLBuieB8m6rDGI/YUirURFOMYh6nXvMIHao7lMeK8N1I=^l1HlxmeGH1ASE0UT2ZfizyNwuZ3Zp+NY+XkejPw4lS622JAQyWJBboevXZ4iJPbI2Dc/Jd3y83JbjhUkrac5R1b/c/yl4/3b25Pz45XU2hVLURN2Ti3lVFUtbcujpkUYlV7W40U+7RnYrsecazw5ZLV1ygQHZf7ugB/oWfJTbd8=
08:10:15.3104,I,16592,0001 Y7ks+0exeiOLIYnZzXF0dulRWwnNiKepl2LHLji9DkuZo0ipjKoqeeQjUFUipCvFJ5YpewhGOLoGsWmcR1hhmyiNWb5/8Y85si4OVZJdu2eKg8wnNuCXQ2WvDsmYKl56TMvsnj3WZ4kjuF47ywpB02xTq4PwwXM+6PLX2Myx0VI=^EOA0Ot6kUR8iPBgeLDr8zD3V/XgjW1sRb0NTNRcFiZOhwZgh43R0+Q+Zsl0QLMkpcKiBk/3uZTFpeF4kjvUe1x87H+iLhtLjNZ4iiZ3td0TEO47MrLwir8i/QNhoNWr5gf9YsKK/mBfPDgfRce57LAoLuWQdUkMoXZjXn8lZ5MA=
08:10:15.3104,I,16592,0001 vR/5TB2AGEcCwc7hYVd3fsfdR+3Jw8lUZ8UQCNsHPkO98Yyt+ZfB2L4uwoVTszHQAJOpP/pfyxYnRy8IaP8qJrciuQyGiyAhsgBDt5vfeEi8XIrTnDFUWhRLvcTwKIK1aVtwq0WnMmXesldJy7fG2BrdyoDwDQFhJJlQtDpcw/Y=
08:10:15.3104,I,16592,0001 M3H6k7hdX/HhxuOj8a4lLH0mrMGiINH6Ad7+Udv0QhLnyFOw0Zb1g1HfLUMrCfZsWit0xUmgXjbGrlXETVvFze2YhI8O+KJ76zicWtz2+anJUO3hBu6ZLCQEp+LikyuOW1KmkmncYTxS7sHXOSd6iE5jhOc5yZ/izRRSgZRvqVE=
08:10:15.3177,I,16592,0001 asMiY+CrjZHPD/WrwUuf5si2aFVR+vaRYdsK4VKtqmmb+rMzeW7e9TipcSBC8lcSuVqrMCNBgw1InB3UfJ4yOdmSizhyYA8aGmi8NNHenYBqaBhvzrTPEjsQb/oNwwnsWxWnQgrtrbihD1zCi6thuAuky9VRvVYB1oh2AOtD2gk=
08:10:15.3187,I,16592,0001 hrBkQPcq3sLWAj4J7OSmNmCFi9WGTPcHD+G+Zsi7n/G2+5CzVmEN0GM9APlUMKYhJaKKqspQs/Ud5tP6B3FhPmzUzdvzxj2RRr/CNWvmXBXu8mlOpMIAgJCL6nLp1oe9jT2ldvHOL4/fXDG9TRRxWDX6XfzUsxP4k+8U3Er1RdI=
08:10:15.3187,I,16592,0001 AFsnZjfMTc4rLzZ4hUBQM0PP5Z0bi4opKjEhKBW3NfS3wNCkmo1cK+zfobePUOf5bYld2vKCbwHk91rf9nvraFKP+lLIz8QvaPJwUqFy/URE9oK2LV3hRTlmbuSrIPRmZjo9D9Eq6TwnqNjrByF6tmzRgRog+xj8lPQDe551V4Q=^D6cfMc+HQno5n7LN3dq56kJ4Xr4wxyla6CfqNBwtFhgHdNG4+b6d78IK5XxLhCCD3ngxhVflrgO/kXcHAj4ysyzAzKzRI5dphXBa0J08AQEHx/4GACXq5/RJ143W0o3L3tpRJUGN1nXZ+R3ZE/QujAHQZADZ+mkvm8OrodlImz0=
08:10:15.3217,I,16592,0001 Dcqz4Rz4tM1TO0+9CeZQkOeKGaeRG5X5j9zBXy2GngZSUkNxUg5jL/6WmXZOvEc7ERtrL3JIwsAj/I+Vu+ADo80LHL0jIApENoSu2s3p0tKm/TseEUV45o048zkNMR6f5aRIh6dsW7Vo1ngHCLqIYy+W+ThgGi0IDAHaQTY7Ld4=
08:10:15.3217,I,16592,0001 vMM6Nxwby6Xyr4RSs4RZts+pMFQnsgOzV6Yy+wCHgnG1jYvmseIooIZBA6BrAMLIdXxorWQ4JcNgTDsQyPib+6bdXucfS4tuhZm4MvvF6WLxxYBJJ0E1HsPHi8+ONhHJJXKsgMIt46/KYtSiguRetskndGEv/vXZkrxvUFH5ngE=
08:32:46.0095,I,16592,0001 jH6dEZ9yWSjFXOeJNsHknxTxJGUGJQNv3ozs+r0IRa+57zGh9nwVFZf1TyFBbDkYF7MXc078Y7twmO5CH1v+tZBfewnhbXCq2izjdiaFVc43uBH8Qg3I7MDYo1dG3NC51okSwQpO1zgH0idjQCzYH/DJzOuGnKd3AT7YT3oa+qM=
08:32:46.0095,I,16592,0001 NvTmgrVHG6ltNNUfzFU9bax74sjCfx12M/sdyeqPA/gMRAkd+xRt8NI+7RhIhAe0dFkEMP/B18cA47OtEEyxOZOsNy8K+6hR1gMwpOrpmHCS1SPFjWF9oCczucK06l8A1JlsIKBlffXa9MTPzJpGTinR/xZPhOdcIMexKSUh67E=^tN6YHrc1Ws37kt9ouEAlbW5h3S2l2ImI8mk3CGu8C1l/plQSa2gw1gm3zgJPwXfIDZS0CciCS0IXXGHzxlyZqYTjD8Cq8xsQMLxtumgRv5kHiB2oW4ClGfmufxykX3fsbcq1U2RC03baDcquOQRgG5bl9nTPbGIb9DDvpCFC970=
08:32:46.0095,I,16592,0001 lV+393v48o0xr11iDis7wG0topyzdHva0eU8epJkk322Rm/rUkGW3gbyNcD2+jySEnosWGO1eDfVeYl25QNkJm+3p/RoJ+a7FdMXOWouTGuZm5RmIBPSDztt8Pyxj2ld3oiJMN3vLDJlHhmlqM3H+s1noXmD0rVFo2oM4rJadNg=^G1ZUa9xY6Ubm3pVjLw9qEtNlulPqdD8uNzN+sQwZOX+gid59QsQbx/vSV1r17aO13EPbljwX7jFPfggUWgR6v6ICbtshAsZWD6HKg+cB6Ai7hjGNR9y9ERhAfnITiYC1Fxq8du35v5nprf5UGwfUpadAakd+RSkiZ2kpsD25Z6Q=
08:32:46.0095,I,16592,0001 khPtCRRthMUC9cKwLCPKOXE1K7qQaC8iLIJHcrylMcDi4g32lVhOPdLwJuAsXlHktgroV866QHNiXJ1p2ELbbWmWcVSHhx5OFybcpWbVxdyXWKpYUuX4ykUsJw2ZcYdw9wg3rU31QzeIbqh1cGnXBa7IIcdw39BC9N62qyyAHjk=
08:32:46.0095,I,16592,0001 Jt2IRpUucYmYLUyc6Fz6g6ulocpmrc5msIcHu+GUye6VwBLhggM8Xp/C0fRNJ11dJ7q2aJADcGSxbAWFQsiE8MY8Ux1Pgeka5NQE4JhwxyQrxU78Bt/LqjFO+7gAnfinnw/j9vmmVzOUJZ7ewF62uWK3y2eObNnSydQ5eaWHfhs=
08:32:46.0189,I,16592,0001 tZwv0czvdBVseMwym7FQuAEPQU4MBzRkEa1FCUwDq13HaJdLGjGtKsQkZN5UM52whF2dF1iG0VNQ1cMDm8WkfL05g2EhGoX6AGkzeHOgTe76rEkoIeNTObsBj78cOVITUnDPi797KQYgvnDfxQYy0tIlDaKWE9UQqecC8XzhAjc=
08:32:46.0189,I,16592,0001 wAl0WkKGcUwKwuGn0nfXrAaDDd9bCfRWDjbzW6G5G5BJELUeucZ5fqxtDsptU01/9HbWzvGuJSTrAO57SLlWktyVAJrckDa6jRuWQOEstUH1eCSokDqAfL0JjAEU2y4DFA7qj82VGqJja+rl+WmllDalxPFNS14He/q0vFrP2lk=
08:32:46.0189,I,16592,0001 DWhzXZj+6Oj3kZhoYOVfYfozd0uh6LCG8sWSDu/lLJOz4lSUg+p4gBS9fVAhbTZNKza+nLDfW9OncFRJfcSQ4PaDGLr8Mbc9ZS2GE1Pv3GltvbVYHB4pZMOWyjwSNwplEfLuaIe8AolAfUXIvRHaJ6hnvojEUCcQOS7H0ksAy7c=
08:32:46.3723,I,16592,0001 fi9kqCQZjo0w5cbWvX2Zv9IU1RqyWjjz67c1KOCfnW5fHbremImWDfiZ5U2vVW2AjXWfgKEyQdqptnyKJIWvraHnTuR/89JlnzZSfn7J+WmRNmqkxNn7qbg9/FGVysIpaMeoWO5pklIU2evCdgiDDPKmIuPP3c8PybWA8wtG4Po=^RcpIXm/cLrbAY6zK94LMq52PDUzIJq7QpmNSDAb8OSRAP+T+RIxFJksrOwvVH1NrdaGBkATrtHXWW6yAKfhk4nyIn5XABVIsuNygU10aKcy68NNLLsY5M2p2zRKITfUFSKmCW5r5QKWkiojHiJTEN6izKgGgCt5E7UktHC0qeyg=
08:32:46.3762,I,16592,0001 EJcE8b9xzdM4uuMMF0T8t58Z9wuw6AckweQl8J1Cjri0KjNNoAYilYpcA1aLIpYJnlU9TUoYmeIG7RNw/7vzgEg7W1W1T8p0JZ67caIlgY3gUbRdRAcgGpqcuNohIOPJ3IlQy+mM4eOwdI7S09SS7Pmoxj6L3bfLZCp0DmAf1Nw=
08:32:46.3772,I,16592,0001 v++9mgycJshNO0CTD2NWW5hn1bwE2ck6JSNyQUEik9sPPUY9gQKNgbhSVB/7ZDtd5ANzghP3hwCvsordxxF27dXU2qDxxeGUMnb+W+6vbybEv9+hWdwnM2yGp795jpUCNhGMIhhG6akHzkBpfpR2ouDxl78/kRXL+tYDbr2QSCQ=
08:32:46.3772,I,16592,0001 H6mFq07UCvtq6G1rm8KmtPlYBonpxvbiaC5polM4W44mdlWPUHZ1Bc/jj5v1aX2vhWVP81xwQ/Nv4J3FIsfvBj9qI7SExgcg6xHhCJuS78m168uvL2SMltV1gMxpjz5C7MFnxMFV/bLdobxwUYAV2tcws9fE225fAllOUJTLhjs=
08:32:46.3772,I,16592,0001 rrXLc27wGMaxMILQb7IaCp7JqWIxltx16s4s/yD5uKqBUIdF6LekixmkmR9gSDGY885uOddAg0RM10/vcxuqAhqDOK5cQY5J85Sujw1Da5LmrNFeC4J1NkCr3xS8xLwCAYdmfpy8gRrV+Jt1eAjjXcfOILIBsr+p5M8bmJ18A/A=^Jxf2pZDolbYYK4PnnYoHPpQsnHsmFd7QdfOR3DPg6IHRb37l0ahzyUcNXztp1e6hp66uGFc7PLzK6KlkObrddzTbmJdNZWoQyQXJ6NT9rPhDfwckGUohczHlrUMhmzpHfIzTIzbgag/SMYdaYujgtJXwa2orvwYXMCpGb6KBC2E=
08:32:46.3772,I,16592,0001 k+x5y2/LNLdG+1spEeqt4XoA1R351EzddtIwRSiGUd9TvDk5bwe9tS9H2c5Dk5y9IzB7OUI/v6zL8LfrqBwsaGZUUfmUQxk7WP19Ng8s6xAEzx1kslayRN6PcueUkOpISoij9EuAj4XR2bxfsSrj8ukYBMSmEEp5SJ7IoHhtT0I=^RHwruDaH3u2V9zMuKZmY+HjPIKTxmcvKWjlGLmMHlWNlILnfO/wgo8lwsqNUyX7NgMchw00S1LmDy7Z2jhId9Zq6q51EERT5bZKs8xtxLOAPOvlqbhZ8VZTb6Ynf1hry166lBrBOlK2X1osLMgrAjELBNGvK3+MMyzOmhZ4jQe4=
08:32:46.3772,I,16592,0001 oDWZQrNMoIf/NXpqv8gxMc1xvklT7hHSZkgkPnA3al+pHnIkFlXiOilpsB+Tc60rqScey6UpyZjpJXm6ILiUPPCbP2Apt+KYCcPpsyi8EBdbjpOw05TIFItVVJ2C6wMg1vR4D953C22kKkAnunhBoG9sUb3YCzyarCLhK8h6xUI=
08:32:46.3772,I,16592,0001 eH52037dD6MpVYRcVi3dil6TZlH3gzBQVJ0uYdTOQ+bNTz82iAJF2kwEIuNyfF68b6yWQDYH0QRPiw+h0JxcD756opEcaV+jbo00VGUN/DmBj+8cARaBVC4KrbarVw0g2+mCKLOJBpgFD3tnUQFCu0UjmqpaLUP6FkItjlVI/Ww=
08:32:46.3832,I,16592,0001 X7deGXVHgRW/l2VbnXjxHoQjIJienwV1adHOxRXn7FsaxmkgVjcAfe49WsVVQ/tSWl8iR+r/MULK31NweWBl4AVu8pTVvmOLjlj5T0fQQbvPmKOe7uDmQC+6ujsnSvgroBcnfjUh9EZmNWTOdrdCCYDwnwVY2ZJUC1fa+3VVGMs=
08:32:46.3832,I,16592,0001 PkWA5gk+kh1xJ6hpjKNC52AD4j78pGRqv83iMjYxs5zMjAbNomt+K8ZsDnvMDSa1bzxyriodMQL3XM/cgKpPMIEcqou3MESEFvf+U17sr29nOdmQ48vShFsS9u0CXFPdsuRJBzaLFhWiWDxBobYV9QEa791Z96rn3fylRfVi6sA=
08:32:46.3832,I,16592,0001 sEi+vegvA3YfZuq+QjxqWHNsL7S0R+ZFVfD64rpGIQA7bTj9V+PxAozpHGDxsy5XKwhqvdDQ/12etmeg7cnN+tsXJ9enTSvRZ8X/XbRVLU2uVP6QLDrakODSaJnVZYD8I7k9jio1z/iiv5crH3Hj2xeQqRP/T4XvFxxnYenRnTE=^NbalwGK8Y635raMOkaRqW1z/jO/aPO+LtR+g7FORq18Co9jTjPfQQdyrFKHcn7RRnXicEGfDoctNAFgX+o5syifX44fZi3Ga68wbj3nRjyddxe1MGbGbfz6344O6WCCNwLJ4ACZShmFWTCdS9aVVY4GGSQ6cao3Zvql1yhzVwW4=
08:32:46.3862,I,16592,0001 HoeQGtZbVrMCabqz8PUznY9vWhE/+GCBhzRNqQ44TNaw1yXmKXgT/fvk2Sz00RDYhSq2JoEXRlG2KcxqemZvpKxcb8NgTl+XzbbvYzRD08wjWBP6M+hZV1BN6v2VEH/tuI7t7aQJ8DxelUn4l68YHVsCZPIllTPWhb+iY/GWxrI=
08:32:46.3862,I,16592,0001 u078MCAtbkDDg7ndJqY7T1oI/joRdu3QoPnywLei9AyOTHsp6BRWrtZ/oa+6Wu+m1uFfv+hL2pvrMK8rVVoWui5bxG30X1kR+guqb21/nU4HzIBkM0kk5ZrueqkdP27pXly9C4wuQCMOYh+D920axqs8l8W0Zzz75CQeq1YLU8k=
09:00:06.6228,I,16592,0001 R4y6j+UypUbVPGP7DgXHzbNnHuf1diCguXEDO/ULz2mDHsc/L/HAm5MfGJMNj0D9Q7Gyboxjt83a+OXns5Xkn2vB0fAHztJPFK8WzbLcqd+8p1dg0Aj+Pe83TVKggplR4QFr/gk4fGi+4FTukc++AAnxnH9eONAEBiEEy3puTyM=^x8R4/0W1FWn9LKWKLfhNyvwJIG5KPIoTzPcWU999IAlLuLZ+R83ZLRDc2ev27QHdZTWV4aY8o/zM1uyxAgi0OXnY8aGsRUMb7s0TmGLJ6QStAMeeLUdti+aZnrpBqc7M53tb6fiebIIgyJekPs03ql9d6YWud119nV1E3t9eUX0=
09:00:06.6228,I,16592,0001 jVQsGygc44Ibv/swRG/YiGxMwZqD4wsY1uvognc0tU993UHFAWX2AtxAhhF0LhsaiIg1Q1eccEPtSSLDVjl+/4VNvhLLcDSHiLS7zMu1BkyOYbApFYZmK+6uuil20pxs+Jb7edUJRcYqh76FvoA8DAFFME2z8sx+tLnyF3Xr33o=^qNGaGhEe0kE1BCDCgD1Dwj2DefOewKl40sy/1zkG6WUZrrCbz2+vRpuUwYay52Xbw3rscyOnoAtkzsoxVAuhM3/t5vKGmK49l1IQhm6ZjkBXzKuVt1VtUpUVRhhboC6BVTgtft7oBRWeuG0sp6/t07aiticUZtIG86TQRPHMuWM=
09:34:19.9436,I,16592,0001 Kqnhrs70gn0xSBQrW0Wiwo8zrHTIFLSSkbioGF0gF88I8lJ1Sq2or2OE2f/VOuypJPRqDEORYwByMv4Oo0LlZc3Xqd/xnKPXaST9dZIxukHdg0cSFupcxyfmzNpkjjaLMS0B5n1zfP8pqiKMjs6etktLAeE7gW1v6AhoyG0k/Uc=
09:34:19.9436,I,16592,0001 AJlvCO2WypvjfxUKvhEO9XLG+KAYx/dQqRdM/HLQ16s5UcwJxWBhk6ajW4lvAOIISl1CVbwR57wHI1ZFv/559IgP0V1qCw2873+f+Lv4yTJIB5irBADRhrJkSpIjVKP/ZheSWyPWCyoR/aV6udJ+zHGsQgY/AUb4nklQ6oYhsKo=^jNFySq393C1kchQkZjZg1WmPbIeZP3LWXjYN9Xn2y1HF9ULECm1n5RBsoy/nWNB7pxgAeQQte0U1R1gui+GIZX10vjXWPmEYtVEOyRsH17ZVPMlbsaLL/S7oSSxhqB+xyGDiHWwoO4jKkde0ReOlvRvN6Uy0U/c7InX74Grj7qU=
09:34:19.9436,I,16592,0001 DAtPbzbQPVnuVyQNZtajSNglEPdmWgmx3b0E3p1e2tcZU+xdTDsoR7wC/0zCgtABd08IN8Wac8nMEJ33lV6/gMxGg/0VGAad4Bxf37g9sLaCJZLECkec42IFZgzl+NlgTC3CdZd5E/cd4EBPREZ5uWJ243QTmARqXXEhxJLzpE8=^vpkFQA8LRpIUPzOb6UBF0yijNohLJRhTBhEt5y8vJ6E3xVXMsrUP39tAFR5/QYMMv5mg1xBy+ratGMqydSEFIGibyB67h1pb34bLjRif5VD1DUCYFQn6i53UAUr50NkWvhrt84cTCXzQ6Kck6MJjnwHSTyhUgiw0YwlhY5RelgE=
09:34:19.9436,I,16592,0001 r6zU13hzhHrU8rRWaxM6GBUVwWut+6p8/as80jR+kObJ07j1ZEvLyzsbKrSK2PmAuBsFimEJ/slSgctGj4cQnLDYHJd9zxd68433OUJkbiqP4NaQ+tODNZDmE/sH8PGk8DYc083SuCwVGup+ORv0Pdgi7v7NJpiHHELuVtDn/A0=
09:34:19.9436,I,16592,0001 KOdSUH89zLUBQsVrs0vwMigcleGWe3JZLrmPzYvOvYpG6omD9ZJ+iZwn5CRmOt7qn2cIkj4wTJNRJZDX1WtWi8GdKsFmobZmv0GTg3Av8Vtiig4nLfyS4Z59Q0mIt9d78BKkMAQw2w47bgJOR4F4MMKENrYVNTC68PE1UcbA5Qo=
09:34:19.9549,I,16592,0001 CM96gRI0PB4VizqFOCyUlncoxDp2kfUrIbJ+po9NMFUqem/aHnTprtXxcarKph83wvBLjW/CnbDrKp27KnQsCQ2HCa+s4dRKRWjSQa8CqWuaB654cv+0E4HTFgLb+MryL2B3joCKoLvMnzTlrV9WwegaNsOYP7FCfl3F+a+wWyo=
09:34:19.9549,I,16592,0001 zZtaq3W7scOrFDXSlaQ0nmYwOuMzMcGX6yiQNkbqEDLzr4g/o7emmihar5HILdIj/dqbiRplStjgCGhdkpCCfVlj48/VQHQldf1o3oodojlP2XH9kiOE8FmoVr/iYYhJ94+OZd0B3v0pyMxlH4OO03dSNE7wonWPx9nW3lCu1Uc=
09:34:19.9549,I,16592,0001 H1IEsO4jABjJVuThyliD9NzOAfxz6R3Qk0yEGGEV1AmvRYwfQ8Xr+yA6ATTtc5PeSDA89FE1D74trDMU5wsmOljK2aGF+d6pL1/LQ05ms9D8vdCKTVQjoduIb2NKw4NjNM9ftPrBdwxRGu9Hb/ddvBknmlEY6nEKXxXL3QhQSFc=
09:34:20.3162,I,16592,0001 eoMgX0/xrUk3s2yM07pFWeJIYV5gsXYI1jWuP18rVu0fjHEUViPJw6N4LXfq3X0Z2Rte7pO+RmFI9z88jmd8ls87SS25vaEYqOS3uKOqTTc215Eid1qL5uKph8Er0vOBn6aSjmN1XEjeQMAKPiPu8YEQ0M27eBCxGQD5TesqEFM=^u/YCWSL+WQHH+MtlqrUGC66fVFAWTftRuCd4G0E3C3Yp9J8oj3Xs/ct2RUT2CsmAlajA64ZXDSQK42pypdfATrNz2LG7aPU8ro13KsbgiIrvrcWczdaWsQNI/mVSkXK7aiHGufMEUltIKyR5BKE0jfea5Keo0mE3LtHJgpx3f3Y=
09:34:20.3212,I,16592,0001 tXSiLzqxM5TNtevu6itKPyTclUee+GB05+XvFyMWfitVx4K7gEmdtd26/rCy/IRhgqmNUvQlFAR4qGeZZV7T3NPRGF7UXeWu7hFLwuv8Xi1k/PXQT9btkBVc/TcDD1HCg6BrvCopMnSyDRcbk2RI4abZp0C/pEbAx1X3PzKl8AQ=
09:34:20.3212,I,16592,0001 tkwGXhDwG1nmXOLY5nfm4v5rYnjKiXwCCB2GRX5hOuZZefx1gwp/sJEwFTC75w824HPvTQ6A3pRvodCYdmOijmlBsZMxrWQKE6/HGiR78HZadnu2rBzOc/v6WcAXGdY43PlJXGZl4meVqyJYm9aNC1wfDC6huboihBieCTo4tig=
09:34:20.3212,I,16592,0001 s38fFYS8SwQGyKWMDMBvFPxM1+4MprNhBfrUpPRwQ7R53menxGgjTud3xH08E93Zh/V2fjtBLb50hBKCJPEQIsU2ZE784q5Q6jXoXMFF72jOYsMWXTgU5rZ3rt4wRIEfzHtI97wRs5hfaYdLuTcxuegwsjQzpjcgmhpf/AhOxk4=
09:34:20.3212,I,16592,0001 rV6/c0tS1v9oj6fJJAEvnurqvOeqTDDflwOBms2u5kpM6tn8Gn1VXeVaf7EO0w08x9mEZ6wViWQA4Ms8QN0xBCwvSAbQsAhLY1EoHNAU9NE2jTNkWKox1FBHZC7WA5SI+DW7t25llRAL38xnSqIsgcEOSuFvxLXOmKwDPB/LrBI=^ua1UT+q7cUXho9MUSh6+6viASDSwjo87ALL5DgnuGyN5dgteni1PdgZGWMZwuyjv2oxqErQkehICZUL4uZPuRKJVsxh8Dw1nRBdSl+VQLPzrwKhHOtsmgWPdczyTl+Ew7N4Cz2GMUUSATSxHoon4ahd+ak18PN/tRKMoTpefOlM=
09:34:20.3212,I,16592,0001 XopK3QSlR8R8pFagirrTmiop683BWGv3LujFldeG6yRyPvQrfGcdAHlX+RgomUPfY6e9JUMhNYEcNCXNNzOXLe9/NaO8Rr6ymQv91HQCRd+Qz2JOOSRws6SNXbxEgvx9gi8miOzQqeEsHq1NwqlGnfPN8L8nDCJd3FfByc2gqdg=^jWSJggWYuwVv7evYKHREhaSvHKckvGeFsh6226ga23lSZm4yvt4O6CcK71wPJlayz8DFQlPrJjyKdLb1AewN0RQehK6qnootYzP70KdCbku9Rx3rxVvYBLL37W0XxuzC5/MxvtlLYePcOOCB41FzxERFSsRDnBCf2cZvKZTc2Yc=
09:34:20.3212,I,16592,0001 bPLoQzT31YRcvYBGV47GgZ4mjGbh+LQfTgKoe3ddlX51BpIghiya1nJLDzEkk9B34FnGGYCTntESx5lzfUMiCZBT/fqJD/gjW5S4PC0tf0VgmnG/4707xmORoOIv0mBwP6ZfQlekT0rZu0oao4Ye8wVH1x9qA/6WMheiFC19n+8=
09:34:20.3212,I,16592,0001 SzCG2tzGILXSJeARk8eMaqRrsK+hrttlgbZLuaeEiuCymsJm02t8xkKtAbxWaQgMJXnL9Kxo47dDBv8xYOeyhPi1VEI9mkwRRgOrbW/10DbW2kpoHJn74fSeH4damci2Wlm6KGjcFiygHJdmSJ354SOGMzs0UqvnOfAUlQq6DvI=
09:34:20.3292,I,16592,0001 0rj7rat2TbIaQvSZsQ5zPsCzYdCioeNoNmV70oQ1yr8lNu/5e1dPvMLG6ZPjxAQDdWJ3MyJaK56pDU/wotobUJIJlzRQI578ZD+fmStD90wyeZFIVjFXfvxDS4aWUJApLctsErWs3R+IyODVkT1hi4t2X4JtpGu4gtRYfOd3tEc=
09:34:20.3292,I,16592,0001 bfpn6mZ2QXoZg/4fKxL+56gSaeqdhKiESLTTw3VExg4BQBBi8pZsK6XVbbIICofmV6t6+DlafCrr5e/xfVPcLLnc4ADVCwl4/D7p47UFKjsEAs8in6TL+CgDFZRgRL5BNnAX5LDi56y6g2CtVqTXuQs9Vv4JboDrQxiRNpPup10=
09:34:20.3292,I,16592,0001 tlG1oB7h28pOqbIgHS8qEuZXuS+flVh+IqKOBZfmc3HIi7QoOi44amFWhS8OCdsT0OyfHCkRsmxUUQwCD+htILOLM/Eg5JPCPByeicI4d87Kt2Jve90TPLJpd1+tNqUM45o61xIUtznLjlPOcQ1FiRZIWJZZvj6nfNNSlBnEI3k=^nC/8nLfA9VGbjzXDn4y22Z4ScyAl4GfuMIiydIXDwHpPTUopMdg1i05invFwQw9ZTtRyyuy3Vnu6FOaAKBj5twr40ZtYnO+bBEwKJajXYD5Ort4oD5ypc4Z9xvjD89zhEdVcCQHScgh2EVxEdGTl2s9FeNs+81o207Ukz6jgMrw=
09:34:20.3342,I,16592,0001 PosPzB1ig/MVyMILFCr8lEMs1fYobvMb8snB7WlSzJgFlxR0AmLOZ5+Ufr+xHNwT0P2h9Ka8DoorBGvq+JaL5BZKqD47ExdHTe1K28trLR6HaqXn4KzXIAFW5kYaqfoWWt43isqEMRAHXFdeMUtlLgZLVCf2+jyeyDYWcywhAEc=
09:34:20.3342,I,16592,0001 NoaAA6pjSl+yi6l4827fawrk+WsqLlUyrD+zy0WfGVKqBgYYty3i0pIhOjtON6ztJ01tOh7R80Gvn77MFuil5cSX7A7rk0MHAxIU5bx4hlVqiJqyf8a+jRd24K3LmhCrddECF72dWvFX+u4UtoGEUnuFlB56GqZyRkS8zavcXUw=
09:49:25.5780,I,16592,0001 XL2ip/Vx+QA4sKYFJy92V+sSai5u156DT5Go3cULNArhvh/h0A8f2KzfYh+pbmcwRby7lgIeZeuDku15U6CVYlq5t47Jb/Un3PkEc0OBd7Jvz3u5NtMazC6tQK7TztNcb1NFfMxWK8ekcUdR7t6r4xsS0HZqG+Ujl+p9PKuehng=
09:49:25.5780,I,16592,0001 FM7VPQ2stOpKX3un8oOsCV+ExyAwvF4U52bHzsZhK8xqXAiabfjhmTrgjYSGAui8X1MO45o3Oi2wwMrjd3qRUjoFUjg4Twmd/7jy/LtP9LbFjpFhgt+CacClM0HmHvifzoD5yk2OkOWZDC7SpXgRm0CD1j4/SSzQnvpYrMbf10c=^BMi4wVyghpbgvnEWJpyBGKB4ttKRmh4nFoYh0xjwD6/XZQpA3AupQqr2tf9CC7LA2Pn63njh/bmimJ69t5UmEiIBZA2PDmTNK//+Oz7790eQVGiRKLXIlugA62d0u2VJR/5aUm6WS/o/WDTCAuCpJTK3IQ20+dlTg4/w0EalqC4=
09:49:25.5790,I,16592,0001 fZZtZB/sxlhpWGMI2wqXMIDov6DGAlc716LsrSxVY7eL2JU44DBXUiiWBmjQT6jz1auOmZ1KrvMxCDo0urij+/ZJEly6JVbulFZ4xKuXwlt4xt4u3XpyR0Jl6bu0GX8FQ3H1QI/cHgpwrQOa8JdV3dIi3x3tFHJl8I3GFFuxX+I=^c7f5DhDJrxRicriu6EeiRDOJ/oGTh8P59LTsXK/bQgGYq/DtyB71NV24Bmprs5fmIurUatURlb+GETU/CVH5kzn58CSww8Hlw3DoBI3/q3novSAaWlkcXDpUFob2AyxWyAatD/vVxr8ZDgVMHfYP2oDTwwLzJHhVu4ruWnKuVTY=
09:49:25.5790,I,16592,0001 YP4uR8wXvOaxu1x4SQcpzx67dmcKZdoqJRWgLrMy1HIDyo1IXGkgcxbA307/tw3H7RaZU7hZWDOY5Jd8R7imQod1EGV07WgFOqxgS2duqfvO++BHdwrfM5qIRyGS4C8DIIXC7xi8dejSyIaB0fG8jS+ALTEPY72bd8MZr9qDPM0=
09:49:25.5790,I,16592,0001 QygKN231E/SmhLN/S2kUbb57SyuY/9+hj2yUrc7awt7E6/XdBuC4SXB7PEzoI5qq251W/fPK4Hb0GBJumeY+ROuZoPbWpZmY7KhAT3KJxHFnCmJ1jia+IZYDxOSRveYT8tQHZlX/18aQerKRNMaCDmroHZWtBWUYcY3W563P6KQ=
09:49:25.5885,I,16592,0001 Gv0QLYOcQLCxUQk89xoWFTFBzVYVrUfdWzrQxv50Wd4ELa/54IDDVlUSL999tvnxsbh1+qp5UwnJFsSzW1yZGIeX+0Im4JseClNCMtto9xL1Ga3eajiRjh2H9/FicC69/Fz7z9Plb0H/UWeKqEPSmAJ8gqQcFpfTkzYO9hE0Vs4=
09:49:25.5885,I,16592,0001 iBFL/g6nAfgawk0y9WRNjgSS9Jc7IINFcxBhKGB825wri0q5uA/R1K2mXGTk/vBciYxTHjBODl00COgJ9RJ6E+/XmhCZ/OJeUEyLQYVhjUnq3Fb5T8mE3etNveQ7egosaKncPQoeOwZ+c1L61Ennr//sSDAwxFqupnbxvXgZeaE=
09:49:25.5885,I,16592,0001 mRKtRa37mNWZlD1PkIj2884zq7OIJv2B8rZw4fOH++2dFtG6XhS7lm8fbbqvlaTLu/NJrm/T1wv2J3qHYxn8MfF2a0TOZUlUi0S8ncJi9dxAS0tSgafHEdXfTZWLIYEh6f8B5oYhr8I8qbsq3mwCDRncQjMCjAa3NMsFElEjH4A=
09:49:25.9526,I,16592,0001 fcs+d/ScOeRYz4/tw6DDXf5frrNdJS4NUq0w7WJLmF0Nw2TY2rOoH8cEZMtvPyEhr5eepgFafEnu/W/ApEer1VDn4sHL+UgOVz/RIT/BGWvi+izyEOPwhDpejExxfnswfvIN9czEUbD0tyCc/si+9F+FmwnMgT0HiRcQ5iR3b9g=^sW2EYM4xzM01HwuMDTakshzd2pI9+REqG4RiDDWlZ3kwmD2TIdfi9+5f82SpQ44TtbbzXADza8EDy8Qejr4NGpso7ko/GFTAt6hWQT9rq3GYozTUyT1IZWvdEQWuX0jB5n+bnrNTcRj99s/xlI8Y06fTs6wZr7mJbyZz8LxsL50=
09:49:25.9586,I,16592,0001 vLUlJlBuqGN1GJHPXese5UET9rwhMcVC2OXSEzsiUD/uEh8NqDJV2N3UeiR/5h7nSxM6iI0Ci5o34OcUz5jSsS9Yo92WMpUHWytwFgQqZPjVqIQF8hIzaVMtyRxGH5+sTAG+npu+YaLsXD196Y/uqFctXQI/wLxVaYyHXmrjRu0=
09:49:25.9586,I,16592,0001 bk1W3VFi8Ob+OJ9wR3GYi+h3907wDAdtzcHZesytxjrUxpWxDd6GwmZpb1fClRLLQmfnIw1cf+4EIWKah0cvEDy1BncV/BmJomWOQZIEwxdTX4lDmCHZ5l7V9sBcoNY5k3Eg2PQE7QrFhs7sDEPW67N9CJRc7veYi82wJcY0bsg=
09:49:25.9586,I,16592,0001 W1e/kyo/NEq8ZnNoBthaH0FqFNYEb6zAJXtyU2EPqaEGWPcDfEUEhJiqGSF5bSkEw0OVfu0zYayFkclV2IFNmFNnucgst7xc5zCEvJ45k1341cAbg4G+o/1DPTqaHCN+1ej9rxfNjBVsmOEX9VSG/t3NVfazFk0l8a0fCi59yaU=
09:49:25.9586,I,16592,0001 NfREB3K4xLzEh8vu3/W6lxAilj+FQ0cpTDDyoK2TAi4mTBn0VZPzfbfNEEdnypQmEpj4pqMA9WY9Wpdw9EfgQc8W0W9IPnTErzsVB1SaIUpQCWKQ+Ro+B+XOuWW7HqIMomje9JRrLfKfdYTcWROiRTwaTQlYeqsvUee6/RQNlqA=^iW8AQNJ8q8X95rY1bjl71U3uxA70Wktp5zSA2uLIGGC02VH+BUSUd48nUFJYS7MtuQdjENdcxVitH23/QJ6+K3rUSVvnFaXOqu+x/BrJhhPK26h5A4XROiMPcGOdZy6Hta8lap88SgqlJ/zpC+J5gnX9q5ZWsT68Z84hWuoa9Mk=
09:49:25.9596,I,16592,0001 rNLEa3b80yosQG81gtkvi+tkmJcpfN60rcyExqiu9MV+x1zlTYXWlunBj/l+v8HLM/UQJOB73Zxlf6Ji2vAuh0Mn1bfx6Pmc1963bMRJZ3kijvt17522+gtPskq7kF26S2n2B320l9NRDk4oK7AvUE9o9fuRjobfiAUTaPseVpk=^Px8Pf1IsGf8LJL2d/seWnK7X0GQJDljUDM4euAZFlI3SZ6FUuEApStWKEiMzBBux/S6kKbdAdNSsTe18+62feZ6aTxdcGPJU5/bObZrPHdi9RzG4hW0GWIZC3kTZmxrcXmskGR9CxZzWbPOP4oaicdjR3s8kS7StYl1I315CdeM=
09:49:25.9596,I,16592,0001 p+sWVWBLUht20CAe0q9AwvHDCSbi8F0NUroP+XLeWBqviz+0IXZseJhwSjtSdT1Wa+uM4DJJDzTEz8eqYpAHsl2vzde+Guuy935QtC9+YQ29GHdGH4/LJ94r2m5W+czpHtPZWTkPQqVALiQejPOl0EpqVtwoWcJIY0+2Mjx7vz8=
09:49:25.9596,I,16592,0001 ejCecLwnY2R6wcqQtGaTBaw2lNnfoFhimPUYR7oJpDLM04dnqDCKLZR9EoJBv9Jm/IU1NFJvSBke1Jh45TH65VwVyTXrX4cc6nsuxlKQLbIAZPz8VjBPdJyqvdKBu5W1gEcNmd7FVZG3ECoeknlmTEAjHRGg9lVIciAyy6M5mzU=
09:49:25.9677,I,16592,0001 dlPl1N7qRRPxeLeIo628Ldc20/WAlVHVDkwYBcKzr49HOJbMSc1t161KX/R2zZo5tXK0v/ahd2gKaKOlFhb/jo+2ccGgyLR4SotubQ5DaBCeUhyI2DcyIiY3BzWVeKZuAagpRVH8CcLWuxn4Bdb0aooO/kTxT1Y7C6lLmrPGH8E=
09:49:25.9677,I,16592,0001 RnA/eCkIF2BHJafMcg+aBcmKWrc0/o/NX1go17cQtrcFlYI1M21ouLNV+AqqceCvVPh0pY5m3TgNQXNbjIMfZyCVaEWkXA4ennasws+D/6b7yPPHBPHvYhDmXjM7NBBM0qTeaRXqubdhs5BGPn5oQk7K9TonJUqwcRc2WFGyJCQ=
09:49:25.9677,I,16592,0001 PH45yVlWWRnYqkv2mjziMCTJTGZmPkC26HEFW3+6R0CkifMJe0nAwsiOEAruvVoSn7ikNNJ1ICmK+gGp1T9xVlN60gQmV7W/egUb+uDXd2Ec8I97OqnY6fR+l85LZ1U/vKdLdeULPFgcD8Cy3X2MCft3TORXrRM8NYwZkwZFbEk=^o87aatQhEc3dO9PrDQbNi9XwiLHM6VPA7P7r1qnCromltOYOdaC9AK6lCtWHoX8lhUBnLWR4evF3KeigNqNgpUiQ/cUU+p+5EjaBT/aWr/NBhRCMiQmzOd6FIz0ZwCIKfUkh0iBOCBsTppg6q++zu7vCcKVEg/n2CLkT1nRzUPU=
09:49:25.9717,I,16592,0001 M9DHEaVATw7tVRteOuT3W203CQ7iZGHfsx5EKNTJ1KeI9PWA2RioAu3j2TgG6G2579RbrQQw65TiZd4o7kCQIHVbKj7lDKqhgRg4G9SxRX5WBtMIThMvf/11BgfaEqvNBB/Q3XBnsnQsNQHMzFRrBmUd0kXVREGhVN+00rmzC6w=
09:49:25.9717,I,16592,0001 APbKytte5pttKj+1yn667pObh9nSW0V6J/Uncp4qB3yEsDLRAmiwXly+1S9rGXWP+7cf7umyp7qVH4ZFiTW/q6m8kzlwgECJAJ0/m68eiu7gpOGtRZRuuOL/SoWskBc8Y+oYTKtCDCWegt7904vW/0RjJSYhSr4xLxMzqeB1dGw=
12:06:05.4756,I,16592,0001 giugSnrwZZOyxg2gpiOE6PS2vVyIhzRYgY3LdMZOaqJ7l+Bsdxz/ZyTlP3NLT5HUYRWDH9g/w3hBrrymhKrFGEFWdEystTWTru5XmzjSljKRkWDiLWPB0BM2BWXikdzrOqpR3xERV9/3YvqV9nRs564Hrf121OEOQinV/RM90K4=^xK3VRybVNdcfBNXdY9QqMQ/HjgU+BwiBlnLKGFlv+HbLnQ+/ha6Lf0JKhFn1di2eCBdH0jAc4HvBqQWnWnOv/xWpsYkesjyGMms8rXdFEyWtaIaX8z2ZNSC04S5wDVtjOaHm78BeOsp9JQgzRBT2v6zZQQBeVHJ9pcWGfav0ZiU=
12:06:05.4756,I,16592,0001 ihcw6WwltIdwaQfNT+EJE180ocXnddi1BZdb+qOYZtivwpOJsAkTv9eTPJwIYtoD7APUOrPkgw4FGYrQluHTd3IFC2SJ05T6IwAKXGxzC4J9Nzl0tcZNJkPH3VF4EStlQOOAQMa0HiDNwJ9AZ4A4JIkkG1a3am116OLLcztWgqo=^im4slF8C3BPnCQkmfD3hQc+n1Yq5Guvwcuq3q0FIVmvvSAmECBQDQdSasUkWHAFuvZ2fkXEQkOmD9WqrU/czulRO7CkgfUfV3MVgA55SRsitHXCWNQaim+hh6K2RT8A2Y0Rul16nK702nNZqhxKq2HUowNvmaicnNKrt9XyJVSg=
12:06:05.4756,I,16592,0001 QB7pb9H5ONboy8Q3kxme5zIzdgP65lBZJkzB7rQG86xgFwu5troLDnAWp6uexWYQG7HmSrxTKi8sUml8gTrQavySg5j0I7XqpClJMlecyzWdqW1gWAJqszbIRUK2n9Fta12EMbWi5QvH7sOe+O6UxcFjldHCNlFAlaXhm/HEQyc=^i/2n7LRa/iAVbrNztl3SDFztuNavN4b41N6hYaIONVNpbQ6VqQcL2hN2lLRg0s9yxT2eIkqWhOWpQm7Lk5FLgXr6gD9GeCdipEayCqHQpfXQY5AR1rIVPsgY+xAFPYswd0TK6Un2jGqGvJQuKJMKVS5EauKwowTD9/HDUU7SU8s=
12:06:05.4756,I,16592,0001 azgNQa+e4z06vYF03jSWhIgSrGKjFGQSyMa+l16/Qanf7PwcQ7lI0F2hscSqhYv03WT8t2i+8J50pEaHDP1lSypUlNsUZ1Yb49zwqzFWHrbPj0m4aax9e/HyOsYlHR2sZn9r3LqnF+SLSwi5dqFYIRzsH6F5cd2jpFCeoMxbzR4=^Fu1BJKHxj6kL1g5V5kioE39nRIEw9eBjhPr2N97/y7tt4pD3hVRXNVchv+wo3meU8gyUdAC2IgRzjR17nJW/VDgbKtSzPivPzBmWMfsdpB+0tUqmSOZ78RCLdKHx6lVEARlXsK6jny/eCB0LFvNMTs1vBPxhhSJUQ1KYKzuqUE0=
12:06:05.5038,I,16592,0001 c81r/iag7txjj+zH3ZQ26tM3X6a8LsIxd9TZB9wkszZBs2WP4DRVbXSpS1xD0ckiw5HeSdsDhpIh58Q34L+y8sCJux5atIW7IbGrjzATdNANAxm1l0Mt/P2Yty+1Yu+PUpXBcaAFNLbIGcX1KqzpOtvPfaxrRgZL3uXwqPBU0Vk=
12:06:05.5136,I,16592,0001 dD4dLl134FrAam4awuQAKw1dWjmumfDkHVGg8L5SYm7LiPX8Wd2OYp7+ennA8xf57KSHjKebIX+Co29iEe2xGPL9UIMNyp1hxn460b8swo8I/TmGsHmkE2Hrm+cCp/xYwmSUWRK8lSM7mkR1h33c5rlLwIVeYXGh1uKQO2TuDkg=
12:06:05.5146,I,16592,0001 M0IE+3YBrY96tSX/SyuObrOf1ywZc689L6j2CjGh5RS0iUAKrsGSvc49FXnk3EwQdGGx27PcjrYLylIAveGKMCi9KwsR7S/U5xy3w9HWHzcTJxlUvUNPeEeJX5nLUZIU6KsT44yqfsJOmjScDucgjZKlFT1d1Jzw3U3kPkJuOg4=^TX5mRiq/ekdsijFoidxiym7sUun6o3sm1dY37bnVSGYw/UmkCErxabgefBLuCpLhK6epRiaD0hwJsO/Rpz0LQv4SXzPxhHuLJnDusDEpA8SfbFucXxmttFU49wonHxrBt73G6KXKQNJjNPejHkMIblyxB78N8FtJv3DrITIYCek=
12:06:05.5146,I,16592,0001 ZoGL9eAHuP1K+EB+9WARqkGa8s3fcLU8oWU3BOQ1Z7+G+pNS3x+3lxE6KqEkAhROIzLp7XW2uff1TnHC6mjzenBpogSEAOvGwmyBLo5Vw08zfOv6YgWr07RDUn4xdmKxRbHRqH6bJ8lMA7cp67sNCGCMnt/IGyP6ILywGYSjZc4=^Z68STuxPOEvzlq7+KjBfiFyuQNzZDl6yKYQaqIUDuCxyqWjTOlHGwzJw6QgIHICd00+aY9/C2FUwUShZbZ3JqFwRziDL8Ae6slpNQbroIuzUVqyRL9Lwnvv9PUCke3rxtS9Fp2KrZzXiyNHJ5oEcHGeQsXIAJpiixUzbsbsBe5M=
12:06:05.5156,I,16592,0001 mA1wQSJrYW6NKVKPn7MZnxAWgZMnQyAIEoYxYeqWfWRFPGB86lBjbtU+T/RT1mn9PCU27yOmBbq0tX/0zpPb7Rcao2QsLzl2YuTqERGRlc9g3kvp7QBm5HHPrjy7/k17EzhIzhP+gKWoCSIDtmJ//AuNoWwsnpX6aMJO/n9ELu0=^NUwvgDzbXOyx5JYI6sTFqUHb7cqpSMeUNrOLPmKPkZd3/iLgkpSWe6iB3DQSDN9mIF24hpwx0XaE9WOVvWCJD2W3qLyF1uN/UwuXrROwrxIStuBzZevhN5OIVXZ93oxvqoviZgTZ6s/MMi/pwoW5K05YgEZjB4N9Ev9t9XU57mM=
12:06:05.5156,I,16592,0001 O1MEWsO64idj6lM+sPKRq/EqahFdOc8axUz5sR9icOAp8AYc/hgVgGVeQhAZX9siH15WSfeYKAYEoeKC4mkuJGo1gZ35+bG6gBouO6eIdmtdAK1X3xSh4x9Es+CErWljIZd8RO/dgJ7tlilz32Gerv9lc3d/b0GjWwxb01twuZU=^So2mlSiCu4ca+19m8HMtxCYDroYVYFaSffTe8h4kUEgVfR7ynUSZL2nvyeTVPxPpFuFn4ezd2qz+45kcD7M0b2LpxA91g63AsniUsOKaPn9M7GdlU/owYvltI1jKMmIkVkQy4COyj/mdjdczWzT1Dd/Ui7z25Kz6tJLZlq3uPd4=
12:06:47.6318,I,35380,0001 g9XDVMoANxtshcvTZqlxVN+2/B/qG9DBgRSXDxyf6RPqoW7LnPIHdjeBj1d5umD9sscCvzjfKbSRX0qVIV1LT1uNyLVGxTwXRs9hyL0zc67TE0iOurz1hyLcSe5dKRfWHs+VZf0MmGDSXqdtOaTd1um/421e+XfvMV1UmipsDb0=^JCySQVD8Tii/LR93jisquF095oADhyXQ7qjei0OK5Stu+w1A7l4HiEq3z8Tl1JrsAu0y92MfqzYVu4dehc/vo8+EQkuLdMESIlzZ0cn6e3qIejnj2X5HvyCxFtzpwCk2FaxaQndqlroGpPWOkZWJS2WKR2U24EpwT0GUwcwqWbs=
12:06:47.7260,I,35380,0001 Y1qZd4kPI2mL/TuV2Zjdw8o93xafrz8xUQnTdjJ1SL9R96BmI/Bq4YPaBxY2RRezJ+bmesu9CJdUlogATvalX+yjKWdArT+rfoETGd1AljDde/RBsSfX3oRrMWF5qreSoRp8uBoA4eYpt3enw3YRlYNg3zwWh9ZvcW1pzUyWgGw=^Lgne66s2kztxC2zOUEPVlJat/m8nOdwAvZi+GzDtZSqka0ksjpMG88Se6UwV0kmACc6H3Nygzm92rT9UoDZU50QicIBlYvGT3s/X7VRqooYR17h4tzCzuabW/AEbSHfgTFa5fvjxGATHiSJVvOEi4191NlXA6f5X08SiGejPfes=
12:06:47.7379,I,35380,0001 UonA8U6T5pP/On2gDmOpury04ewrHcja227YOpvKVinmKvH0SyJjG+5u5oRZYEQPfjD231A6nN0mQVIU6mi6BbZaqF21SySsp/q0SCIop8lbj59g0jFrBqqDfcca8Wi0ESfo8B3776StTwHqVRJsHxSvOdNvysay/9t+Xj+2BBA=
12:06:47.8119,I,35380,0001 BC07oMKeiQfrhqfDbI9UdjcPYAVEVhgAaCZepFWgS1B04+v3ODmjEhFSMHxI2+s1ADfk8PTMekH+8kGysjhg9ZhEKvghWOu3yw0ftKj8NWfge4xMWbIwGDI9B+PlHNBMGv7GwPATkzQz26SsHq2Wm2QuBTmbe6BaLL+dRoA4DWY=
12:06:47.8119,I,35380,0001 pdd16YWJ+xt0iHN1LHLoQUl7cPKcm6q6tTrHFTGpsDnhqa55+R3o32JcrTocU/8DBmgqh7lEcxAMNInRgfTodxQCrWHWdRT2zdrzL9QRmELs2SUpyUZ3O/t3YAIBMh/l8wNZX11OZBFHKva7L0TEGSy4A1N5UHzipyoDlzpKvt0=
12:06:47.8787,I,35380,0001 yViDdTZq6N1ltVSTwE8A1wx8HcvHwBEsCSOSo8K2uSikPHLARJFF2zYIrO8t7ogcgf7f1dY9fQ3sHYdlhuZnl+BNvptAFk1y/N26i3iRlgmoH4iZgxrZXbMVJBT/O/aFD9Ll5Pfasmo+nv2gidoFnTvaumloSujICjIMf1xKTOQ=
12:06:47.8787,I,35380,0001 wbEDUwoH5yi2TIq5zDYiJgkBZj3a3QkSc8+vaZiRrOShLBUCekacxMbMDsBp6v4Z5uvJDSqXnM2dIR2NjgaNKuLYpSyuPFFs0Evlh3FmgoYZ/FFRSS87DtgJiTKQhgnhzj5WauMA0aeL4gYHyRJNiijJYI0EuALqTLKWx4qaFak=
12:06:47.8797,I,35380,0001 vbUhf97TSwkZWZuVnL98C6hshKnmVwkItDwiQ7NanjkuRrwKgbrQRoUK5DdSAM+4SCgDPoWsch6MMFAPxchvM74T/3UydydYBS/mP7XxH7D/zh2Drfr3wwc+bQws8Lgc02H1NHP3gx961e8JPXLfAsWOdn/RQH9DeakeenHNIZU=
12:06:47.9595,I,35380,0001 UGmPE9pTjj2UCSDcdPOs7uzrlZfFIT5bXFg9ukQUmdqFApIpbymsZQ2hDsHqdEdSPWRDtBdCBl/1paDIwOHtUU31GGT0QPZyQFaS7akEmRjcaOljUtwRelCvjGVYanS4VPnCVaik0G5uWw+94rVdkajdTa0sk94VfZBr9cJsUXA=^YpZM12xgli2uLDEzr1JE0eIkIraZqyqwh46VLxYW5oqkx467LIxgS+xurDUGOQzzwcUb0BqHftCxoF7CS3Mw6t4pEApOZo6GLoa7/AZPfbRucbf4F0CbLQx0IlfZt46nUpgJceXRZdQqps/PKtS2Ii9Z8eIcyfG39neVqyp+vXw=
12:06:48.0505,I,35380,0001 OfiUf7XHS72FvSLb0xZji/FjOTt7vNCY48gY8KtBl7/jn7BpNnmBMT/l+GRmcNmfEnb+rnh7PlFtudpifErsJeIU3UeMYy9LU3VShMvFtyKtlDObiKIQ/kv0rssKzWYa8K9eb98VaEbjBjbYLssWdk9ONolhITgJ6UB7ZSPwowY=^CX3w/YBkq7Xm22Cj9axmEDqHdMabXDC6krWYXKBqQ5ctkYCLLSPxiARiPLkciosoqbCBqB3y6jgnrvqIVjms1fwzRgk5shU+VmcbTmL5V1DWFHks6cICR2dFXufwo/IemEPYcVf+NRZisqhrIjmjiCjjksfdpgenKaD3Wnsx5Hs=
12:06:48.0535,I,35380,0001 X3lawCq+UwP4F24UVE/fK2KdVQCsxwKtTzH82A2ze2Z5/5kUuiK9Etyg4jJ6sL0ohQIBhyISYAvG8iyHCmU+Ll0VTRQWVjysGyd7quaKaI3K7pE9g3noRIkXfyUBLXyP3uo9L3+LaRCyiMTfYM1cLrAo7x6X9oBtIJ6V/w8md+Y=
12:06:48.0979,I,35380,0001 qm//RlI/Rx8PFKDGR4QTbXTM5Ku2RMFUPoltXB2w64ncUEq/eqSdBM8vmgBihs+Tehssr24111xOsM+sc+sLNlauGnSvQGX+Gkxf84r3BFuzr8hHVWTNx0Bx1O5nWUAJuDHViHcSUz3GPpJhEtg/H1POV8PmJqopGl1q92SR+rA=
12:06:48.0979,I,35380,0001 D0s/DrPp4r+jYFm4cTMB5nfiTNLlgkShxYbV3BErbu/cR7aUmEFnUhp9iNsyZsIqaKNYkrclxk6PBmhjeF4cu3L8k3zycNGOhlGyy5iAc2xuQZ9HowpWsLd3LHxRegoCDox9IsepmK/wAu/4tdHMpZDrPqlVZ5hZXou2LHsDTok=
12:06:48.1127,I,35380,0001 GCirpV8j5lhIxYIPQJhyJeXzcxpPWMxNDTLeT9oUnvz/2Egurr5Y403KIahfj4cqAQxNq323tuIl9aq1fFph+F5KxwrkcWpLpH2pbTqU3Y7/5owl7hGCnEWJJ42/SHZJnqDVejKqw2jx5kukU8kdn2Htz4nv5c24/OKr+0mmBGk=
12:06:48.1127,I,35380,0001 gzNZl7hJuJXGju1S1FVNCytGPZZqdxpQXXIAY4xzeAveofAln7WHBds7Mgyw8m5adpLAKWWHlM1KZugMCNWANuU7nmycPYdqONwYI76QKmaSN9E2SGYN6p6cwYd6KLb0P9OO3gKyN+Fd5V+YSV0xHbpCF5dKR3VRfe5Q88+xHIM=
12:06:48.8390,I,35380,0001 GKBUULMDwAIc0eL/ZJuyeoN7exW5XH4DTcbUtq3el8QT4P2YblgnA/mMbp8TO7/8Lxuw7THZ5A84oUlMDdFQXz0MffpThUmdz5t6+a/2DLsaFA3/w7SdTUrpwUzeje/7UplgnQzcjS46tuPdzEPdG+oOpl7aLrW3mh1+73ohE2Q=
12:06:48.9471,I,35380,0001 yxTcRQ+Ha7SU3Ljo4yq2arqurd1tysoMDAx8QJdHe7qkjefCyTuzliP/V+sHQ0tynuSSPPV3WypUdyMZ7YwcLuQTrC4gMzDrIundUreXRmAklCdYx41+L+rA9m2aZfn9wEGME7a4nWwbFLgbCQ+pTOG6tiC/nX+w/6TwkwoQfDo=
12:06:48.9481,I,35380,0001 AcWMgXbLh5dwFucERMfOXZpukucooVqXFEhvFoj4/semKz+4eUIOIpaaWtTXfNj4KAUs1csqqO5jyOq7HPhzH7ChcsMPsqYI+cqNAICWy32SiaAS5AbiIt42qSVZYyDglHe24opRlTRaOLsaF00TOJRfGvZ+MO/20nDK0FPxf0g=
12:06:48.9481,I,35380,0001 oxQisrDoaNvbw+hRqd+En0TeliebE3TsUusaSrEYgl3z4ttfdFP5mxE82vInKk9UCEORpx9cX4a/O6MF9RWUtjFZam9hICZY35MQ4adfYjkMaySYbVaAxkuBrdXi679xeaLylAtsy8fC5VDMBMX7Wa3jLjCvuveId50ALx+xXQk=
12:06:48.9511,I,35380,0001 ZapN+mBKWMYm7UKGrD/UjCMEcxnrJeRAioR2SoQCNpFPjmyCSKjDHbOyAxZqvkWKrQ9qzX+L1rcSrs4e07CofFaFDzAEQFbPyxoGAjFOSC8U0mzAi4kOo4eOYW3wB+6dw7z+kTeH26rtAdm/k2Xf0s42SVD7xTP3Aii1YLqzOIM=
12:06:48.9621,I,35380,0001 TLg8IFm7WgTxRXxZoNPol2Y+C4+m0Fu9bgpNXWoKcOfxyZNpf7GzkQWy3pOj+ILtxI4P7OJV69GqLvkOycTsiRInLcwsAGCKNHOOkskQZ4SwgszjLDLlIEe2mZtAtcandBPelb0pV3SD9XnPcHUDWdeYmn2uVRitZSW7RvIFVQ0=
12:06:49.3205,I,35380,0001 QRkBNQSvtdqz8ftZ5mP3w6dI3X8jUvTGvkkoMrKplktpevmscTXwFEQLcozqEFnbE8mW9NRxNN33Ve8CgqLrBuz+AVbbfw4NDfOjp7Z1KywFaAKJ9zRMgbqDQ8zjVdhoGekqnZwgNf5yKztbFdZYPWXlH5Z0ogfaVIe/HAgeCGQ=
12:06:49.3445,I,35380,0001 Yx39+QPWQXKB7WBW/wmKAlVgH0VKrulk8tklofbRrOtZpkdg0w46rrcEeLiYKOb6P2inbhet2cyVeVhOmaeu1qkOt7TpDVLNabN4aDz8IOG4cHIvGZTLuThE0MUpnZGc3S2VE6aQ98Ilr+TKNDNWXX2q2hU31LNA7UqILgQe2Rc=
12:06:49.3544,I,35380,0001 QXD0CBblW5l4YDiRru5RCCm3ZLJBKuJ95JFSr/nB6OdbPlcYkshf6PKZEvDmX5+IOmejw0NM/HXlGzpfnewxYMlHwlTAMXBurD84NZa+ZuMGKIwjs67wwx6xL1NfzNN9uWZoKYqfsmenp5HcbYoDXIBB6u7IzIVr66iGt/DT/sE=
12:06:49.5450,I,35380,0001 avNGFq+OqD4EOuqiekf71OBjL32mzqfbhKgClcy4dNgEyg/9fMcCsbia+aw/+NvntujIkI93FZ50tso8dhUQwCKEQ4+IilVgP/+P/S3CjyCAZuCR+pe8kPYq8P04YM2V2Zmt/9N0AUEJC94YvT78Re4zavnfdR5fn9PV6LhuIp4=
12:06:50.1682,I,35380,0001 pmOe22O9H28Y4cdGGD/Ldpswf4qmaoy2JZbHwcZfQVy5xgsQBTJMBUzkNQmL1o+2pMOp66TyjgAleGtHPfuuYKaJ/uJvWgnPzgbatP3XA8XyOTCU9UzX6zOOr/jvrTkKNvGg2yFE3K4D6i5ZvGbbA40qavJD+SKEqZGVZ/jb63I=
12:09:20.0321,I,35380,0001 Pfi/AlSQnRiWmWFOKY+OCJCG1GDfUJNzmsuXrlFkadpIPWQNT6R9HaotVm6wsFO7QNSly+DQYEr98i4b/jrL0eDKmHWNiVHHO3XcegytXUQNP1Xj0kQqitFbO1XZazm/KXk1WC+aBjaOJqOHxzW/h0kQfu52RMI45h30VlNXVz8=^lmEbRDYwTz8vBoafQ2AnC+bnEsP/kKk5LJLRBWZuvlvSPUz5iNKvPtmLlGQIburW+QXh5QSbSJJi89GtTGpr60UKmTO0qtYhT5fDJv7ZpjRivY007x1hZG8M3AmyJREjwnRTgcu5SUk1vj+Z9Il586IuhzuXvEK+6Aa4SGoYmXc=
12:09:20.0331,I,35380,0001 ws2a1qcreBjY1Ea4RZrIHEwzV/7nT+/zhWEiyaO0ZawHBoB8bSl87f8vaUV6ydzGXTDpaHXDFkuM1KoWoVjSo0iwts3VlbxXIN/08fqjoQFOJ9WdrWDVaXwYrrrquTkBNP9v0aXyNhxINbPuozsF2TbR3S6oSMvSdS0ZuNu2s/I=^DPhrVnGeCJE6J5dtwsBGX1SRrm4P/2HGlbsbjhpsIkm2DsW6SUIUqlPdR1Gu+sAsL+ekUeuTybr9QucNT+VCVRi5ts4P0DuPER2QhihnzE6pjIB7OA1EIJdxJBEKU+VoG0IiN6ZXnrNqID1asiE7oMY51gAWXfhCGZNsnzai2mI=
12:09:20.0361,I,35380,0001 lIozK01qFhDrFOoQLLhtXgqiP7Mw/p2+QBiitnrfiO7dXQP6FLwafpgtnzeQQP2JzSzgWldytFL+GSJysbdcsw9X/EmvqurDhVQeAe9O3FA5SnxerDZxLsU19yK1NLIHwIpfTAoid0V27Qy/CdwpWzZkaNDzFL++ai2W3JvrHwQ=^dKZgLBU16TlX/1dgQqdt2NqhsSZizz1u4Lf9DgAvkUIHIFKBFp3gBS7RqhPqmH4NwLAlzWUdPV6JsXw5oXN7IWhPrhkt+dcLVGiazhvTXzUX/kXOl4nCCIHs/Jn7ojXA+vavIUJZ6UrJCexna/2XcUZaWyiRuQjq9S87/1jEuKc=
12:09:20.0361,I,35380,0001 WtGVRSYnJsG3aBTLaA2O1fnZwOUvtMZdmUfPh3DjGTc5vK6wSBLTkL1nCZlQAC5EvvzjuaUGPPzh2B/efFa+/rTiLV8rD+FUn8TAeTT38VZ+xUDSWiCxCTqLAJ/WxFbW00HIFlvp6RWwUeHkGoFje0qIQANz+x60ftplBpyO8AE=^glFqUFxYsU1+eNRmhN1N2hb+T2M7npSO9ZJFwTaAiG5UufjHpU0pKDj/z6BxVfdd0S6k0ejaPWiCXXUFIuAVWRDXVphnWtX/3ezKwfmCZUks1BDmfFJ83qo1gWyMHI79t74l48yx2j+SwerDRbdhifQe4abcvOua2F3xTyuggXU=
12:30:06.9168,I,35380,0001 qzQGghuV5eIppx3/CMcde3ZMLADTPnx4uX5anXBjUkh7TUY1jFUMa13CRmk7rxJjd9RUhw1oU3Kl16zVyiGtN5UN2VOAa18+GrnJksGnvMfTfB0jKSyuZUgW8C/LQSgc3odGcyZgLAW/kJ3h4SFnCVaNfTi6Rxr5qrXP7ELV02U=^dOKykR/FqOZYGZQU3WifJTWULmLBqIuwTsxz/ADoRcVBWzYZ0N6JIXe0JtFVmMLvuoMZP/v2v9sS/y+RJAOMH7Y7M+CPqe1YT6EAMPMaCwpMZ8uB48eQGbT5t0bn+rODWOI2FDtTpL1r3zerCb0lTCVOFSDRq6TlngeeCsG3twI=
12:30:06.9168,I,35380,0001 sfdckyl0CduOh5pvUT63GwQxVYfIkFQt5w94JIS0yXAkV+gzSDa+EYrSZlyhSBmGY2JWKWFTzkt0vp1Tz3sxxwIcRlE5PEbhU+JCJ9kCvky41FeCk1eio6V8AS6bOQccB0tCYwr3hgPjpHDBObBv6pm3qACMdbrwE203SFp+jHs=^xpT97BM+XS/u7OeibiPv0IHoH60tbZCFwqSKjyvDCAsZ24lrmas11Avjh6rFQmSnZ2ooWXBZaa19AkiVmzxlEdW7LgvLiY2xKSDati3fNFotpoAakDZQXChTxbIYD//iajNraodxsCE1BUwF1ivn93EsIh4jaQwC+HSl3pF8RhU=
14:05:48.9297,I,35380,0001 jFBxYTxPgCxF90bATYAk6mxlFOT4QHpGdUaluDD6XRhXEG+WpHottD3RsIdkYS8zB0miRy2g04XE5CHYoUkX7f1kZChq2od9RSNpTd8yJFBLof24lzZgvdQn63GlIFyIwRknQ7Od+8tISIeFyRS3v5qoC7wz9Rx8FSMY2W2T1J8=
14:05:48.9307,I,35380,0001 fdci87LBGA9/c+07I8n64mk3vdLsNFH357Uxfra4v2aWhS2UGyRLVJqF5ej3O3HmEI7lpoKqB68e+zJpGD+FhXXe0hXeE/bw8REjcDWRHwOphNRt+lOQPd3Z4X3EGGgY54zoJ46MiLmRIS2Y4Lxq6E438k5rSKasKHSrwZMj7yg=^T0HcokZnJMsiAnXPFuE4EGlNy8ST0VGrp/Rjr0oi2jDHBOnBa+sjle/ncuER9ZAimNhdh+1prL67vprfY2XZkXljcAIRMVwC5c+IfmlGHixDFfvhY4YKCzXd7afDZ9WnTzTdlhCkeULFTtnqz78JYAgC+Fr1TAzK1cfB42ZfGzI=
14:05:48.9317,I,35380,0001 JdD+JyrqE7PCLvaVM87PQygv2ViVX7vBj8cgqTCTEPYKsxllVCEkL65CdWh/zYxRKenJxn3EGiSWWSXwZ8bI5tgSWt7XMCckemrLqXABWxvviU+jzTEtEBTyOYXtxL3dW8SQwzCzFbtjabgl25yo4jyIszhkzk2pKERLm+VWtwQ=^bJZ2Hh8ncXZ3iGx87kyXFHiRKfneTPzirSJOqkNHnQM2bnFEX2+vv2f28zuzsJ3wxPpScxOoMl1Td5jU6bObN5eoNsIoSzW7U3zNhzJOiYb8jS1I0+vHjKjV+AWk8btX2mk6jtUu51i0ZS8npC9I98LZQsaXhj99kubjwIFPejo=
14:05:48.9337,I,35380,0001 BpjmO5mip94OskoopQ3zeRr4aJcjDmbS+LVzUFryBw/gI66vi/wfKM0gkYoiq50C6R7qPmtDSKBDXIqEcMUkmdlmjG3sB2RB4v9AOswVqm6NFCaqhpTlSemAW0bIXKDMM8YNhHxepzdqEko7hxO/GqyogGcrJRl+en1KAnc72C0=
14:05:48.9337,I,35380,0001 jw1jZUb2qNWZo8iEmwZgxJrIRHEVXOJtIiGeZ3ihCTlrs/xtG+f1IFv1e6fgKno8JDWbEIoluVTXGFdeKHoBHK+nhZnIzizhv8eFDll2C9QRt59eglDIyyPmwDZjsjEAtlehyDBTPkJWMBQA3uM0Os88NrI3Bppdn5G852pPlKk=
14:05:48.9434,I,35380,0001 NjdlEXPd7YWlFuDlM40jgu4GoH0zFGJDZOsMFKS+sjfU6natdIZ/GnSioCQ/8nLS3JmshmT67AJAPKQ0GJjgNnkBrrUV7YUgreThIboa+J/G67JP2v/v9ufmNn1Y36AystxLJ4WQubcV+pQiklibvvZE+v44HQAQMIr912EQG3Q=
14:05:48.9434,I,35380,0001 cvACjNM4SNRp8ZX6bSoCYiVmmURAjJ349NL0ktp9N/yy2vvk9rcEIl1GgX4X+XImZ4Y10dFWAxeeEAYGgmSkyRTQ8JZ7HezRsZTJAcIYsfG1Pp2bOwbuCWFaueomKmxDJ0fOUraUSCQCymIeoVh4qvEW6POvGkVXuPtlcnKY7lc=
14:05:48.9444,I,35380,0001 mlQQ/PYXwUlvOlawgL4ioE4U/5ePCFxZFsoSP9L4EnwZH+T0C4iI5z+Dbhr63iWq1T9pV0MYfFXtv4nb6picH5iNHIW5rGEqjHMAwnoa9cvIyWI2OCR8zVssM0SPt2aVzTQYnk0djsoBcmPtJdakT7exf14mpKGw/f3MVKKh8t0=
14:05:49.3722,I,35380,0001 C4JKjCPNWh0axr4o9ckzcfB/q33x3sv2Pyzr2Z1j55lik9olk1Eyl6aBjWU6IsDyoEYwOfCvS/vRwSPSaj3gZ0iI6jycUURsf7orXmNKRJahIAj0UMTWDrCiTeXtWFSimCRDHNbJRcdmZmRqiPUndzLREE69x6BOLhr8qawAMMs=^GIVJczWMoXKJFOmoiRyWUhDL3V8GkbGxqpy30Z/hWmPsCpZINef5X0bnSUCId7bH1whsSTEI4jzKNWO2pSjeH76Fo1nytZoKMn8fp9EFF+cRcYUUW6kPPrMWFmnPBFWp/aEmqqj1fLMt4GyWdRI16OhIYln16UOju6KpEUhM4QQ=
14:05:49.3802,I,35380,0001 KPHpAYiuZJ/wzAM1whJ7q42hezfo8pSPFNQ6zGxaMa+CUE701k2P1IgeZjvmbMmEPGDwX2725qBRdJ5UYu9qk7S/1RYIZUaefFFgkkC3p+6Myk14lDP+mqBl2PoC5IB2006Ud8mJB38KAaWwZRyaBlGHhCcmLDzaKeDtmvAq9cQ=
14:05:49.3802,I,35380,0001 MJZSqtReXaEVYKlU15CHVRyySuE4yLSWlvwFk0DgTVSwcaJqbnBTZOz5s6FmyC5dbr9ChKX0E30ZyECl19iNB7E5ilHt3ihIe0wsJVhQlBpKFhVCf1vDJfk7kapCPj2jEWvFKR0MqWUPzr6Rvh29kd9x6fiZQlBiVN4e49XnPqs=
14:05:49.3802,I,35380,0001 fltD1nOHnbkrySxABIiV1/SCI1PEa3u2ikcvlyNmwIuP6V22NhhHVdG8Oh/bNZVeuJGA0MKItRzftgYEyo8wIo4gN3Hv6CjX6CcPLkLbM4UMDA7UoHitaj9z6N1V5kxkil5xyuEzoyPGcX47lPdQRacKIPLvJXpTF/uh0EB5U3M=
14:05:49.3802,I,35380,0001 Sr3PqjmvLM3Oq0cn8k2RpF0FYNnVN3jRHaIdsJ5Gp70PwNrIB7w02yUKTn4Rp+MrfzbWp5+sjmrNyxXqPWQqUWZH3O5PFirTD/BU72pQmVeEX4XKHvWnxfjiq9AcD5uIHpHOlyQgW3CkCm+95QqQj3dM++ti2FJDYnCp6zGujd4=^PlC9adJkJ6v6xUfwDwbkMlseYas3KXYY+s3lfJ5rD0NXf1S632aBdBY7PYKSGiidQ0oRlF5zbHm6gK0bey5teMTquLx2s1gE+u+YMqaERDP8tnc0pUVlQroTbYGNmg18tz/7k9/ecVDyFQfkOmLD3Yk8l7hpWJ7bQiDj6Fgf23U=
14:05:49.3802,I,35380,0001 fnnsA8f3wf38ABRq8p05DnRYj4/f1WF0KF/gTQLfrU7RXbeVvG3eOaDQyOkIHdaFC/juLBP1vaWQzED0IIIE06l5BbzHItMXu2ibCWPv7A3I4qeG47zb/FRG+pb0jbmNenk5ZdUsg4AhGRLBLqE7nSWImNRefJf8ukImyZ9eln4=^F4gM6nDEmicpL4X3HQXY9vB+NuZMQeDKMXWTZYqYIpQghi8321+El40jziQYldS6+l5Z3rC/v2ON3GLu0+Rhirq9JXA1n6Eb44qAwEUjXTnwc56Wl1LQ6IDdqyh74zaZh79Mi2ZRbeNp48DrWPIdkfq93Bq7UGN5rRg4zCr+LcU=
14:05:49.3802,I,35380,0001 A4B1T4lsTnlX+ngfoe8eZbCRgkL+Y2vMomLYgQfHnTCC7XhU2aA2Kgktw7aAmfe2yXzKahBoDoJV7iCvSYg1YZY3ZhLcIG/5IFGz2qD0k2J7/OGWJTXSL+jPfUIQ/LR3/FdcM33VP6LHJm1w9/7MKpAoJCLUrNP2V7XTlilXZmc=
14:05:49.3802,I,35380,0001 ANB+sCQyEmixBUTbKiyQxgTqhcHypnJf+QMWccEER/UW/CBjQO7Uf0Pp5c5GrDsYzNdb1JZ36FFABdufQJY/IxtXjkYdQZ1VMcndsen/6ZAH4FzN/OP0PViJqURrmM0vhCNW88NqJo2zxLV80AroLU76LASPKKThQKgFAnSUx2k=
14:05:49.3881,I,35380,0001 nzghagKqUh4vY3QP6uiEGNPu4sWuVX62OzvW1oX5IiCmeTjJU1pMcqAsa1S6UadTK3yhwjdgjsPqDzM8Ctx1cpB6/1GNTdEoJmF2s0xrQGcKvSHJwPnZCrd1q+UPAYtanzsgx1WGpIEKFcGKEa7yZuPAy56VvtnwxK2ZaVYSr/c=
14:05:49.3881,I,35380,0001 WqgJyn5fdcxmPqrsWuGW7XOzjAtHe6Tf29rXBYQf5tg5MwKUzNiOKFk704e/0kvlD9miHtlYGJd3h44Koj8mIzEnpMQHiZRMsAp6GUAQoxmzrVt84t98tvj4w4U8W64or3CfEnIlgtzmMxzWVrpcn1dYops2tXklrlWM0jEazu4=
14:05:49.3881,I,35380,0001 iUnkQ0u1yWbaNWnZKeBBGhaqfytus0RTLOH5EpOTRn9MwDo0UZeiiYAogzm0C5PZPKJFgazO8t5MOFic3QuSCP73JGkp1VEMUPtt5gqZ3RuSSKeyax/MH9a8ZT7kCkUz38/k53sKsUugjojLCfrb7QxhYnGzU9bUkhGKKp3BeJg=^vaXT3okBZ9SKl2v+ve9zAb6cskVo23RMhgbxzhyTn5MXCNwzJfJU3YQsKuXjNpQB4E0AiZVXZsLs/lDJ7Fyzqjvc5/mXqVbICRssrgRl7oozG7FNECP5MsKhwAGsljlTEUTFjeqdySVp5JmUOUZ3hhiB83gDqeYywzdsb6Rc8jA=
14:05:49.3921,I,35380,0001 0OYJEYk9eCsK44lWHM2suZ9K1WyFSezUuvTt9E28MJxvS7EzwMQt0byjAOkTCLR6x3WEReVg67shk/rKLfqtU1TOx0fgZ1xuJug139RfNeWNTIbDTGz879ULykWwX2zFNLqIaxFU4ouHh/IkyzSmcS5PSIduRjmPR18IQfWLB9o=
14:05:49.3931,I,35380,0001 IVa4oxavKUTw4GknEIJH+kIcP1AK4o/rDzDGA0xC4tFtp9h9stRl2I0pL/p/xrfyIsv1TbV/PNu+fEBj5dsuUc5P95l7ahhC8alFYVnBqwJ3Uxf2beWXLPcBiBUjheUheS3ZsGTszgPGIa+izAzf0p3lm3xigFxTou/8KZa2kNE=
14:23:04.8921,I,35380,0001 GmsfcFug8GOxugi+OdTS17RCRbhDJTmGJXsUYvsYD0uxI4etW2J1k5li8G/WG1Ptb7l3Mryhkz1X6R9mj+eJ0/emnNxc7K2O7hMUm0nm+d5Tuj5D4xzwHqbfUnfc5eij6gtpawa7VZjWYAVPBrC4UR3W9BIglVSNctG1K8HkfPk=^VyDjptRJe9NVuK3pZBZuJCYs5EnszltOVzaednH0v4RQmgKr5kyG8NX07P8DOYCDcvjpnph49VELwW+e0QVSIhsK9cieLIi0eIkHNLpyP0QwZPaN9/TZbpzuROluAA0D9Pr89pu4FTNMK6NfiRuJ1yYxTzVx5xnWYk2BLVI9i/4=
14:23:04.8921,I,35380,0001 JVxBMmbACTjQO4AgeKXMh1M6e4IfBBwraMrGJ5qAczcHayFVWbhT/sl5P/SJmqrSuMg0j3mJIFm+bUVShsR+Pfck6ItE+py0X0JFAVWKgzVZ1BryU5ovlsRoePxj3Co9X4wTT15inz1n2zd3NaOCcbVyPopMo0+C43CiogDIO5Q=^qhPCNgyuQeF+kdRGyP6ZJzatswsXLGIn1XTm9rE2Q+Gat1lNtgulUkyJb3/dJyPpF3i8wv9TJSXXpfA933mlC09lbJcBFo3k4K5jN1syh2WO8uwMmeNnxN6bDmFSXhHND9YwCwyTDGPAFxPSHBR+a1zIEqGDGmuhSIHQ+OXt9Ik=
14:24:08.5259,I,35380,0001 b2+frq75jY/hOqLShPgxtUsY19wBTQpCKucbHwH/Izy+9Q2IEVLr1VKm1VaZkpTX56iBh8vuuPlBQ3RsDStrxozLBp8ZEiF9YnWJkJ5PY9Q7bmiC9oxJUq5fSvP2alf/aKo+odz9q45Z5ShJiDJQAq7FM1OAFqeRJhf2dbxtj48=^MhCIB9ZNZEolPF4lo78c8OSHkqjgByCIdY9kD59aPyYIs9Qt4U/v5yhuVa7rKJq65dOFcAPiBeJQXC3SS0lsLW9yPgzW23wGuErAPUbG2O3v8kWIDnnzwqWQez1+eRrfJP1Suw7I7l0TIjFuzQbLT84QACLPISvMCyN8tuVuHWw=
14:24:08.5259,I,35380,0001 ue8CA4IShX3mmB46/ixGbVzZ39lpffZjksbLIg7a231Qy+oE/SQ+VzfrEfz/f+0b1kRfnQT2JnuWJDpAMeHzDV+eUTvAy6oVmGopejb42JUb5Md9/NpLSUBDhhwTgZJFq7CiSZgVBd6URwoWslWXIPen0QMotF9GfmXu8yk6oMs=^iLSTyWs8983T6snk16brr8Y20Xg4N+kSKFpF2WVpK9oq6xcAGN/L35xI9XfZFAfEs97ydXLyGUpxsU8FhpLx/EbYjmfncGzaP8OQJEaztZTMHVgz1ep/BNHrRtNMwT+VgSTPzuhpJLFw+Rw2C0Cdh6+0oSy+VgK8VnoNUdVXJoM=
14:24:08.5488,I,35380,0001 EgjfNYnPT0/hjZzIh+i5MeSTFZ81RURqcrA93F15pP0l3adfzZ24HkLQhe78kNG9pZL4SHtJ2eqYhMO9nvqnRMy7ssONCFsXCj+tpzsQB5cEMZkZFoUcKdwmqP4UhIKOoMQozETz1vnUkWJ9hQorCKiAinyYtRDlVyOxTJbs1gI=^h0jn3e0p0KLzg2qnFZsa0MHaH6RgJ4e0ykSkGO52f4xxEARGu8g46HhK1RfLMfhZYiSQgFU7xtkDH1EsiY5jBqnX+Gn59HpAABB35cRV/dBmTcfcFE1U6jLB1z8vERH7Xz7O4P88lcOSXKytfbGRuB9tSezjxTcAZaEI1fVR1Q0=
14:24:08.5488,I,35380,0001 PbclthCgfSvucb5sDWK7o9rhEipieFnTYfklMJgRD9vG/MXq/yAjfz9Ct08lVnSX41xa3Zyi+UkOuE78PVnW4poB4K4sz1jMi07GPLKLpWPjQucA54IhrcYLlod93m+nNzXGaHT4BHYHQpbzHhvHb6WgIfp/JO3W11LPH3vKv1M=^BYe2GSSYKJn4JMejEbKaKNRlPK0qbkHTtImhIpJ0Xmbjhc3KsGFkQ3fv2gP98n2bkWnSyjDKlLtYw/m4mO/MGEi8eflDrj42wPq6mswAVdk2S9yquFo1n1hyx8UwFyQ30LJDQUml/edv0oKn0FetpOV+jAFEeEYwdoT/kqwSntA=
14:24:08.5767,I,35380,0001 Mjy9Ww5hJRPSFR9RDjEi5XsTI+OLaJDO/MwcpKcJbmMS0Snn4p6rMLHCvMd0OU/lOAKqzry5hxJiN3xTsgd7YxFjAbmtJnQym/6PE9DvyKZm/VszfWdZ8Y3o8OPfSgb7Naep3EqS6fmTp3BvFuCMXCKPpVbRDOm+Axs9I1x2U+w=^0dJpKVAQTdk/5t59JY0cyJZv/FEFHS7RncsbKCtQEsifKCMZmfgOVK85UCHQ3TyINhGc4iyarHMugqyVga3CbjQyqt0TUvYB9/oUTT6kO5wzR1HKpCyeDbBY5x1s4x80+B4P+LiEx51wu/uolht8zJlZYsgA0KhN7hvCUiT0L9s=
14:24:08.5777,I,35380,0001 ltxnTWHlHI7SY8HrUfb+pxSeDyq0W7ofZHbEn2Z0uNvK+0EPUe6pdSzVYeg9xM1ipskn37EA4cOg+z6l2kzUdqD4JMFC/4U0N20+VSZeiFW2I0AiG5FF9/twUmGZdbA3gM2zCaeBDjBnSDd9rMiYNLlA2a2718W4jfv7XUXlSQQ=^b4MH3IEuH830ngorAS0d/ABptJvJzJm1ed5CUVwxRekHzrF3ePtkI+9y/xRXUCiO/b46KXmASJUiFA15LIWrf5LKlOCdGlc1zTSCmKsleaHeRbna6kekv/ip3kP49Iv3fHk/ZIn6gVJOY50MUm8Hf7J5dSulEHLNpmdDk2ml4O0=
14:34:20.3103,I,35380,0001 Zn9drWCKIZmS+LQzbTh7liXOUS01UgZxL+hI637alRkqkHSg7i5CbDZNCRTwhL1vN2EQAbixVmzyMQ91ptsHtmhSzx7Z92Vgi+OEEPqK7L1+zxWTlQwR9/a/YGgoQK96BtdheFwsg0cqpnu3lSbPKu0WzJ/ACnNriIcPdM0mwZg=
14:34:20.3103,I,35380,0001 y3pveb/OjKA3QTC7isljWpFvN+QbMuNe3V+e7eg0TvqpR69w+rhXIs/VUfoV/Y5y+SfwfbewNc6QZCd552hiftJyOaRVXlu8twMOn7BeCC7dFvbqUffOkW/r23dHhoLAhlBh6Dr9S6ySXNG845bFwj8q9HAUOUHUAwar+oP9hTU=^X7GQRazKbjRPMUID8VUDu7XX48cuRTHRhgQQvc5oC2ruG1aFuTsYbVLn9aME3cTen2Iqnn3xFecOWbipWp7fCCIyggDpjCMp0G1rggXCe+l8AQayqJBBMrwYv7+vEvltUOifjSdfzvc5rRtZkHYy4ObEN9HbaZA/7CidOypTWow=
14:34:20.3103,I,35380,0001 XI2WNPk9bnxO2Yv/kSZxpiXyCzUYBAvKSZjurU4S2vDQvxzNU77SN8U3fddxBJE3ZxVcsaSeHhGQf2dPEjrcDzMqpHbdsnYrMLiVnoEd2RguvV1LQZFZEoKGkqeC0n0SLN8op026yi37NNzK4FtYE5moiZN0IWlvh6mmmBRue+s=^O1ynnqm+T1txcr9kSzNK08geWI87I+PZgFICCq2bJ8o6/kIkS4O9n4/Y5oGGtYUQhMKh5JiVgvbPy+AHxxeJJHmekcWPXwE7/ka56aZh/j88ucyzl7F8fMY6oj5Pcm98MpmyQdyz6UNMdasyapiIjT3YzI3e/tRqpttVsog75Pc=
14:34:20.3103,I,35380,0001 UjIbRKAQ3NeoM6jFEyf/rI0PLpoKCyqbuVmLJdUBn67VvwCSnqxAkjvDS/HD1y/VWrY4xayAxpG4vdWYRgYMixS75KOOACkHnNCSShrkJ+dCaSy13tMKjfMwGtXZf3JEWBS6y6Mjksa87/UCCONDoeMJF+lv+HUhzd+dG7IoSqI=
14:34:20.3103,I,35380,0001 kHbxuDy8R7a+a7yUK66f/2IXBB0tWYiEkhbaFlmRuRJQUzYOHp3Egy6D0j5TBmwco3xuSM4xmQHctmkuM+WS1l/yihLqw8AnIuNRDtI2hJSyp86l/bMWCNvonCv4HY2NxS53220HoQLx6SeMY132DkLtd/rMWmVU8y9ROM0HWAw=
14:34:20.3203,I,35380,0001 ORu9k1ecO4vtVrkG/vfx1ziemHYcuo3bUkUZe2qVDihkaHMasy79+VnHxYJa2JUnod+CXWhxlkj+JLSfG5nY/2eBJr1jaWrIIFhonMsmwlNekdQ+Io/2sbjfcYk12az2XR8MvUqISSfaQ6GgZdSEU2WTOgVnaT2HeDG6yHFu1K4=
14:34:20.3203,I,35380,0001 aqKsfA7nId9FSOBJ+bfhUZ5kHr/oJoeqRXsfCBJ8gSqEXdpoQ/Sb8gPLqgQ0/q6V6K5ZmWPr1eQ+5g3BEFaT9ZXQIzXv/oGFjC8UNUvH8FVyg08HtwDeWnMl2nq32h/tNEJ8Z9u94l7LEmmtE+aenm8loJ3r1wNGrlqzloI1rp8=
14:34:20.3203,I,35380,0001 ZlD7F+AxlM1XXpRLQR+L/8NeyftpoC/FkPB28ymdkBBAgegaCt12EnIYeuBa6PrS+41rIyB3ZUlW6yDaKy4Dkr4RTitgLw9mIHc4/eOTcCXijH0A0xmg/QlIHP+OTiw8KVMbkVr9jQ9BjMApSF5MaI0pJVGhtN2syWbhmg4cSrA=
14:34:20.7477,I,35380,0001 b2JUgaW8rFdj+evG+Y/LsSBfgTc5rrvQ+yzhMcxAjK04GfVkXZpL/0FgPxHjWFaDp9kF6sLpVxONOUFvzs6liz/Cg1qKsuywGltPBFoJgmajQjirhfYf5kgsqLd3mqkY+grw/aAaZD5v4YcCscIUYqy+ODSCx/W5x/wxIfGQ61c=^rkFZjZc8MlVJex7txipDrbT0nE9F3YaD2CXBZ1821Yn7LipUdwSBytFojWC0o0dRyten8O54uNRTMAsOWBEmulXZDOPjnn19ind8z1DJCkuXRu9d/IYans/E5K3PUxYufU44IsCP36nVFiUQKRSNgJMy+YbZb924cg9hsGLNSE0=
14:34:20.7546,I,35380,0001 Gzo0Iq0ECvfV9ejFSIusdu5ZmzJAZWJKd5K6LaYcX65blu/fh/0eURhCW+DGd6aBfuaBPCpoLZWW272zO+IJsvznpjkfFHtN4EWSode5NMIzuq1PIUWFhovO+Z8EnSGJ9cLcZqBNvP3R85JiBKvp58opgv4LorxDbOQPlUer3Nw=
14:34:20.7546,I,35380,0001 lb0ggU/15qi/AX2IoR7MqpRPwPJYD4m0c5ZP0BdV5o8b0iCSyIY5X9pyVecFPRRObgxtD3KiEiwlebqBltRtXEntlZhYHpoQtghx530RzmjdoVZ5XuDeSUWkXNuL1CRslC7UWEeKDgDSpWDU1KSGXa+xQFE9LUev4DoLbvzoaTg=
14:34:20.7546,I,35380,0001 bJkvZlCQUFtpo1oUAdTDb/0ZadVuF5yvjpYAuh9c0AtO3y4WB8YRcGhLcDZNobiSsPmwq2R9Irj07mR37F1MBAK9uWD47QZiBxDVOz0X0emFTeJppYrD0u/3COkcNcXDiMLBCBv/wG6YdVGxGMN1X5ZJfSfJcpCp7axQJ/5+xTw=
14:34:20.7546,I,35380,0001 srDKyg4cVMV6lhNa5c9zzVLRvTilWb2qIj8FmEYVtZwpGTJaH8VZSUygx6cfdd0m5c6zuASwQ3XyxH70Uv0TYvgp9LnTIDToVakG8+xSc9GRIAFtiWqaJRni7p4sYDIcenAvyfZ3h+NkjWuMjcy/EO27+2l/GYjaDYwbKoJdNzQ=^nNLAE7QBjC7lyK2kt0PLjt27sdn/8My7BgXD4C4+RjoSft1qRkjheoXqttbvgQbXN8P/Fm7DOdKoBoCRyeJyTMmQVWYR43WxET7NAMaNiUjWgMuN3ickik8wgsE8jHetrOjAZCWgRnIqUbt6VRKwkfa1g4Pg8J4//EmcmbJuX0w=
14:34:20.7546,I,35380,0001 C87tRvzfd/wD2vc00IGWEoDxluzGz1eXI0iAFn4hScCikzvehAa7bjOFxAe0whhQ2NNCFsstPGrpmLWuQVLxTrcc3FlPSty2+qxzxA5pqiqbvWknFDUocGYZOERY+4VrDqsay7YJwBh+AbaOz4IgmkTERu/VYLM+rh1CWX4mh1I=^nMx6fNnH9GZNM44omzDmlQPFDKspDWsamZHa+78DDUB9PJMC4JEJMMl08G2edfwjbrc9ypxXo1q9mishMjJ6SHr64ZH1oB8AZMxKqyfrnjsksA++8Vz4/q/oRUMO0qFhBk5pspcTyr/cpvHC4QOLaI9fankL2A6nnyKk6FVwQ3M=
14:34:20.7546,I,35380,0001 VR7Yu/GBgsj5fc5a4FyDHbgtOIRgmPzPr5mSG+yobF4IIXVvZ5p4Jls32nLsGMcxyy5b2fo4HUcvpFxKYbyycA8knscgxg/vD9cLET+stgEMiMK3K9/Y9EbuIMO0Qi7wjnxJpMcAbpMgPZiYz48YGpEvKCGwKAw1uDmxY/U7eAk=
14:34:20.7546,I,35380,0001 lIa9Q3oLPjoaN+Vz25/ZyHZGFmPpY6kLOEocxefCYHp0DFxFZX3ASyGXCmbOapVlpMCT1D04mve7xkvMO037dNE2M3kCSXZ43b3yfGwKc68VAKkufMphfgULhgRi4CAOtPhAtTB+NvbmQ1zlws2XDJeYbW0Rt3p3/jJo89IRAOg=
14:34:20.7626,I,35380,0001 uALotbE13fKqZUs5Lo9pSsw9snnUTQvG564H6kD/5uWgc14E5w1nvCFtAi10tB3MbtDTgv4VVWSzedixOeoFmU85rhDOpYEAKc9bqfkz+F/CIbBAfcgLOwofGfSZYwEExz5nvDbpdsTYL9A8pmXIl1DjdjGNkFVxObZ8IRXBeiA=
14:34:20.7626,I,35380,0001 1AeWrJRDnbe5GXRgl2Vu2QAksWpl0LSKtHdaPjDlc/7N+mPvFgKP3s/RKnAwN86ee+mNVNb8rayFU+BCP8qwPgNRh2JGuX1MOHk+pGGBteGndsjv6gOOP+UaCNRRZhpelHUGFKMQaqfldAD1WJ5gte3wnpk10mMla02IXTdcOZE=
14:34:20.7626,I,35380,0001 HN4nwT+4RFDoWi+mTKQDBzIbEGWPjJ9eZUcLj224/TwltzQtd6q34KQweWajH4szWe1NeVLruMElAnmdOe9acyLPFvkGKvYD0CkwW1xin0EtMu2xW5OblEwwRIZp6kW1vGKpixo1TLZm8w4RHc1BR4UVSiav5yK07kdDfbpvKDk=^EeJjjupJf0b869PcT2ck6aSyvpk50qs4KrPkFxnpoKejZRBb5yyu0usKw9LRW4ZRSe8fQEt0xT/S/yKa86mgANFwVAEpQ9geQPLu2W/H5GZgLzJpTrFBieoMyYGLcDuE7iXMMZFDmz94JGCO1oT666YWOLGmPgG97jMM3ClfUJg=
14:34:20.7666,I,35380,0001 pgOvrQK+Iw+J29nLrBLXn0uS1Q/RsFwDv/sSfysHM1epROu0DLRAoW4wzul0irM/VeODynN+by4mKOHREnPZqQ3I+ifY+0MkNt9qFy9hN2mgXe+DKnJosLZ+o4Ysxhuhx6WRedo8AQLa9YpFoc1U0pqraNoaxI1E0F4kNNnGdJQ=
14:34:20.7666,I,35380,0001 Kc8xi5mozmAnVZQzQ0UCQWOzjLWeB3XxUPSMqrWu/SB97qJuO/KXvZy8YXbjcaz4A7dBiP5hjrtH6jcp/ZT6sUGqNVv0TWGmT7Oe0ACYyjjUdPnD6rIpRcTDjOang6ldcJ/1tisK6vDvH/DD2eMF5sivZ3BLvSE0Elk3AHd1SNs=
14:37:24.4918,I,35380,0001 AkEhSizsXQgTwdP+vsY678x1jWGJNEl8HVcWl3lnOoQpz4sWI1jllOpt4UL4/D8PPXjnGvVkONhmjVrg6NVSakKSEPfHXqL0pTQSygtXvyK9hUscK0U/SF2WdYcGGpd5/Nu93oPi6ltU9Z5i/ym2vQ+vmqQgy2WCCX9wIqTy+7U=^qyEZ1j3Zd9K5jtIQM84fxJ+ege+NECtYIO1XXmtXZXki/74nBPkqF1hoWp8Ii8n3AjAk93d1GhUc+M75rCO21ODJvgzjXGQjJ7NsHJOaQ9QWp1Qq/A7bLNKjWBcPxW+v8vzwEHwmfhH51850aOuGecKOWI9BqOKHpreGUjZ5ocs=
14:37:24.4918,I,35380,0001 wwh/8M9o7mUQRDVcvtGVv2ik+Z9g+pXfLOWyQzMUda43QOVuIxJp7wGPO2MwipeAA9tXby65FzOdvTIRbYWMu54QC5+c6iY49OjPtrxbfz/bGeIVG4wOjl81fu6wrB3Yia1KcrzNTyllDia7WE9jfSZ6NqrFAgHE8vRO0N3dIqY=^itgKQ7xLwztvIYD2NxVQ775dBeipf6oxWEawBCN2F6Hub/LjiKumi0mzge0lDzdlLa9drJF6g74Ig823AEtz32zgi1wamjaXHVEKIj+Jr5F3umM2pmYblkk2KgubVKVw29eLeFpVp/TzigsZGqi4UPrSuNVuxZsQrgj6R9f6+fI=
14:51:21.3020,I,35380,0001 zQqd5Bbec7Wz6TvR/DzjO90wS+9NBnKPx94wVBIEHz1694o0u2TIYOmMGjuoGakKjL5iVhoFK6Ya/Gc4BrPVH6wjMPFg9V5weSDAgw57Az4xfl23xC5S22uSLFFCznFt7k+mL3NAAuCQ8bu6Wio9HcAz1ZBUecuWUenyDA+SrkY=
14:51:21.3020,I,35380,0001 n4FhOkmP2KlWBfN47u9l/xyyPabBEKFwKd/qX7Z7eiMleFw644elyiU9kigkKhgchf2zKNf+2b87PZIKsk3OA7W5JvXBQO8bFhrVMreB6XszsH2+opWZClonFQo2MO7tcGnKvi1YpLJZhjLvoPI9bRJWYT+YN9Za1DR9J+mO/8s=^YNAjr0mAI0cgBOcyHHeKTfgQ9TEDSkCBiHqFLtVyUlKrBSO5WQaXpYsh55YXSy2lE3waklCi19agQIbVBTlecUAIGYp5MTvlOUCG3dzi2C1xv0puca5iLJCjBxqwwFDmC6StG9xex2UeQJVdhLKbdpZ5N7H8s4U1SCegySTfxrQ=
14:51:21.3020,I,35380,0001 jokFTqW9PwybcoUXwY++PLqfI5h+9uBsTUF4y1oddqPjXbw5RAkj0D62gsqCthYUzp3UF3q6YrdK1XM9hwDaSY/lrPYDCDqnhxu6uFe9s9otz9OduTazlTO5uj02slCpFXu/Gt2rfdcjwlR2vRDPosILetTkB8CAPP595jIhzKY=^X6aEKkphmR70EhNjku7E0sFJXWhqNUkxgE8pddqyT30r7bIHWchTkL6gYcz+oCu9Yru0tUT2jADusMHqXXito/T290YsZZ2vNTFs3dIZ8nymM5oRE6ReUwmFX4R0dxQUFF6fNeahSSBvS/2NP6mJbsUZY5pvx0sMGDp/tHnaVTU=
14:51:21.3020,I,35380,0001 04cZXMaxMw4ctUHCpgK5FyxzVtCanpPthBWnZhWAfJhuSU9f2/PBHfdMwxj85mcgxpfwxuE/5ES+G8Bkrjtdj34Qif03hlX5xOQgPWRGIqatLakgbSdA0NlTXDR6WvE5esLOLYXJ1tMKD6jVGxDMa+TTF7qn5mVpo66ywaPdeak=
14:51:21.3020,I,35380,0001 SbpzJS7TXr2awuuhTmPTioLY2JxOtQhvKI9ilwT5FR3Kuv3CMtBo4KMvARvexhC6uq3q85MuCmn1j7QAcH+XGLx5V06Go4titT9dqHtClVgoDqyf6Yl3XpGS77Z8aE6nToqXjp0kUkmmtadFJetG9d/mBEgdmwWCwFS9jWQVFwA=
14:51:21.3141,I,35380,0001 U2r2mu2e0iZwAU7AQc9NYDxYjkx/u9SwclG+z2prevB99+iV+IE2X7oZbtDoJy5Cb3SJ481htzdSk2YNjfdWJov2PCPsLkI8WGn4PXYYVimN65ehvLjhTZy12O40LSG8JGqa5MyQ3K2/PotTan2Eg9U6QXyCrnYBypEbeDwJbd4=
14:51:21.3141,I,35380,0001 fIolXcK6Vh0IeK5xq7zoTwoVYU/DKM+k8mLtOEzRfMzDI3OuIGVQdYOXUAnUDSuSxszoRjX6c2lajO8Jp6bawWyKfAfO4Gk1CtYCkEcfKrUAOYTqRVkIOVGkhlSHQaw3eQC55uVwNW7/F3ikEL8a/kG+Art7kyvboSPK8q3ecpc=
14:51:21.3141,I,35380,0001 qVnWMFnvn+f5sSdCDO0YfFjNynoqN0qbsd3bD14RyfXD2ZCWmDEx3YtpObeeKl1+XcrV90tm30dpKD0ZEQfNTTYQrNKKbhRr7MV6lRw3qrfBdKUaS0lrBo7uV7phtbQV0vfmpPDKIvz0TzHlG3/ERVnWimgWWewUBn/Gw4t1jeY=
14:51:21.7374,I,35380,0001 WSDozxFG3D6bo5fj5i4InunDDg2tqTPCzS9UrB0bW/pX1vgsjg0VGKEfQBTgtGnx2Wg+vHMssAJ5a6/dT4GHfKd5JU9ljm/uAlgdteJ4rgIN1fZugf1eKiVlWjnF2yjybZ+rpTegytGmEDLDDOE0H0b5KSA7R4gX3YKO+W+e3ZI=^eT1WDJ7+b4bCjfYEKafSz30Uu0SRUUQb+pzXEv2gr8uAQ/3vB9LDG5VzB1Cbvjx9+jq9MRsTV+kp1FRxVSL467Ura73HFCidPqyMBvW9aGQmpcqTfou8MPO9DY6hsBb3V9DEciMZZQIvv1zeW3KX2iYieloa5pI+F9i9ZOkBOzs=
14:51:21.7461,I,35380,0001 lcsufDfAjORy7gVg5nbDW2dfSfJqJYkk3qGzpdV3mDClcbXXgzNypTO/+P+IHYbIGh6otn2C2QT9S8YrhSrfW8YSni5ZY7stQej1dCi1KM4iMj5VHpGfDpo29WxKS8NDZYyAjROJ0GX47KhWlRU51ci8uEYRZeUbs6wl4XN4IeU=
14:51:21.7461,I,35380,0001 tuMLeNQUHKxtn3sszrZogtPrzs16Mu9LRwr6i4V2/gLyUYYYHMB1eQwlWyntuUZzlPqzKsAaGIq5dQlEytQDztYvH3kXT7K9FeXjXE+3l1N0dqA48OocWRX8Ez37Kr5q6ceLbd3yzqYcgE1qgZGkqgcmMJizb5PjrSSX2rfLyHw=
14:51:21.7461,I,35380,0001 NyCmpQ/DKnYEn9lzuGlKk4jd8se+G+/FUAhVscjzsN6kcRCcuNC/ih3UCyeHMHgSYOE4TeCLJSknoDSN/yx1IgbjsF/mb7s589RPOxi7vUdBSEMqVTGMlUzGHFauymczMKZ1NazTq9v3Xann/fpPoWEC8nQjQEDR5U+xgLVJlbE=
14:51:21.7461,I,35380,0001 cE6UWgYUfwk+Ezj30U72K7cb5mSVldxUjddUzy+jOqLDzVx1MzBLT5Sh48Fw30DIEw0sZYTBfRg1Rps4ocKAED79s21BSdl4PbiYOQfskETKBg47pBSvVZ+4sqp+cIztl1T3LTLr4I1sjA2l69ZrfteDUsKuZFXNw74Y2wgl5eQ=^uxsp0ZwB3nX8MSqbmk4wjJL5f4qWmWf9fGbbKlMef6RobuOVR4M3rj/9xdS5qiXSVSBMvU5HIq/HdhkljASC2YG4jrmObDIHdh33bwi1XK3Xr5fHc4DzyADYsqWrRLy5qCpBdZCbf3w0Q7SVTYpo1QQpH3MYFO/GneA7ZrS4yD4=
14:51:21.7461,I,35380,0001 Uhm+qENH8IA8CAbivN0UGhr50k20bFF+Xr2yxqqvX9Z4nNRAtR7n+0F5VgDD4boQaQY6kSXLxm0fqWGRnyhwy2MouSDuqsR3jCdPDCXxpNFzLvBG5zz2FNE2CkpBFq3eb/VqjjMq7KTRnoDR3HweUFyeJbwk+Ss1BsmXRpHK5Yw=^HLAJqUaS7uaCwThfLe7h7kv7wciMEqvmOoZ1DxIq6/cv3iREVyUHZ2jD24zhScMhpL1TQ4kmFlCq9cZ/tH6Fr0pqBhEm1rNfG/UjzJnswR3nhDvixc0Sf0EFg9Eslruu36j7t7qCIO5CEL/R95Me56mGqtRiv6/IC4B0pdPtuVI=
14:51:21.7461,I,35380,0001 GTqJs03Z6kVkdql9dRjE0L9PGbgQJBpIDDggSx24dEnnIsiGxKRPZdPOGcHaF1gra9vn2JxFNwGxjlwh2ltDGfJcz/uNhzl6G1AblmOcJHFYL5YV1Z+wdKiEVqWKRmJ9F0h3Z2FGStHqqYXItodoLSTrbTiC+eaL7DcURUEdjNk=
14:51:21.7461,I,35380,0001 jLoNsq02f0IZK8796n/oGKfoSrKQ594Ywdyp/vBEkT5arcMlOhxacIvvVQhIINJHiHdZemgRK00phFlgi+JTpu6KvamkcSjpbJ1vxlXzqkiJuff+urAN8pZMKU7dMVeh1zYg5ssCZixjf5OFGzIrHTMHoJeu0rIDUxHyq3kIZmU=
14:51:21.7592,I,35380,0001 J5/FlCT0yMI2nQGPnsOX8gq1sDyqLJuQyxRxTnCbAGWSmeu6wmvswLSXB8WxdEtHHuB9gz9ju7inOL6uXogYRojHRFwwcqJjeB2UB/RXCFG0i8eS+DUpsukznUxChrc8MuwhU98TL2UyLcOlzEjvHOJzVczp5jQLs1TPT3SmVSU=
14:51:21.7592,I,35380,0001 VlilrPTMJO8J6sDnMk/0lXP8wlUqgN4epmS1mjgtERNoy3c1/WaymFycLU2KoKqEmvvqvqWTEyzibBnzHum/PMCfWp3GYOgqAJAhgsMNH0mLnRsBWgLdm/tI0TI6B2W3xpZarZTDDFjsD91yGQcm4VfiH/L8luFGYdIkfkgxUHU=
14:51:21.7592,I,35380,0001 pp/UjdO3qI8xtIoshA6c+XlOrj0tFBN7BaTYyD0LVBKdKLZGgQcJvxuDtVcGEs+6JM4e1ngl8jiuAiZFhCtfAYSGyzOfeIm6FVr5MCxXUZVjUbmxaXU+tdsgceoyjmc/YeoxDOeNfozhfbIZKffBNDsd42jZX/ujh3kszLb1R6A=^J7fZLI9uFySu9Hk6FQ3m3nlebL0p9TvRfTBYVLl/KBVmKDpDXRdmQFx9iPoEgd+UZIXXjkfAkQHpn8zkxoJguNY9eUprqfYMFkCTXMbcMpA99Yw1vbGeCT2ut5/YoMuC9z7IJkmwZNXnWYf0635mJMS+r5yvD1Suaodi6N+0lOQ=
14:51:21.7647,I,35380,0001 waXoK3YtLhRKXZhkpQj7gu9v7ntBPm4GKzseSBv533bq8pA0mXvCAM1r0RV4NzssgXIBrgdFU8PGSdm3xbmFsIzYvJGgCkQ+DR7nNNFQgRXMub3+unOb4Orc7xVlhXojLGtEG61r/QXYPf1TXKzILaLZgUg3rX2COCJLGJqrMTM=
14:51:21.7647,I,35380,0001 ZfhDnMHc9M5KSSQBJq1Hpakvr5ml56mPO/4PFzX4dSNRKeC6y3b8yE5m6F6pZaSmy8L5EaRHkIVD5/YfVTenUkhWI0NFRzEXwdEUXINP7eT1EUpM7THYK1Q2XSZFlaPA96b5hGPC4ZiwfovpCQu0gZZ+k/UkTfCzj2OE4Y/Bb1Q=
14:52:20.9300,I,35380,0001 SsNqFKsqA4ER59AR9wTipU87/qjdEKUqwwviY1MwLXJKtMbto4QPv8A+rwEa6Lgu1K/wagiSwyfURvu1bAr02XK+0hKuqGn87DONq9kyvmrL8Wg/KzncYAkhJT/kcNKaxSzwts/VsXXHwctD1GM/G7pEi8GS9P+RvFtlfrnzpnE=
14:52:20.9300,I,35380,0001 iquplLMw9GQtwy7WLYib3c7UE+2xTreRoZHL/E9Qo2u+lzLNO3b+7wt82BoHPSFimE5u6s9M83dSqKkMEJ3hib8GtyM37hqFItjm6TUPWAhEkEEZt70IWxt9zbsRQO5+SuOtxR6RKpLU1FzTaz7CejQvbbrHnstpaVRD7kVd9no=^qXK8U8Yb+nlAD0CzXwGHBFfddpIEV38JFYt1AUY8Q9pMu/7VM88EucU3I93WJRrUWHEdh2+Lm8LDv5/mbgP7pH8eAtZNCDXuzUEYYrsQkL22CnntEYd2VMNjI+maw9ngJhvJKIvwwwl2W2Zy9Ja8tK12+9uhA7I25cu/kN9/BZw=
14:52:20.9300,I,35380,0001 r9cMS4TT7NFv2X9N8VMAmCB5M4w7Dh9nG79Uk0zKlzolmOhJ1NVGEdpHvP5EPKNp40oExbsv3X+QJy1oLsEVWv2h06pxoq8E+T084OAkaUotSDD8GtOFZuANQWiOYIWlk8Rc1bEMOFpsFHMlJ3bvU8WQbyRbmqq9fcnqLvm1pF0=^ir4FUyMQ5IZ8mADYuYJ/WPdamCEUHjfKRRqZDJFgb+cRc/w8VK79MZ6R5dMjT6guAB+/JX97XF9/s1pMXntbw11LFPaciGXqU8pJXiBz10GRqLgKPjU/f6M8TrYVjynQEK98oDGYMgY0Xd3RLyPSiXHPGFLkWaZvGr/CveEp4OM=
14:52:20.9310,I,35380,0001 YCc/acAuTtHX1fA/qGqtal3rxcmlNrYc5gJCWCiykC7lQGxwnZDKlWRmie/ZNaizxzmD5xXCT2E5xGhScEeBOkHl6UjmRX2idfCMQmW14Fy5h8j4DEW6WinY3VvqOHSe6mXJxxUQqbRaQrljGzifVUup5JFCqzVtDzjPg3Ow+IE=
14:52:20.9310,I,35380,0001 z8+pQGZU9PK6OIiQYGCu+fN79LX6dSx9aGd4xM/7RWiXDqyTCn9k/v2XEuRYmY6hxjrgT5fvtMGCZgO18nw+rZMIOcQ8yeEtOJiQOSzxRMo6/Nyh8MFRjVkFDZG3yGOlKZQClPS7NAKk8zpx7m2+wPYPVXX+9M0DeZlJULERkGA=
14:52:20.9399,I,35380,0001 pxQum/EyEDEtljJc0I0bWE30oxDgenN3c18omDH2uIW04l2SeykFzjarCtH2Q3SH3NEiR9j699sL/OLsdkxAvrhNJu/Wtrml6FFQZ23jwfBwrHN+fcPc6xNosi4LYOqtod/1xFRAu4TN2UuasvfCaqnwIkQ6SSawtkNCCciBvhM=
14:52:20.9409,I,35380,0001 KvW4geICgs9INVCAf4f9JoOUpXY0wCmlgntI/ty6d70nppUsx12MrWZVrLAPtJ6VdqnSmGXqUrHNp6PQC7o1wDDy1i2JnnE/oCcb4kM+rzFOZLAn35R6EXauZfcjnmNNnIlpHbWdeNmIX9W8d+Ln+hB6Pf5MUAkUenCIQ1d3lwA=
14:52:20.9409,I,35380,0001 qBRwfBssz1dmXtm98nMph2Yh4ue0WX+T9/mdfs1spAcMyxiUuhsQl1OVR1ufwli9jm2ecDtTWVX5VTWCUp1iNMf2C6lCIkbpkbNfE5teC2PqgnzMvI3ttnuCv4PJwaz26E8WCiJ+UpIRnai7dOnICy6iGELvstcv1txt8QKH6l8=
14:52:21.5487,I,35380,0001 l8cuei34SnxCQOn6TdD01JAkdaWbNsQuitfrqsMu8ZNydGrC/QaAdKqwW+Q0RUFqJI2RYfPBh6P+ead42sbyN61KuNyQdQ/1OkzxSnhZ06h3FOf08ror3uUWL6wSMFkHFFWIFSZP7xyGTZCjv3xjlvKxeEYpo8svO1G6KvPJb98=^eXQHzNBNiPJUcQqJODk4WEfrE6akgah+ssL5CO7wuIAK0Fgla43/rlbwqlwpJtiQxUWkrW1PJrTnF4RYsB6f8F8rXfyckKDQuAwqU2zBuXglQxwlN9LvGsFXvnA90qUoFPMzzwTIwpXFnqGvEGL552qVlQM0VI9353B0cInJefs=
14:52:21.5557,I,35380,0001 lykNwT7RbPlq7B3ladcDVPTQLI1MMxuo5Q7QuyQQNwjgnrRYDFFIFxsvkwqOi1UbmnyUVUr/0oN5kw4197i6I2Z08yGtjhNknLT1CvIytd2nP2BtcYigXtOo0E/TyaL5oPF+0EX93+WZnYGfttsfaVLI7VN8BUzNavJMs37m6MU=
14:52:21.5557,I,35380,0001 BQHj+sBAzmFV+qymAmmlF5qh6c5Usm+9DVdLxrig2LcnKpISOdz7BxRfnYr62uRzkWgcfQdytONHlcqYNZtV2gHMahiJu4SbYQ8USrwKSzMYqmInhvrnL7im1CAswRlv8c9DA9QU7mwiCw/Lfuxce5hXqhnIMKJ2+4hOXgqk1+E=
14:52:21.5557,I,35380,0001 dINp7GRgvxjGCF1oWbfg8Wu9gaa3x4XuQk+iv6XAnay0WD9Ff874N5lvhj7cNh3yLHL98dHJTGKkF7i4APw7SU25fiYbB6+dwhU1ND1xb6WJBbEYAxdu/bQlyld5GTDX9AHwDZpqBZwvsOIBxnOkbjdSZ6b41hVDOTPkibirVqg=
14:52:21.5557,I,35380,0001 jC5HcmGmkiMxyV/2Z19ZrDi/bhvbmNQcdSi2e/lYOQCtH/EzqDj9zLWszhX5tfbs+lcI3Cg2EbcpiBMEfNHVCrkLswznA+ezuYXFNcVGIAORB+qGaPRJPQo0lEMlpgXGIySGHmSw1BlkS+UsNhaZ9VyHBzLSARUdwFvVwnEULqE=^hcsqZSs0/FZq9QUo2eAU+6oUgoS+Dorpuh0PBq/dA3Bkky+Ux7p7wiJHdUEi4MV4ZCuN5/OYhv1C6IxLO/b6ZuNF3eIAKm/VsUhwNkPMZlnGFBqRV1h00LQeB+b9Vniw4BxSlmOVoOCPVSPkuejURi+WMYWIsmneArD6Ja9sXFE=
14:52:21.5557,I,35380,0001 E/MeWD3s40FS94WaV17cPrgf80JHeDO+Bg+N1T874iOMAFBgRbR/WQvZSebYhJ75auvZxKYdfeOXj1f4/Qo/OFh6zEYlh1v79LNSihjkSbPQmiGxeI44Zv6yIw4dhSHAG03O7gRusoLHDtYlEbz5I2J89nVB8TwcsP4dydk+C8Q=^t28CnlQkcEmFFbeVLJkRVnpnsHXMPz1rsXWT/FdpSmgN9vFBzQ2YYkZhKLI9d4tPapp0/lC6eAzTt+ckgv/uK34h+reXTwcuAYRKXf0xF7Y2+JDLwNDNFqOd9ToBKXS7UWLdIyYySxBcrVGNxQGky4RVTk71ASosrf3VFyovnpQ=
14:52:21.5557,I,35380,0001 JFT8XMXQKOAFvTCFH1HexNEr9eJpCgYCKunhs5kKVkR2i7m6yxxUsU6jM05oSnSrKSdfLHWouTE54kM2u9FWVCYkL2Zy9hU5FHnIzv6Vxb9efq54YOyJuQhZGUnRnLBl72yNdrBv1vUScFxpjaMKhYLS0rIX9UPvq899iRd8iiA=
14:52:21.5557,I,35380,0001 v6A0j8fztTxYh3AS3jPzILx0lQ4B1jKfHjZjjJShZpx5K0V5GaoKGZV+WoKOjACuZIwb7PGBEvFVebDghamifvBDP0960a4zle48iAaGBEu84yyZLlabKdgCY5HRJtUi93rl6wWSZ3hNubRzvKZYmaBwmQFAFOK32SWFoo48cOQ=
14:52:21.5666,I,35380,0001 UmTiYIUPF8U3g+meRh5U6jEBf6EnRtzfUgFHVIyCxK1SFY2zc+jY0HgEu4B9ttW8vRewS2k0M0O5hpiVlWc/jX1jjulfLbF/yofUVcjIkEU50mFHllO3yEgEFJJ7xFWWSkBMwqPrULsqOTUEDawEDO4rlvnFZ0HLiJWKz4HbgrY=
14:52:21.5666,I,35380,0001 gMw7zzmD0aSoHbdYtFPDiQmC1bm29UdOdGluzmjtnSHxI0ZvhRpPoBV9VlNCa5HyyDuwoaCpmKmqtdEnvbm9ZYVFkyJHPZTIun2N5pWkhlB8TbikU7KSfDw25FvK5bz/iy2/isJAtQr4AEeZwz90l6nIuTfWiBCJ1oor067a82E=
14:52:21.5666,I,35380,0001 qfGWtQIEPOyEWwsM/a3WK5Zi7w/LaKqnI+RF+WeDnELujogZ5N/av4tt+/ZSZovl/5aWnXvBfMFO1tXDl44Q6NL/ZQdVbYRbZaJ1YLGBM4u+ee5DUvj2JWEkuT37EUqRE/oiOkHlhzh5Upe3nbhcWMFdM/N9lcfVVjtlFsNdFm8=^c7W052PkiMEDGhowUoAAPdXIt8JZ60DO1L0yKbIOHphDWx2ZReE2wvd4VwhJDh5we7k1z8KHo02/m3MjEcZe30L+L0nJFKbut+fSHuc6Xj0SzTdrHBXOV2VDhaUK0HrKdNTeBjEV+AUWgRYoJoKgz4KdI08hnoiFX8uz0a9ZeBc=
14:52:21.5706,I,35380,0001 jPCSIQaLe2PSOzxr4GAFJkeBzVUuSGCETtWvU67RPBLuF1ySMBeNPtwyWp619GXCHH4dIiE74/DCtKy9DZ8SGhOJ1ApCv5pVVsqhC3KRYMXv/ykLGA54ySrLpOZVvnk2N/pUTmWTFIoNQCNEE3vDP9zlWkuvLeecIYhWza222+g=
14:52:21.5706,I,35380,0001 Id6Ycc0CfRC3no3FmhD6iiOUIENh5/a1oHEbwdL3Znl9SkmlP+eLtDaKz51zB7gYZDyIGSh24QvFAG6T1FUeh64tboNO30Gme0dEJjgaqNdonDI2XwRyi71Q/aqTyx0m4Fehc7gW/z1A/FX+mZf7gpK73D2rbpq38QaxMCw6UI4=
14:55:51.3830,I,35380,0001 Bt4g5WuQxrI5qACFUOg0eH1Kiecfrg3pi9hPreWSJBj4XI9yRXhE/KeH3yk7uHr7NmnJkT9u79MfO0P49ME0YJeESUsBBmbsGP256fHQ4jJIy+/q0nKsjscV2gWg/DCyFkK5ufoLRuHZbvJCKaOLraOrsGW39RnMWvKLmnYeaSI=^ooW+YmNCAqSs8tGr+xieHn5yqK1YPCk28FmsKAcgYkVZBpF6FDfKV0NKg0e0vZFCsH6XM0kz8tPrSF/69ukn1VH4svWuffYxgWfG4LsDFuc+rprrMp923Pl/JNtmCiQOyMgeKBr5YSiBz1G4B+hAK3QslagG0zVAGsFmdStwKNM=
14:55:51.3840,I,35380,0001 ZG/C3peq8kuIWnshQqBqiFcLtSLSGRM3hrqSV3RBbsqSj84UTKqbrDKMNm879ObYJQEYHWFsMmLxPdtTj535aFEEo05Qvn4Xrswew2kPPJmHLbTQQtXHObonqLyCx7/v4gHaBzbJKbmjsFZfsKiXFxtmT5sndJdYJY2HSGCsL5k=^HSwHnyBZ5ePro3tFqiHzK5eyHfJ6fnfG+16o6LyhPp9oLsWJcQLQejrWZpoLM5WI08qyJ+F/f56ywQJ2hhXUlobbC+5SjF3B2QVrOG19+wVPLWZyKDhMIPf1CtL+u0ypU2Hx8nKTPQamFKnJyDpDJhcD67nfypTbDHop8wHSsHM=
14:55:51.4314,I,35380,0001 OjkLsBFabwT+fqr/cTRF/1NL+hrDYesLBtKpJB4ZcDYHMorsE1yJ1/5auA1FzV6sKJWEgjCnGg/yq6QQWTq1l3bclQMk2NqW2lgiaOjMB5lT6OIxWecuRgfhgP7JAaKDZIc819ZJQVkoIEUBNoBMmmiZ0YWtJBia10vNpAxzv2Y=^ygV/h0KyG7c+67pBdQ+ccaaJjbKk1N35qH7CWhmGN4pRtIzjue11gwvq2wICqm+YPOjzGjnEUVzRJooK4fKDiDBi6ZA8te1t/FqlMLnwYwFP0wMTTUL17Ryf9PBjp1USrszkI3EiRRvDFK3xbkQdu4D86+vd9zBxFO0TTrMVtx8=
14:55:51.4314,I,35380,0001 ym1c0nkFrUx2aB8FVX/S5Y+B+uFzobRdqp7ZNUSlrhFJmDNg7pFaRhxAnHZPXiDco92WQgmLkPvIF839JwsA24h8oOlN+5EVYDLJV4F4c8Bo9WcF0A7gylHj0fD5Xm2ZxQ64i6dkpQ7FW5MDp8kHBdvERqQagezFsqDjkn5qIu4=^Pey4qAyPmSvgJUiO37NVYZJ2usstxhRGLjInj7BMd9KszLsU/2bRXr9Sg4DMudg0Vx1eFtask6465dWk+2YENTqUuhLqADnEVlg5S3FuiDFH21S5TVk58RKBnxXvr+GxpS2V8ROFlNFHfgDiw1Crw8rI9QsqId6BY+887OhrFVA=
14:55:51.4334,I,35380,0001 UJaOUYP4xNjIU1leluxJDjbhkORFGgWvGOevAps6Ux0Ssy4Vrts6UAhY731BB7WFQ39WgYV4nKnHEn3BQ6pCh/EUsVNvoBecMrJ6oHI5V9KxsJV9xTOPf4pegJWRFc9v2hKSeWDjS6JOQXoHrfpIb5/yDqBb7eCOqCH9NRMnuDQ=^SF/LtB1wRl7BxEqjd9txGCstCb7MbdqKOgCxpHaVrWLIbr8K3gvKYsPpZvvRtqZ38bfrFyNhIChwm3X5Ye9bk//DidiFvsv/szzlEgzov0425jNso6V7mGpeZW2C+sr+aWQ7S0khVXyf/oVECjdgbF+PjZoWYrMcyeYYw3sJkPw=
14:55:51.4334,I,35380,0001 xOSQDCwNfwj+u2b6Cm7CdxLV1ikdD/1MAY6+VNzyLNHeB8neG+eARzu2RQSQhP0CQxbgoYiQzsInPKrd23DXxYHLpihRKyjLgBH9Yal/KV050qaFg5V+S02GjPT2EzrffJTF4LeIyBmFblTez//ILdI39t43PsEHLRgMjc4r76w=^q1r13oP5EwNNciSgDu44mRkBXkYPOX+snfVuyzxI0TPngo25OjMEaJuu7VoUyQRlvV7q65nhuVacHVsliYnyzQrDvLTk/U7O/97tZ27JpDof3WPsiJppzGWqGHJu6W0uwfldU6o0mR7ZYAORdm8NfViLf+NIXc7ECzT8jlxQ2KQ=
15:11:31.7673,I,35380,0001 BPVs6ra9sAtS8HUZbFfDfp4Lo1k4xnSfmyIkR6hNN6bf37DJ6+P+O3/Q9wQqe0jHqrWypKmzYG+NMXsBicVEdVUpfeDJbiUV6HVCCsmyRdlKoPkLxH5lrfAQc7ne/RdPoKob19BuG65ajrffwTq5yEZ+JQLu13EqgMpoR4l5Qdo=^Q7s8jlMComJg+Br8N+dhg4CV9rSYmqqIutLMu0eZ7ZvUyPXvTs06dBGisHrA/onT441FwRJDMlGCnVAn6dtgAeypfsfYUnEFZtUh23QSL21vpZSRD8rHf2YXkjMSv2Mkk2kToo2YKLzbR4D5p5x2M5/Y6kURWLzMxg26qGpCiNg=
15:11:31.7683,I,35380,0001 CVW5yxIedJJ9veuvDS9ZxhaJ3iufwNemkpZzE32WEEUeyRW/vUwZj8CL25OB8cjw66YWS4BgYibb86uuhU2+QQfarHfsmAeoWLGbx0bAJcgHk6el2adE09wuHkUd2Kw9FVf1JMRjjo0crpiYhSeD+vzqOWydsG+0X3e6ohvcpTE=^OQJER5DENuwtwBoUOarrDjPBCjOOlYALsWlA+fGdRD7M0xNTRMEVbdIPZSpvDfkNKMLV+Fx7OQhvZavEtUL23yQjvmRGWOU9cOs9HdiF8eTUUnZnfpTED4UfWKjYduJoQ5EoBKeGLheIEibme/oHIXIy226cIMkva10x/ODLCro=
