06:30:39.9041,I,35380,0001 knY9BJfIYw6J61y+fQJlA14g7IxQh//2v8BHtQEieK5zX1xof/Z5B6mPRniYm69w4N3g86SaH83UZxgHlPeioR2nsHJuBE3QCTEkH6FVq00CqPDmEAa0qmQZ0Oqu5DiMsqj2ll6uZ4Gh7FmSDFNpuvgbl4jmIqAeUeevPQVk6YM=
06:30:39.9041,I,35380,0001 wVjsM5xzRM9iHVzVwSxl0jdLH8ZvDA6GLNfQvchkkFL1ebHwWkwwlxzIgdfO/2Uo1zsd+T/XN6MnFgQRTQKx8WrPykeE6G9cJG0oxX3HeiOH3vttZXhObX3fl152W01D7w8UiPU+QSzMr6hsEKLSAhIfDdilKL4U/vR/2sORPKo=^gMwUS1PIytUke1OHckt2DbWowXr6c4tsAawguurtZQhZ4lg32n2YY6+bZojRep56Ylikjgp32O4fMfognGXikrgxZ8pNeUb1xaDMmEUH6xTr+Su/353a5v/VKrgfeFvkhOa9f6O5E+Z+GIIWSzGGHm8TzYeduR8w623El1+G8WU=
06:30:39.9051,I,35380,0001 0NK5bbNNBmX4OnL3NKg7q3UwH5HdTuERG+oOh/xJSpzQ4Kdi4rijdS60NvEA1A77dPbpPwPPmSnt4bcYgFWdDxz24WCU8562yCEoLjYigrl4U8c6l2tS0vP3/glPL1gAFEjqUmp4Ae3o7P9UNH4XJ5GWvdw8/8j54kegcqs9630=^J32+u22gdMbrrtaD/FcVLiRf2miuSLoLQf4GM1hGBaqYLTrB4FcAw9qb7UlMCY9ZOKpyIgIIuaBAvwglAhjE30h6LxbyZ+5Zs5AKfIlPW5YGJilGnz8z2KkfLrGYsf5MZSGfO9oqP6B0TYlgRanwX0YsyFysxX8ZN4KRexFMahc=
06:30:39.9051,I,35380,0001 vcB0b/TZuc+6ja8Wqv2ipbRTa66/xEO1mQJsDWKLvAqHmpToE7nfmLl1NWhY7cvlPBZ73/ZcsYMt8Jm3fCUXbC0RWyDkbFTfjZXn4ALkV5KLm6dojEpahh8MwmgRnWSoURST15oYzrAE1KATqcK/cFZsR5hQRFSvP9dRGmEyZc0=
06:30:39.9051,I,35380,0001 i3G6dQX5aNOmoQnyjTgQd4lc1ajqAhdKJ/ngnxk9VZc0bSlo3DrmfIbDC7DMjz2Evp2xR1DC5Z474eLUXON3xrxVzxplFy9DdauaycBynBt/LUQS7b4g0f3SdRspq/RA1UjyxVnuiS55BLTvPbpnUlyi+y42VtjhNegYrQKoM2w=
06:30:39.9151,I,35380,0001 OeNK6C11X87sB5igVBubNG+FJLQPfhsaI0IoA+1FHGYER5ftSGyoi4g4obnmyoXYVl/5tQeyuX0vpTukw7n/9uvblIzValgK60onGDySqV9hzLZ89xcuLKW+7SBXA8OVTDnTRbmztQaFjgu/QXtILSgAcdJsGVhNUGI1VENmb0I=
06:30:39.9151,I,35380,0001 lEYDg/kCRIcZwCTodz4ftSbXWG7sH4x72te0Y3nRMCZeFBK06U8Zd5ThGt7B3QncENefFgt11H7JYkBxUjYQyP8Lg919l0795Z/5AUQTxC2WYdqs9csfvEOJKDYC1Vj7KxnaJlvnvQ/GV7bjjEj/CHG7pLJo7GuKs3SXu6LCXsg=
06:30:39.9151,I,35380,0001 jWLPOGxMakhgTokYAhqWBUMApbnaHLDf7x71hdJk5fOnUORDIN+eWCVPLZjMgB5ELoLZZiKFpYm0q2DA8EBUd1dABIuDgtO0I96jEvHWd5T+lRkvEQkxUSx1nemk152SCJqAiVp0snrIp4qY+6z0jCk/hB5woeEydP0Ync46+M8=
06:30:40.3216,I,35380,0001 rAOf8ZmyFoaj93SmWbbPTo7YXxPJ2+dgvk1eYmngbF2qtEOGk2aZ/wjbix1ngl7FfCo9zMQsZV8e2N1IAqQGCieXan5D50agabpLJXsjsQ+T/6ZbUKMlAPXca4LR6djg/jvoU8ETIBAVQKjdJoyWaF4e180m4CgaemC9PmzEAWM=^r3xjyAykLu1DVx8orNeQjRN3Jp+s4IhAfJKOOSt1yDizfcAJaT8zK4LdKtNS5djcHQ+AnQy8ohMTjI1LWQ/9mUo11wsOT792lABo7zPWzM2nYKrAjJ1Szviftw1I3XleYyGRht74WQX/v6c2wvaOIdg5oQq9sAH78akFlr33pi8=
06:30:40.3286,I,35380,0001 oejZAEIIk68PdVyYPA+nTR0H9bbwlWDub0xj5B6VmBqzivWhjP7VPnthAWwSW3vh+d08tseeVuku6hVW26ZRh7ZSwkauitOexxwN1bXelHokr/WSjciXXY/V7WfJ0qSE37p40KEy81V2V9HywT/U+NITK94MlHL1sZGUMvPWi5U=
06:30:40.3286,I,35380,0001 NWeDWwCigVJ84SJsvoKLVjTAgtWcDGHHuTvNh0sWDkdkZIyK6bnpxH0oe2RIYVwfkghA9I0WjYcdJpGzeMhy3yIsd6uInp67KHLn+m8bl0ummRYuRpx+VgzIpHFyIkZIIlSw6+yeNAJZJvPQAeB1uTij1zp/q6pa0iV5y/0min4=
06:30:40.3286,I,35380,0001 T33bD5HQj2CNiwfRtcVgGAqu58G8cIpdPxrOOcRY90HeFIoUtoOSl8T8UibdLp8nDcJw9iVMoZds2bLXU3k24w9LVDVnw9RRo5VPv6261ZdxhjSbaXbirjpNxtwe2kH/sn4EoXYle8sKB+uD5G7PAEARemOZ30PN1eB4M3LZJZ0=
06:30:40.3286,I,35380,0001 lUeFJcln4QxhhjlJz1326/qPRdC1bR56fESvSQRZp3dRhYs5lx0JneDTMZ+Y9KYK+VxlWshljr09OKOzy+pRfPYLKj/fZC+RMQpwt7bKtfhXp6xV8Nm30PCi3SKlpXiHymUS+W0oMeHay4e803S3vKUKEIP1R5fPBW1q8RwkhN8=^SRM2X24QRLwAuw160g9s8RNqXEFn+qhNDL0q8PRCsN++eb5dCAUQ4GKu1ShHLSkzm3ul2s/UxgnauYoQ3oRfsRmnkKfZEhrqI/vibyabzrN+Ea+QMjIAyG0UOB02bW1Pf5Hy/CKxcguOdOEZgtlBxHGXoXH99OgGT7553co4QVo=
06:30:40.3286,I,35380,0001 v/5tzGJGVY082rxcKPNNInwXy+EOt2FKLPtegqC7A1bnXVn7N/DWvT4tKdumIT0Wa04yaYrIdDzCtWPzXKWRvGU4gewQPOes5hSB1zmwQ3mcSB3lrSdKkM+5DeVgreooWzSqratcTovE80+hzioYHukOBHnYpQ3tUG55CprzWyk=^ZSjJGgnxIqIZAi+D3F5DtDhaFhyRTPPyR2IyaT79e06A2O3nn9Inlcj2GvjocpjNxhElw+WPwxDKMy7niiI2kA2FLytyjsSD8m5uRRmloFOGmJ6yuGW7sahhFxlSq1p4gBc+5zBghj6SMDggS8PasQid7dVbvWH1aYatRYbY944=
06:30:40.3286,I,35380,0001 F3frhXtuPLxKlYCH5Q9Tpyt+mjDHryoHI2QczOPTdlxveTxMvA+cbusjEBXTapK9CuYQEmmRxEsT/EEUd03Oqb+TTGc0ymNUfk8/40o1ama4Eq+/zx/jNh+iULNHfKAnpNEMg7008x8wMQBKD+ZULuygqzkdkEM18ac3jfzUPm8=
06:30:40.3286,I,35380,0001 WViAHlLigGOw3MlO2HOzQz+sx9Tef4/xCZLdlPMl5DT+flmwnTL3TI+0smQOHeclfLefhPlRa3GASv/OCDZ149iV+zn6OTjupV4oZjcKjGk/DwGFVEDRHZnwn9Vxa7T21BgwA6sa/g62/Eb3czDxO8Bzc7FL1NA36hSQWCHJUAA=
06:30:40.3366,I,35380,0001 Et7UYvuQeIStpkScI9Bz7yanRmxoH5ccktRSXNT9bpKzWdv/uT7ejir2KE8nfJgU3tVW9zVFn+cfG/2bimalDr0p+v7My+DfZYroWEQ+ts6JloaOCaS5Yxyrc0LWokpoBU/up6gBTBFQcNmR4XRF9uFIVKOICpxj2ZFRRA1n72g=
06:30:40.3366,I,35380,0001 aOX0jq+n7y4ob588HtvlBk+hF0yxKvsG5rYC70J0G4hpWC3f3Hrtb9dYG36zKyZ6RERQfT29hE237+IKAcyt16AuNQbPDN1btbOjicZyGeg1FNVqPcu0sQhmUmGmj+PozG2i1Ex0f+j93kZIS6jEQAes1zLk5U2AlLqLKx1prDM=
06:30:40.3375,I,35380,0001 wBNm5i+ZOl+AfW7EfMsCExBiqv1R0sotFQs4PfDZFChEiDnmas1LN/2oSELZ/F6Cj18mdD9mhLWBnVSns+spRSkGO/N1jsG11uBL7U6+hIJXBERy4LwkTzBi7tpnPL9suRg4cjEJZShXLVwrx4LhDSZ1Lgc3y5DiUjhT+pNkOPs=^r6BGOVEr8P94nuZGnmwQFrgxlSOC5vN1BRxWXbQdYc83zH6smoru6b/nkCe3IN0iBe+v8VBWytj4c1Br1SENI/7TtY6D+WQ5zmLZhyzW3g4RI7PDIxrU3+Jcv67MgwdSKgzV2JgoTzs/hPwMscpuIlEZoF5InYS5cnOsukUNGzg=
06:30:40.3406,I,35380,0001 W7e5939vu+MHbhOvW5JeCkUvmbCtnBnz3EzoOlgxwFElo6UARFYSBNbAXSbcDmckvMSDekFTyhhG2CFrBonLUaslq1HsV3u4UKGuNnWuOui+Nv54mIciGW0G4X9O5Gs0HGaL5awe/ibnkPE0ZijAvjHHdXcHhWAkOTAd8dqBnog=
06:30:40.3406,I,35380,0001 AmiQHkQdOoQmmyQEzCySNm6kKI8jXYrv1aepuldlfZbPZSNyPToiKnE+fKZzzaNFi74ciV0LYpOdfaF4AZHsDCaErwrIxJx2HYTpYF1fzf/5SmOPsKJZ9V4sX4OScnwWPlY0iGERToQEl3xsD8GXYt+WZng5Q29d1IURgjz9BpQ=
06:38:10.1947,I,35380,0001 QYINxiXKW93p4+eT7gGj2Ss9FbqrXba+eSdDqqZy6urlLg9qCRTJa7tUGAHiE57M8+KQpyTodWGQCRYKqU3RSrYxqBtSKRQ+T5est4dWFjN/s4IVRKy2BX+96A40lYllW642CFZd3i5k3YEgbMWUDcykuqWb++xGV44TvpqMW24=
06:38:10.1947,I,35380,0001 D6CkSNURMhZQtZjr9TKZoBRgUV+8atQjxZX46rbGMqC7tNfaopV+royh/LANo0e8+GGG9OkdobZx+0O5/boh9IwxXd/lSDIHT1hnmkIjFCmBOOzEuCE0Y2Q+aVAz5h0X6uftGCpOT/I0zYaD51PRv0FXHQjibyiDx5iCzbXtnzw=^H58kieYQDtc8NSOeLH21MkPPrBCqk0e8KNeJX1zEx1u2bjbLl2sjd0cjjSDHj98W467OpKpExdnUYjUmKH5KeGoiNUPAjjm3efk3O48IsEEKz2adbt6Kv8MI0v9/cR9nWrjJUEL8/z577PUMOJSJKusN92nfxf4kB6v3uaJ6C8U=
06:38:10.1947,I,35380,0001 dFA9ZZew4WEL5qd+1OzCC/W/Kq3j8THWgLmvHznKtSTfAQI1en7GUiD7yCwclBwLODS6fvRfG5pZzErtZmvqjECNILrX7+cPNCNB11ZLda0djYAUsBXlKiIv8SxPKaPJ8Qlq/pvQfwpGRw0lf+epVhfCj7fU4Hutk5CKywe+yoE=^L2u8aTuyACOM/RMMAbnPLyY2bk2cq9eVESXh5NWr7z7uA3zx0jznXxF+MvoykGuPG5dc3X93ipYaKNKM80c9PWqWEZR3Xl9iFYxEbrZ1sV+4+fJwqv00/Vo5AhXZ754qFGQsgj/yIAQ4UaTpfypuA3tlYNDZ06RJwuAmfMv6hic=
06:38:10.1947,I,35380,0001 ypGApF2L/Tq6GyLKdWdg2ebf74AprUhYRwbagzKwV90QkAL7VIBIQeyzi5aSYDiNpwgdGwXp7Tz6HFyQzUcNHqm0S68OerXTFXatxr4XYJpfeVcAzyACR6K8uCnXAYoBTsYgJsalRZ18JUvLnO38Pwk4VkSVOIH2LOptBfsfsmg=
06:38:10.1947,I,35380,0001 nyelOgnQuhsyfNr2rOksitYSFIf/C/y1Kfsb9Yv4GwfQPVI7BAkVcKsAOXne+ylCAArr5aYLpVCfuD7TMJIB0pUO3zed/yGCs88KzzWGjcu8PIeZkczVNdDWLEVta/PyD/U/1Qm8+1dmRHemUrytIaNIc03Rw1Pa+5ybpGsmlEs=
06:38:10.2041,I,35380,0001 iJJfMa+GsRf80Su0AkTQ/fr+nzB9w9EDsptZZRc9Q1HSvkzEgsslsP/kJDXH3aHLKxs93hYPrR0smBVVDRnqqeAD3zgf5pAqCElrhdU9MEfGJZ7UqIf9x8Wxxg2+5gMOVN26Ax9A7yVCe8yK7pfuMPGNY0D6tok8Sn08ZdIuDGc=
06:38:10.2041,I,35380,0001 heGfLlug9Q8/mRxguMgR7R1KGqQFu+0j46mQFwxP2ahAttNE1CnR5MbLT7I1WoZS+5CRSkOBweRI5ZgTTrUAz33S27um53EuJBQ5infAzACmGqTR6lGndgvn/XEg4tc0RgQYS2pOyv8qRVuRAkwoRW+E8yDb3JvGXhh3BTY2aZw=
06:38:10.2041,I,35380,0001 JRhfULqQ38fKdSV3RftgDyJoWu0DmJEehA+xoJxSfFGascd/v5Ljz00tNrrSF9b+on9YmNqgi7wanFarhpWq8dDng5z8q4EU5uuAUyq2nd+JVQ6anIJJKzD5x+RQziYK7KHJAyDvU+MBoRmMz3yqnRvs5wysXOTq2ztnItxOokU=
06:38:10.6372,I,35380,0001 X6n0eAiJ/TXEV7pt7+DssHQkQ467BG+OP1u6cA3rKIEGPGfWRqVTv2m2SwumSzdkxMkZ3fNRcDMR+E546bTIEAiB5Egq7/IeI5J9KX2vacuQI8G/JMHLhvvcnOEqPY5Eyfpdm/50syBK7RIOPS0DfgjvqhHlahKD+ut+3Z0p2JQ=^EcMHdNgFO38hw+IEh2w71trmZrofQhhvGHOu6RHKvnNrcuivZva5AKexcCjdDPaCuciu5MAXP7UeUXEje59Y396PTZ9RLzo4gjgQzthM2IIGsPF4JEbSwbRPB3lr3HI8IbXUVCs/JqWq23Mb04Yi8mxNSa1QchDcawHrKE+JNs8=
06:38:10.6435,I,35380,0001 RyULds/aIK2p1+hWRLHS7e4Z9FyFZzZ47dwA+bgX/Y5edrS+NH5n6QiII/oQt2iU42QojRbndtfaqKhSLwB03yhVgfAyWhITFqAavnzPSEkuIWsw9KKtEAyqCha9p0ZWvVqdICw7VLEjbedp2NA6UcJv5xze/zde6+gYYTxb9E0=
06:38:10.6435,I,35380,0001 OiLvBrmACuxjYi8wMSBhFkbT9uZAZZo4K+j+C9DmZUg2nDxtFtioBLO4EgkjgqxoXpNTDtXx5kAsul5ePkWcAK5QcH6AVHNxm8f+fIVBvtX4sshHIh90msO9bUIBnssAzezvEkAMbi+rsBow/8BmvNg9tIq2OyEVfpAJLg1u8sk=
06:38:10.6435,I,35380,0001 YmGcEALr56H1cKGr4BHi9+A/MerJJW6TBROswxdySKf1z0kH0HA0VKvGP5/Z6mOYU5grF42VKpKyc66oQpGKdll53byTsFVsGGjLWnb3ufbOvfvYhyFANXgkciBKMJmsp+LzXyczCsvSEEUaN66lwLfn1+y4rNLpHh8Ch3fSxNo=
06:38:10.6435,I,35380,0001 rcWU8GAs1qMuck5yMd4eLby+vBU/cv7E3D7+lday/6rwZg1iSq9xCTz5shag4ZtdBfKUEzqTxUwRsBNluP+9siyLUeUrMNj1AMnsdYOJe4F1ckChS3b+opFzL7sO4hrHsYh7CrrQu378sCxpfPrHZolfhp2nljhUdwP4IWZXypA=^EGJVfsT0sOPP8SCoJPGXbjb/PZp4whPCK2EhLPUcQUaifPrTg3RPmh85hGiozdDKJf3IYG84IjrYoZ+LKCAdX83LDq4JaY9/np5QJI/4RkwKYXGeG9X+hjA8PpnXgl8RC2G6wM1uskCqqfAe55GJk9c8BxTFGHKr2GzAg+enl4A=
06:38:10.6435,I,35380,0001 YIyZI3fIa8XvOV7f40lcX9+DwUBkYfL9nO0bbR6cGV6HWOUUFffdEiBo3cIYnFPEfkdsopHEEflYuYPXSEuyRtQt3P4BoAoQAkvwD8Ey6hhhsou09gsou6yWGgwwR72nDTInMJ77rgvs5FxDWSAeJZ+N4v2McfrKoeF5ARBcLdA=^sDHbmKAcYboyO2v7D9kJpwP8RLULtXeQw87JMJ5nfKviTnAGfKZdWgqWcFQ1HFM2/zjwUrCbNkCBqupPKwdJaB4Ducv2cv6HeDHSK5zqSA4i4E0vAEBPLqINUi4SuICqszevBMzEm1ojawfUXLj5EycRF+K9rEwhXOh21vUrTnU=
06:38:10.6435,I,35380,0001 sCYQf8F5xvh3lxe1YgleRutFuckLfCOV/BtL5fys/MjlRgawDTtUu4RWFfHJnZ7C/7sOwW23BdJNNOLj1T9Wxm6N8oQljtX0VfJFSK9lT+H9kLJMBjqUrA/t5yzziAguoz4ndoY+wAdh8lip17bMeIwWKPPozTzsNrJIUeXWaz0=
06:38:10.6435,I,35380,0001 al4hKItaMr77WNlIEeCuyCwRrOb5nmFZD1wfmMAM8JQI68KlTzyonxHE9VfIdZXRBXdvzSE5H3vPvHVX5cYaVH1YtnRo1qWAP99nqUrmGQdGuGOznpAeEf4npv4X1s0dtv3Corr7Rhq+z7z+RsEiwlZ0owPyWx/XhjU0AIRy7E0=
06:38:10.6508,I,35380,0001 r4I5jENubOg4MWFAYUxwgtUJ8+u9E5XcSSpc5mJBpeUJ3J6InWOR23DoPrJt31QlJhsFlnmKqVAFHw90DOSPXYU8aTIb/f5gW8tvDeXKHemNYP/87X+ZXGVDlo7lOTRkXdKTAmQNu8pP+NI536zQfq8Ym1jVb0/BHMe+07ldPJw=
06:38:10.6508,I,35380,0001 Vz226Zn4anA+PbXpe3VplPDoKH5tQnN82qydf0O1NOyxuUr6CyOddF92fuy9g+d60NaYGWs0tmbM+XlKP5UqoRZ6p1l76jcoZ1qwg2s3stpnMsBO+/7rVVWuykIejhyVqhHAXnRhm2YBP7r9eUFbrKnqXxC+mkcLPeAu2coTv4U=
06:38:10.6508,I,35380,0001 aqNxyr98Yv/3NEFH5teaxsKkk6vCpKDz6R4+vHPWtxYXdc2yCVB2IxZAAer8eogclX9eFq8YzxyooMhWWYXAH1YHJztX3ilc5Ky1Hmazu51dJyjUsUexenxSTYHwqjodTGTE8j7jCCq87axxkdcqBJqEVh5LZ0cel1SwUFIew6I=^mytAcMp/y0U+2kCwx1xuUHqaiFNgdtnufBEd2tlgRfm0x/Sg2p+0yODXm7SI9LKLm12CNQLCqbJb2kY+b1mVAEDeRfrLlD10DVAgqa+GbZdTFU+B9p04Bn1GxiG1DQFM4yIIfC6WsPm2oBjP/obSW68m3pyiwc4XDwqJioHw0Rg=
06:38:10.6545,I,35380,0001 M5jyTvIyflelBeR7MmNvAQJmdz/Ll4gbZJvh6dPg3jemynmPBURBDHyZgfRTh7xyZPpZa8pb6wYKnI5C2whdU1th5ML+iX6i8ykSEwxKoylk4sLilnSPyghfkeu1BaHWH+Nn5tAB1OUxaSTJ+lVT4/Xi/0UUZyaY7EPFV2LXeew=
06:38:10.6545,I,35380,0001 Ro1emfNUceXGCaVlPDpadnNUVrG+F+OWIvA3VabENsZczylujPK/qGb29YvTLMeSexqphgd37++stxYByxhAvarTT7L8ZuklwVhItefsb+ogxywzLv0pcldUrzqhr52rbNH05OQdfqCTPaFZ0w+GBAm2AJ+kYLvbew/tH9oLhpQ=
06:55:42.3169,I,35380,0001 rLvY90pPmhcN8Gs5dK9cRzUtPA1f8g23l8M/Ev3Knznlg+SEIY2qn9Qa0EnhipCS7qBX3sgUPWsKoWhMMUGUAidgZC9BS3O718PhkhMgWPhiNPNvCA8xRMh9V96cpH4VbyNQP12BMmvhBjiPw2350FN07r4Tt0fUeU8Zw71Lmag=
06:55:42.3179,I,35380,0001 AmNEDF1z5jYS1ck8Vz/aYuQp1UskgwkvYU0Uo3cyYoLK8dHnv6h+QnWZzJDxitTlSwAu8hMyh6cN2zdnzdoXT5thoWcP+f08xUWxZDGO41o3xZli9EYnK7EgO9ITyNoZoipknic2/b9Ycwb7CFd45RI0PpvjZLULZ0hhHJXrCvo=^AbLM2IoiF78dFszScgUTv2WrcCze5ibnNS566sZtluBhqkvGAjm0L6P6uwo1Bg83j6dEWAkRmZxHCinlpmhwtrf3g5imhzGoyakdRYNboFhqj7MkQH4Sw9wkePWwbVJa1gTcHrHgTmQazr+GgpnI/IEXI66Nmvm6vEWDqSRT8lU=
06:55:42.3179,I,35380,0001 NAH6ZHJWNTci3rWtDrq7s4lAd8brFlfJ/AVPhzMU6qQ50/PWkB1wv/cyx2F9GOSGTpwZkqYQsAF7bf9VR6KbrIzhT0ALu5DyEkMidTIGq/pS7JB2KFR4eF4Tk/qsPKFsU6tVojlHx8Wh7q6brYz8awzFVAqSi8Jw9UCY+bD0AIs=^eA6pjHrMTEMxeVzCV49hHARbwGE84AHbXCrFP7hkFlrGK8c21zB5qOyp82zTJ5QX1qnLNv6nKP+a/2f2tvfDM4BspKg9WkeiGL4CQ0Lr2V4NXv1iiPDHdellxRlTH/R7QK1FnBdbnKop5WH4SYKdbSR1uvpNkRXQAGZ7P4DVSlk=
06:55:42.3179,I,35380,0001 srVvYWbzqhW3w4mNw/XHc8oe9HFWfqlEDwEy+8M7ONtUzPPwmOZD0BDbvfOJ+znYTtXMxdAnVzG26naTYUTC085SJx28yzXoRpV/F6qK9hnBlbesiw6Fr6Mvcl/izH7fFC37o2kygVO1++gcgtA/7etExiw3VS80IxnFQpvXg20=
06:55:42.3179,I,35380,0001 Flhof7TL+5pgRF4+iEQGrnD7mTC3fZPYmDS5vM/pXPiP0H0v26qOQCHH8xS7ER5I0Wj1CSOTOetNtg5x5rh9wOFG/XoLU6sfE6p3rtHuvJV+LvLH4M9/CHDl8QAz4M99XR6RBdHpsOzSwxgHxJ0OmXXzhcRHlT9RyLmW66ojfBg=
06:55:42.3261,I,35380,0001 dWtf2hbWAtV/x8f3D6ELlNA3PZsnEF9M2qIcBFq2iDrBSCKAdYUImVFpxxLRese4hulo2eCICo5xI6e3aDL5MCxpA6CGiwI/XWC82/+b46TkQAgkCz6bJCToaSaLmOpMS8UpO1Oc9sHDKhgo4bThCsK0KZautrlEHwp/XzDBT3k=
06:55:42.3261,I,35380,0001 WX8pATnIR6dVdDXHIpLa41xACx96sfAJRxnQEAv/56abiYMJDKL1atoxzDlJ7yFM94RDqTyt8X0Y8fXVWX6Lc9X8TSnEvE8pTIvaykBpPwAdiWuHQA6t+e+++HwKxVtxw5n7Qvf2AQEaAibBF85ZTZ7c59Ihw3KBZb/lYG5kuhs=
06:55:42.3261,I,35380,0001 wOhvISFOM5gQeFbmuBhaIG1+aVDgRJFn1xe728wticLj3XPKhHptvR4MlMp9JjDBmwYBvflvT6RdxAjMKenU/kNqdOHdfPJVFe7xpv8u3OgnCDarQ/3q+RUinfjiAJAeehKYHfPkUZrSxrxHwtjjFYpkduSQAoD56zrf4OECUV8=
06:55:42.7410,I,35380,0001 NzVuOw+LwqyB3cYXLPO5Xb8Isg+fdw9wCa7aVSU6fNVtw3hcvY1QCKylr/zHOvw680F+FvCYe15SpMtuxWsZqWbPh0mdCttEiQ3d5LSkvzp3WzTXt2b1EDd0w5yLRcFF61cMBvxOID9iRzsbqKb8wHBcVPrMq6rY4lT/TsKE134=^GAMK0cVL94GTn85WtYjKISLnztXBKPQORMXrN53xWHdYV+sDhokTfnNWjln6jXId/bt3p7Tt1nFvwmF8k3/hO5m9hBts3Rerbt1btSvErktkqYDdTn9ssuv9mYL6O6ALvZz8J5HwiLAGNdz35sD/VK5xgGhsvz/qtBu6tINCcYc=
06:55:42.7470,I,35380,0001 SA+2vbKAAO+d6f7TeVlfENWqPrwCyOQ/dpHypsqRRulePpcQlgbQN15L+9jmT5vz5/m0GYOM9riG1fKYYJ/ofLOW0hOqy9T/Xlc6yNgAQsOTPO1mstWVBQMD1XR6g06fk8usow+Kl6A3NxXB28w9ParDRKFXarhDba22B8ldCOY=
06:55:42.7470,I,35380,0001 Q+o+xnwK812vSuKGOAIxVTwP9HwllGfb2GG0e5X9V+b0Qbhe/KZzV8bhXI2272n2R1gKUrYr0JsH5u5a9u8JHZWCX1lIRxg8lov0jJaWWdR8cd6u2phcVTj0bKnKczeg4coHZ10bTfaQAeRHnKgpwTWIqn9YlTKjw+SNB5P+LoU=
06:55:42.7470,I,35380,0001 HLLOHRGC4SGsMEaMlByNKuE97sqD9QTq51D7HWiSokaYB7HwBFS9Mo8bu09tOUnBwmWP9occkpAS4acvFtFxdgKTog0Q5PQ7b7AnB1rUisBXIkEndGD6dBD5I/7MRzwUC68O+tQndcfj0rB7K5U2vjq8K27emnW1NtHNh88RyXA=
06:55:42.7470,I,35380,0001 ZDTWjQUI/XrAA/lgp2SI8SxkVn79QANBDpjQRxloeaHtnfVWgjYTi7Hw1r305OFs+vtxlje5kGKmzqFwmTsQTdqNJq283VC6c/SSzz1G5Kb3nUD1eqQo7Ux60l//SZbjKbQcOMLr5TWAu/Mb4Z3aqdFZhZmnzPwYuq6quDHhJ3w=^EBrI5cLXgvFnMV6gxLOiD0OU8wZXw1W9uJM66R4Qr0rS/3j43q5v6M9YUY5kaiv9SyM5ptzcIEuX4cYsul2fRd/FHcDJ6azWqZecP3zieGncnW3qKDksx50w7D3/tTCSLQ4jQbZ4J2rOwOJWvxGdm40OLvxcWjy+niRXIWg+xOQ=
06:55:42.7470,I,35380,0001 JvuMr7Vk4029SnxH3bXb9X0OklSE1wpQlSfaOjU7SvE8l3Sl1vcaDdDmfKQgAc5CDCtAnGnP+Aj06pxCusHCL0u2RNSJczXwKhxQ+EXMvw6hWTAofOc4Ws/YrAEimgTYVYGs3twkbQvYEFbQNYjuaM/Rb2O01DffTXuPUxoqOoQ=^C8gSmGxQS00oNw+twqFf6gvONe6rCtgVEL3gelG6Mafnd4Trfhr6JqJ9V0ozDsq/rBshKhbXEmx+80ptSrPD84HIbg0OHNH5u2jw2jFHdKVRxtHIKf3EGq0DK+zyxFYkTOIFW26G9U4H13iyUgzmhiyT1T4ouGe+eY7WFKETKew=
06:55:42.7470,I,35380,0001 McT255XF8mgE0vJdU37Mfz2QYmLDBBawVr60TWCSusnSXShyx8F5gPwLMEVH3TadWhYzv823F9Wd/GV/bUBze9c0toVusAOVUe5Emr/zkNI+Qy9hMKK4NaLZxoahSi+iCaorl3MC3qR0HzlQTMYf2tnxUUxEBHVHspUudK5aAss=
06:55:42.7470,I,35380,0001 FJBXn0iM8Cd8oqblj/AGncMbc9jIxTdN3RHuAs04JspY93D2Skiw/Pr8l9ZvyHn2FQetwGGVU1nbTy8z7KQMj1pbYX39xDF0H3v9BC8UKLIAHdCNOR+CnwULvOcKR4qFFmyUcoh5wJheM0rK4HzSIdrg5UPA39vtD9l+wFtXdJ0=
06:55:42.7539,I,35380,0001 ed8T4Ylo2mjGsaAfZDP6NfjAFMwTcC83Pg+CydN0BWpyYnOqc2kb/2Uq+RhLP0TxsVhIw6f2inJ+3iem2VEW7RSyT1R8wjIYu1Qdb4/Sk69hZq7H4k7hAErAARNiM/pQOpvJM7XCpKAneICV+Xw24EiFtLomfdBAuhyF0EEcThc=
06:55:42.7539,I,35380,0001 BCqcacgnRQM0hfU0Bh3Q//c9OtwOSaVkWld08wjkrvibBBqBahnB/8yKWv3AcKjlxnJG31cML493bKGDts/XX2/2RBGJkAcRtAPKn2Uwy4VX1YmmTBfiWTUgj061NjDO2OgJyttvYbXGvlNCxzkhFSgV6CluPrEqzMv3V1hBSlA=
06:55:42.7539,I,35380,0001 g9Tty7o3AgHOcfDuNVcrbVK24MQY5Wged2vKf1Fq3eL6SVRVoMbfCwVaKq43sFPMgUXXSw/gaAX2NzuRiuYLwDFOXvGTF/q0HsZD0DYmDoeVwEvwPdPSynpAC6TE5n9bPEMsBKFp68p8iikZA8+X/2ZIhjHswRyulXHNNYLPIHU=^TXBTVFO18xlO9wEH5W5niAiYHWyFAT7OsAE3TrbM+VtLKzkz37EtVwaA/cN64nW35Tnzl8m5LjgAuWykzAaLKvmQZlyF9S8FG4hyvV85OoOGvysh4B5bquBTczm22Tvgn/KArTEy1OaAMiyJSOJWqMJM3Hrl0KLYulFlCpgWNZg=
06:55:42.7579,I,35380,0001 majS1E1L3aah+Yhm5ISsqjh587yItDhuDoiMZ6VTwwx3LfMgS0Mr2cl6DpbqxQ/2xN+J3crNErfMRQnpny6bl/A/+FqW0xLZarYbM4s4UrQEZWiR5oU7UNMcFNQqjiedl2w1atzfDhXUYn8cU3VJ5R+qAZRiKTAI0IL5DiEdsxU=
06:55:42.7579,I,35380,0001 NANHdYZ1Gka608Fu0ZIrC4A2gHtWEt3g4qkdWoNWsPEPFiiAAgY1adS7v89YINsHo64fGHX8zMbUuGPz73N6KW1Cy58xAZptGB19SFaSyCHZ5zDlnHOpXgAlig2tCqzKOpx2vXJaAMTLrxtCIPAvYFLtHIZZ6XNB0q2Yf4cifj4=
07:38:13.6407,I,35380,0001 bCiw8/DYKPom1TTEC2SiiEBGVIAijIjHDWsIsatdDWDmWQR3922EnyPhHsKHJ95mtvKBw1Y+Lys1eWf7YpdXSkmpBWlwDPDOD86niXkaREJvp2WDIDTt7w0IF6gwY/uioJ+TnOM71OVp5WmUOTbyxHXoIvIGCjzZ6YMB2+GuqDk=
07:38:13.6407,I,35380,0001 0yb2fwpuhhfH5CHT/sL/wJthu9GnsZFHjBOKw9oh8L2HHPs4NIPSWhwdO1jHr1h2+7SlK40QfNvCYwaJmtQhTC2WeHwxiB/mbSh7aNN7y9Sp/lVT+Ixg3EqYN38wbjwOa+tsKv0BmQv4i2LNUXi6zxoIe7ka2cJ7MongYB4t6rc=^ApTBo/vxxfC93xFTllvPxsZ0GqLw+J/ooqW2OBbLQRyNNhSxvfK9QIutldkKj9VSXTJ6VDNJfllc80i7Pf5OR81Myt2Mto9cssj5RU6OQ57wYd3OXaMSHWX5xKUD1cDHoKRgx8juX6cUTbxtVTsPsSaG8Um8dnDR1jSUYF3pcr4=
07:38:13.6519,I,35380,0001 hEcToNxCaZ2di2FgLhYSGkHdL297N3mehA6+H45kxHXoOSQGeeudoql/yKxMiwWU067wwebo6NvZd6B2oxblV0l4GzYx1a43AYgRraZEdA+Qzn3+yraKwUJdwEZ3iwtb7g48ZXxeozSwl/iFNFCpXyVLUtXWHw8fI0CK+XJO9Xo=^k6sqJ6n3o8qJy5eNl6i9SUeyX/GW2QUfIBxrpmquEZiL3jNbNTECo3KxrXob+sWl4YfMbHL/0wiIJVn25RVhTcJRr4VW4uulgGfOGELvOVu8Kx5v/ZPupXYC4b+Eo3/NL5brF48lzR9dXv1JAPoIjqoqvVT2SKMp9SMm8sbYMmE=
07:38:13.6519,I,35380,0001 Oh7gBNv7Snit+9sicwytD5YAl0Wpn/QA67j0zCocHCBrFLg7hYHUUEz+OuY/7ntAvRnJhFFhZNLDkFuM/f25F1m/gA6PUOGOFlnbOVJ8opLPkcy03HZsV78j4Yl6iT7OWxFTgEIVGzLFPbTw9k/QDMQlWNUbD5dcmYSLgJ7fnVI=
07:38:13.6519,I,35380,0001 E3LdbhTvLbJPYq7cAwe+vaOeVs2QBK1B7WOPCSE+nBpogjSZAjBrvfVEuTRTwAwxTBIpBI/ZCxY04lQZW11kE2TmUFKlw+HQo9gQGoYJ4MNerx8saJEQrLaFYYibm2Sdxv90zPdt7ZKAFNXngNv2CLbnkoWTbL8xUntAbp0E05w=
07:38:13.6611,I,35380,0001 XdQGh1FMMOdjnP8UEX/cxbpFS3PKc1VOCjxLuvHikA6C6dhz6DHu2nREtdNXui2yCMuzndtloZDTM0Y2M9xm+adGfxC+XaRbvdeDow1CF2X27YMyyBmt34SCScp/EUZUK4q/4WidcToHJyZIVbKzpTzL1XakKzrTZ+nMtpF/snw=
07:38:13.6611,I,35380,0001 nT/HnNs174FzlhpG8sVrkxDuXwIvFB1tgKBZIz7n5f/vcT2CTJl4wE9H1dQj9pG8q6Rex5ZoVJEvLzOEvjrFKGcxduUyHFZMS0urxyJUnGgHn6mVD5fop/dD0NDv4307qEVlhYIqMXg2mZYydT2abfMGSUpa+gR7Xp9zWMN6TE0=
07:38:13.6611,I,35380,0001 e1gTNoGTAWXAWvPcP4/0MxouqJ6gTHojH3y5ye7FTPE9JgaEIsbxKeC7IMNKdeopbtMPDi0If16QjKK2Cg0y4VlIf8Uh9yF7YrLZRhLSKeFSjpH+8dWefYchG+3x4CdhyqpN7q8XFuD7qcIqc7cs77tnXQUCwLnqCx0LNi4O3+Q=
07:38:14.0433,I,35380,0001 Jo3LQEKvJdYQot5Pwamypm1OMw7BW2rZ5OSTKENPilcHy5lNE3ds8cO75+kG9jaXRRCjGUOyD7e9waatTNfpuNjEYkVqgxEg3AZ1QIadOp/U2p1xo/7rGjU+/pEyVgy1ihAnIV5Gy8gI33FeHtW0uIfPRGIOWLZCK78gDRwG6h8=^Xv1f8XGIamrySD3oIeNucQfLTtYk9/ooqZWz8UBSsebYTV/D4ZhMFyoL54gNQgaoSgmAa2irc36I37TNVtgm2tFSklzc0K2r+Ij6TXB3cAz026MSqDvIHQ5Ouqco5RWRve4KjdMEfzISD5YufPN8mJ+oPlsAvKODI2plzfCpm5Y=
07:38:14.0510,I,35380,0001 mtl341TT+gN/rmLGCRWtjGv+o8gcuLW4ZS/fO5e5DCbAYhrsG5xonX2wQk43CdDV5H3wMZV1ihjlAwkQTWM+rCKA9+DMC7gVzB3+hYOuAklWiGOLNsDaQ4zxWSHb4UkmPQT6TuI48fOgDDUDVJ2aGAA+dZY3Bl6DOQdfTJfEkvE=
07:38:14.0510,I,35380,0001 lxH0MCX2wdUJOeyw47OVgJflA54uEezrw/8naZ9Yw7uP8ZhXxTQcKWMHuDJaLKVB1XevEK1FUdCzLDnurSyIdLh39B4y5DMnPQeDQQRk6nBJH/BwPvI4LK/uQ7C9ehG+RC5lScJXX/4GCrZFotUJEu+XjOFMU2hoc03hZNFaA2c=
07:38:14.0510,I,35380,0001 Jez23rz4bEa+GNuTIV2LqgJeyvx6vBRt3+TVAv/AVn4suaaDFcEBE7e0yFAGVh0AA9D+0ivYCvSgW6B3Km5+C/Q6eK39SpufBlLw1J8F4nYJMY3I9FNqewqu1kgehIfCujQNWvn48WPqSKSW3oW2BPtTqxlLKgnrRmpwd1D0mSg=
07:38:14.0510,I,35380,0001 iSbIWnvtmku49DUd5qgo0hyzDZj/n5YDeIRsMCe0R0YrOfcL6qKuJP7GfMGO7jtLr7wHp5Fk0Nr9SeggGZBsFZpQWhcuCiFgQOH2GrBJFqhhwM7aef2G3tgKmEA09fkqYJios/tx1lx7VkCw5cKwTv9rorCVGKOebqXH56vCC9w=^D8UAii6Al8alggp5mU0cgoihD6Sdi+qOxzGy5L04ZskM9rlBl6FUtyccquzz6mGkHwplHSJzmK5gE57rJfsq/LM7nymnKeFRxLsPsN0+qemqyxLjG+CKc+DO9MBegIUkKXcVWjmPUsvZkRLWH6JTQP5KuuPbL5yfcl9aqc8GhnQ=
07:38:14.0510,I,35380,0001 P32YUrxseJQC19tb4H7NX8IE3fv5nUqaubFfFaqpSzrZ3/Hd3sFXxqecuRl51exPruELXcHXZnmezCA5sCbO/vnv3bRZl1QBHWrpTgoyAgYB9MSoSuadAqSOqNajnnXDKbY1dbqRQJkp1pcOtfLITyhoG3KcYY+OvFKMw1FO6mk=^V66W/iojQDFRhpIPnoNOBKh77QaBM8BuNuKcFE0oQAHlqabJOBAq9KKRgery+xnlOr3nuesXF9fT3fvLqI+BLCIe2dxBAQ5/zknUSUYn/pO3lzsQsLjVAuhOlx+LjJYkIx88bXbzg3MVGZNZuhmhLSbRtkuj5SwXTLti3DSMO3g=
07:38:14.0510,I,35380,0001 d1PqF1k3uttzI+UKzst2CGI3qfUdxvkx9GzP3ZexK3dmS2bymXpgi6J+NhFr3P0FjyfjybdrZpHY8WSGD5j/FN3lycl5hOTtwGzEjbhEEP7HAVsIKRImKuZekgbB2b6g4pl70EqDJpvlk7qCfTB6LjTxldejiTk+3Fb0YgWEWTI=
07:38:14.0510,I,35380,0001 w51qa90RSFG0bAkYkKoQ0XH6smKokxNqyLOKhUkXxCZPjOmJV6TdEJ2NW9O3zcyg3sEaBu/PZhR+t8R3g09H15h536q6uUFNpul4ioDZ7KEljps+FLqZSuMbhMzLO85JSYo15A99w3x/4UZIHw7HM5OGaDFv4RdG65pduFgMQWU=
07:38:14.0592,I,35380,0001 RnRoyuvDjuwCt3+Sh/rIqRBa1F6Pj3At52+/sxy8dQOAbLd5tGKLQxiIL9xuP5GLBNIjoA2dYBB8znCQfbNm1MhPgOqAt3WaS1NkAWw10vkHVjy5NjuBoEpkBESTb87Cy0JYyrs2gma6mdE0BpDfjULkaI738ER2fhUJJ7MBk3E=
07:38:14.0592,I,35380,0001 gdjbRxkBMB7DuREVxcTdw9t5+KwCIC51q+8HDUmANkUMzAVHSWm7axCCxhtjcfkniIw9o9W7hqX02dj8zCB5q4rKeLBulfBCq0k7SW/fbeRx4fb4cLuz2o3rHpHyaUqrazcayRPJ0J8cj53BSQanOSZjknM48l5VBhh/qjnc5fQ=
07:38:14.0592,I,35380,0001 rYAhWy7Rd9MfgHHTDT56HGGMRsVcv4YDFwiA/VN2K1J1pGOfdUxi3RUFSjddVUq/+7J8z6RGPsqF9tjeSNIIIKj7WvFWzkuPmuMzX+/0Uz74ixAK/NlGxLgyO3l7j38l+dSHxaG9PApt7vu6aO71Jx2DRai7jAV83JxIa5NLpeM=^sfjeV3Kb4y8kxupxW8VWYMuV2SQ1yGpkFDd26BKx31R//n2jX31jinBY3juYbMS5wzPgOy3thpPVK4MXim1g0LaeF8Uu5OsvLn59YR2VKso8yQruQNMcD3UyjosF5eFyMtdReejPgpdi2eNNrgq5wumndztgr2LRgUzS86phEQk=
07:38:14.0622,I,35380,0001 m3mglTDPfZXOIWjv5qRUYg8AhpX9Ivdda8+qeG9iDnvGo/+FqW3gQDSe9Pxk/5fbbT1J+bKcWqX1FVyB0XmV3/vB9e12q/UcJxrnHEHeQOvTSDkIstwaNgdWW0UQ+lLDZNXCfUhLrJLkEAdrHfHnQz+BWqWgI9uanbrgXdLTh9I=
07:38:14.0622,I,35380,0001 WywuxMIKZ25w5XOAlZU/2M0pX1n9aGp9ds7KVIvwdwUwNjh8jMvV/0nE3BdseHesxTraziZSzzEkdnofCQL78G6Di4Z0ed+qDEDxHu4c++3nmI++7zpCt40oBggNy2OmG+0eHEFHdt3L8kZnh/x+r48kJt5JRqlE0puyX/ZuxXY=
08:32:46.4253,I,35380,0001 tc4/37jVf1q6fR9C9QElaiOOFTEWmD+mvqpD5AHh1EqwXp4p4K4MDGjJ2jCYtqS43Hfqlqkcj1YaqzHMbwk+I6+aWRsG2OFZ43DPUp1TKbZU7VX9PbkipCYLXSC16NrfKGsA8gHGfHKiSJ5grd3lodKYNRdMgFSUVSb57CPkT6o=
08:32:46.4253,I,35380,0001 Or5QcwUU6v3r7XRzuuQygKQIRt/bFkCFXRC6Fb8sBmjR7Y5fwTW0wKS3SFAyPvw5nWqlpJxNhKePiFnz4Vyk7ByLwTkhQG0fip/mMC2dgEUyjCrJ97aA59VzYNdJs7BnqQ0DMix/+L8ODzXLB1VUv3uwPoza0h1SJOvzlIDqc3s=^i27qpQUsUrcqVYKBeEzV+oLG7l8/MSWHFWx6jwe9OChUmywrf8AA+XnKz/LgAFwQYXvWcW94gheZgrJAmNXBAz2CNe9B3ciRvCSJU/U1w6IyTIZOv5vlAXHF5ICkP+LriGzMEeW7DX1QMzO0kHl0XJ+1WMvtG6vnJ4y1NwXy+IY=
08:32:46.4253,I,35380,0001 W/OYaIrbO1YiajOSL4HKqZpyfDLWLdNN5zTtAodWavnvXAooOvAoOj7xHxKlc7k9EWP3QCBeA+Gt3KN0SnS9EyeaGIyQyVXGA8YW8s60L+WgSY+CY17PnwTddj9JQI9RZx2zhGwnQ9OM2c8mW00H8wtiqXNDaS2zKZcRjhHK7kY=^v9Wy+SMFGwOps+M3FOUrqSwApl1EAbUAFoFa3eaqUnc/19ob5bjairiawZUnpbr85Cq7h0YZ/zMLnaS3PhFmsviw6fK9yuZlcvsZti+x36U5ornqohTs+iHIZLqm5IhdClzUlBRttrDo7P9dTkYQBcUqVONNnvHTMQWO+dg18ik=
08:32:46.4253,I,35380,0001 NNSNnA/E7R7+9GeEcu8Mwr37+mZs2rdEvejConiS7+ueoBuLR3SAtKc0M9jlb/aiUKpEwhcpFK5sO+95Z6K7Sy/k+ildKvRhdhUrD5O6krJuVrHWKElHBEVEoovURkIHg95MIn+gVYjtwmUuDuNc6iqo8Oca8OY+Aj3H0P921+U=
08:32:46.4253,I,35380,0001 yWUQIJxDoxsWMpriaHyU7kVf/ggCEhYJv2zGcBQY/6LRfy5C3gDj4hg46NGK8E37C6EuT+P4p/CHngsMXP/18qRXZUfwH9LtF81D0vxtAumnyJSwRfWHth5R5ZrmBQt62QiS1I0IhRZwxhSenkKZ05XzM8PCrcAPbM99nSep1cM=
08:32:46.4341,I,35380,0001 r62rqLMNRFSjkZHvHmgraV/9mBReuObHm9Twi/alDe9Co81WHVXXGU49oea5JFZMK58k9Tg4qxVMwX9sD8nlu7ozZTUt+Va4sfxRgi/VWFVUv6nA79drNTJ4KsLOJCTvODWw+QPuamlQFOKiXEmavcN1C7aGkLwdGR2+upZY6dY=
08:32:46.4341,I,35380,0001 SOoj5OZNFLQdvYQBk/umCXV8RpZ8OMmJ97IEAbQMYjMNjcK+TtJfQSQm7wcfm10mhxPgljhJ4TGGVHpe7YW7WXCRorSzJbcCoMcsIiH/tLIzwk72AbmedtJBe/V10AZDwE4mwjTI5foQrye/8qiM7qlf/nvtvy4vScu2iYiuEgY=
08:32:46.4341,I,35380,0001 x3ezLBn5Mv6A8uTtMMl9DS9WsM/AFliutFuXU6z/8fM12nAl7/eWNumd2Om32xVexN+ZjL2UhQibSJr8Bd/RNWXoMWHIEcxSkP7O8oso3a3hSfvYOzfApN4DeqkEWTWpRK1vaA0vJReBm7hjBDTEYlTFyyEtOD8GsnFQzLj7mhg=
08:32:46.8292,I,35380,0001 TjLRz3ZvEH9KpIbeKzCU/5ST/XXw6/UB08719VR8ZytBLUqw2ocgDByyNUvOtfsqQpmsYIPXYxWweU34JuXocz/nK+i+BvpGeTSJKXAfws3yrFfY9GtPh7UuZCzrmmm8TvJvQmNjb1dY2vyREA3uYKb8xCOGmpaA2jh+nwXj0go=^nXM4w6/tyh5AbyIZ49s6vFxXBVbcGZynRoFWMEfEjRvYCwholb0uHBZ0oSe9yPntGH+bAxdrqsKVwCQsLxOlv+klu3DLo2VKeHyiqtculYzOEdESJL52hzxCKGl8n7mULP+aXpbrF02RtriZMfGSNFEoFhX1NcE4HmFLDmDxH3g=
08:32:46.8371,I,35380,0001 xm5rMLn83fQK+tyr7C2XVgS+7wAuxmZdDaOcOTORaJtDx7AXHDlEibzrzpLCiL1Z+rJVUMBMaHeTdaKIjguhE3BcCnZj8C5kurtEIZb/YCMCXeOwHR0xS4HpjSbWYcVqCM7YA1g1XCyXVxDPXr02novVI5/USOPw8sM+Cg5/oTQ=
08:32:46.8371,I,35380,0001 QwVswIY/f/bV12P7eG/48BnHTx3gIrQeacZv/C52J4LkPM4ABG47DfzdeZ/oaxq3ZU6FAvwvBjl+3uak/2icfubgnNaHBoceTjTdcjTfyXcv2UFIsZhSGh8yLWy8cxpoF/AOdb/ADxK0FCyNQMmE2Y7wsN4Ow2lK4Q+F4M301z8=
08:32:46.8371,I,35380,0001 ZmjKcmuiVrzYgGnZtaQifnGUGNxPD5DvZi+8xePv2FTmz7kRyJ86TML49UO2+igLf+5TELQL52XueXyV0Lj2CY3gE87040kOa224iJRRX9Pq0XlV2pPYoOXnrKtVcj7tSZjR27ZjQI8TznvaNGlK7uyfhWcv7lOfW9VmuDv2kG0=
08:32:46.8371,I,35380,0001 JV5e3GFyL+Jx0ZkfVo5R4gfaGhj/xfxsfamoBWvnXIQJSka6h4JUlq1ziI8Ao5/vx4lO5S2L+YvxreQg5hkomOBKmC2UK5o1jrEXniX4M4B6kTnVt+ijWq+RRgBhk7JykyDcPCGCFqid6ca7hey3CG/gJKlwv91txIaQwHvCEiU=^kGM0ynWvlUvK1XleHx4EhZ17oApbp2vfU0BbE2KgV4UaM9yXXZ/qHEKNWNeGi3JXlOB//Lsp/1pDip+w+Gg6lzxHmFXaIYjaXYmnZZxNWBV8MEzi3Yuxux9Qb+lVrYiWHr7Ummuc+tbIguFIREdPUJ1eCCIH55PUogjgF1f4DX0=
08:32:46.8371,I,35380,0001 mMVM5Ah+pGmWhXdvJ5M/513e9faYtZZmIlbQ5AJjdHTQF57DccaoQ4M0S61pUL+dPs/oHn6LX/fHjQ5jC2MTIlgMj8H1n1TtbgSsVSBjGMa2b5TJjkf4WJHUDLNbLGGgI7lweHeRIV4mS8ej0+5J9eCoSoZXAlaMFJNbcM87GqE=^uJuL9ZdtModi0ai22AJdUMn1QZ/VI5xOjPUOnSxKL2WAJRtNX2AY4TEzUTkh9cUqI3O6MSKfBi4oPUqoQnhaIrlCvnQkTOiCj+gJwaMKqeHJJM1PshtzDnjFjUjFql7ruZEiLoadi0OsmlkEH1pMCZ/okP5/lZz4j7zYgjWpykU=
08:32:46.8371,I,35380,0001 YG32ekdeGlxPhJDoukxCdCwRGYkKGzA42V9tFYDjUlWml/rUX80Ylif2ni9C5f4OnKEI6wPIGupVSyeRCcM8xZLrJ0U7uthGgkRL5bgLTlL2coELG0HdSsz4ADF6YMG6xJyPMgxcXShQa1YKnYvsJBT/gGD9wCTOGm2sIMzd4GI=
08:32:46.8381,I,35380,0001 mSRZtAUTgEcv0sXAIyJaZcnOnJZX4f5yVcez6SeSLas2CTHbdiHwud3HGwjhUhtTu/zholE64EumkmRkV3VE7alHNN5r7cQNkuVccAO49A0ZtOaPW5SE5yzV8yPn0Zp3k5qRiTjOc73j/F1guMu6hqp0WeTWr4+Occwi4dEtLnQ=
08:32:46.8451,I,35380,0001 hZubvt4YKJaJoPB7kx1fVnkvR8hRoh4jJSl52SP5xbodOjxQSnTFTsX+t1398BYNSboBNEOMAqxg9Qq8WIpQvrLOKg3fssGTNnA2zd9XzS7DAcfWfF+L/JZJAIRP7qvc1dEyy72cq5XI5f2ldXayhezU5Fmf7PoIfHHJDYvWFjQ=
08:32:46.8451,I,35380,0001 DttM4z/bUdgkSE8Y54GxdmKSNr7KdGYWpplXG9pInruBYP7mFpQgzMw3BPfTuPUjs7rK+B9ogXVlKjhkQiaAfIDSuiEgvp92D4VSwikzM8ZsC/bvEgGmA5Quads2Vh4alZZqhjbqqBq+arIoknPY3Kbl62I/4PbjOkTJCCvuSwg=
08:32:46.8451,I,35380,0001 aReghlfw+cT620kPHiNLuzkLLYmalmqTh+5w6GiijWkH/GOQd9voOqXP2OI2TbbJkgZnuUBF7ZIY8SQsys8bP0FlX90epLu56DXu29Ve1pyYyDY9Z0WoAK8rJbwnPAMoUSHjUjlHpn/oClPeNgKJwLFE6RypvVnt7Rfugpwq57o=^PuXdPCJ4Zresk/NP51wflYUrU4uJS771sERRdM9ra4zEFNCLftRmlUZdqyb0W0362tTT3ycSxCiprRySD+5BGk6nuf/FA2IQYFEfMdlfh/le9V+oM8Ft4vkdt5lSYzZE5eoE1xYrjR5hS7IBkhy7OAb7Ey+7IMbOyCJb+AVQHNw=
08:32:46.8501,I,35380,0001 Z0gPQNPrFLbu3ETcfEzs4RVFL7MTJXq6/LLc79HRA5BdwBzlHAY8VM1yaZuZVrqrlvaSPziVDFr7q6sJnuwwhnwxjYKNPmSizMzDvcuYwHNnEi964aqrj9gTfQuQi0lVcrNL7/Bpu+6BlThWg1cVbrK/qxfIU7qianlc3KtvbGo=
08:32:46.8501,I,35380,0001 BisszcmcJNfyEGTaHMYnc/7SNIKaBWmZ7xMh7r3uLdco4FUmhToQ5Eeap3zrcNRjlOqugzLIbsi1Tp+K/St8/Y3pRfWeAXw1R1aPY16A5lHB6jOU/1Rrx/xrAEbqO2sW0hgJrkOEDMnXqQRfrgIPgfbl+wXZgoymOGlgR6REiy0=
10:45:50.2748,I,35380,0001 wWZD7t1KdYabbg9sDZHM6nsv5GsWtZb8djYFpjJzjv5+H814KmKIAj1iLAIYchwic5duiORphcD/1iXBLdzbcA06hxRUv0mUo3lsvpUPiw9iE+MQzYG0/5or/MFplHE5UE4e93iq84gvyCENKnO2eb4dmK3PlNGMdyGpeyMAyyE=^TkKol9hlL55iM3duVa9/j0X3ugbdRszoueyHxI72iIDGjOt4qZkc4RR69vXI+CVDhpCiZO6VVuJtSw/QpvA5tHqh/BcpBnQL3gghyMJj21ocFExGiGN0mHIZE3kiXVp3xkit/Ris/5tApkos+3jhwDracbBi3Nn8tP+7PWzodTM=
10:45:50.2748,I,35380,0001 VD7vHhnImLE2GojzUJA3EMrZUH5Vr3aAj3eTACm7NDKHUGcRSstBdOtpbr4wgxPBeT0kZ86NOXITW19+0g/EirBY77rVFxC8X/wjs2BpCicbrJpACgNf81DHBTDc9oDsxVH4pJfu7BDbH5HjYSaSOAQg5FrycGze1pCLFHy6dYM=^roW1qCM8IO1Qkj5IxWiMD5z4Obs+NcL5EijDxzjlLRfQL6+gZvyXmF0lUIALk/TaQjkFcs9zKQDVIPnuYUGnh1iDaLREqIC87Dz2JrWcFMIwV9g5r0+cnSFi067s59kUcdPFFjywZXCbyKsNqHygf+7S6q/xInvDA/NEONPDK9M=
14:30:34.9114,I,35380,0001 fSS7RbL/lTSlqiXoPsfpdLrpj2UyDvZq3oM1/rSeWb4OTsk8qai7CHPrZtIsVPDf412zHsnppuh5Rlvom1oVuGgD20Pu558SvEKCXon6O1RXOHBusFP9gxmaKS4OA5EUFdnifnNbWa4dnqsgTItIVihPRR4XFB5/FgFsss3310w=
14:30:34.9114,I,35380,0001 tHC5OB7GrhjMlq2xQJsnpHpPCbM4oi+uawA1RrW9CkyUzgsSgX+25pJBhPyZuzfDXbaxoZOKC9eFvawK+hUAKNHWncnp2jmXoWO7henFBmya/nCOf/g1Ul0NylQf0JhCuKY70e33zViosx7UacrdjKnU7iOwQJ++qkXHT4qJnYs=^NfhassxCqHQc+QFazmm3aipzDt51Uk2LPKC5tQ2T5q+bqKrYZV9VcS6Cm2s1htB1aMM8peeRMlsg9MUfUZEVKUChBLyc1/P/uIFxES//S7Hfrb7z8k3avlpXx7f6o/i+SpPPUG/77KAH/ip9bBs7PZ0a6fnFx7UGnltVIW8j8U4=
14:30:34.9114,I,35380,0001 G6N6x0rIjlNt+x0INIZ4YmmWX9s7lkK+8R/Q5+6NXXUNKXEfWfzVqhnMkziVkWbygT/TX6J9SZU4p8o8QQ71lVKsDFjdrkCvC35ccPtr+2zQBkd9xSOperkSJpGyuIn8jHPRNPr67aw2FFZN6yxlkR5mVEf93g5mXcfvDJFIb/I=^y+D3+7k64Goqa/gmLKXdg1Mh1tJeO+PAFG+HpambmydU95MysDsbNi7ufHuqu5tY8E5lsm2tIJpBbusQgGfxWsivUa5mfN+0Wsbj3FnXk+/BbzQkdk1CPhPryseQgOI0nNJ0yDGQf19nQcsCvOiFi3N+I3oU/PwQ6W7QHwMtz+A=
14:30:34.9114,I,35380,0001 A3bffLG0tzXxUZv3otzBkLrHPnhHsZkxLIf3Pe4lZuYtD4S9aK3DunDqBSwFmi/iAzgNWZvNx38Z1X377739AyuKntE4W2DPI6oWwGK01saQJcCjm8sOh/RI1oq5RyO6E87LddA92yew4JKGjeC/nsBYqOz97gXY3vkomjAewwY=
14:30:34.9114,I,35380,0001 DXyqPnOFAoG/Buvjc+1jlsutjfCI/LoipTWUW3ISF0mEmMiMMb1+aCQGu6poXy0CzhdiFDsQ8kiRZtRxv5zyVpHhAbIXBUV3Tk4yRqgIvtyOT6fw+NpSO3xhzCPn0HczE4cmBkf6lVX+gXExgq+glNW6eicCNNTa/uIVckUSFlM=
14:30:34.9205,I,35380,0001 FaCMh5GSli3sP2pk+E0SnDGgu2ADYP1pzqeHQPk9SESQ77cmDuIhmED9y83YiHHYR9HSsPVZOaW1dhc74BD03s/hO3sWZpt9CU5BV8IwlX6io4YTXBzzk6R1H2TYvhZ81MrCH4/KafXvq25me/AIdg1dNXUy2V3lgLrO+AbU3S0=
14:30:34.9205,I,35380,0001 B3h4o/89wuPDG855+zI8nAT3FlPeR8iPytfEOmh0k9S8uXrAIjhHeq+20reweV+tjsNarbyhVmBcN1JkkBANR8hKWRHx0lyD4sztqRrmjq3lEVNk4OCtRVf08Hh/zQ7Tloo1sGgxRRFRWKRCs+gYkH64ldQD+VAH1ORMkUzesOw=
14:30:34.9205,I,35380,0001 rUkX16UZJe4uM7jyZja5q/x7DpWqq5MDoKI8nmJYQqwSvGiHuszKA7C2O7iq1sV8e0B+AfByvYpJJzQXge4FOemOs3IecEQrpAfdki+HAUzNSxc/zEFrRNIAo/Os9L0ypTWTZEEawTdhlMR+LNVyJI7VPI7jD+bQabLy3EE17Rs=
14:30:35.3494,I,35380,0001 eEOixANAntjzzlQmIY+Da2QtV/Y48CmQloKXuB6qT5emycojD+JHGQlvE9tdjTCf0AnQERE4vSL8c+f87RMfdw6S36DFtp1516ydMXMfqEyDXnT6gQKlxCiQkmlPYslf4c76fg67rpQ1sD+t6ccrJCBb3p9reeYcGikE1ClxsH0=^P+jKtlnYKc0WaXnrtmrimLNi2FB6bQdX7FHIyLHo1USMrzj3EbTTYsTxc+u9fE7wZnzCYEzUi9+COTeKW0jNVuR1h8mVfFpyeXy+F9JosDwY33hU+0pvBNcoS3ZYyPxJ09pzm5oxngxfs6lN1zXODUGiG36NYqZ8HoOIh3MtYQo=
14:30:35.3587,I,35380,0001 OadQuMpUNmO8dSSiRJdQmpDkPCBG6DIJlyCR3d8MDQ/9lUvWL+FRlTTGiZIXa/9bsr80OqFC53i5789NYutSWn7OPUu+PO+zMNBTiXkeCexk3Cp3x0A25PGaKNN9cmT6gZukS0duGOlbi+yKMXdzxE+r4uaP9rmLPlHXCJu44dQ=
14:30:35.3587,I,35380,0001 p2HbIcMG+H1AV7W5i95JhcI69EzcZ3gHgXCHBWdLlFkYbDkEhFuQnn72JRRHqBq3uh9Ju5AuiJthJ0vpS1ZedpDShnGKGO8j0ou0uCXj847qG1Fl/gkW0+XNDPhUqhSdYFEER2VbFbBQoMYszeWA1FiGvo8zZpENqvYg3oa2tlw=
14:30:35.3587,I,35380,0001 h8IJr8cxq3OepINJJ8bKtVNoA/sSUOoutRJdEby57yA1QDtv1dWFgc3FUnCG34xgyRWtfg6sp312vV/BAiCutcAtmFaR1ZUm+FVm6NAkO4zOBceIthZYEvkGd45REbvd9E0x4JOgv5pxCZkMFeeQly8ibm3q/PsuxuTE8xKMQWU=
14:30:35.3587,I,35380,0001 Na80rCRVDVP9EXvD7/WwEoNTqlvjsQvWJceR38ipf+JTmh2wfpSZLuCryLQhL9ezM+VsVN12F3GcKaAstY+Ck83Lot9E3s6pt0TVO48xKKQKYU4Z2mX6/OAmO8Pnf6pGznTAjVxfuWUATcV+nYXcshhptx1AwTxGpR7IPQUfsOs=^HY6/rGr4ywlpNoC4ZNxSGUNxGVfAUaQPRNkJidVwbwyqceyWjn0KwRNk+2/ggwMxvU/YhU9Ohn1yvnLLGBDU4IMAp2Tr/qrs8jLYerE+NYiBR8pxBTdce2aZyuJSGimDSgYq3Zzx3cp8nmaRGh961YgPHGaTebzEL8XNqO7M+H4=
14:30:35.3587,I,35380,0001 zWnyBcp4iVXCVn7Hn4FIFCW5uZd0gXMJ8gmi8Goi661fVYF9d/vrJLxEpGtgGbfVdV3ZcAoUZc2/zpnmDKzEWECT2eS6uRujrAzYzkwPs3/XEMMbSnEW59vZRiwIb6BFIwa5XU4isPxGFicCPrpdjWNiZlmqcI/ijIjozqzsPQw=^CTSVCK8g89z6ZrXA+hsbwmPHnduz85l98XrAUzUU1KYGuOjU+cTx3FjDboF5QmdSh58XC/GppOpO/cEU9H7IH9sQBcZC7qxNrBiAsADQ0tB0zzN9z/UEpiVQgqnbA1GkIvSDrRPpZVfC+jVAMMVdayryXdBIMg8rR3xCHDwFJe0=
14:30:35.3587,I,35380,0001 SIwoIQcyIGagBzIy4KvIBpDONtltSyYWIzBDxvFAJyI/BUxHh8+omPQA+5fb0wQDC4MKBxrFivedenLcuURJ6Lyrd/Rz4NNBlov+n27VYR6kHoA9XrTUwmqRAK7dkOqby5FLBQYbbxoblu21ChyHIUbCKsztX/22R+mTUvNWvHM=
14:30:35.3587,I,35380,0001 fKxxgDvg6QqxCtCNlmWOBx5I2FeEaqdmGLFWb/UHPkVXsTAhJZXMZpWZtqdj3rPLh62ybAezX57lFtx8qRKxoSvDMni5370d+og8lpa2vHJeWE/fhPpwQDO0AvX3bLVKVpCRhlHAyONGSFDft85urniZpmjbQ5qU9m1WJ6bpPfM=
14:30:35.3666,I,35380,0001 OH1lxtr8UVqe2DgJnEYL1QInHsEEjYMkaUVenIBknOxhmK60zXIC3dfh+OhL2gCRQ+7NxF0Gfrx8nEeV7xJpqsehWNzDfgKVToTcOED2+5l2gsJZoi+R588Gc8qXnGVBJTRW6W/U1tDjRcQlCeMTO4HhHGMxyZ85kCiFeODVkek=
14:30:35.3666,I,35380,0001 l+YKvrVnLnkGhyYPuhnyhr0OclF9+FfpBGaIYoI+ORFNxCrX5g0wrfJw7qNg4uk51PhWsZ0+a9BS4hAi8cGIOwdeoeeQGFBXs7rIl6oN/R9rkZJQWC/JZm2EQXidBh2lg9yrOthv/MptohoAy08uPRSDQL+4oPDHJimNpfPPYzQ=
14:30:35.3666,I,35380,0001 0GT6n9oXwGviVTqvizdK1Ra/PGllA+WcjGf4uGCVmX9l9sBFX6VQOcmC+5QCYplYPnXvb8i4Im6NAmXEn0MqZx5VFuEgwaKwDrj8S+tt9Pe4U+OVX7rbKSq7KTkAskkddGUBQ1d9ljO2i8Al9Z1n+vErJ8n8+w4xXyKLLmqlNC0=^rRVoCBi82gMqzy46xiu5bexzoN76FnQsm0MV+PigENcWMAo8t7bYYnQEjvqNWHD8Efo6ExcbmSsYPAV3q+Xe1Z2C49W024SNXEvsYl0JSh/VjVcOZ7iKd7beald2RKO7+xCBoHfev64gQ+4N0wQozbd4n6UpsXMjJDX+eiMiTHU=
14:30:35.3706,I,35380,0001 MRYuvKPx4DbGr6mIcKE5YogrDLCRlBthWtmsG10tgBMT5aFDBWMmffF1al29mGlKFf57iqoabxTwjt9Oj0UxmprfGEkS2UmEgmY4Mdgp4m1lMC9wlekt2N4CpWFgR07E6jCPW1JacJxy4XH2POP1JNcTx+vB5QXQy1VVHX4koQ4=
14:30:35.3706,I,35380,0001 Qex68HbbKRM+iHdycLjibdQkP8y2aLewD/6f2Xti26b2vcxw1371NFRyRT+yPYr4CJ/d0S8pZkRUAIrzaPWGgZXskcHxBmqMdp/ScPCMWcuvPhAEwyjGSiDrpFHssuN6DMcxft0WQ88DX8OV537QUNfQjY/uJpqzi2ssBlTbOSs=
14:51:36.8554,I,35380,0001 mSanTg4GDsMa8Cq4IpAiIWBFevhTbkeYvhXzl3X/t5WBpk4iE20d4e7tEcu2UPRBNytvjHT5j24tOIrE7tsLe1L5lb40R82XzXq0SN7CX4fQrEU+nMOdpOpn7vKsm96nR1vVTAuQGo8pkcDgSGGv6V2uvFAYLTmWv7yQ8Iu2BKM=
14:51:36.8554,I,35380,0001 eAGdzOM/TPMWZ28qMqSc0RsMvaj6etOEnraPomN2lNeQKXbQGWH6qOWYLVG/sKOPHMfHtEWxIU+9CCCkjzGciPZ/yS79BItiX/xI9ynrg8pxx1m53jn/t0GPspp4Cgx85F5gMl0pJ+rtQNesXytWfwgvj+SQMrJapn6Fcy02lAY=^c2IDgmtDSmq3zOY4LjRAaUrOfBKcjPMS34QP3JMTUlM9HKasAq70FeNTVI9Pl+1d9sVQznlk39nbB1t7xMxCRqH0VRXmMbAX7VhRE4rJlgrZKwgCYrae+3eLRdL/a4/k3MSQGjuO8NJi7U3bojXnayn3gaffMyNsJfu8Y5neazU=
14:51:36.8554,I,35380,0001 UbIRGV1Y35XnN3G/9HAzlPLwbc1RYTRcF4jK6eQ0ZvaNzF0L72ztWZxzkthkDrASGEsEB7rdSvyXVNeDBCzi7xWRzS+GpITjkFdOB/wDEfpsIcGsX7eyfWsp9MZgxIT3bVqRBt5wD7cw4dPHwN96LcP+l6s0OJtbXZaUkmnHn0Y=^RPncXX0LMA+Uwkwen9nLSac1Mkcl27uga0TF4aqJGVW3qoyw0KkSAKr0OVny9B9Nm4jRMOF9ucYy4jWh8far53gFlVfW87HRw+Hadhd3gsy9JRYVXKe/LLQb4/5SQuGyeN2mIbmTeqawLeWmqAv2i2qR/3Vr4wAeCtmf7hYC8oc=
14:51:36.8554,I,35380,0001 zBa5vRpfOnYu6jLkDmAih4cw/d7YVsZdQz3K9PmnJLszOmSxyjvze/dNoC9350BZeBgIHXj3PiKsp9+CdQf0i+nh5lPt2T0vEkvto/vSGSnZCN08BxYtaxYaaNDGhc+FWODnGH7ihwqnuHoSQQXVvBI3w+Qtcd5vTe0QaOSuQHI=
14:51:36.8554,I,35380,0001 TL7SZ/dPq91HBbyb1nT077QHnuQvpqmpIYN/C7vkLbWOJ9+nOWFNxfoB7uqcajhPKYAIbDkbLhD9B7JPLKd+0+2cyY8ti7XXAZJc7gpwpKQK0PHlgSc1GJQzg3mvx06SWLL1fwSO3/39V1PNzu4q31Rcs6MniBhSl4PcNbTKTi0=
14:51:36.8640,I,35380,0001 Hmg6adbDpAp/M5rNBkDWulCMMvirxmt3G45maSWGBc2yKhTP5Wez7uHrYgTM5y6J4Lxe5BNcUipxZBGQwfT+gQ4ETG9fMJ005IlV/ZDdFA1mEOLKBxuWqho45fFW34265m48M/2QYQoArVfdbK92Ij29G5dzQ1dFEHTLlU7qwdo=
14:51:36.8640,I,35380,0001 eitGuGsnD67fcuTDUCi6FnPN+HDVhHrwBugy9H0nTsKPwmiBtO9CTAzwsi6dVM1I84s3c9J8pdIPSGbE6307aivK1M+jsixdOSC7gQrD2QEAdZTg57qU917+9VZFwSi+66ArZZc5p8gCqwWqJ22Npe7h9STgwADNzI3Ee5Jnooo=
14:51:36.8640,I,35380,0001 Z6Z0g58JO7gYRjcyqXxTczybqIB+QKPMzP4WVKuxeaNXImBCE+HlM4nuJ+DXfZatKp7jGk8BRdj5YGNnHu5RMipZur+LKgZJD0ZGcFQKti+swoPliaLjmFiDlpYfb8+579wJk+GNZFa6lPtRyaZRNwJWF6ipUJqfjmBe++OGNvc=
14:51:37.3111,I,35380,0001 qBpEWOdleenMG+hYU03vpDAfklN5HAs46u4ZPt7/YBLPM5WGDTWHbStb8U6XoAnkB7FOS2eD/Kf2OVg4Yu8JHLIno64OANi87k+iBI28iwpSq6/MOozV6gzx1cNxey7XHhDzESSrimCDQFJqwKirLRJZUeWZUwTGtp/v7jXA4LA=^e7a9Xkbc/WRrZm78rGn/OXl3393ogIZ3lwbds1sxUq6bdgjrExZ6IgnGXMs+KbuiCBggZF0KZ/fENjvnaUHXXObI8L/ZmxwKFhxANDzoubOJiBcQkK//XiBIfMcfDymf3S7KgZWl90Jd6+QhY+MYY65rjKszyZJZEZHhu9qWQTE=
14:51:37.3227,I,35380,0001 WiTspkpAyR+THIq4ipzfQqrdLeXgmCM8su2LriKltkBOaxsYHn52v02fufW08YU7xsObRnKNcEaLSgyRF9MLo894SexBacQrrtYT74WtlN7KpPD5ZEcWuPvEnpNbJ5goDJD9Y3+I7TKdqwIEanu+Pn36iRHLCnhnHJDPWm9IN4k=
14:51:37.3227,I,35380,0001 YpHnhhHnuHYa+4ume+c4DznIpoW63QwYg2Yf/ohtm/mrmlIntn5BTFOsMGq/lP1aGRjvpEy1m84n1c5RMd6YhkeqmCZ8FU1XYLliwdTGCOPlnOmnKSKhypFfaFFBVNODCYPvBop9CqCDjzoITxVtzX9JlxlvYHVMYjXZJFdMmfs=
14:51:37.3227,I,35380,0001 gV7R3Jv9QtP/SMtpRatDLrzZvEm/gp9nX+G+rGGV1Yvif2u36RS9UfRMGDyDwKvTxs6TFH7/PMBWc7OPAv5uox5551UfcqLxQ0IfcgI2yS3jUsOKC4JE/KjGowhqBFV0RgCYm7Qa4JepIs+saHubjZ0y1XNz7raLpzcKmqOi23I=
14:51:37.3227,I,35380,0001 jU9o6XfwKYmXX5ivnYPvtKCp6+YgtyrNJdRboNKt2LIjrcNw6WbTFlJT/Buvau3Tbawa5r4a7U9m8/somrgTarh+FXcPuVfroGzx91uip87w57YZDjUipL3A8GYvjDkl4cJvmudOK2mmqzx2IKTEzCVpzBTaJZQnDN+FYqENlpE=^zGH9Mi+O5k6nbufAfVsBdQaRaKb+KbujK33iYkVJkb7mxGLtse5V5aGiHvQidOQ0kF5ZD5gJP6Z++SuCRFeHhfPcnfCJOC45df4CQKVqP4bv+laUsjpOCMbLnQVTtmkdyOhs+IiKf0kX0smzfubHD1zWLYnBNZ4+NFLZzjf9y0M=
14:51:37.3227,I,35380,0001 fDNczPdGzPzMVmYo7LaKHfxueFibeRD5hqBzl5OnlA9tfcqzYuRxGsLkRBv7w5axKoZkFgiTLeGe/Ss1vCWk3IxsZkyKg8d5kE/ZKRDzwqxawlN54cTNASIt49kg9n01LB730GgumiFEnMAVfrXSymW5OPy6slLx0TgnxJQd0wQ=^lPmx9yh22bp6BPrq+IyIQCZzX0EoS4UevFgYZ9LVleDM/54/55KqWpzhQIskJ/VVH8TI1YbVOzovut1Myja+QsAPuxfmaExiXAUPcit8YPMAKA9x7xv1M5BzSo01jiydcQkpcSfXYjchF0GkJVpk6CLBgrzkfDdnaVQ79UdM72k=
14:51:37.3227,I,35380,0001 claSN7Gh5OM1w/fhXxXi62kiFPv+JrlROWUxMZJTGsbv50qpVQb9QrNQ0HEEKso66FxQNXiKnYDZCHdLwbf4h6PvEDRCQZFVetgQOZdWuqITZYWQKnJPel5G3AbjBRiHAzeL6fEPpfUftowQdWymeduYSsiHGceoFm7bkhNl7Fg=
14:51:37.3227,I,35380,0001 kXduvC5Y9erTer1p2SzwVRpHlo495+Q2cdCBfTy3ejn/nlQ8f5jrWcozsd6GgkzUxrJzSfsYOgmR33HWTbNzzG5mFnh52RQz8yCkT13vMX3O/eBthDCePS5cQk1+hD6n/HM9vsaso7DIAGoP10iROMlDOpEYOWC+9QINm23OXhk=
14:51:37.3316,I,35380,0001 KH/RGXR7Erqd9sv+tqFTXQxvlIJnSlRaL3U06bO0aeNKR40qqyFJprM/NY9tcn3I9uq09Ha3mKA0tdzTB7XJOXKVuj90l4fo0KSZb3i4XBcqXoEiwst5GiShDh+waZD4VEQSdp3ShPsp8UGnaxKKhjBJP8P62e5PHhgOpx+gBmw=
14:51:37.3316,I,35380,0001 wZwKWIVzwj2y6fHka5/oE9XR2yRefMtvKN4DPgV1EKJSMHb9oyBdLhiFBcJY11KyeTagBqeTc+r3iOQwN9CMedescRh0Qg61/0ddRKM2auY/rHlnqTeQPgYXKS8bL1WQIfiwxkv+F3YSV75o+Rq6Yq8N+EqJYzCSQf1n062DRVc=
14:51:37.3316,I,35380,0001 a136J3J+BF8FD/dGe14UsRmyfPFkYCwGwB7W0FpuJFKKkB9EG/VYDxmXBo1P4tfMrNsEv2XaCUtjWOmesaU3NOQ+N+Ewa/ivBUkVzerpTBLhRGSn4qG5NUV1V7Fh8GvYOyFnIX21s/1v8y16yiggcrfqkPuelx74wnaA955WQQE=^c1GGNWBC0ImnZPT+di0Ayc4rTznU4xAp9q/A3Zptx5VF1ulRaeAW46gC9tyDVAnSKHwKdehqMyjcACAXHANlXEvmO8DhKgAQ/0TUa0HWNtuFuJItyxJPgsidEwIsuLVQOPEio6l/Q90ZNlx+VtmkTxzUN1zCoD3uOjZXI0Fyce8=
14:51:37.3356,I,35380,0001 G5dCjb/VgIHYK0ysc8Fekh7vPHyuFIR39wlzPwKyJ1h9YOGrCNiJbZdW6xYokLEFTZKOF3MZieBi1vJoW6VbddANikbEB+J+w+dQI8Z/Nw425nDwL7ZWLMtVNw3F2CGr1aZ++qoSDgVZeQXn+S33LhnVabnJNB5fsbRp3i/ai64=
14:51:37.3356,I,35380,0001 W353CDXVln25noFZqdPtDOXEt/rlPpuWGuET/ZKufI0whzBN7/vvJIesqh97bZbTQAy/VKzLzRB+uuwwGo7FCoOdrMMZ6N16Nx8jGAifmRZCB7bvu09j8KvdLuHuHKbYkz+Yt6jhcYkblnvVX6jsQXLFTwSEVaD3jLJlsoSvnng=
14:52:35.8169,I,35380,0001 mua72j+wjtz7GKfo4nHJJ1a7ubdJ70uSAduJe2zkGfOAfMlKQMgw4DUI2GlZUvYdDGQyTmbrzRVpxyYwzUtslD97IwFZH+Zzcwyt01enhBj2VRYzQLVUIvNxhtvQ7P3nsi5CYVli2N6j1SfIYgb3jJzu2bRD4xF4IKtTqpu+36g=
14:52:35.8169,I,35380,0001 gZHUVIgeJJ6wYkruQEpRdLfAC6R4Os3nS2KplyLAtvp4J/sncmKZLZeZAASCZlhJMi0jBG8Wku+0jiAzn0/3Bu7sYyDOYruVH74BFjB2cxKn0Ro8rjGezhve1ee8Jk1y84z3+uM387373zXp4Pv1MLcBoFv/MAhKWd67Ymjxrx0=^xWg31VqYZryMiq13NkMdBPIK0E3xYEgQILCK38HJBPB7luuiMH1KGb5Beml+fuE6TbUgILSdrCHQ4pbiNZFKpUlNWf9fYcRhG9U/3zZlnOZBgLSVfsWXcJovPQfjjAmAwWFvPqmk8PGQfIDLC15kojPOSb8iRXzMm4kHV3X3JQA=
14:52:35.8169,I,35380,0001 RJLw9L3XKHREnyyblDjoQT7dfcsEwBl3/+d21O3CGzMHJ+bcv+0dhvnmi0SV4R1VEvk1xOWO5hpBJcSnUryLOn9wklthONIRU2LHPJQyLP/cBeULqsRJTkC0FlUfkNZmbqHk9b2LA+l+himy0Mc4lSw1NwoRJHLv6RuXgGpBvTo=^HwOA0DqDx043bY0xPf2ZaNL/bV7TTsp7l6fHnxGMgmYKIWDudpOlMOTQT6U9hb+QoPHfnJDo/xoTGLltANrK1hpB5Xrpq2C5JjUepJaDLJeJv8I79+aYhMjzO8iAH+GMoymyPAyj9Ur6m0W/20dppUTgpSrCcGwhvZd34ocUXLQ=
14:52:35.8179,I,35380,0001 o1XwDTtaNRfrwuhKcuM5GLzMGA9lnbFyclX/ZZFhnwIOABjsg5hmQXKwnFpEf1bTt/QhdMTk4zm/GlU2buDHyv8XUCkdTX/CvqTN0BCWFZeq19jvjKiWsbU978mNd7RYS73yP4TDEI1EQZ1vRXdQKRllZH+wd8gdC/obo10ysoc=
14:52:35.8179,I,35380,0001 h2H1bPHKW6tMe7WrLLvJt9mLbAewW8wOmET7zMfrDzKevaAQo1ps/HOVvdiUoGIRZT90ueeUA1z5kaZ4ZO98Psa4aFmrx05qQWDHxnv0mT9pXrXrtxv8CiDjHmr0B8Iblrfb5r0zqRm8KsjNd/pFdx2Dz6uaBo1gKkClHBv7QQI=
14:52:35.8255,I,35380,0001 E0XknuSA1dnhcl5ghDKiOaLy6kbvMhLRP7BG1ZLlCLGtyIknXCCxckXO5/kwlmxpLQI9HhCIQEVnXyPfTohZh9SERBag2zgktpFPVwYCyGc4rkR1cqYL7IRmQBB4mwPPMyL3rFOJJRANZ6ArrvgDcvnTqnMPV9VuiOeTmVlm7bc=
14:52:35.8255,I,35380,0001 t2yaEW3/7i90smcXYUodkfbR+BaixSnvPa0Ylhb+/k2TAYFdA/tFIHJ330BeSJ7vqeG0w18h9yW3O7tFrstns1TvikR+h84YyQuTxOe/pM0pooJ8GEqrTU1IOWO3dBLaHGV85BmzuD525DaR1va4llWPh72yykKWTQvagwN0cNU=
14:52:35.8255,I,35380,0001 C/uhv9OFbvNDcrHvtlpdwXo012+BJ/7xIMJcjDnJJlIqnnkBwBL0XRTp0mD8qgLIxS+sf17bCcZn0Q4KEOooJWmRLQ9L/3E9zfXRNSWJGBRHkdFQe5Qkb+2XlPIcdjMaWlBi5P120IxGBlhMDRz6ad7h0AN/8mcuQLjKZIzZUTQ=
14:52:36.2314,I,35380,0001 uqS1CdmUTr8hXVZoaD3x3HEgfYipD+72V6HxKArFksOi1wR9WXAucOU7L+wkd1yeC6yjd6z//3QwoWWiDO84ZE2PsenCnFrlbH4HuEErGNk/3f27hReM9XoA1pLUhGhQwQ9W1dhNJj8amFxiWIRSwW0ioyapjdlNgZsBuYcMZWw=^V84aaJ/mQ/DYl1hG3f6GrX68Wp70412S3EKHDVPpVZ046/q0u7bL1HbfUoiyaB5onIGQm3QLYg19pHP1PEbeHmv95UlF1Vp7J0NuImT9+SR1Ab317/Dhj2Atc/smdPJnl0mc7F04WwhS2rFF3s/JsjapnRYltyy52xItSLXIveQ=
14:52:36.2399,I,35380,0001 t/AAVUxmmC8Afao4MnfDDYtuQ5r6lmlUJEGdcMk5j5Mw9igZBt7p/U7HSCLT+9abbZjwYmKF78DoD3WF3LqVXACy7DffZG85+/rN/GHOY3Dw0OdGdKgRq/JAczPk2nHKnD7B6CrKqF/Y4eofCJq6RfSxbjz9KvGo4CAWQbHm2nc=
14:52:36.2399,I,35380,0001 trvzeY3f7AbvSZwwpEQKKEnw7LiJmDv+ou6tpHPMateGGyTyA0uKuhz2nGme/WmtE3VJcndH2IcX5ERZ8G8zmIiuwDMlwKIh6kIDR3FyPf1xhGm67z+GfEXN9hDjzspWYc804Dn+8/Er0ASiwW3sGbB6vz3HI3iMZCZFSDeXLUY=
14:52:36.2399,I,35380,0001 Si4Yv7vXH5kRFyx76+MbLjc3uMenMbI0bXE6T0VdZy6EYtA0mGWO7alDEKw0QT91vM+0aVucAUWfidL1K+y8DVCXgVFvvvXZVglneESi2msVpAo9nO3cx5sWJu0EXGHsPtiYTthvXfObRhcZJPWg5nNxt1I2WnTw7YV4zTPgu/0=
14:52:36.2399,I,35380,0001 LOtTarqD3WttOlTOgxYk643AljbkScyImPOS37TR5DR4RUbl8v4QGbA02bu89NoLCYpauaQwVWR0XPVlp0o69sGgB4kRj7z0SqPbmbU64vGdSJGVqS31JTUviRaQPFi1jEoslkUCZZh7s1NBpNlVHrQwU205Q1uU9ZS3NhUDFVA=^fUbQITGE3nvy8lZj3X0Gsl6zpDb2BTUSmoicjX2+m1YbxCK7DUgvJXZVHtZRoOG8O03cX66WN3iXLsNfNEbf8cQJUj7618QjgDc+quXXSTXDeOyqVnx5lFGIj3gfpddkHSxNV2kHrVzJr8dHbGVGnx2cBorLcaz8TopiInVKI1g=
14:52:36.2399,I,35380,0001 hvq/pa7y0Jx4RkdsFiHhuv+CpQeXFEMKbTGcaCJ5LhNxng8TxEDH1ghhoC+gF7wQdkT4IEE+PpN7LXdW9yaM5cweTd8afLWNwciY78lYBCpbxwFvshqmp2uHTPAM5GNFW6+eh2NLjsTvzkMEBY6ShZpjJZxU2yjvyQnWUJwrbfQ=^g4MLvfsZFvC8a7MbcDKN2IM1y+InKT2WjedZbST8b5AbDWwqRBmUaMw67gpk6hJ+7qoV4yxFurc5L+JjDwzARUmETnSFD9rQHwLxJ0vxuNl06BgfbAps3m5aTwMTJJKwPhUJnz4WLEBhv4LCD6A+/odKn4QTb47tA6X1wLG2058=
14:52:36.2409,I,35380,0001 IVjgvwQ0RJdk29vXEiUYPjp5t8QlGvVEi4PZoG6YDF+kFQmmlIH8VNoGPpmhykCkm3IpYa9EV6XS01lZ7f0khluTCr47IHcQJDTkzvbNLs/xYxxiNbYmm9H2WvKqx3csw0SCjZ/ZBUrGP5vmS2kHOJZpf7pudRmy20dZlmB80bs=
14:52:36.2409,I,35380,0001 GosA3L0Y3hkbfkAHP1IBMdHZREiZPfB7vtU6oB0eBPYqX6XbAsmDNsMnzJUxsA4n5NmHXXQjllI4iLFEwaQJkXR5+7JmWVcXw2BJ/2G5HpHNdOcnPGbVVMxdBJaO+eJrd1rJ7zvtoBq4HEx8LMN5LFo4rbvIdImjjLv1VOjI2Io=
14:52:36.2472,I,35380,0001 oU3kel/pYKppG4GZd/mVgcADzC+djt1JypMSVlHLyNQ+gXikvTaFrVNZI1ftqSvYYwlRGSEsuV8waIOkN+KjvJl6i6uCxW+dFMkTN8wcm1G5IffWv2PEJi/Irj7OwFoXD6bpWCUwBJ091zLffuOChiKToyZ+JDR8zZ6oe6C3PGc=
14:52:36.2472,I,35380,0001 uJZXvsG0coZbMvkidIZbaHX4iF/KR+S/c/AqL9rQBRHyN6YKVUw25t1Ai6+rU3AjR/T0EXIwhGCQsn/14rtKGNfRQzXS+JiX9fnEEVN9R/sVW/BVY9X6NAZWgxI08UI3B2rJus4nHTBaqKYlETfYhrbbxdHwnnJ5CUZBPK8wIkw=
14:52:36.2472,I,35380,0001 gjs8RM89buikv+NtSGbW+6I1er0PniSn/fGiOI7nk8FMa9ij/7RbM3Cijli+Bnwd63ja9JambjQ92Nj9f/fRhxTUdYOfWGFP9uyEQ0nV5epEyHRGpCK5rG1fm8J6DHyNOe+9RxEijYsalIWBnaJxZJgbpF6+Ei9+UAdfEV0Swlg=^H5HGe5NJbso2zRvyyrurzJ6JugCDNLICJb4Oc+ZAGsz13dX3B0+K7StUw/T8Isv2TUjvsbjne6cnY2mYJwrGODUALwjoLlpz8xKb3gENVmjwWMFJQeSQqxtkUCzo4OBXqmZthR7tMTxoKhTg0V5ofqI4+GH+1+qVyV3a7T8awbg=
14:52:36.2512,I,35380,0001 VCF5grJe3PoTBnHOYkFNgtntHHil8+nFn/DqhaC7Cno8LNdW0uckeea97XXKrqSxQzLfHB6vpAHRx4wWA5pwVeb5fkejjdYKG49C8xJ73XlATb9nfzAZIs0ox8MYCSrcmRCN9wzdCynWU3UcsSnfDVN58P4lwX37CJZ8q2nIqwQ=
14:52:36.2512,I,35380,0001 Uy1QajeD5KdzwkgKcUETOP4m7Sf69OpBuBO5QfEcQL0cmKm0lSBr7mpt25cZD+0U9CTplPGS4F4BHsOr6foE68KO68TIC+tgXJtL7MGExreZm/ZHEor7kGsFPcdPewAk0hvCNIazCHpjlwx6EcBe3vl6Q7lInc1UDin/yZ3Pj2w=
15:46:39.5390,I,35380,0001 HfRuxrSowGg9S3WyadkOm/Xq01HCQjw0Y7V7F4sT5ECftSDhjjPcXFrA8JOh0hczrYjTIfehkB0AWu4/m3xh0Ou7aaoLAb8QhcBKH5l9hRseViVmkMe6H+XeNTiG1EiEL1O9qGoqNBoHzGM6FtP6de++ibWXq1i9DcgPYxSVrLM=
15:46:39.5390,I,35380,0001 Sug3ePv/SkL+tg41jLTcIOjbKYKYiDQ4EWXvyd8VUVNaffcDOrd8+48Ic/dqonvbPDvOyfGBzEwMujmSoUyTra69Vm9+6vqZIbU+FMXF3Y6lyi7hMDTcftldScyv/wagrP3loDcj9yZc0haS394D+MEd2PQqwaneNeTkQGi8s58=^u5z1yzwCJh5vBwP88J8J3xt0Vt9Yb0kvjbhRzJk5k028ehwvBM6xLDdKR133b7Xc6Rcwsh4axGd+iIuvx54dXXSVvvCS4XqdpqOYBQOW/h2OGKD1kNQej6WSilyO+hurkJel7Yadq8bJ3Xv0LCjZS8z/Jv1DZrd2Ta2TolYiOa4=
15:46:39.5390,I,35380,0001 Txq7CWWTkfdHf3f67UWwZxMjPDrwASUryBIb5ptRVbp2uLOjr6JTLhrFxFSYCV9fL5HxHZpmdiGWOmy0nBQoSUok6fSnqqYc2ee+4lvR4OSDsroyOmOPAVu0EX+xVyFgwUkcMbWqNjxjdN7XqgztKQr8CD8umHwrIBxpSrwBIM8=^O2IOPhwbqeywEXsOm5S3qgF9PVbF+CuJB4ZUIdVaXDGnJBMTp2mmH04+wOvItdGEo8Z54n4BGMEdveYUbyEq5caHtzaQd5OLrRBr4d8s8p6z22KqY6DGTezNmg4IiDf/ZHnSPfkW/cvypK1nt30+F5ENZwGnwS9TZX3A14xwZ9g=
15:46:39.5390,I,35380,0001 yfS8Cy3O42F+xcmj6T22UFaEdcd+T7UsFt5FoW1M6LU3Ii7AWwGYIzrkRIqY7JznPRtdOLVnPd/BXVWPKngHcISY91SS0WLrEIapqAqBwL8YZaPYSu1lZ2UO4oDUM5f2Zx/wPMK4isilqOn6Gv+mALY/WlfJ/Y8A45hZDVbDhHM=
15:46:39.5390,I,35380,0001 bZ5zLLClWKpLawZmQjr6QTNegSOs3GButxrKdLjJdmEcDCstesIryzB3m3tO0fTJdq2GwsqcSlNGYe65KiyTCG799zBlsxIZkW8Ce7b0l+K0rxwwVhYYOo+mn1t75CzMpEhtQcOJaLD+lPoWsO5XsQcvX6ZTTf5/APMCVAASAs0=
15:46:39.5484,I,35380,0001 gJc5yL32Qzis6lKBMWQLJErVNzS94Ts4i2mFlhiMdmVtv9hFKGLCim+LHs11vhnoQdQhrUIEB+RpmHrrqEKiRdJ0qkSbt8v2k84LV1YqMpe2pg9jVYrRL/5R9gcxKanLT/f7ld2jppvJIfnIPncuGemllc5MvNN5WPIbDtUEADk=
15:46:39.5484,I,35380,0001 dz875vYbMeCZ7dkM8TQjJuxqvyYcyacPR3yF7H+YgVi753UHudFj1GA9hbS+S1aGImVn2B3Ix+10rp0E4/jlUgmQII8FaLn1GuvCB6Oi1jbzQWU4tFUMP+qpNPa1RG48ZHCfBGDFJvttt8vJj00bYCTXKVyMPPw4lhu7NdLbq+4=
15:46:39.5484,I,35380,0001 lesk8fplQWxJxnCDxHR4TTcEd5yWLUs/TC8dJxCa4Z4Ro39Yxniwd1nLeNn08VaRrTVQQOYZUD+dh2uLeUAGt94wGqRw4Yj5LYiaaGtt66lNJTAEwSTI00a+wD28q2keo0swI2QHIxmevsDuIvb8OuI7htXJvb0utNRNz4Fyi8Q=
15:46:39.9614,I,35380,0001 pgBp5/foW0M0YS/WqJTyBYFmIGzmd5kIHsoJKd/PIpROdQN7W+kUYCou3YnK6Ld2gkp0F5hjWOKLpBxWyzEklx/2wvcO+eDoYjA1zYoJNvqA099zEHp9m1sIH6x9f7S5gKD/pYSAOklUGl+K3p4DMv8ofKLF2GMC9wfolEpX4hY=^eAKCVY4Rj1dwBNMV8m1MkFyIyLuOMigLS7nyWkoVSpwq3seO3EAY0zJC3ndv+qi/uW7QVWErJbWgrtJSyQuHwWJkBUNAj6zcYkq1wKwo4cZhy0OAgDVeoqFND1XjY4yDbn8DFDFGylHKIWUMqFY4fshh1IhIxPKgvqaoX7TAmoY=
15:46:39.9683,I,35380,0001 brvlgeNBifoRstfI4lbRnEJ1dksfSGRo3lQo8K+j10PsAY72mi3JlLkMxI4tt1hjg4t4grYwC4st9RKuUGjzPXinbNEqYoT+LMJHllZWBS0PWQlTlfFHOvt+Xw7cTOzh8eU5H7XtuMiyFHoXxvZhuNX1quRX1+LiwHGArTzMSgM=
15:46:39.9683,I,35380,0001 FjEPxNBzSR2AJ3XZ14pBgBrO476121WeswsaBOZsFxzeD4MbLUEhnGYUB1QwyxqoJvXf2mw4gXSSi3CUtKtYwoD/hUTYgDFzxK67B+J/DsAD6lJZ8TmsmtXs4KQPipZpOEXKsLQV9C+X2pnugFh7dvinKCeJVflfxQQN1L/krnc=
15:46:39.9683,I,35380,0001 tQCELjM19K7sxFvk48hiyCXfKclY45FgfXNaTKE+iOftKbcUHcuIUulkqpK+qj3EhUPVhLSbHVa1hCUt+RY1iwE5CoQY4V2kzI1dlhPXLB1tVJ70JvOhSkOs+l3Ck1FZAWOo8kNeFUDtvnPiYhpIHyACUNf8GaeRJVFxN61b9d8=
15:46:39.9683,I,35380,0001 tXFyWTTsUJDr9/MtuC6VpIVFEHqok6S3WQw39cuqy4JIvZ8Ak0D31Ei82PwF+4O9p6cDrCRhMx/Z8jjCCqH85R0CEOFrh61ryn9Ia6xpcLtfitSF0UqHSmjbnQQ16GjSxVL1lBfr4Q3duSfU1d5AyOtK0JkFwGvxQmmE+7CoELE=^YLim+HjhuAv2Ec566DDrEoqTVGzpVqtyipOaKE0zhOX+4/YRW7hpPi8JHSg3q9tcrOYwforqi6BIBFR0aXfddG0qlgdlMPfkNWiPKntqtkHlwPxN0xa58+OtLheh13ycUQmaKMcEjEwrGxsQtiU6Ai+6QwNifR6Ld/LrY4+D5TQ=
15:46:39.9683,I,35380,0001 ErNj9KVbm9yvrGC1K13MVk/XNsN1FcTZ85+60h6NDtZkGYL61ap/4hKHiVaxM+8lylQO59OWi5OnUujj/F7yMUroezOkoaP4MDPxU8eOUxEEDvCx0pIJYxpORU8Xe4NWifNe0U86oZsFUw4eaSdViAIyWBJMP8r3m7Cj4qaoGDM=^Nx6mCNeYPPMiRpdHHLmR4onCd4sgP9lW3lxtcE6kO4bHqab+A+tFCwwz04TjAuKt68mWrz9A4nM1/BMux10Df373vgUkH8Bnov4XCIrEHFnX6Xc4qHx2q9rkdJvqOwHds5xrxFckdH2cPV7pHD2aggDrg0UJp+FtUE4y9H+dSgM=
15:46:39.9683,I,35380,0001 rPt1pbqCutUmQUSQibcY8/D3aafR0T/XLpkEWXf0PG7w7lSu3w2hiC6aflI2OdZCerzJ5eOcN7JmeBAOwDQgaxq4201NBLSTp3IwBHgI/dFiU1sltyymY7VMJeNld2ZVFtcc9gs7ia3teMLu+4joBJdNFYjULsKTQAYjLrBy6QU=
15:46:39.9683,I,35380,0001 P3mcazcAxCSYXFSklkdSe8UeY+BjpAghajMX9fM/NIXcs8tm9URbTjsgR/cmut36VPcrcqHUZdFIQgrFNZKvSXo/XJW20Na+ZaSHe3iyothiXNAJA1CxBY/49acR7RB+kAlASBHMUAYQb9mj091DnnCrQecvw6YjBdN9GiUsFac=
15:46:39.9754,I,35380,0001 Hde04jp0xur7VMoVp20i5kJqBIA6dIPAqLT9Eo6NG1/t9fDY3SstLPzKum0l0UTO4hDJxqsI1mKEor6x63nDGTbYluja06CGLssVSWRTqzdh+eVf85cFU1G3adX4Dj1z7YAYRJq3XhLSWlNPAm6GWY1RpZSmCrpYU1VdZNMxp7g=
15:46:39.9754,I,35380,0001 Spn0MfsqWrQMTBw6sh7U0If1q+lFvKMY58o8F/sRrRG0Xz3PL4wAMYlO85SuFO5KULVfAghkgYfwNa256ivWgYdNCO3nLNbF8XwdqiPO2Cln57YgCDprxAD3DvTmR1YiH7zpRocWPmEcPVc2EtSG+cicCCHi4a/HGvYyT/O/N9U=
15:46:39.9754,I,35380,0001 n+B/sGc8L3TSMCXxjpGXxLxep0PEfbzk5J3PMeDQ/5upO3MzKEFTGXuq/wTVQwXri72I3bCnAB6I/lcth6wdBw0ZqqJR/spissIGg6EmTXUuBuyGyZYrxnh+JFVOKVI7BCy7x9qL3H9UKfyLG0HB6cYF9us05MFDwqv+XO7+LYA=^dcLoguESh+ZL6XZFIqgIhqERm9H1UzbosIEVZ38Ie+n3jgmn0+Axlo81aLCG0q+aCGI2/62ZAqlDPPthOT9pldRHHtgUDKqhbyQ4Auzj8Ve47XjVIHN8G8/UCQ/Kvonx4HAZtOfk+45JN8FQGK6PmMGM+tLOlYkhqXJR2e4yU1I=
15:46:39.9794,I,35380,0001 Mvb4lqdOvjGyAcv5UzH+/aIFj7M+QvURVqifRRnw4gnG8FxGKCQQrB3GjFXIHeiLERQ0Wm/3GCrAwZuRC6FL1xW8QReIpw9+FHo5yzgmDvViQJ+g7n7oUoiz17zrtlkG9CLrJTmZZu/jg4lzryUvDbyYgx4Etaz0naMAPVOzcVM=
15:46:39.9794,I,35380,0001 Z+vRiM8bTOpDlPxbDxc2G2pgyV/U/DEMBMpQq78UnpM6RpIKVOQd6yxg21qM4gUnT875PMSg2a+H0vnfFEpCZCm21M3y+8U4VyioZSWrOe2jMVMqvnEyyDB4ji0GvxElKlRF2TNaHKSx0674xUZaHk+PnIPTqKgsINKu2JlfXT8=
15:50:38.4906,I,35380,0001 c8KzUxp/8cSTx5l5eFlacROhFw63YD0nYs479WnWpg1JscAGmXOPHPaHtGSqJK3ydve/IGjUXQd+IM2e0k7+0dAsXC21+KE6TZ/sOUtdGwo99PqBBHXWIOq+oQmvNrwRmVSlt702NeYYvedCFsm+6V2feFe1xH7OmaG1Zg1P7+0=
15:50:38.4906,I,35380,0001 oQ2OyFFrr7KkWDAEFAPYxeo7F7ifGExRKahdM46HYV9fybF+OYUeDeYFwa/PMLcuniCHU/4eGwCbV4tPBtgq8A/5qYMNQENXB7+UgEjKd/fNanfBEcSlKqKpal1B4om4RBTC47CHqm96hwFx5vT04yCgQ05g9zfaeqkiZ97TBtc=^ZSZ888SrF8xb+h2zAJbDzbVQSSDpXS75eoO5t1XJHVkIOLh+h1HFA9JNG91VnxuTqylQhlamvImDTsSNZB8yRPNDVNbDKrQDOl/YOln8sN+mirh9EkfUkYHMWtQkK0EAAUS0PCqxKD5FZxcKV9VV1QwCrIpYKWYS8S3egPiWKSQ=
15:50:38.4906,I,35380,0001 TL5gQV0Pyv8gSp57OUbNuOZ1aGV4TQmDOd1iRBtC4Gc+HvQ30fK4S7B67E8bNDHZfm8/bpFTGR37KCWX2HyO8nZ18DhnnSBZ/D6vRfhoXLIVvLYYwXlF0cUz5bSCzeSQVJDCnH53Q7Qlcw7wUsqQdfdTGqmoiEfb25hdmxMeHjI=^rvKIIXU5vncaO0vG+RvmBnAKcNIn70g37mOL3mE1/zucr1kmSQWmKpCdjxb8iySHqDVD28tIxQ/ATm7u9CertUk/wdPaYovN0WRr5qvqPrxj7azK+blZxFm0n9ya6E9PzEAuFFmkf/0/QMbqtUeguq1I6H21lukhqHJsaP+2QC8=
15:50:38.4906,I,35380,0001 Tue6dpS2tIy12hrE6GV89IyfsVrsL2zobNLaqsjo7kcEulYto9ZR099hyeUyD6IIwzNkHxfEMDw+I/lwphvdwJ8G62ai2H3IASxaYVUx+nbPiQgEhQ5CPJxLwraGWkxjjecLZBIyJraaeUDBOxiPUNPBc13pjNqDeg68A1z+Yyc=
15:50:38.4906,I,35380,0001 xJuR2MbDdV469NRwXk7g6NYdUK3EFUh6vBXXZC8GZfmwnA8le8Qv1He3vIERYBADCs6kEIFY5slqEUhcAPvTXVPlZ+q4k+Q1YkVTRu0fYZZmHQTDVjR5N6KOLkTWZkXPU9XHSZyS2OHLB/4lglSSvZ/5xSLPR2wOiw0PygzVkVY=
15:50:38.5003,I,35380,0001 JPi74hjO/YFUORAZ234TtiAE234P2EA9Cr2Izw+PEfun1RS+gwDEH3NYru4LoJsqSXRU4kiKN81YQCjQ09iB9LxNDSqu31/v7yHEFXrEZfd3vk+j71eC8mjG1lJDmqMxJN0WTuLzgIQI+L8X6HP1SGamRqcpbKug7VrxKHvNlLs=
15:50:38.5003,I,35380,0001 MZ8+gqsjOByMhgF7OUZ9mqzLot2aaxzknKG3WwBmL5uaLpEhizK/+WCGaXgCw3bXBHZXc0oj3P8f2DjMY2h3QEi6Vk/xw+2d6EtfDk8DtM8JkXphjBATqhlZHUGDt48RUjwiuMK0MO7twMAm0+bPj4fVuDmYLfoKD3lGLcWMGlU=
15:50:38.5003,I,35380,0001 TgSg1eQFJfDpxAtzzwbNTDtRZruMksPLVrcL0sGEKm3mwLoKUcnayISH0uB1pWZKk8vtFobfraXCiamwSgZMABc9oWtgcRQoxiY+Ux2E2ct491G9oiAvpzI0ZH9mm1YPRKeBu1avhGIUEPLLSAUdpcpQXZN2zwE6Np/BVS3+2R8=
15:50:39.0590,I,35380,0001 ywLWuRwyxYsomqqw3s4W8fNk3jE7CnI6hHxMQ4E3OKR7M2M9hfv8SI7dWW7wxd4uD03WePwOhqjOxzF0/rS6slVWOyUw4XXzOKR8SOUBmyUsYGN0c5rOx9YHFPiVBZR+EpeZ0+2A0r3y4E+K/ozdHLs4KJNQi9+YFTAnQrUJ5Pw=^u90cM3Y9FAvzxgvcCDpFgvHUdQ7HNkCJ7dbNvGcodVdDGecaU2hbdLhxYSctZUwOkxw/xppiLbnRIjrQvc8PcFaEkjy19/y2xabMzO1AWAtAurtltL/1EHBXl3z3Zq61M/QULrkGFaVoYAgfQYJorqeyx5Kn3iHU6rVMnmrLItc=
15:50:39.0656,I,35380,0001 Qaao6XaFhTGdOIya2Iwz4WPl8LCqU8Rxyo9r7+2xLi5uI8L/0r1hoeB4Vuk+iM8dXNo+iK4dDV51DyI4ZyzXJO9VMnwuCurK0XOuaW23cbs3v94Slfn7Dj8maLC97s9BrvmVA+1Fp6lry5beISLWcrCYrQts6Rpc3ZyIDnGG6qQ=
15:50:39.0656,I,35380,0001 wn4Mq3LaqjNTGNhAoctEtIc7vvVBj5MinJIaXSrrprtimFDx/i/fcWsn29wTeDFQsxHhAkeNUusDeiU3JsURbF9mEDvPCMu3QhSXgE1ewYGMcg6Bo7cGm/RGVXhI28BVJZjNDVKn9YRXJpIeTAAVFoxI3VCb/5oPFGaqurJaE4g=
15:50:39.0656,I,35380,0001 PbtB4HObmH1+8XmP3ladEJasrRomUQaDXDlfSyauUc7wLjryb4hn8HGr0Nqp2SSj9ddMqyk1Nkh0Gt9AiS3AC69Sm0l1bpDJ5pn1Id46n8WwdaI9Qe8ILv7tG2FWzKonyiT6Ng35/cLh3fXLgeBkm809JZNBKigMnktQSmecEoU=
15:50:39.0656,I,35380,0001 qff5dYE7+sv3SXU2dmQ2dlzKVSWd8/J/azP4Yn/84aEEUlkZTdZ2tHyYbCDmX5/V5ZTIDRnQTqS7NYN/w9ra6YThJ28khY9fZsi9/ockGLRWNk5Y2bjQG6BilgwjiDSVX5KBPa4ADs8WQFltZ7+sSQo9K2qLp4DUqSW5SCEk61c=^I0acwSkzKA8JUOVkWDt6wsAJH+vDvWjuoyNNRROW44YxtUP/jiwE0XbW6UjJx0t2j9PLN9OVWeCyIJbJrFvMsRSvoh6hxu0a+CfYfL6czlej/oUqHF31RsxPix753Is/cse6mGdxWS8HELQr9B1F/Ez2Z2KoA+GPLgh+h6gmWVY=
15:50:39.0656,I,35380,0001 0z7TqgOGILehogMqZq51Nnx+jazU6ezoK4xboKlCckme5QWnTYLl77gu05olFuL5EFs4LhO4Sd34OEc/exQRmMj/DxECg8tuns1MhYF9fh0JXCpNd9sRvnVQHdCSZErhd1EJTAf8NogONSGMmnAUwFoEOjLXnEnhNnmICY5ZbeA=^N+pdCtXOLATQE/2VA44nPQQ8lPUvYeI8mbXbHl6GJ+btonTp29jR17sPzEXESDPV1dNyPVXJeM3cZyBg7UdDfU7nggBegxdtChu0zysUsIfHl1Mhj26SIankwLefCWS4jhPw/rT4hgrhKJwurF0j1cA2JcwnuqWKPqsUwkbpirQ=
15:50:39.0656,I,35380,0001 h9fUrO9B6uABUgHL3o1/+ZeVsyKmehuinJUp9neeFVs9uqw9TYIjdueSbOUuNbX3IOZbN5WU7Sl49+sCKDP6kjpC8Jziz5YK0hcvqJqzBPCuCHHYVSesnYrsadIIdRk/p6UpONs0+fI3us8HAnqteUKqrYxgUKfdbrlE4pVYcjk=
15:50:39.0656,I,35380,0001 g9JgSU9WPHIWZA4KkPgMHkryu2fOfU/yiJY1tbDLpA5IdiUDaP8arCK6r4yRPoil5oq/ffqYZGXJF7W0OjtO21bKSLrR+4CqQrRvsmBwiEQBXyKw3i4M9LHhGNwKx7jYaQBG0arZQcd0cGFP1gO9PsCbX3UHsTbODbMy+7hg2C0=
15:50:39.0744,I,35380,0001 Pk5oPUZcpR6tPinmc7czC3JCqJ/vLXXvJYv2ybboU99CD8uOIeSQd4hwDkekQVJe+UM6+yLctvyrPqRuB/2KTWb0QgV5KB44KY3qpFQSCw3bcG7gJA8mPhdP9yeEj4LQe9L1U0AF/ZCZHAKEYdLzFerQTFG8gTmnOePd6T6i0dw=
15:50:39.0744,I,35380,0001 rSYjtXlppTbcFI4QHhreHPsSnjRsegnSQ2TamLczQrf3z71LqqJFdMxhAyU3mcwDYw3yvbj//5rlqCr0g0R77vaQl8ugyyzx7OwSvSVgUcRLUGrnH/e7vhER9orrfmlR0yuVmFv35dCY//rwMWudwRLKRZZvOU5AaSa9h8FZTco=
15:50:39.0744,I,35380,0001 mKlL6veLZ2ITIImY0rcirwQTaPuuARjkHj6I7of3oTQxvblii7ouUxJLzUGcmYk1rEkm3PAB48sgZWUHdR7WNq150XPNKaR/Lu8C21fg9HhEehf+51KmMVsShpd0paQril5+96froHrpCogoI6hoknThgJ7RoFSVbH8tW194CSU=^e71YssVhjDMzAzlTS6Nxw+wJy12EuUc6Tw9cazHbO6Kr8r5QIMsl01Sea0X9ALRhXHKCG4tFQTJJIHaqvqcjgP46I6oP3tWGbsZmUMlcZt4pDwiraC9l4y0iCQCrD6jrc+ANX6+Kqr6oTsPT+HOND3MKhc8+yaBAerP4EorC03A=
15:50:39.0774,I,35380,0001 H+UfB0TifzGQqNAMF90FOrSBVEqzGgFgfCWqOkF4A6G3Hd0RccWAEtjKbtqvPWTgM+OClYpwnbXO3x/rVOetME+LUN5s4WhZFmyOJKI2CXPmngAujqcLPqSkTd6Gj0BJtK/zj+0uzi8tKKLyi74xMsbuc1bmeN9PmpQGfU3kDWk=
15:50:39.0774,I,35380,0001 L3hKQTWQQsSE+dhOAwd+kVxRmBTDHnH7k8vbnq/KEGkUNZnQArgEp8x/H8/f2uZmq0wl3eP6PZHyKiPkGioCErh5tCbuE2xOyjbrfBpC6rUuRoZbfJXraWcYDYoaBm73MMFcLtNYPyH6SjpxM1smB1P9GRVJtnUPkuqdjJwtdUg=
