06:30:40.6647,I,35380,0001 Y590yoOhsuPwzrxyarrsPMWwZosmy4GcBXXwtd9962A+/US48ASUpqHDohYWqSPo/R9V0RBftUKIoCLccv5pTvMJtxnxFJcHhBtISwvLHjOYL5Nbps3OWUZQv5UEVU7QIEJGp7UF6VvbE9+1moj27Fe7KIIxYAGyd2dxg42+ZoQ=
06:30:40.6647,I,35380,0001 iOGm8y1eb8SAlrYIPP6Q9WqNMji8yiXt82dEuG7kC4joO9nkTI9qssr5YeMukbvrUeJ18X+VZ7d5L+xHsy5GEThXtkXfMkrg0jpd9IxJjotKtgXyN7Zxq+olG09e9Vjv0ugnFWfY1L/5ZX6UGUuK5LqIKfL4mhqwjE1amj7vJoA=^YQqkc1VpPj6s6KwEkUqdEevSVrcLcSDbE91mGrnYj4JIHfSSIsAWPJG2oo3q15VH/oLp4oipuejn10EdDSLpK7yzb3n+j2nIlilLfWRVAwvISgAo1SWx/Mw2MFW1PJf6+ChJ4VgGFem/P8rZYKivSlQVFLurO4HsVqqMeyHWPKE=
06:30:40.6647,I,35380,0001 xpnu3ySCq2I1tNwWDi2IGhnf36byVpnf3zzhvouhPNmqmzAWRs2ZqLkkHg8hZXvM8NtHi8216E9h7qJ6Jnqwks9Afsx5KYjsJ80SBGUd5/X+edlsnRp1tcUDEWNvWla8It77+cWt8K5zmYAoCu+HIjeyhzydyKd/fXgsMiM7mmQ=^n49xLzDBIB7Ynh9MKrbQ3cV/DV6eTSE98OBt/xaY7ITKEa749MR5ElskyqqMkBQe+0/cRzNsecEQcwjHzKqGNkyZPLj+DpWJ7DuvEPNykq2u/QB0ljAdTlCzjxf9rPagw0qWYJ6Iq2Ignt9kE3sX3TWV5gYelgTDbn8/SDLcINs=
06:30:40.6647,I,35380,0001 H9tQyRxBl+kAldzKcaRY4N1iUO/gbmw9h93krWOXN3+jbbev/QZuwcMWD45+7HpneBz2HHv3+kxN+mFE1eJPb0G0SR8UtttqfKUyv7VF5hNdlv62S4344mQqmxUgA6Ms9pPlrxLEbgtIX/848y4/oEIqXjiLA7bWRGkYRjKrfaw=
06:30:40.6647,I,35380,0001 NRH34RznODLBBqZG7OCZfzebM8Ahw6JXwO9O4jwVl9gs/lbGm7ZHO20EO/JJEe2jSGV4l/lsLZfHzDlquOcsyoGuWiMuYWCp0msF5JzR1niXsk7o8n9BBP4edofdm8BGkv5BiEA1AaVp35aX0kcqTBsReakjshnYQiVHvchxsJI=
06:30:40.6728,I,35380,0001 AjHYgJBAHRk3lMiINcssAZOAP3Gthxo12bfDFLWc1QIs1U0KqvEYOtPWWYMSEspkSBqmCNswSlLXDrhOeyRs6sg3IVxMokDB61JObMifHHL9SZsIyqp4+F9lZxpDPlsr/D5YvURp9sX6RTKfQYP62P5pHhQNVDbpAfaPJFAzQGg=
06:30:40.6728,I,35380,0001 qPDLm8JD7WMypZVx3QxDiROtwN7KK14T6naPVsY3BHoo/XW+M6vztNkB9yuxE6gxyopmywPjQrEn7HrQepUvLUIFtnisJo/3dM5ew353tcsGvRMvGWTwDEPQCa0QvvhR2SkE+aqmPthNuKAgL0kIFwkAW2E89HqppktDaFjhgLg=
06:30:40.6728,I,35380,0001 rSekSa4oUVJf+t5X7batd3+fAmf1US38JudNgpWe8xNZG1xW4PCbzXEx1U0J7cDqCcbbp9uz5g5x5hbDGLZTfB2pdzernwjcFIw8OexBLB2VkrwoiHxKBhHMRGrtf1U9NUrJqVR6hz6hpH+8iXcPCPh54G1P/LVLRbhMGhDCJKc=
06:30:41.2051,I,35380,0001 l2aGfeinGFjjdablhEBVBg4bonKWp3Hm6SydFzlmvVUPTRSmwVFdED7PpBHs9UIABAh3OnVmvVpGvnN6vnl1wrDmkimPKVU1UpRLaJ+1gjQ4ytKCgxEfikcymYL/AAtqFjNYu+9SlGYN7sU9ZVPzCReKLbKiZ8uPrh4jugRQ8Ro=^O9jv1M9q3/FATU8Q+4ERZmX9leT89Z0hc0jYBzDY9EKpLAMmrYzly3S3VZNot6Le1L2RQW13zhs3J8uDt1ITNC9O7XaA5y8z6xb6+H9QmsfRNGpoB7eft7h1mVhnKZKrMkFjQlB6iO55ZHzeNI+9pfigQ9qCQc8DKZH0omKjsjg=
06:30:41.2101,I,35380,0001 ZuPqf4Li7hLynFzjjAtfc3UlWNUHeAdXdzDtPg02H8LbVQ2N47V4ID0ln2lOY755oSQotbVAZXFB2ruZu0wnYZtgKfC+QSOnqW2HK8vdZ17RGe+vlSu2aRZOXydIwUJAwCVeXDhK47QGkt3tHHbUwMmCdxJEN8mUvyz//F9j/cI=
06:30:41.2101,I,35380,0001 C5WJznzoSfkEDvbhrRPx/RYXhJ6ZgqY/+nXF9RLSkg5zucCAAy4uKfehoOozCf/8SoRBq4J99hHbSqDXhc8CinpiySgSdQvTL5ZErcpbEYD6F31IYsDM24InYoe1OP6nf2FC1tNRgB7GJy83TbPNkbgI5S5NInAwHKPKfXMGv6s=
06:30:41.2101,I,35380,0001 sfiHNm7PSfm6jFlbg1Wrkk0+qMegJJZjo2NLC4dEpTf6oGfu3NZvZIqDN3mLcfSGo3d4b2qJaTeaM+w9vFsm9P8lcjoiQPkJYFkCsbBm6u1xi02XI3g427Wx8D8LCVdYFY0tKZyyR0bp29bo4VwoJ5O63mk7xhA+S1sv3AM1VoM=
06:30:41.2101,I,35380,0001 wZSQidPEbi5HcxroqwtJ1I/QL9CNnClL9qt4oK65d216s6YW0ABMtCBB1zu2XagubjgsMY1bdbxML7A/LayNaAjowS0t0ao8JKL60uM2b4p50U2PgR+E6ufp3juz0iVw+aCRugII3gdwTz8nrYp2ukNA/raAnwgLyK0EeZeqZrQ=^iNYH4CkCitVpqmDOwhp2XxsKEob5s25WcrUKOi/n11HxPUIltSPs5YT+ROMsipl65HmgQyJz1hXjz1uj4aIXfwep0vwY55wfsrZXr+RmRlriBr1p73ynsoI2g5Z+wNtJoJBBq4sO5SzQTUdZGs2fqO82jGYKPgIGb5NqOdUnfaI=
06:30:41.2101,I,35380,0001 k0zDxlfDiuA8u07vksw9PIUVuREoElgGIWWi1GRqweqn9tMALadiPtWmbJC7bqbOTKXIZaCLG7jW4m1sPpIQVnFc/IJ8ubpcfzgAi4sn69KJxqWBOM9XMLKddrC4HU6Q22YVfCD+zek1QD0W5rTfwoKOpSHgS25NckA1q22NVa4=^JYgkFouuvGfznJxyCtLxGB+ixp78EyMVJrihRvR+eXDqJc5mlrz8iWYjMQAAOadNdSn4tYBMi04qf6NU4hqxRWMeiYbO1MTRgrQ6TlTYXI5+ZP9+vJrCZ7lA3mIgfFJUBs2IFjFIXNBaBQ7xNRNIsC/TO3VSeMRV5NI4sQjxU60=
06:30:41.2111,I,35380,0001 WBDPcC9NyBQIS+xPfo3L6u4WnT4Mg/lzskrYTdvC1xIyY/89De075X5gqsER8N2+bnDZ98c+ImX5ykw16D2dwa8f2A5QOz6RaWCa4inTAz0R+EnUrBaX+Kw4jHeFvQzHvh4Eg5LsDoyDDd+C6HhWmDc2X6u6KR5eLBZ2yfE5GpA=
06:30:41.2111,I,35380,0001 l5uOsKINVaXX+CTD1+D6hUD3Tvj2+wHj+lyoQP1mBNcRnAFiKaou+fijOCLWSLmWGNUta+oDrlXnvIwtxyW+a0rlGIK3rnkZ1ydwScsT+4vLqC7ZNN7QzD2TiFn8ZhZUMcNYpyhT6Cw3GxLQgkAeOJ/LQ5hJ8cy//Nx2YO6SbE8=
06:30:41.2185,I,35380,0001 ylqvMghP1vloR7JZxlIIC3xX2Dam5d8mBucWlRzf5ITiuSAkoM/V4acZVHls8Z13UOxkoLxAhAjFRXT+nIUhns6UITAtcnbZA0q0JcyRQCaWkBbIiYzUom+V4aNLVftdZkUEkX2SspZKpPmkW+BEvANHlUBAg/Y2rArA9DYNzIo=
06:30:41.2185,I,35380,0001 iqV8jHaqUSgIIkNXtaYsG0Xk6qG22nT55IAJbA+0R07U8veYGEfTQ3QHcMAeCLnzuZzhj+xGuSf7E4991oQzTQzPSMy3qpFjqPFY19K3cYDpOubextUUXfogMjGzE+AJ2tetToN1hZ+9LHFScVA3/aFRx1KlN7gceA+uz35SUpE=
06:30:41.2185,I,35380,0001 MgZnG/cV/gi+7C0TB+Regqa7XdaBBVM7MWmeO0jTyNuCDvctl4rhiv7NzFuw1hqwoysZDCaa3sYXME/yYdD+XBosZXfdO8lpcbtIIwTXqtZcXYOf1SVkIHPa77oe2VDlWBBAEufTSW/OoYp/Fw89V8pbOxzZjuIfp4/8Z1PY6jo=^DTpLFPqLPX23Uuc3mlcxBDWsOJkJBVRr0XEtM7Kru6AG5Z5/RcmwAPXEwgpMVcAt9dRcVrmKA+mluhnEpfZuTQYHMjAft3r/wr3FKgMD4dx4NOXKAfRhzJhVgMY+KE9ffZzMnT44zK7HuVUHeKeaAAx05UXie5bh095Qzv9KEK8=
06:30:41.2225,I,35380,0001 GYHmdvpQyLNzKk+UO6EtyRHYxKdLhRrCyyhpytaCwtdIhW2Io8FeNXsXQvF7ZacQ4UIyXagxdR/JOWhpAkRgCmYLfdQj5ZKS7p75r/28l3LDGgG7ErufB7+cXC/YY2xLICyDLkow/XJMIp8Z76cMqJYNu3dRwxJLBc0H/WgSdUc=
06:30:41.2225,I,35380,0001 H+IhIUgMZKuRC011mdWs5sC0ZL/ji0zkawPn7SaUanLYuvmWwaEAEgONLa4cZzDfge0J/1F+Tx6uJpBIyPFm0d2eQBp7+0yqKEhhmC8srT4C7kugE6iOIBUGfZ5s4N7U6OkDRLKDQHTmXF/V8lgpgdL6QWQ4ty3djCxtSGp4WbQ=
06:38:10.0549,I,35380,0001 tLbVUn2NxfGpNxIPrQ3lWIfnlbPbnQfXAK6irxvqoLCvBzikIE+rxlggpdBY0flI5FwSpov7FQ1T4C2zuiB52xq+Cn5l/0ZgSwxD+lQ6mSMdsXrOy2NBozKK2edp/99HyULixR1/H+8XbBLdYdxLMu95LWt3z8o2D5fP3A17iVo=
06:38:10.0658,I,35380,0001 hLiek7OJWFcNN/NBmtN55MGjtNAVohRXwDW/IHVwChS/dLMi79D98Ttw0+w6Kmzsg43x2cp2h9w8VKn15WPcqSCHJUuY4q6//dAuS7YbR3vHzViU1c0iz/kYw4MR1XhKjIJtIW9v/txZ5TVMq4jn2ExGMBAXTa0sGGM0sFyVlww=^aiywnVjSFxZ6N9U3C07381e2jZoqvwgXmNZv7MtuSdCxWsrVviqbUkhh9R0J05GgbbAFr4u5L93X9OKSnuLvA80UYGLuCG1nIvPBRbmSUqKK4HwTANjWzO7kWwQHW08dz+7c1NCIdjtj4+D5APwRfz53hCqV9QHKBWeHpXuKmbw=
06:38:10.0658,I,35380,0001 S2VRkFexsiFWH1ToN/TpwqiKHfb7HOiw9Tz/XCYPrDdP3PL4NzBFqFPsxLYoDmxyGsTtMoqFSxajIpdyjS8s6kBn2jWyAHLMFBY+NfsHGDX6l4u2QitTT9OL8jDCoIHBIdLFcjbXLyjuc7qfmCpND2YYV7O2dzv/BMQ4/Ekm8jY=^cPI7fubhGXig5jbG8OCplrDo7jBzidga7IoB/Bm0tCZU4KU6tuXwXmvk8I33AHZB+Xm0pcTUiT7UtmjWPiFmnikxh3TbCPGFtE83N/Zlz4oGh8TEKwJAzPccpdnCtR+MKcpTwMdAtnopcDaLr1ZtEAhFrQeAFGHeX5DJxUnZK/Q=
06:38:10.0658,I,35380,0001 n7l1Jc0YWqKxK1QdBDHWVi0urfZxgI2oCjQhQMxbjzYW9bbbicr85u2vG54k/bwuEnKtwySqfnJM2xXmG/JfeA7mSfoLgUhBmM8nNQyWs/lRfv1jHSBZX/bMvpinz8qoRcnjcAVliUoD13QerjuepHV54oWpLbUeuzFIgEeriL0=
06:38:10.0658,I,35380,0001 DkhcEh+t2szHaVC9yHKVfReTLZMZ/YaZyUoQ5t4BEaolEQzIkfJmTbY1JGlE87I5eYRIqSdreCCk0Licta0KDAuD565BU+zODLgatXNDbvzNECRezDev320swGcHtTbOx7IsBESlxCv4qt8NRSGa+74EVlmDYJXp5exQEiXa9MY=
06:38:10.0760,I,35380,0001 j7bFw7u3Yd4BRzViC2s8DgKLSxTkGdXD59FBTvNTVHSAESqSb+ElQ9Rdnm6Ljxox9sGcTkgUr+Fwj0iZ/M66IOPNmtSv/K/80pctqZpjG+rPCdgHfmgLdF8YU+xJsRXi/xRJpo9sbEPy2bd+wdh9XZ+MK3jdXT0vkLCBoIZKPCU=
06:38:10.0760,I,35380,0001 HsVRsTAgbnaW+ih8+QFX0pFaqhqVGJtuoZ5A34qldueTGJAkMvI6sXi3Z2fW8KHIbpZMdg1exPYmfxtgpdhAImve1RQrWFk4RLWQCxbqYfJf9na/mqDC5OKnQfvIk26hhykzYDHWlmIfgUUF0Z3C/LgJT2asSy9jJha571mOrUc=
06:38:10.0760,I,35380,0001 OMBd9DM5ceSTlgK6lVYntmwBPBeU/uTWn3BOQG0jmIwlMiJNX/3EYfjJw3wtvEihxmyBuE93gpBagvBrmASOd1bSC+3BCkgeBFgNUmvR3JeQ+60C6+S9Z/Indavv90BkRks6t8EpO0ECyZUutyKlV27lBHD9b7tAQ05hCA8/wIs=
06:38:10.4918,I,35380,0001 IiZiEoUAJzJjGbriPzz23he33hHG3fDwE0Oe7b3TONfj9tvDhZGW+UlnVwORNoPQ9YZ63Rbbddu8K/NwMgzLCHTcV2Ha00R8bUyFCEiTJRSgj/njx/NEBl6XnFzH3l97imyumdmh/CgoEtC9v0r4O64N7d7CiQ/iD7/AuLRcI7Q=^vswkrz0iWZJlVpMqogJolmv0ouS1iE+WJm6dzyMr87pU91t4ZIVdn42L0K6lRKan67S5c5GpQby96AyjjYUBTuStq8PWCCthdhzcEYUdXnb7kGY8G2mi+nV45P2T5ShnT9YCT2ThnSMUa88XymXzoEIjGm72tc81oHsVuKEfTZo=
06:38:10.4993,I,35380,0001 KYu7NGn6ZcxAjiW8J6XHrYclSbRL+csEtzyIFGT/Zo1hTuiBowSYrE8jCyt+2ujK/CKVCELIko9T2Q3M53d8UfYtTEeWohkd1otFK7NisvWvZdyZy72TO4bJvnfd9qAhLGEaLQIkNzjqaAG44mvhR9WPJ5oQfnf7chMRAYvbrpg=
06:38:10.4993,I,35380,0001 HDGlifzbkk5gwHb/g/lH63CAdj6EUxsW3tlkz8KyQJzXyq3gOzeqX5mIf56nr3ogxD7/ieCco2tEK7KyNJPPUyK7NjrM7oO1Tm/lj7ehePezeavPO4rwVhCIT0BBD08MKPK1VaIPjwx6oXPeTtc+UvnvRf3le8aTFpIkl0Gcb1E=
06:38:10.4993,I,35380,0001 Ll8R136q3xEqLWjBR2yHPUMIUJ/yhJfd1eKHxR3NJazQsAABXPrTe6avQ+ZZG+wdWPILEvjOCdi71kNOKdTwBgJf0/RcHItK9d1XzPp/0gxfaik1nSQjof/UGdSQO0lGCtlPMMCQQlKjxJ5HJP7TzvK1z0gQaskkRFHlVB6f8jg=
06:38:10.4993,I,35380,0001 e5Yr4Xiab7FV0PT3WafT/hysaTyjGe3tRSC/+vFFRYSz99qK7BUV9nXi1q0tPAavddmnmcwRvxSy4BMCSwfqwRE7KMvWXARbDO2QzBEcN4IFHw9Gc5PBkvrFkFPwOvzKAdPYz9I0Qw+KhegnwJcTJMbrryNU/PJqsfKbIKKpxDo=^oYgyYFX+P3KI2b5ip+pizQffNw+r1oeoXNpBZV/Mmh5U+gqmZXqEnbWNzNsFKLtH1KH6/y+ySxBklrlDnDrjJ3hDaszGZpUEUNQD+xlmOOlR3ojliLmsw+ITrQWgyecyvvxLanBn5rQ6xF3+YuvR5gqLZc+0pmEKeQXjfDXW2zc=
06:38:10.4993,I,35380,0001 BRq57pbm6+bMASqhoiU+anNsj9FWBQiiy5EgklmeOLuYSBBbBltpJsth2N+vBmNV0SiaYOKd7Nyt8MtA/cvQZ3DWOjJj5dwAXEw0TR1IsRtTVSvJAwF1FplNyT1UiZErKgFxcJCi8OAwFPPFgyKaQmflQb5l16BHGwu8FoCk95g=^V33Qk2ZCEOoyPlH0pEVIUf1OVEVTx63ySe5QS4a89XFdsXy7+4Qlrv+/WZo2/TuYPiBQ4RwWHlrMiDVtl7FFXPbFwPcDerMSAUgg+TKRV0ZLN9oN4gHoRCQgNodp44bdhayEUV111IfdGW8CzLr8XLYdtunxq4hHMCRggLsckbY=
06:38:10.4993,I,35380,0001 uRjclKQ3gwZXRParNNgVpAC9tmnQYD10Zx+Vw0c6Wud1BWVrRAnVwLpJqVAib4e2pLyZBTj/kl46K3ya9iliYVTu4bGcQBdY8Rt1UAxMt65SOFwwORFAcQE+vUXv9S/cYWOxsI6QKY8v2pB0vR+7YshfjsN9srHsWmnDeaeaB5A=
06:38:10.4993,I,35380,0001 XdUQehtdA6XaeN1yoMwiq8a9uzyLR5n4O1pmoXHr8TRdfLv+9YJez9tjnk85Ye8fzky8nmMw4g4AtbWSlYspNu6Ol27vjXZO24a1+vWc3GpBDWuudlkbsNqxn73WGMMCn8ytMTiap1reg6jQFHEi47Mj8mOpZBT9W/5GflOyf9s=
06:38:10.5063,I,35380,0001 JN324qZRABjJgToghekbdxMWhv9GzKoJpY8Baphzj3TjPocEnaA9iQoxhIHu5I30XK4wjQp0jtcIXtXhzRq5OnJD93x8EQWoVJ1bQJnwj5rw36zHF+uGz69Hh2RXpRRiHB3KeJeguA7wiyc/W+HqryKWKLKy/SWp/sDF4L2iwwI=
06:38:10.5063,I,35380,0001 r6/Bo39+n3hrFC/VPTQhmsosVfnuqemTFbWRko6i8+rPIuV5hVBGxwOneA9q0wDxmfTSlTVfZ2O40VlNShjvc2UVQNOI81qQAACzUOb9Wz6n5maVKB4nlo1WYplfPw/Hy8CxfzxAk3WTVr9S3zajaWsxyMaaZ0/BZMxKHAX+aOU=
06:38:10.5063,I,35380,0001 hzRf/6Bg+/PJV4meZQ05/dQNO83Q5r9E6uI8/PWmLFf9LScdr2y9ZnHiC8fZYD00ERq13YvVXnlF6xiS8YqGLBc1nykV8yIPrnggvS3jEVj3tw9+BNzhKnF5WeLAMz37WxcvEPnybIHa2EICqvfFZ4l+G9nRqXbiUMNDLaN78pg=^I/3KdftQcOlZLk3p8jY1dsz9UiyYagn/mindedZq8kqsNEQTwSmkUe4V1M9otW8rhCzywryOwrK2GI6KZrofY02sdxrVPgl7pAfdbFbMKIVCw6MRvQx/+JM/mBInE3xtAbUwShu9MeoxH2QBHYfiHJSAF1EANntaBWIjGquvfIs=
06:38:10.5093,I,35380,0001 x5FAdTtZgCbdyisU9Pfmnyupl3ci7iukx7AJ9YLXkccmTWMTk3Wp88TJ17cbunJYOU66OoDcCr9Ccrll5tK2/IjH69cJgieCfkuuYnsu+ZAF7LMeOqWIXAHBVnuT9aiNW+jNPmn5QXFK3gHwMU/pK4R+7TM31e73yxUbw4X8sWs=
06:38:10.5093,I,35380,0001 S/QAsvuaNXwuTvDy//yQ9E8JleWWCt2hMMFqbsPaSjqidpm8hOLHcHM3c6BQHAxoXjv+gcSqYwuR6c8J2vG5kzPjN1pGwh5DvmhruibGvpk/gQ0uzMoP//ioK8ipen3N/fqUkaqV0W0iJHg5Vj4dU0Y9HQc5xeQPWjsztMFAD+Q=
06:55:12.1440,I,35380,0001 Za/e5nPIDF0J9F+idkIk3reumUIdg3cu3NnYrhQHQGjxaM2Qu5fL31hylKbQ2Zm01IQ9fb1gcAsM2zvmHmd7me52aSgYvWpuqS9FatBSF5IafQmbF/X+cBLk0gvkZU03jmOH6ar64IGPkd0KN55qoXeZhZ1F0dX1BAwDDxVxecI=
06:55:12.1440,I,35380,0001 DL33ntyHRV0APdbsqfb4W9ir1kHKDOUYBDhXZR5+Uj2oY0hNLTmVU650KcJqy6Cf0DQU8tDYJSVHtliJueMFL/1lVL0mQJ4H8Mzf+p5gmSax6esRLJ4BjTf076vMi5CwQFyt0wT1etUWfnGP3PTXQw5va1UlnOMz6FvRxuB2QDM=^mdrqlK1Y1nMt90e1dOPZqqKmKSPyTzzNyu35vNbELacmAz5rD5vUjJXnTB/yzw5dG9cdDlZtfey3S/Ug//FFXn2pBDGtdOH0yKThGBj7u7R2UTM3R1GpfgS1kLR7kKpB4fvSMS7nKb3jEIEgjGjRhZl2L+oSDdl+DScbpFE/S4E=
06:55:12.1440,I,35380,0001 T0Vv5U3nelpLawWIHk65lyfoe108vw0aaDxrpCPr0L3+AI7C4vpuV5AjWRuYdl0IFv/2qD180jlfUFqhKUAT7bUyPzujjhQwqHnjdGxSSz50QVn8fiDDjz6mRC+DgIgyTbDQuLfPRIY7PCB24fdVXv94lACi8PNFwjmaSHY6HdQ=^efrmHZPHd63RyHCmTxDqThce0VAhd6Agl2yxlH6f7Z5iZq24G1iNvDaJge2bpM5fDknmS2+Fzsllyu4BccsLam3tO7XwqJlJPGI5VX/xGUMdEKQELhUIkfIhWb+CFnOGQ0tJZqydSMXy2osYu/GCRnhGt16SkFOPElGlNrXWKsU=
06:55:12.1440,I,35380,0001 C+CKNWcAvfwJ1Y1Y61zU2WS4l/boUgCisqip3Ba+LHrVffLQnmZfNVBdChgDrgIUKFTliHVWapFknWNJCZk0/atkEc4+5ih+epMxcKJrJHbp/VMhPGBuEuehsQH93Fkk4ZeIN6TeQS62Ut+PbJaztcYb33U16NcQywYvkz4doY4=
06:55:12.1440,I,35380,0001 jW4mkB1quE1QJwnbZO9s7MgIrdA1Cva0ryiXmx0Bm5hCUC2a+iD+2PIk9VgGMIbYjf8EZUy3pWGHTAFvGLS3LWSDmtvNnKjiKH8PoTwNHFNuZS5nviWLBOfiJxkDRmhm9FsHCmuP+F1PXf+9gHaSaCoT4yZ1UXGRsJZsL9bLO8Y=
06:55:12.1539,I,35380,0001 AkwZEOJ3aaqFkk5egQ4Z6Mv6Tqi6pbbnuJBHc5J1bd46y+y8VbhfGpLpZ8EeUOeaOVp9CfGB9D0EUY6EYmKExREoehWb55AoICZIfswZcSlG8glQb0dAUvxwBCzYjF6AbIcUGzZqQ3Dh82bmEi4MOqScA7gYNMwTSHA/m5zZe6o=
06:55:12.1539,I,35380,0001 mUbrDccEvQemrPJ36/PoYknVX4Dj1NDFImOVWglVw7nxcI651oXWydPDfEjxRPPYeVoS7Qpfdhg8oYJ5cGaGFI4WJGY2aCPxFcgRFPsIsfiYR3ysEt1ZMGLqNKpMEywDCS2Y99LCNoW7MEszy0iw8SCOnUUOZlDUgF2O/qdkG64=
06:55:12.1539,I,35380,0001 RpX4CATnOAgxf4QLlJ0c2o+EX74KgBZjTp3w67VoA5ZfYbasUo/Jkl0f7MeVbW6W5Jn5H+InFkcDqZiiG/Vf3uW/n5IbR7EWIjD/9VtkEC+e0rR22Ov772+6CsQyt3rNZqLPSUwM8tvqz3B/Zq/r97QbZA7XBv26CWQCxE2I/No=
06:55:12.5561,I,35380,0001 qlsGW7rqTpQwwn9pGU98IkwGgHO++8yAN6hZaPKRp2x6rEXB85j4HDSD7cvNTjdacLT99hQe81rAY2YAjBQXuhv6E/Ymii3g9DkOp1rUbVpR+frgwnH2/VLYgsPb8LnGcgX8zxE7wKgFB66HwdxRN70hSCkls3C31AJGKtSV4gA=^EIjXavsV+JIOphO1pLqX61IkGvnws9/PWDtmnaHlwyZbYHs4D9kIgIggS/fECa8CwoL6BYUxyWvbg2yl4Df3RSPrn+p4TFxp5YFMWf2VcFmawF/UfPHIr5mxrK+AamzlBTG8TYVp17+6Tzr8yHnDDjOzHqeaUFubmZlVr7SbJtQ=
06:55:12.5630,I,35380,0001 cPZgaG7fOszwmYYj+s5eREBntt613ZtaTGP/NussM6J6cIHSkWx5oJk5m3hZvxIGwKZrLox0bPNcRk4tYi7w1WNUrM7Oe1caxHcNUctZHQuK5gKdF2nCYhOrHYFbOGvCL3YVe7lrTN7kz0XvaKY1lqk/UouVM/T5Y88mXuy4XbE=
06:55:12.5630,I,35380,0001 p9hhqFQOvOMnwPMr9argC45cwB5ZCUlP+omp8nSz7XhKrhY14G8vhaeebaCBQD8vqJVGbVXXcaLtlA5zPZj5mkpgYA8Oqdb7wHLg7GfqPcotcorE8FrUNzmTrlT38e1awMDQrBMyZbWPw/LwEX8qSpzpQ4Wv52HvuJWN8tASbmM=
06:55:12.5630,I,35380,0001 OTqP+jOY+6Mf8k6TxCibnRnL+GV1NhstvcbB/yHCSehp5CO6SzHF9lMD+sY0ObCB/tJxaSLj8ka/dIG8fDR31yTxO8LFd6k0Gir5e4b81Cq+lwGsjb0EcCVcTguOEJVSVmB2fqnCis7Ewz5qIVicLksjCkv5VXraDPhd9gQOByA=
06:55:12.5630,I,35380,0001 MGMmBAc5yoKgQBYMJ/nT48xFvjYJy3ZKEbclGrot00ma3nkO5GkI8nEebIvHB9A1sXBU8ZQERtWL7fzhjNDq3AGtvd7Sr2O1/qE3F5UfUyA66kY3nWl1a/JrQDmCMM0zRvw3AVoNSTaSaGiKBK5C+kaX/gVpAU6YMMkll0hTH/g=^GSMiLaOzA0zL4WawGnxXtbPRRQfHhQEcDPnVQcu/7YSjZDVryW+20eBhKZ0eT1bDuaF7nNB8+VXLlozCwHhgFU7Mt4pe2ofKAwyhQKVq0i3NUx57WYKjFKIZsTN45za+AZCNcA5/5Vh6MGrWxDAOPIXu2YxreY0hUfLR8PYa7Ng=
06:55:12.5630,I,35380,0001 Wms7kNp7IjrLIMLMCBxn7DMtipZAp6cmvCfu8gAl6OYj6Qpvs/wzQRgO9n4KLjWQFjXu+wQ93X1gDjcHwURFK+6XZslAsN10gzStwUWnv7vTv0ZSuxIOIwAsvYRvEdMKDml9MBKhTvYsUhtsV80FF1ul8+spJ3+TtMSH49yksnI=^TOdOsnu7Mp8BhyCv/h7dCpGEsJzZfize+HFpNlABJ4vug9RsaGE8AIxj86xx01E3hZ8QeiVuYBNcmUGVVBc/6/nWh3XsXFBDmu6feIfyhgnyjyBC/7np89JGK96mt8jE9NsT3Fqa4UwBzkTyS27YY+AYWUqioiikkyIjAji5cWE=
06:55:12.5630,I,35380,0001 u8UNoKJl6MEfI7zsa5W4zYbfkThB3no6BsGsens0LAEc5mopUDjPQp54ua4yQkvkAju1JdyAg0XY1fHLuuGRMxXnhKxOtoA+yit0pFg//wyjc8+zS8abdn/Xh9RWvldSIx/kwh6Xoph0OAr4DDUYaa6EkHNHGaMZrndhdTap7E4=
06:55:12.5630,I,35380,0001 V4pELzXKHmFmge0K77j/RjAlZsaRktHlk8W4dh2oEvbtajOKoo3f98IFZglLYthtoSzTDk3LIGDKrhf8EWauj39iGRrQfLa1uhEepE0poxojCgP0Rhf6bflzNPPDFGFA0ubJKMByrfRd9G3unl0IZ+8QQyyvaSO1lY4uca0+sRc=
06:55:12.5710,I,35380,0001 xMNPuCgwHpsdTX20LDG8Izy57lcmFvqHptSmmPJta2g6oYI1pvpGvQjJdK/T8rSM6L/QlD3msShrSFQ2VmMl8AdPufZCUodEESMFqIy69DUG+zo8t8+FJC2pE+1RoA7XAXDUfgEmE+hRfImrOZCDUIANiP0VVIojsdPx1cgUnhU=
06:55:12.5710,I,35380,0001 voWyGrVXscc+cXOkVsnGeLp1AjsMoZm8l+u+N1kxGAAQYjFF3vZaDiO/bxLTw8wk8L23vCrydGsOohkKaB7WdB9I/BxFJMVf0hh7nqpcxk3BtAXNfpvIe28kOxUZXpfRGqlfTpXNqwz0PhZzUyka+88OE9VZHGeNm6mjwMghSfo=
06:55:12.5710,I,35380,0001 Sy6G7T/x9GelcQf5PNKlD6aDsMry1dfMSeX8zfl6HZrIsZ84HphDWqenp6LqnIgu5ObKwKP3tHg441nmWo3HXT5tnBHxXGcCRh9M5YsscAhdpyspcgZYXFiQA1vba0VosDx5tPvTSPNynwdkME3X6YXAorc1c7mbEkZjUnoCK/c=^S7EpkwFcji8gvIIBD2+mdW99zK3n8oGGUJuEY2+xUjFhK81EtiUaih97wrhL+p0mHgmbYkh0TUH4AtLAlk42TWoVbjsN0aTzS6jdlSukKcOIaYxrr+k4lgnfGDTsaP3vEyN2LMfeoQzerqOhOKOhTrMu5wUK2FVrqddda+wywS8=
06:55:12.5991,I,35380,0001 KopkArVy4L7V/5sNVTbXY/ZM5YeaERb8pg6bjVJJayjbb05NyRN5Sj9ux+kAo6KU4DXJ3UhK8HUU+kB3xYyuhSKYw1MGAZR+pDauEVXQ7gHDlU6EVjlt6b2aPpMru1h2HSgvmaDtYpl4G6CWqWKSvZhp0OZqfPCXjMJaO6LIOTk=
06:55:12.5991,I,35380,0001 kOfyaYStItvZm+s5r4vjUCuWJ71TKue5+rVVLdgcUbLRBgaVvo5RTZfj+t/ro8qxHoi64Yvcq8pwcowN3jtul5GnbquldWL9Mou2qrKQPO5uJEl7Cr8ppdINoRSQbxNL3YDym+cuoOdOYMhE/rp+v3Dh0wE1/2Tx7uvZeaw+oWY=
07:38:43.4335,I,35380,0001 Q3P88pJ/mgd+JbqZtiF3MA/hjQPcA4IS83KAPunAP/wKdfEqu1FMBFOS2E3lgrNRuaN0Y1rghOBBOSo+SugvgX/yQTxc0kSkzCCyLO1g2JO5wQXfjLxsrkGangEC4M+7I44FvJ/XZzvkJZ2b7jVW8EeBqir5xsJrCn1oEY5Z8BY=
07:38:43.4335,I,35380,0001 ndqGoOYGJr31Ef+bkoYVxdA5zgLXcutduunn2q8Oa2gqTWzklqVbcQtitd+SDVBShJGD4fPMAPYvdGRJ5HlyU7xGLAjnoJSyAUE/QvB5YMcvT+dZ2YTs+tK1DjJnseccQmzRGEF8UvxHNOzne07F3bVi6mjnfCch9GE+UCHZz5s=^syQKSIyb1SyRl5M1qJ4ZZnLCt2vFHyTbguvfZ9KeVQBKN1LofPVHc5/PF87reKZn9V2gfhmhAHbanEld3dYQDjBkzwS/+lp/pQfLdFZrjF3pn7X6hZdp6ZGFaVJcgEYvKzCg4RLSjPI0MEsqq0ldc82s7Ev3DMQFNXspqZ7Ax6w=
07:38:43.4335,I,35380,0001 miktXhoRx2uWlrh3Lvpsw0kH8XSTQp+Pl/5X3gZrYrEbqBkOmaAB1TxrEkdXUUQ69je3578Blhirai/lOOrx80PaP0O2/St05whkwYaHpAFlnS0aeAWjW1nsAyEQTBoCY0wCj6Cn1DfYqLwUTVk0V+vwSC2mTR7mWbwvMNqrR8Q=^gz5hXDntOTp7LHzBvRTLLeTRwbLPxZLWOPtzQXJ5b9XDTOOCv5/pHKHGVdaRJlUsqvOF582ta5y6MKbe9gPVCgxGrGLuC6ndYeKTve82TFYjvqdwVVkYFLycVGAFtWBRdnVgWnn3NbJENth5tp6MLAM4B6vfLHlfjt1tFrn7Ikg=
07:38:43.4335,I,35380,0001 JKL1Pj49AFQjKiDPNcjIfDJLahxafVrvWo7+b7MVgtWeKnh9lJnj5jOlzz0G57joYNVE7YC+Lp6sGhfe7dOIho/QRwDwBFN9wUjKvYibKh6+/3PPcHPipzLeTeDe/YWxe3+0N73Wg1pP4mS1T2GXTtQJ97rHyiRUpB+076voi+I=
07:38:43.4335,I,35380,0001 PGlKcnlZ3WGZ+fIw3MwK1iiu3G30ClSymA8tsebEZT3pJJ2AIT22OKkw8YOZ/juUfZwpZIMt7yKlK/xgmwIwRZeI0QPiQcvmW6+grNfvFRwXJ3bN8xOsM5RMmO51AH60LvYM2zpfPeCN28KnD1td02EMCxt+L0TCy+J0rXBgG4A=
07:38:43.4423,I,35380,0001 wYqre+aaPE8Y2YQtbmAwYKGzRxYLr2/8FaxTFlxXw2rYQIiFCtXKQZh9XoyOswI4UKQz8e45hJ8F/zUVJYp0R+noSrf7GJWfCAL2cOXDPaDYrEsDLy69alHzJ6Z7wEaw2V3ZyvfsCFTWOEPCYWo5gaKSCJ+hVymftju9dsGmEDs=
07:38:43.4423,I,35380,0001 QDY12r5McviHD7UnYonYdz7NuPCBp22GcnxGQ5+eWz9jsDGSQ0ap2MzhBOcB46+MM1cmt2kwYQAsMkrRZ2+P/WySKDsW5A2hSd8tSg34+Rd0Y9/u5V+2j8bU5YgpnxBTwMWWsglGU2ieG7gBaPHRJdmlbhG2tCTMu0B5EsFqzw8=
07:38:43.4433,I,35380,0001 iOSinW7TEGT1+8aMLZ4ZUSREAFiGl1gWct6TCmLHa5mxLxgW/P1yISbO4r6rmUay1pepEoV5GmKNvvdX+H+Z7fplBswPmELR46TQBCKupVVuVKbRpk44Xr5Kok+CzVPNdGINDPRx3fYzG/2x38jr4WM6ud6znBJopxeHmF/eDcQ=
07:38:43.8297,I,35380,0001 L7UIVvhJj9tYKI8tp5AInCKASq+xX/pfzHcIzMhWdu/lu4M9klOqav3SmX0PnnPDC8gm5W2atFhwMuLok28TFaiqCHVlrNS8gP3tcdcdy98pOTwarziK0lVr7NjkIVttf74a5UqcDmqAWl3PERVbxsz/42JRBBT7xM6BZQQVGI0=^Ze8JrtD5369WbIVO3ivdLNuICD7FQHi2bmkunh7RI12wwQop4vUMjTDK+4o7nul+AvSPrU4NNdG9vJoJqStKOdJLUAR1C1SSIw5l5vd5gzT5KrvzdQKpsyf0jFNXDl82vsjgnnUZHwWT8+ejHKw6yu2EPSpqkAR9ef8FvAwlI6w=
07:38:43.8357,I,35380,0001 XxWe/p+Y8Compzf1vUjw8TFM9xDTY56zwXCMnHPREoOljScnS8AG0g2sCvmVdENobhiX22VAUZ+M8M+URCejWfQfCNDEpQ3gfnnjdHmH9AmL/wf+/NE/EyGtTybi8mMhx5i9C4ep5Ne0q/zAgEIFPDVnylv/XO7eZB9MRSGfG7s=
07:38:43.8357,I,35380,0001 M0Ev9di5OaZcb/Wpx5wuqv+BzPzE+uXpDIFpmxFv5ZCepvuttHkobVn4Ya7TkOTWOzH8BcgueGAk8IlmqrSM52iws6Tu/JZ61igy34evQToFRznM83t4D6/ACbAwUOBFVPsRlTdspO1ub7nYgmtoyVrkpj0UC5k6+l4/SyCLdnY=
07:38:43.8367,I,35380,0001 X0w+LgSBH7nEDjV95YxP4JuKFpyYixHghY8MJKEeo44/VOybvRKx6KvXLxaEz8ecwPncAnGVI0jbPOKmvM/s8VKWgdCuTQ8MqKhkAKMqFsVIZCaP5TrO+nWBQsYhbxXlI9c4fafSk/vkvspy/W4iufyMJ9xW4cEksxfWBnsUaDY=
07:38:43.8367,I,35380,0001 T4I/N49PGsewlVhX1MacS4YpsJa9t1SAalDGBUdsKBnPix22RZK1c9WDtI1oXdDcKVrB9Tl2Npe5QJCPZ3avHvjFZjrhzpAzxNDcr92b7UHQYkq896avhDK26xyI00WyhT4oUdtctFekfX7bBNiIBkFxDxcqLBnPrpXmSY5sBCs=^pPpT5tnVsh2woUG5UIxXKchtd14WM6PG2U7cAap1UDtp7ZULWkAiXuBn1SgtwthsTtXx5iM98JN9/nAih8Y+GruzhrJ4b6+3wePRLLYyiNxNbDhycmppreEBTKSPFD911e57gzdRJohKb/yAWxJ4V6tgq29tuVHJVOhjUDr+klw=
07:38:43.8367,I,35380,0001 cfCvXm8e7VO+vmlYhRW0HOlF9hJNGeVVhUl8r3JL1txT7WIFsOuFkmF6o2UJgB57vWCPgrntyRSkpMZzpz+NIqy40PlF+S3sLegWym0ALDmJhICfIotjZUWpbSoG3d/zaPZhbhg79YYB2oy8HemYBxrXWJOIykt46bDETMQ1xaA=^x1jy3qNEeT7FzIDdibVEBI0iUfK8zU/IOaBAXdj1clicqqqJDqOr87wja3LzwDqhmR1B52JzBH5eG+QlZSOzutxfMLcrXCxdwMS0f9shp1OMDBMcMjzRNqcsrUAzLyJxf+Fu/RmAN3XzESdfyv5/rf2+J8lQ9+ZRaol8wGyV4zI=
07:38:43.8367,I,35380,0001 c4nh55I1ER4naMpIrdz4GupEaohniGo66d70+Oo7BYXpUwK6q788K3LzvhjjXO1LWaIQAkc/YKK+jPqXTx1plHbCE3+ajWBHgL6gQThQtxBSAADWv2oK2+qbBxMA4Gpi5acgY4h1RpO5VUlSI3aXiFApV741ENIpMlEX7bgz5+U=
07:38:43.8367,I,35380,0001 JlnvQV36LF1P/s/d+G9FLQk7DUEzdbJsfFEPQyF2j3oOeZtqxjiaBdHDRjUZ+Yq1NFZdK63WYGljGE1z19zSHcq0Sq50GFscwxS3tkWh6BSET/kSDpy5COGk9hunYbhHQQnLq99jX/bvTfUDzar4oinEAR1kWmiP1XitC97s3sw=
07:38:43.8447,I,35380,0001 CCBx1jGGmllCx5JKDWSGaGcxjSj79ys1KG3o+d6DD5OR8f/KRfcfGsrgV7bR9lwbvTZlVbww8NkMp1UdoKrfg64DdtkufNjMOLwJRNDhjO9GEackWRjyLyCBCp1Xw+3XYqmYcLEptErZIYlQL4Zm1nfaOzQa2ULy+KLGxnse6dU=
07:38:43.8447,I,35380,0001 atRHQUfdl+jNKkkpAXu3UuoBtgpcwLNA0SwGY5RK1rteNYiqvHxsyGzlHJQnBGsV/GHUvWHbtedfFhDggbnnVL1p9AzRNFdkDD5qTEHiRZfOU6swTp5qS6xSfy6y3qKfZ3APufRAlB90pMQtK5kwW5s0uW5CrOmF4hluVSlmQbU=
07:38:43.8447,I,35380,0001 XPqCoETCpoNnqKBzIxkYix42Av8QS6TZRiQLYU2iGl7HQKeTgjhWhTJ0jVZNzJ/BD2x8GE7RYN8xQBxG5n4m+kpwjZaon7olet0kMh+8IzEILYRrgwrHcoJ0/OZLULlMz3Detz5Xeqw+mCoklBmyKrC0jRRCkZdwb2q3j/5xOG0=^hxv9CN5X7UhQIj03sC85UZ2YOqBrtVb5Ob03UubdUw3kRnB/wQM94d/zg6l1yg+NJ5q6nHI3T0xekLWxwI3VVh3546HLI9GJTfVpWPbpq4qU5OuI/HZ1b54SIA1BvrtqwpLixXOxXTlksjAJ48+Wfe9v0Yu9093IZUmVDVSTiXI=
07:38:43.8487,I,35380,0001 V3y3nPJ29HasjvrbLnBSgB8HuYjtybVbzCEL7/PGLB5lVGUxN2L/LjYhyvqZ5Nn4yVHXsUh2hquXNV//yurS/sComZfLg0C0D608l8fZChDN0Mta9AQUyuzM9NuCMVlBDTUEbqSCtUMaTO4bRRBCAP9Jq5VnyjY6XG92zwZTbQc=
07:38:43.8487,I,35380,0001 XvlytbEcNxbFuCq2ofrQVK2mcRR2Dciyxe4zEJZoSiwekkVlB+ypMfEK9QWHTTTdL6KRpkWrExVX/FYGy1I1oSFowowOqtqFD1Pdg5v4zyUQIIGOXS8NBfM9IWQDAMByqLblSurL/NrR1/CMYQEMIs+PI0gGzmWiEI+TD2WpEdc=
15:50:39.1132,I,35380,0001 q51KFVdNMXrdRZzMfmqW2TxyaIxD1d7gsy1Ruh9tDJ6swbQdeGE4L55fPhkbMZQRDLdjbv8RXdI2ETLL7tTKoEHJZzOS/Xk0rRGMca6ZIGGkJBWf6pSGicApI21CirCebEfVC+g5MbaYBeyfmJXMWy9RuEWKBs6A8cHanyj0LCg=
15:50:39.1132,I,35380,0001 GuH9KKegRws/5Q1VwuQBIcl43iI7aU5TaNlD5NeOfYlJU8se+dyH3z13ISA7HIKm86xiJIflyK0ga/0GmMyYm7NUybckCdDZzQ94Hl24Wvk4lzaFkVDPO4JRwHpjNVDXQITWf9mmLbheg62UswvhLeOz+7Nq3COmFkdU34nCUgA=^EaunN6N+N7ZPLXz2eaCkayAxdCJOwR6PS+RRYRhWk9tbQzSXZ+StOPg7lBSeGhd6IEdWv+Q0tG7JCKxztfxHVq4Nj5/QcdbyQouUZtV8SgREj6vMmljnB4mU0+iWO2+6cfsHrmoFMv6q/RF+1vFWqzpaWL/fzxHc5g9pyo3J91g=
15:50:39.1132,I,35380,0001 K9gISkVEwdea+VG57wd7l6maNkqIc+s3iuc30wdJDvWl6/QMNWhGDoUpmsd9bnWdG0s5FtVEVdOprNr0MgIXaUx33IQc9qG6iVq+kP60hApWDuJFJS5rJCzURyIlND1rGeEapSuZsntr9QE8H3Wt/B8fuls93SuZcKv0E5FWi7s=^IhMX7eOvf7rCM8eZqZhvdv908SlML9vyn/bHHzLnzN+udwJfcUsTOEZo3VnkeyHGuXs348SMYkogIs9OLn74HckiIVMr5DNImNIuXy1ajHyhuNs3IM+hp6ynQGmRVqtTOHBxUQSUWrp49FO8DfvXb1VheVBXFx0DSQlBlt77Mtw=
15:50:39.1132,I,35380,0001 kfZLxb502AalhbUR8tZNgemvqOyiEI6QhiKiZ6mxexzfv7W29w+INyTossPh9VwPdfSK+HZ31aqU2HuC67a5QRIeQmkj/C80ZjtvWevMj64d14ypw6r+H1PGIR55RiBPBGOce3VH9t3wxMyRp7kgIwvHtSn8bV6pUxetJx3z0rE=
15:50:39.1132,I,35380,0001 dtwJAC9gpyxSGEyLt9otbO1KCr1gIAGe7biuZwL2ro4d/Bk/QjdsVfj96EHhPFGQJ1++NRzFM5wwVmmK618W/8ioZVtPRgt3FWymfYltFIwiJZ0QLOpfp8eNQavNcXxZ2jd96DPiVCtv5MBhlpxCsD4KOCEFJBWka7f17vRfsvQ=
15:50:39.1222,I,35380,0001 vawjMLxu1YUkCMXlabXGaeu94wqFi+1Ml2dFdeIrX8xZBEEvQIVzj4nkAO3Q3rHVIycflA+hC5s+f8mNfgUK4u4VHSgu0eQ9Q/U4ztldfY4ALjiGCI5O0dz7Wt+AtvRtzCCDyB+m+OxKtQCDsNe1RFhpnn/SxoLPWcONmuGhF80=
15:50:39.1222,I,35380,0001 YDLIHNFLgTM7IdRVVv3DyKozaQLxIJf87joCz+0WpUqG3TJXUZssASB/bxu31AhgEfjiRiEyVD9lo9lvnD7xZkTLDG0xRrmaz1O2ytbJx/fdFFNyQx6H3zelLIYgO4DhSmeBF+YqBDWmAgjc8SOKtDwSYFmBYm1A3rwm/hLHyQM=
15:50:39.1232,I,35380,0001 APMK16dkoTA2W6DmsIMtPxwQFq2T1Tpdjjty8Dew+3cTR62Rfs76Be1WmL4p2FXgS08KMLcVvBBUg2vhvxJM5fzlpnlclHqc7xecUc8e4BCKYPGjeyHSav5xP48FSFaeoGcQI54owCP4aEb6u+tNzB/LVV38awtzLgXr4UCHm5c=
15:50:39.5770,I,35380,0001 y2HszTolkYUc32KH8tjUMHDg04vqZQfVEPMjtBucDRIeksI3wSbwPqd+aDMsz0QvbquTOJ9f5LBxWVTSYfbtQevcyDfpFE2TyQauWjf+/uIsxVaMWK1OJ4MSZjczIiDC8MaRSI6iG0L9be/k4WqRhjeTkdy+qg/SA94JUpCCv5w=^0JLeQw0bQH0H+dUZN0m72qaH3NEgU7o1AupaL08xobLcKudGj+i+IanThy8HgDvNyT344wXK/XljcQ2aEt1MhIoSXgWXgWNU3iO8Kgqe5400pvwN0ZL/yovycTJ88XvgcxJ6K8d5c58h0TXr0WQORxAlFRQvDxaUx/68llpb5kk=
15:50:39.5845,I,35380,0001 q7nfxP+91/FuPiJ82GvbEec1Q1aFM4YnVKeOb5/uxG1VVBg71oBI73Fd/KRml7EAa6dJH7S3+sPa/5sAnJ7mr/q8ekNzFsRuKKBx4DAqbwYx8XDZ2hXmbeZ8dza3KW8MOYzNRuBsJvIUT1eNJhjallw5pSnkRffqvY/wUzNxKFk=
15:50:39.5845,I,35380,0001 DHB149np6GwSRNqjo4IoLw5Kl1ZXIknQhacmDqadGK2Ws3M7gmknQRM5HNHbf2u/FvLeKqGjevGkbglSKF2guCX+bz6h/8XH1N12e3LT8IsWs3Y7GM0sv+l4vVgza58MhpnVO9CtFHk9AJlaqiL5TEYKcOvKk7FmZUUVlItsHYA=
15:50:39.5845,I,35380,0001 vq62AQhAEQAO/FZxjeoloxlbUoKqeKi1AAiAQR5ZZ5TRVjzhSUX9A5C0cChNlzlxOJV8H5uN5C/OnMKE9o8qOYMTAiDOHxD+crtM0YRa74gn1FwooC7sxyh4BgCqUpBHVxeO7uMJHZVD0m45Zjhz4UaiQFuWHGT78oMnfnKDoQs=
15:50:39.5845,I,35380,0001 nETpEc/rD2efaYQcCqAzYjY6BS6jD+sMJFxg1mcxXvMknCBBIzSthUs+oCy3cNluPLrU1+mK+OyP/85qA/FK4U9PHxHPFjGlVmRnCiJQ/ONvrGaFq0Lxk7ddVwhxPaUObHjCgvM/+imwflISpWHA6jVr1ZE1nWQA/2ieQ9PVUdk=^JuBv9xMlExuGfzE6Xw7YkrIWO0iLyDOF6e9K1dlG9XUYuv38D5n3ONcDb7sp/+B0yPhBPLurdZL73jYLbpwJ9/43QAMlozj0EhPo6HlvUQM8wQFR+gc8CK2259kyxHq05cq/7uSSCGNQjIlt3vt583q4kj28Sw7B5ilbSMVpjJ0=
15:50:39.5845,I,35380,0001 FajOOmyJ1+Z9qRfqRVlkwVMrGURc/43jar+JTQgVYIGFC5Y3gwKZg453wVOKSWGAYocz21OMCIoN/+YJ/tVCIEnORNIRmaJ+Q2/OltxRzxlu5oZqq5tSlo63eixZdP7p4icAU7W6QLYGyodVHxu6ruJWoWs3/amhkB3TfW4ftiQ=^dwOEKTqZnB5xt1xqc6hTni4ROor8HRANgUlNkFSRxY6SGEzgfGcjjL+CVbXpLcYsH9MRBqnjpStQTHnb2v8mKCimjgpmCUZgxd9ViykYqCvyPjhSCmacPEcoNF02GGA/qNtOok1ARXyJzXcx9JH+LW+x1HZ1P9y8IG4VM1quNFg=
15:50:39.5845,I,35380,0001 tA5j2KPga4U/vZ62NNoiA552wCyszxiYYbtYag2CvRX7OkMN32Rpluejd8iAef1dKGbTV1ICB2uigxYPOpObtjpyJPTOMMNvVrdDvw0COrnFtU2yZfmp180Q2/T3LI5hfW9eoRptSSsbdb5TB0CLC4uedoXDqClOr/Rqb/EHWws=
15:50:39.5845,I,35380,0001 BCVPlF89Q03bzeM22K785XWldEzhep34gRfMev7PMkxyIsPUQ4DcbTGADziC9JagXsvvfeDuKzt7/ukmPqTKkK3LM3oNAb+Sr4WK8Rc/Ewtth/anT8yHJP9D52biqevrK9pEwQDoEhmwaXpgddstMXWsniBEbDJg+RYNeXTunOg=
15:50:39.5922,I,35380,0001 m6TMZePzARcndn/uKcct25ci9Xh/PeZVB0eC/Hwvos95A50MctQtlze5eqKI3BpnchxgqB2bLa4tZuTAWRdYCuqRXwrxrcAMXC8kfXQeN1jnr/vXC0AoOyBtY4M3eMAe9Te80N6j0h7Ac23IZ3BvTVmAqp6grwWEqlI2oaeO2vM=
15:50:39.5922,I,35380,0001 eW6c2fW8q2R0FqbBgFo4XbV6CTeNuqUYVHwL6RiW2tqa0eLfZSrgXNm8/zEx74bn9NqNKGaf9vMkSDj6aRN0ioI+NcPazTn5KDlNcJE1Fg1x9jhy6bDJCJtmnsVbSVyUxsFUZQT8SMfjrJJqYFK6MXdAgEfWmhNq/xdf/mAZpNI=
15:50:39.5922,I,35380,0001 EZpeEcm7XRAGCIVo0Bv6Wz4fg2ayiUkfA076FUlWDux0ow63FharcBNcDA/410CxeGlNF4mjsFPuIyKHedjEhNjRqoZGF3G0NqZWyjRXjmkoMhEzCpxLRKdRnlJ3+/Ulol3zDAxEaVtWdPTM56wjcKSaKzOChwmYdgA+5EztL4Y=^AaFoNWAxASzkdvksGr4HPxdG1aknOJq1Iz6LQF4AMPD1emKR/D+ibFFo253FsfYd2ip6ElOyWYJHjSWbSz8Kgi1IJIR/sUnmWKkRGtOEnJ6H0xK3SBsMzxePR6IO/9c4g/1wFtcv5RBOrr66EOKRac3cVFPmkXBkdmkNQMqPqKY=
15:50:39.5962,I,35380,0001 JFsbjBAsvOAwSYk4C5HiRIM32nOzlJFFrHCnY9MKO+0RBnyLg03Xc7EnCJFTvNpmggyIaTu4Ch/s/+B0Mlboazh5e1bPF+FCgrdxmgMIGf0IfgWmnH6Ivf/w/4V4h8QIddMb9+VGaQLQzB2XD5GCvlF6ToAi0eE0c738BOGrB+E=
15:50:39.6009,I,35380,0001 SzxtRX0JOK7CcZinx+onM5IeU4o/j0V+fPwPVBA9YUi9sGwb9F+CvThcUX/KhzaK6+MabQQelvUYccdLSE0zf7km8fAM6x7WPfsyRu8MzzHGJNKV0V7m6O5ctnfmU6JYpqKqy1sl4a6ZuBP/+u0I0xZe7hkWI/TM99E7hsuqq3k=
