16:00:35.5659,I,16592,0021 ÅyTokenÅz({"APIPassword":"****************"})
16:00:35.5659,I,16592,0021 ÅyTokenÅz({"ResultCode":0,"Token":"****************"})
16:00:35.5920,I,16592,0021 ÅySendOrderÅz({"Symbol": "1332", "Exchange": 9, "SecurityType": 1, "Side": "2", "Qty": 100, "FrontOrderType": 10, "Price": 0, "ExpireDay": 0, "AccountType": 4, "CashMargin": 1, "DelivType": 2})
16:00:35.5930,I,16592,0021 ÅySendOrderÅz({"Code":4001005,"Message":"ÉpÉâÉÅÅ[É^ïœä∑ÉGÉâÅ[ - è⁄ç◊ÇÕkabuSÉçÉOÉtÉ@ÉCÉãÇämîFÇµÇƒÇ≠ÇæÇ≥Ç¢"})
16:00:35.6861,I,16592,0021 ÅyOrdersÅz(,,,,,,,)
16:00:35.6861,I,16592,0021 ÅyOrdersÅz([])
16:00:35.7015,I,16592,0021 ÅyPositionsÅz(,,,)
16:00:35.7015,I,16592,0021 ÅyPositionsÅz([])
16:00:37.0003,I,16592,0021 ÅySymbolÅz(1332@1,)
16:00:37.3559,I,16592,0021 ÅySymbolÅz({"BisCategory":"0050      ","TotalMarketValue":482236132549.5,"TotalStocks":312430.0,"FiscalYearEndBasic":20260331,"KCMarginBuy":true,"KCMarginSell":true,"MarginBuy":true,"MarginSell":true,"DisplayName":"ÉjÉbÉXÉC","Exchange":1,"ExchangeName":"ìåèÿÉv","TradingUnit":100.0,"PriceRangeGroup":"10003","UpperLimit":1798.50,"LowerLimit":1198.50,"Symbol":"1332","SymbolName":"ÉjÉbÉXÉC"})
16:00:37.3689,I,16592,0021 ÅyBoardÅz(1332@1)
16:00:37.3689,I,16592,0021 ÅyBoardÅz({"OverSellQty":138500.0,"UnderBuyQty":149100.0,"TotalMarketValue":482236132549.5,"MarketOrderSellQty":0.0,"MarketOrderBuyQty":0.0,"BidTime":"2026-02-12T15:30:00+09:00","AskTime":"2026-02-12T15:30:00+09:00","Exchange":1,"ExchangeName":"ìåèÿÉv","TradingVolume":1886800.0,"TradingVolumeTime":"2026-02-12T15:30:00+09:00","VWAP":1542.8880,"TradingValue":2911121100.0,"BidQty":100.0,"BidPrice":1544.0,"BidSign":"0101","Sell1":{"Price":1544.0,"Qty":100.0,"Sign":"0101","Time":"2026-02-12T15:30:00+09:00"},"Sell2":{"Price":1545.0,"Qty":1200.0},"Sell3":{"Price":1546.0,"Qty":200.0},"Sell4":{"Price":1546.5000,"Qty":200.0},"Sell5":{"Price":1547.0,"Qty":200.0},"Sell6":{"Price":1547.5000,"Qty":700.0},"Sell7":{"Price":1548.0,"Qty":100.0},"Sell8":{"Price":1549.0,"Qty":5100.0},"Sell9":{"Price":1550.0,"Qty":5100.0},"Sell10":{"Price":1550.5000,"Qty":13300.0},"AskQty":1600.0,"AskPrice":1543.0,"AskSign":"0101","Buy1":{"Price":1543.0,"Qty":1600.0,"Sign":"0101","Time":"2026-02-12T15:30:00+09:00"},"Buy2":{"Price":1542.5000,"Qty":7000.0},"Buy3":{"Price":1542.0,"Qty":200.0},"Buy4":{"Price":1541.0,"Qty":600.0},"Buy5":{"Price":1540.5000,"Qty":500.0},"Buy6":{"Price":1540.0,"Qty":1100.0},"Buy7":{"Price":1539.5000,"Qty":7300.0},"Buy8":{"Price":1539.0,"Qty":1600.0},"Buy9":{"Price":1538.5000,"Qty":2900.0},"Buy10":{"Price":1538.0,"Qty":200.0},"Symbol":"1332","SymbolName":"ÉjÉbÉXÉC","CurrentPrice":1543.5000,"CurrentPriceTime":"2026-02-12T15:30:00+09:00","CurrentPriceChangeStatus":"0061","CurrentPriceStatus":1,"CalcPrice":1543.5,"PreviousClose":1498.50000,"PreviousCloseTime":"2026-02-10T00:00:00+09:00","ChangePreviousClose":45.00000,"ChangePreviousClosePer":3.00,"OpeningPrice":1520.0,"OpeningPriceTime":"2026-02-12T09:00:00+09:00","HighPrice":1561.5000,"HighPriceTime":"2026-02-12T12:39:04+09:00","LowPrice":1505.5000,"LowPriceTime":"2026-02-12T09:00:14+09:00","SecurityType":1})
16:00:37.4770,I,16592,0021 ÅyOrdersÅz(,,,,,,,)
16:00:37.4770,I,16592,0021 ÅyOrdersÅz([])
16:00:37.4818,I,16592,0021 ÅyPositionsÅz(,,,)
16:00:37.4818,I,16592,0021 ÅyPositionsÅz([])
16:00:39.4712,I,16592,0021 ÅyOrdersÅz(,,,,,,,)
16:00:39.4712,I,16592,0021 ÅyOrdersÅz([])
16:00:39.4752,I,16592,0021 ÅyPositionsÅz(,,,)
16:00:39.4752,I,16592,0021 ÅyPositionsÅz([])
16:00:41.4632,I,16592,0021 ÅyOrdersÅz(,,,,,,,)
16:00:41.4632,I,16592,0021 ÅyOrdersÅz([])
16:00:41.4778,I,16592,0021 ÅyPositionsÅz(,,,)
16:00:41.4778,I,16592,0021 ÅyPositionsÅz([])
16:00:43.4707,I,16592,0021 ÅyOrdersÅz(,,,,,,,)
16:00:43.4707,I,16592,0021 ÅyOrdersÅz([])
16:00:43.4747,I,16592,0021 ÅyPositionsÅz(,,,)
16:00:43.4747,I,16592,0021 ÅyPositionsÅz([])
16:00:45.4592,I,16592,0021 ÅyOrdersÅz(,,,,,,,)
16:00:45.4592,I,16592,0021 ÅyOrdersÅz([])
16:00:45.4910,I,16592,0021 ÅyPositionsÅz(,,,)
16:00:45.4910,I,16592,0021 ÅyPositionsÅz([])
16:00:47.4810,I,16592,0021 ÅyOrdersÅz(,,,,,,,)
16:00:47.4810,I,16592,0021 ÅyOrdersÅz([])
16:00:47.4959,I,16592,0021 ÅyPositionsÅz(,,,)
16:00:47.4959,I,16592,0021 ÅyPositionsÅz([])
16:00:49.4729,I,16592,0021 ÅyOrdersÅz(,,,,,,,)
16:00:49.4729,I,16592,0021 ÅyOrdersÅz([])
16:00:49.4883,I,16592,0021 ÅyPositionsÅz(,,,)
16:00:49.4883,I,16592,0021 ÅyPositionsÅz([])
16:00:51.4574,I,16592,0021 ÅyOrdersÅz(,,,,,,,)
16:00:51.4574,I,16592,0021 ÅyOrdersÅz([])
16:00:51.4675,I,16592,0021 ÅyPositionsÅz(,,,)
16:00:51.4675,I,16592,0021 ÅyPositionsÅz([])
16:00:53.4825,I,16592,0021 ÅyOrdersÅz(,,,,,,,)
16:00:53.4825,I,16592,0021 ÅyOrdersÅz([])
16:00:53.4975,I,16592,0021 ÅyPositionsÅz(,,,)
16:00:53.4975,I,16592,0021 ÅyPositionsÅz([])
16:00:55.4725,I,16592,0021 ÅyOrdersÅz(,,,,,,,)
16:00:55.4725,I,16592,0021 ÅyOrdersÅz([])
16:00:55.4879,I,16592,0021 ÅyPositionsÅz(,,,)
16:00:55.4879,I,16592,0021 ÅyPositionsÅz([])
16:03:06.9324,I,16592,0021 ÅyTokenÅz({"APIPassword":"****************"})
16:03:06.9324,I,16592,0021 ÅyTokenÅz({"ResultCode":0,"Token":"****************"})
16:03:06.9462,I,16592,0021 ÅySendOrderÅz({"Symbol": "1332", "Exchange": 9, "SecurityType": 1, "Side": "2", "Qty": 100, "FrontOrderType": 10, "Price": 0, "ExpireDay": 0, "AccountType": 4, "CashMargin": 1, "DelivType": 2})
16:03:06.9472,I,16592,0021 ÅySendOrderÅz({"Code":4001005,"Message":"ÉpÉâÉÅÅ[É^ïœä∑ÉGÉâÅ[ - è⁄ç◊ÇÕkabuSÉçÉOÉtÉ@ÉCÉãÇämîFÇµÇƒÇ≠ÇæÇ≥Ç¢"})
16:03:06.9767,I,16592,0021 ÅyOrdersÅz(,,,,,,,)
16:03:06.9767,I,16592,0021 ÅyOrdersÅz([])
16:03:06.9785,I,16592,0021 ÅyPositionsÅz(,,,)
16:03:06.9785,I,16592,0021 ÅyPositionsÅz([])
16:03:08.9138,I,16592,0021 ÅyOrdersÅz(,,,,,,,)
16:03:08.9138,I,16592,0021 ÅyOrdersÅz([])
16:03:08.9289,I,16592,0021 ÅyPositionsÅz(,,,)
16:03:08.9289,I,16592,0021 ÅyPositionsÅz([])
16:03:10.9029,I,16592,0021 ÅyOrdersÅz(,,,,,,,)
16:03:10.9037,I,16592,0021 ÅyOrdersÅz([])
16:03:10.9097,I,16592,0021 ÅyPositionsÅz(,,,)
16:03:10.9097,I,16592,0021 ÅyPositionsÅz([])
16:03:12.8930,I,16592,0021 ÅyOrdersÅz(,,,,,,,)
16:03:12.8930,I,16592,0021 ÅyOrdersÅz([])
16:03:12.9086,I,16592,0021 ÅyPositionsÅz(,,,)
16:03:12.9086,I,16592,0021 ÅyPositionsÅz([])
16:03:14.8855,I,16592,0021 ÅyOrdersÅz(,,,,,,,)
16:03:14.8855,I,16592,0021 ÅyOrdersÅz([])
16:03:14.9010,I,16592,0021 ÅyPositionsÅz(,,,)
16:03:14.9010,I,16592,0021 ÅyPositionsÅz([])
16:03:16.8770,I,16592,0021 ÅyOrdersÅz(,,,,,,,)
16:03:16.8770,I,16592,0021 ÅyOrdersÅz([])
16:03:16.8999,I,16592,0021 ÅyPositionsÅz(,,,)
16:03:16.8999,I,16592,0021 ÅyPositionsÅz([])
16:03:17.3799,I,16592,0021 ÅySymbolÅz(1332@1,)
16:03:18.4552,I,16592,0021 ÅySymbolÅz({"BisCategory":"0050      ","TotalMarketValue":482236132549.5,"TotalStocks":312430.0,"FiscalYearEndBasic":20260331,"KCMarginBuy":true,"KCMarginSell":true,"MarginBuy":true,"MarginSell":true,"DisplayName":"ÉjÉbÉXÉC","Exchange":1,"ExchangeName":"ìåèÿÉv","TradingUnit":100.0,"PriceRangeGroup":"10003","UpperLimit":1798.50,"LowerLimit":1198.50,"Symbol":"1332","SymbolName":"ÉjÉbÉXÉC"})
16:03:18.4572,I,16592,0021 ÅyBoardÅz(1332@1)
16:03:18.4582,I,16592,0021 ÅyBoardÅz({"OverSellQty":138500.0,"UnderBuyQty":149100.0,"TotalMarketValue":482236132549.5,"MarketOrderSellQty":0.0,"MarketOrderBuyQty":0.0,"BidTime":"2026-02-12T15:30:00+09:00","AskTime":"2026-02-12T15:30:00+09:00","Exchange":1,"ExchangeName":"ìåèÿÉv","TradingVolume":1886800.0,"TradingVolumeTime":"2026-02-12T15:30:00+09:00","VWAP":1542.8880,"TradingValue":2911121100.0,"BidQty":100.0,"BidPrice":1544.0,"BidSign":"0101","Sell1":{"Price":1544.0,"Qty":100.0,"Sign":"0101","Time":"2026-02-12T15:30:00+09:00"},"Sell2":{"Price":1545.0,"Qty":1200.0},"Sell3":{"Price":1546.0,"Qty":200.0},"Sell4":{"Price":1546.5000,"Qty":200.0},"Sell5":{"Price":1547.0,"Qty":200.0},"Sell6":{"Price":1547.5000,"Qty":700.0},"Sell7":{"Price":1548.0,"Qty":100.0},"Sell8":{"Price":1549.0,"Qty":5100.0},"Sell9":{"Price":1550.0,"Qty":5100.0},"Sell10":{"Price":1550.5000,"Qty":13300.0},"AskQty":1600.0,"AskPrice":1543.0,"AskSign":"0101","Buy1":{"Price":1543.0,"Qty":1600.0,"Sign":"0101","Time":"2026-02-12T15:30:00+09:00"},"Buy2":{"Price":1542.5000,"Qty":7000.0},"Buy3":{"Price":1542.0,"Qty":200.0},"Buy4":{"Price":1541.0,"Qty":600.0},"Buy5":{"Price":1540.5000,"Qty":500.0},"Buy6":{"Price":1540.0,"Qty":1100.0},"Buy7":{"Price":1539.5000,"Qty":7300.0},"Buy8":{"Price":1539.0,"Qty":1600.0},"Buy9":{"Price":1538.5000,"Qty":2900.0},"Buy10":{"Price":1538.0,"Qty":200.0},"Symbol":"1332","SymbolName":"ÉjÉbÉXÉC","CurrentPrice":1543.5000,"CurrentPriceTime":"2026-02-12T15:30:00+09:00","CurrentPriceChangeStatus":"0061","CurrentPriceStatus":1,"CalcPrice":1543.5,"PreviousClose":1498.50000,"PreviousCloseTime":"2026-02-10T00:00:00+09:00","ChangePreviousClose":45.00000,"ChangePreviousClosePer":3.00,"OpeningPrice":1520.0,"OpeningPriceTime":"2026-02-12T09:00:00+09:00","HighPrice":1561.5000,"HighPriceTime":"2026-02-12T12:39:04+09:00","LowPrice":1505.5000,"LowPriceTime":"2026-02-12T09:00:14+09:00","SecurityType":1})
16:03:18.8791,I,16592,0021 ÅyOrdersÅz(,,,,,,,)
16:03:18.8791,I,16592,0021 ÅyOrdersÅz([])
16:03:18.8941,I,16592,0021 ÅyPositionsÅz(,,,)
16:03:18.8941,I,16592,0021 ÅyPositionsÅz([])
16:03:20.8757,I,16592,0021 ÅyOrdersÅz(,,,,,,,)
16:03:20.8757,I,16592,0021 ÅyOrdersÅz([])
16:03:20.8915,I,16592,0021 ÅyPositionsÅz(,,,)
16:03:20.8915,I,16592,0021 ÅyPositionsÅz([])
16:03:22.8996,I,16592,0021 ÅyOrdersÅz(,,,,,,,)
16:03:22.8996,I,16592,0021 ÅyOrdersÅz([])
16:03:22.9265,I,16592,0021 ÅyPositionsÅz(,,,)
16:03:22.9265,I,16592,0021 ÅyPositionsÅz([])
16:03:24.8871,I,16592,0021 ÅyOrdersÅz(,,,,,,,)
16:03:24.8871,I,16592,0021 ÅyOrdersÅz([])
16:03:24.9032,I,16592,0021 ÅyPositionsÅz(,,,)
16:03:24.9032,I,16592,0021 ÅyPositionsÅz([])
16:03:26.8939,I,16592,0021 ÅyOrdersÅz(,,,,,,,)
16:03:26.8939,I,16592,0021 ÅyOrdersÅz([])
16:03:26.9099,I,16592,0021 ÅyPositionsÅz(,,,)
16:03:26.9099,I,16592,0021 ÅyPositionsÅz([])
16:03:28.9163,I,16592,0021 ÅyOrdersÅz(,,,,,,,)
16:03:28.9163,I,16592,0021 ÅyOrdersÅz([])
16:03:28.9319,I,16592,0021 ÅyPositionsÅz(,,,)
16:03:28.9319,I,16592,0021 ÅyPositionsÅz([])
16:03:30.8902,I,16592,0021 ÅyOrdersÅz(,,,,,,,)
16:03:30.8902,I,16592,0021 ÅyOrdersÅz([])
16:03:30.9027,I,16592,0021 ÅyPositionsÅz(,,,)
16:03:30.9027,I,16592,0021 ÅyPositionsÅz([])
16:03:32.9120,I,16592,0021 ÅyOrdersÅz(,,,,,,,)
16:03:32.9120,I,16592,0021 ÅyOrdersÅz([])
16:03:32.9276,I,16592,0021 ÅyPositionsÅz(,,,)
16:03:32.9276,I,16592,0021 ÅyPositionsÅz([])
16:24:30.6634,I,16592,0021 ÅyTokenÅz({"APIPassword":"****************"})
16:24:30.6634,I,16592,0021 ÅyTokenÅz({"ResultCode":0,"Token":"****************"})
16:24:30.6757,I,16592,0021 ÅySendOrderÅz({"Symbol": "1332", "Exchange": 9, "SecurityType": 1, "Side": "2", "Qty": 100, "FrontOrderType": 10, "Price": 0, "ExpireDay": 0, "AccountType": 4, "CashMargin": 1, "DelivType": 2})
16:24:30.6767,I,16592,0021 ÅySendOrderÅz({"Code":4001005,"Message":"ÉpÉâÉÅÅ[É^ïœä∑ÉGÉâÅ[ - è⁄ç◊ÇÕkabuSÉçÉOÉtÉ@ÉCÉãÇämîFÇµÇƒÇ≠ÇæÇ≥Ç¢"})
16:24:30.7061,I,16592,0021 ÅyOrdersÅz(,,,,,,,)
16:24:30.7061,I,16592,0021 ÅyOrdersÅz([])
16:24:30.7071,I,16592,0021 ÅyPositionsÅz(,,,)
16:24:30.7081,I,16592,0021 ÅyPositionsÅz([])
16:24:30.8634,I,16592,0021 ÅySymbolÅz(1332@1,)
16:24:31.8162,I,16592,0021 ÅySymbolÅz({"BisCategory":"0050      ","TotalMarketValue":482236132549.5,"TotalStocks":312430.0,"FiscalYearEndBasic":20260331,"KCMarginBuy":true,"KCMarginSell":true,"MarginBuy":true,"MarginSell":true,"DisplayName":"ÉjÉbÉXÉC","Exchange":1,"ExchangeName":"ìåèÿÉv","TradingUnit":100.0,"PriceRangeGroup":"10003","UpperLimit":1943.50,"LowerLimit":1143.50,"Symbol":"1332","SymbolName":"ÉjÉbÉXÉC"})
16:24:31.8182,I,16592,0021 ÅyBoardÅz(1332@1)
16:24:31.8182,I,16592,0021 ÅyBoardÅz({"OverSellQty":138500.0,"UnderBuyQty":149100.0,"TotalMarketValue":482236132549.5,"MarketOrderSellQty":0.0,"MarketOrderBuyQty":0.0,"BidTime":"2026-02-12T15:30:00+09:00","AskTime":"2026-02-12T15:30:00+09:00","Exchange":1,"ExchangeName":"ìåèÿÉv","TradingVolume":1886800.0,"TradingVolumeTime":"2026-02-12T15:30:00+09:00","VWAP":1542.8880,"TradingValue":2911121100.0,"BidQty":100.0,"BidPrice":1544.0,"BidSign":"0101","Sell1":{"Price":1544.0,"Qty":100.0,"Sign":"0101","Time":"2026-02-12T15:30:00+09:00"},"Sell2":{"Price":1545.0,"Qty":1200.0},"Sell3":{"Price":1546.0,"Qty":200.0},"Sell4":{"Price":1546.5000,"Qty":200.0},"Sell5":{"Price":1547.0,"Qty":200.0},"Sell6":{"Price":1547.5000,"Qty":700.0},"Sell7":{"Price":1548.0,"Qty":100.0},"Sell8":{"Price":1549.0,"Qty":5100.0},"Sell9":{"Price":1550.0,"Qty":5100.0},"Sell10":{"Price":1550.5000,"Qty":13300.0},"AskQty":1600.0,"AskPrice":1543.0,"AskSign":"0101","Buy1":{"Price":1543.0,"Qty":1600.0,"Sign":"0101","Time":"2026-02-12T15:30:00+09:00"},"Buy2":{"Price":1542.5000,"Qty":7000.0},"Buy3":{"Price":1542.0,"Qty":200.0},"Buy4":{"Price":1541.0,"Qty":600.0},"Buy5":{"Price":1540.5000,"Qty":500.0},"Buy6":{"Price":1540.0,"Qty":1100.0},"Buy7":{"Price":1539.5000,"Qty":7300.0},"Buy8":{"Price":1539.0,"Qty":1600.0},"Buy9":{"Price":1538.5000,"Qty":2900.0},"Buy10":{"Price":1538.0,"Qty":200.0},"Symbol":"1332","SymbolName":"ÉjÉbÉXÉC","CurrentPrice":1543.5000,"CurrentPriceTime":"2026-02-12T15:30:00+09:00","CurrentPriceChangeStatus":"0061","CurrentPriceStatus":1,"CalcPrice":1543.5,"PreviousClose":1498.50000,"PreviousCloseTime":"2026-02-10T00:00:00+09:00","ChangePreviousClose":45.00000,"ChangePreviousClosePer":3.00,"OpeningPrice":1520.0,"OpeningPriceTime":"2026-02-12T09:00:00+09:00","HighPrice":1561.5000,"HighPriceTime":"2026-02-12T12:39:04+09:00","LowPrice":1505.5000,"LowPriceTime":"2026-02-12T09:00:14+09:00","SecurityType":1})
16:24:32.6339,I,16592,0021 ÅyOrdersÅz(,,,,,,,)
16:24:32.6339,I,16592,0021 ÅyOrdersÅz([])
16:24:32.6492,I,16592,0021 ÅyPositionsÅz(,,,)
16:24:32.6492,I,16592,0021 ÅyPositionsÅz([])
16:24:34.6063,I,16592,0021 ÅyOrdersÅz(,,,,,,,)
16:24:34.6063,I,16592,0021 ÅyOrdersÅz([])
16:24:34.6073,I,16592,0021 ÅyPositionsÅz(,,,)
16:24:34.6073,I,16592,0021 ÅyPositionsÅz([])
16:24:36.6113,I,16592,0021 ÅyOrdersÅz(,,,,,,,)
16:24:36.6113,I,16592,0021 ÅyOrdersÅz([])
16:24:36.6131,I,16592,0021 ÅyPositionsÅz(,,,)
16:24:36.6131,I,16592,0021 ÅyPositionsÅz([])
16:24:38.6175,I,16592,0021 ÅyOrdersÅz(,,,,,,,)
16:24:38.6175,I,16592,0021 ÅyOrdersÅz([])
16:24:38.6329,I,16592,0021 ÅyPositionsÅz(,,,)
16:24:38.6329,I,16592,0021 ÅyPositionsÅz([])
16:24:40.6109,I,16592,0021 ÅyOrdersÅz(,,,,,,,)
16:24:40.6109,I,16592,0021 ÅyOrdersÅz([])
16:24:40.6227,I,16592,0021 ÅyPositionsÅz(,,,)
16:24:40.6227,I,16592,0021 ÅyPositionsÅz([])
16:24:42.6243,I,16592,0021 ÅyOrdersÅz(,,,,,,,)
16:24:42.6243,I,16592,0021 ÅyOrdersÅz([])
16:24:42.6394,I,16592,0021 ÅyPositionsÅz(,,,)
16:24:42.6394,I,16592,0021 ÅyPositionsÅz([])
16:24:44.6176,I,16592,0021 ÅyOrdersÅz(,,,,,,,)
16:24:44.6176,I,16592,0021 ÅyOrdersÅz([])
16:24:44.6186,I,16592,0021 ÅyPositionsÅz(,,,)
16:24:44.6186,I,16592,0021 ÅyPositionsÅz([])
16:24:46.6114,I,16592,0021 ÅyOrdersÅz(,,,,,,,)
16:24:46.6114,I,16592,0021 ÅyOrdersÅz([])
16:24:46.6133,I,16592,0021 ÅyPositionsÅz(,,,)
16:24:46.6133,I,16592,0021 ÅyPositionsÅz([])
16:24:48.6239,I,16592,0021 ÅyOrdersÅz(,,,,,,,)
16:24:48.6239,I,16592,0021 ÅyOrdersÅz([])
16:24:48.6417,I,16592,0021 ÅyPositionsÅz(,,,)
16:24:48.6417,I,16592,0021 ÅyPositionsÅz([])
16:24:50.6580,I,16592,0021 ÅySendOrderÅz({"Symbol": "1332", "Exchange": 9, "SecurityType": 1, "Side": "2", "Qty": 100, "FrontOrderType": 10, "Price": 0, "ExpireDay": 0, "AccountType": 4, "CashMargin": 1, "DelivType": 2})
16:24:50.6580,I,16592,0021 ÅySendOrderÅz({"Code":4001005,"Message":"ÉpÉâÉÅÅ[É^ïœä∑ÉGÉâÅ[ - è⁄ç◊ÇÕkabuSÉçÉOÉtÉ@ÉCÉãÇämîFÇµÇƒÇ≠ÇæÇ≥Ç¢"})
16:24:50.6723,I,16592,0021 ÅyOrdersÅz(,,,,,,,)
16:24:50.6723,I,16592,0021 ÅyOrdersÅz([])
16:24:50.6733,I,16592,0021 ÅyPositionsÅz(,,,)
16:24:50.6733,I,16592,0021 ÅyPositionsÅz([])
16:24:52.6704,I,16592,0021 ÅyOrdersÅz(,,,,,,,)
16:24:52.6704,I,16592,0021 ÅyOrdersÅz([])
16:24:52.6724,I,16592,0021 ÅyPositionsÅz(,,,)
16:24:52.6724,I,16592,0021 ÅyPositionsÅz([])
16:24:54.6417,I,16592,0021 ÅyOrdersÅz(,,,,,,,)
16:24:54.6417,I,16592,0021 ÅyOrdersÅz([])
16:24:54.6566,I,16592,0021 ÅyPositionsÅz(,,,)
16:24:54.6566,I,16592,0021 ÅyPositionsÅz([])
16:24:56.6316,I,16592,0021 ÅyOrdersÅz(,,,,,,,)
16:24:56.6316,I,16592,0021 ÅyOrdersÅz([])
16:24:56.6474,I,16592,0021 ÅyPositionsÅz(,,,)
16:24:56.6474,I,16592,0021 ÅyPositionsÅz([])
16:24:58.6430,I,16592,0021 ÅyOrdersÅz(,,,,,,,)
16:24:58.6430,I,16592,0021 ÅyOrdersÅz([])
16:24:58.6584,I,16592,0021 ÅyPositionsÅz(,,,)
16:24:58.6584,I,16592,0021 ÅyPositionsÅz([])
16:25:00.6541,I,16592,0021 ÅyOrdersÅz(,,,,,,,)
16:25:00.6541,I,16592,0021 ÅyOrdersÅz([])
16:25:00.6697,I,16592,0021 ÅyPositionsÅz(,,,)
16:25:00.6697,I,16592,0021 ÅyPositionsÅz([])
16:25:02.6290,I,16592,0021 ÅyOrdersÅz(,,,,,,,)
16:25:02.6290,I,16592,0021 ÅyOrdersÅz([])
16:25:02.6300,I,16592,0021 ÅyPositionsÅz(,,,)
16:25:02.6300,I,16592,0021 ÅyPositionsÅz([])
16:25:04.6424,I,16592,0021 ÅyOrdersÅz(,,,,,,,)
16:25:04.6424,I,16592,0021 ÅyOrdersÅz([])
16:25:04.6454,I,16592,0021 ÅyPositionsÅz(,,,)
16:25:04.6454,I,16592,0021 ÅyPositionsÅz([])
16:25:06.6426,I,16592,0021 ÅyOrdersÅz(,,,,,,,)
16:25:06.6426,I,16592,0021 ÅyOrdersÅz([])
16:25:06.6446,I,16592,0021 ÅyPositionsÅz(,,,)
16:25:06.6446,I,16592,0021 ÅyPositionsÅz([])
16:25:08.6135,I,16592,0021 ÅyOrdersÅz(,,,,,,,)
16:25:08.6135,I,16592,0021 ÅyOrdersÅz([])
16:25:08.6145,I,16592,0021 ÅyPositionsÅz(,,,)
16:25:08.6145,I,16592,0021 ÅyPositionsÅz([])
16:25:10.6669,I,16592,0021 ÅyOrdersÅz(,,,,,,,)
16:25:10.6677,I,16592,0021 ÅyOrdersÅz([])
16:25:10.6697,I,16592,0021 ÅyPositionsÅz(,,,)
16:25:10.6697,I,16592,0021 ÅyPositionsÅz([])
16:25:12.6672,I,16592,0021 ÅyOrdersÅz(,,,,,,,)
16:25:12.6681,I,16592,0021 ÅyOrdersÅz([])
16:25:12.6731,I,16592,0021 ÅyPositionsÅz(,,,)
16:25:12.6740,I,16592,0021 ÅyPositionsÅz([])
16:25:14.6591,I,16592,0021 ÅyOrdersÅz(,,,,,,,)
16:25:14.6591,I,16592,0021 ÅyOrdersÅz([])
16:25:14.6610,I,16592,0021 ÅyPositionsÅz(,,,)
16:25:14.6610,I,16592,0021 ÅyPositionsÅz([])
16:25:16.6547,I,16592,0021 ÅyOrdersÅz(,,,,,,,)
16:25:16.6547,I,16592,0021 ÅyOrdersÅz([])
16:25:16.6700,I,16592,0021 ÅyPositionsÅz(,,,)
16:25:16.6700,I,16592,0021 ÅyPositionsÅz([])
16:25:18.6460,I,16592,0021 ÅyOrdersÅz(,,,,,,,)
16:25:18.6460,I,16592,0021 ÅyOrdersÅz([])
16:25:18.6682,I,16592,0021 ÅyPositionsÅz(,,,)
16:25:18.6682,I,16592,0021 ÅyPositionsÅz([])
16:25:20.6562,I,16592,0021 ÅyOrdersÅz(,,,,,,,)
16:25:20.6562,I,16592,0021 ÅyOrdersÅz([])
16:25:20.6582,I,16592,0021 ÅyPositionsÅz(,,,)
16:25:20.6582,I,16592,0021 ÅyPositionsÅz([])
16:25:22.6494,I,16592,0021 ÅyOrdersÅz(,,,,,,,)
16:25:22.6494,I,16592,0021 ÅyOrdersÅz([])
16:25:22.6669,I,16592,0021 ÅyPositionsÅz(,,,)
16:25:22.6669,I,16592,0021 ÅyPositionsÅz([])
16:25:24.6694,I,16592,0021 ÅyOrdersÅz(,,,,,,,)
16:25:24.6694,I,16592,0021 ÅyOrdersÅz([])
16:25:24.6723,I,16592,0021 ÅyPositionsÅz(,,,)
16:25:24.6723,I,16592,0021 ÅyPositionsÅz([])
16:25:26.6560,I,16592,0021 ÅyOrdersÅz(,,,,,,,)
16:25:26.6560,I,16592,0021 ÅyOrdersÅz([])
16:25:26.6589,I,16592,0021 ÅyPositionsÅz(,,,)
16:25:26.6589,I,16592,0021 ÅyPositionsÅz([])
16:25:28.6419,I,16592,0021 ÅyOrdersÅz(,,,,,,,)
16:25:28.6419,I,16592,0021 ÅyOrdersÅz([])
16:25:28.6429,I,16592,0021 ÅyPositionsÅz(,,,)
16:25:28.6429,I,16592,0021 ÅyPositionsÅz([])
16:25:30.6694,I,16592,0021 ÅyOrdersÅz(,,,,,,,)
16:25:30.6694,I,16592,0021 ÅyOrdersÅz([])
16:25:30.6723,I,16592,0021 ÅyPositionsÅz(,,,)
16:25:30.6723,I,16592,0021 ÅyPositionsÅz([])
16:25:32.6480,I,16592,0021 ÅyOrdersÅz(,,,,,,,)
16:25:32.6480,I,16592,0021 ÅyOrdersÅz([])
16:25:32.6490,I,16592,0021 ÅyPositionsÅz(,,,)
16:25:32.6500,I,16592,0021 ÅyPositionsÅz([])
16:25:34.6670,I,16592,0021 ÅyOrdersÅz(,,,,,,,)
16:25:34.6670,I,16592,0021 ÅyOrdersÅz([])
16:25:34.6860,I,16592,0021 ÅyPositionsÅz(,,,)
16:25:34.6860,I,16592,0021 ÅyPositionsÅz([])
16:25:36.6574,I,16592,0021 ÅyOrdersÅz(,,,,,,,)
16:25:36.6583,I,16592,0021 ÅyOrdersÅz([])
16:25:36.6603,I,16592,0021 ÅyPositionsÅz(,,,)
16:25:36.6613,I,16592,0021 ÅyPositionsÅz([])
16:25:38.6448,I,16592,0021 ÅyOrdersÅz(,,,,,,,)
16:25:38.6448,I,16592,0021 ÅyOrdersÅz([])
16:25:38.6600,I,16592,0021 ÅyPositionsÅz(,,,)
16:25:38.6600,I,16592,0021 ÅyPositionsÅz([])
16:25:40.6425,I,16592,0021 ÅyOrdersÅz(,,,,,,,)
16:25:40.6425,I,16592,0021 ÅyOrdersÅz([])
16:25:40.6435,I,16592,0021 ÅyPositionsÅz(,,,)
16:25:40.6435,I,16592,0021 ÅyPositionsÅz([])
16:25:42.6382,I,16592,0021 ÅyOrdersÅz(,,,,,,,)
16:25:42.6382,I,16592,0021 ÅyOrdersÅz([])
16:25:42.6392,I,16592,0021 ÅyPositionsÅz(,,,)
16:25:42.6392,I,16592,0021 ÅyPositionsÅz([])
16:25:44.6446,I,16592,0021 ÅyOrdersÅz(,,,,,,,)
16:25:44.6446,I,16592,0021 ÅyOrdersÅz([])
16:25:44.6592,I,16592,0021 ÅyPositionsÅz(,,,)
16:25:44.6592,I,16592,0021 ÅyPositionsÅz([])
16:25:46.6456,I,16592,0021 ÅyOrdersÅz(,,,,,,,)
16:25:46.6456,I,16592,0021 ÅyOrdersÅz([])
16:25:46.6476,I,16592,0021 ÅyPositionsÅz(,,,)
16:25:46.6476,I,16592,0021 ÅyPositionsÅz([])
16:25:48.6361,I,16592,0021 ÅyOrdersÅz(,,,,,,,)
16:25:48.6361,I,16592,0021 ÅyOrdersÅz([])
16:25:48.6495,I,16592,0021 ÅyPositionsÅz(,,,)
16:25:48.6503,I,16592,0021 ÅyPositionsÅz([])
16:25:50.6449,I,16592,0021 ÅyOrdersÅz(,,,,,,,)
16:25:50.6449,I,16592,0021 ÅyOrdersÅz([])
16:25:50.6604,I,16592,0021 ÅyPositionsÅz(,,,)
16:25:50.6604,I,16592,0021 ÅyPositionsÅz([])
16:25:52.6329,I,16592,0021 ÅyOrdersÅz(,,,,,,,)
16:25:52.6329,I,16592,0021 ÅyOrdersÅz([])
16:25:52.6589,I,16592,0021 ÅyPositionsÅz(,,,)
16:25:52.6589,I,16592,0021 ÅyPositionsÅz([])
16:25:54.6671,I,16592,0021 ÅyOrdersÅz(,,,,,,,)
16:25:54.6671,I,16592,0021 ÅyOrdersÅz([])
16:25:54.6691,I,16592,0021 ÅyPositionsÅz(,,,)
16:25:54.6701,I,16592,0021 ÅyPositionsÅz([])
16:25:56.6583,I,16592,0021 ÅyOrdersÅz(,,,,,,,)
16:25:56.6583,I,16592,0021 ÅyOrdersÅz([])
16:25:56.6738,I,16592,0021 ÅyPositionsÅz(,,,)
16:25:56.6738,I,16592,0021 ÅyPositionsÅz([])
16:25:58.6770,I,16592,0021 ÅySendOrderÅz({"Symbol": "1332", "Exchange": 9, "SecurityType": 1, "Side": "2", "Qty": 100, "FrontOrderType": 10, "Price": 0, "ExpireDay": 0, "AccountType": 4, "CashMargin": 1, "DelivType": 2})
16:25:58.6770,I,16592,0021 ÅySendOrderÅz({"Code":4001005,"Message":"ÉpÉâÉÅÅ[É^ïœä∑ÉGÉâÅ[ - è⁄ç◊ÇÕkabuSÉçÉOÉtÉ@ÉCÉãÇämîFÇµÇƒÇ≠ÇæÇ≥Ç¢"})
16:25:58.7084,I,16592,0021 ÅyOrdersÅz(,,,,,,,)
16:25:58.7084,I,16592,0021 ÅyOrdersÅz([])
16:25:58.7094,I,16592,0021 ÅyPositionsÅz(,,,)
16:25:58.7094,I,16592,0021 ÅyPositionsÅz([])
16:26:00.6646,I,16592,0021 ÅyOrdersÅz(,,,,,,,)
16:26:00.6646,I,16592,0021 ÅyOrdersÅz([])
16:26:00.6805,I,16592,0021 ÅyPositionsÅz(,,,)
16:26:00.6805,I,16592,0021 ÅyPositionsÅz([])
16:26:02.6329,I,16592,0021 ÅyOrdersÅz(,,,,,,,)
16:26:02.6329,I,16592,0021 ÅyOrdersÅz([])
16:26:02.6443,I,16592,0021 ÅyPositionsÅz(,,,)
16:26:02.6443,I,16592,0021 ÅyPositionsÅz([])
16:26:04.6458,I,16592,0021 ÅyOrdersÅz(,,,,,,,)
16:26:04.6458,I,16592,0021 ÅyOrdersÅz([])
16:26:04.6606,I,16592,0021 ÅyPositionsÅz(,,,)
16:26:04.6606,I,16592,0021 ÅyPositionsÅz([])
16:26:06.6407,I,16592,0021 ÅyOrdersÅz(,,,,,,,)
16:26:06.6407,I,16592,0021 ÅyOrdersÅz([])
16:26:06.6425,I,16592,0021 ÅyPositionsÅz(,,,)
16:26:06.6425,I,16592,0021 ÅyPositionsÅz([])
16:26:08.6303,I,16592,0021 ÅyOrdersÅz(,,,,,,,)
16:26:08.6303,I,16592,0021 ÅyOrdersÅz([])
16:26:08.6323,I,16592,0021 ÅyPositionsÅz(,,,)
16:26:08.6323,I,16592,0021 ÅyPositionsÅz([])
16:26:10.6328,I,16592,0021 ÅyOrdersÅz(,,,,,,,)
16:26:10.6328,I,16592,0021 ÅyOrdersÅz([])
16:26:10.6338,I,16592,0021 ÅyPositionsÅz(,,,)
16:26:10.6338,I,16592,0021 ÅyPositionsÅz([])
16:26:12.6474,I,16592,0021 ÅyOrdersÅz(,,,,,,,)
16:26:12.6474,I,16592,0021 ÅyOrdersÅz([])
16:26:12.6625,I,16592,0021 ÅyPositionsÅz(,,,)
16:26:12.6625,I,16592,0021 ÅyPositionsÅz([])
16:26:14.6659,I,16592,0021 ÅyOrdersÅz(,,,,,,,)
16:26:14.6659,I,16592,0021 ÅyOrdersÅz([])
16:26:14.6669,I,16592,0021 ÅyPositionsÅz(,,,)
16:26:14.6679,I,16592,0021 ÅyPositionsÅz([])
16:26:16.6578,I,16592,0021 ÅyOrdersÅz(,,,,,,,)
16:26:16.6578,I,16592,0021 ÅyOrdersÅz([])
16:26:16.6598,I,16592,0021 ÅyPositionsÅz(,,,)
16:26:16.6598,I,16592,0021 ÅyPositionsÅz([])
16:26:18.6427,I,16592,0021 ÅyOrdersÅz(,,,,,,,)
16:26:18.6427,I,16592,0021 ÅyOrdersÅz([])
16:26:18.6437,I,16592,0021 ÅyPositionsÅz(,,,)
16:26:18.6437,I,16592,0021 ÅyPositionsÅz([])
16:26:20.6614,I,16592,0021 ÅyOrdersÅz(,,,,,,,)
16:26:20.6614,I,16592,0021 ÅyOrdersÅz([])
16:26:20.6775,I,16592,0021 ÅyPositionsÅz(,,,)
16:26:20.6775,I,16592,0021 ÅyPositionsÅz([])
16:26:22.6290,I,16592,0021 ÅyOrdersÅz(,,,,,,,)
16:26:22.6300,I,16592,0021 ÅyOrdersÅz([])
16:26:22.6310,I,16592,0021 ÅyPositionsÅz(,,,)
16:26:22.6310,I,16592,0021 ÅyPositionsÅz([])
16:26:24.6668,I,16592,0021 ÅyOrdersÅz(,,,,,,,)
16:26:24.6668,I,16592,0021 ÅyOrdersÅz([])
16:26:24.6824,I,16592,0021 ÅyPositionsÅz(,,,)
16:26:24.6824,I,16592,0021 ÅyPositionsÅz([])
16:26:26.6472,I,16592,0021 ÅyOrdersÅz(,,,,,,,)
16:26:26.6472,I,16592,0021 ÅyOrdersÅz([])
16:26:26.6623,I,16592,0021 ÅyPositionsÅz(,,,)
16:26:26.6623,I,16592,0021 ÅyPositionsÅz([])
16:26:28.6514,I,16592,0021 ÅyOrdersÅz(,,,,,,,)
16:26:28.6514,I,16592,0021 ÅyOrdersÅz([])
16:26:28.6668,I,16592,0021 ÅyPositionsÅz(,,,)
16:26:28.6668,I,16592,0021 ÅyPositionsÅz([])
16:26:30.6310,I,16592,0021 ÅyOrdersÅz(,,,,,,,)
16:26:30.6310,I,16592,0021 ÅyOrdersÅz([])
16:26:30.6330,I,16592,0021 ÅyPositionsÅz(,,,)
16:26:30.6339,I,16592,0021 ÅyPositionsÅz([])
16:26:32.6464,I,16592,0021 ÅyOrdersÅz(,,,,,,,)
16:26:32.6464,I,16592,0021 ÅyOrdersÅz([])
16:26:32.6624,I,16592,0021 ÅyPositionsÅz(,,,)
16:26:32.6624,I,16592,0021 ÅyPositionsÅz([])
16:26:34.6493,I,16592,0021 ÅyOrdersÅz(,,,,,,,)
16:26:34.6493,I,16592,0021 ÅyOrdersÅz([])
16:26:34.6652,I,16592,0021 ÅyPositionsÅz(,,,)
16:26:34.6652,I,16592,0021 ÅyPositionsÅz([])
16:26:36.6651,I,16592,0021 ÅyOrdersÅz(,,,,,,,)
16:26:36.6651,I,16592,0021 ÅyOrdersÅz([])
16:26:36.6681,I,16592,0021 ÅyPositionsÅz(,,,)
16:26:36.6681,I,16592,0021 ÅyPositionsÅz([])
16:26:38.6418,I,16592,0021 ÅyOrdersÅz(,,,,,,,)
16:26:38.6418,I,16592,0021 ÅyOrdersÅz([])
16:26:38.6429,I,16592,0021 ÅyPositionsÅz(,,,)
16:26:38.6429,I,16592,0021 ÅyPositionsÅz([])
16:26:40.6518,I,16592,0021 ÅyOrdersÅz(,,,,,,,)
16:26:40.6518,I,16592,0021 ÅyOrdersÅz([])
16:26:40.6671,I,16592,0021 ÅyPositionsÅz(,,,)
16:26:40.6671,I,16592,0021 ÅyPositionsÅz([])
16:26:42.6332,I,16592,0021 ÅyOrdersÅz(,,,,,,,)
16:26:42.6332,I,16592,0021 ÅyOrdersÅz([])
16:26:42.6580,I,16592,0021 ÅyPositionsÅz(,,,)
16:26:42.6580,I,16592,0021 ÅyPositionsÅz([])
16:26:44.6291,I,16592,0021 ÅyOrdersÅz(,,,,,,,)
16:26:44.6291,I,16592,0021 ÅyOrdersÅz([])
16:26:44.6411,I,16592,0021 ÅyPositionsÅz(,,,)
16:26:44.6421,I,16592,0021 ÅyPositionsÅz([])
16:26:46.6529,I,16592,0021 ÅyOrdersÅz(,,,,,,,)
16:26:46.6529,I,16592,0021 ÅyOrdersÅz([])
16:26:46.6678,I,16592,0021 ÅyPositionsÅz(,,,)
16:26:46.6678,I,16592,0021 ÅyPositionsÅz([])
16:26:48.6638,I,16592,0021 ÅyOrdersÅz(,,,,,,,)
16:26:48.6638,I,16592,0021 ÅyOrdersÅz([])
16:26:48.6791,I,16592,0021 ÅyPositionsÅz(,,,)
16:26:48.6791,I,16592,0021 ÅyPositionsÅz([])
16:26:50.6544,I,16592,0021 ÅyOrdersÅz(,,,,,,,)
16:26:50.6544,I,16592,0021 ÅyOrdersÅz([])
16:26:50.6699,I,16592,0021 ÅyPositionsÅz(,,,)
16:26:50.6699,I,16592,0021 ÅyPositionsÅz([])
16:26:52.6594,I,16592,0021 ÅyOrdersÅz(,,,,,,,)
16:26:52.6594,I,16592,0021 ÅyOrdersÅz([])
16:26:52.6742,I,16592,0021 ÅyPositionsÅz(,,,)
16:26:52.6742,I,16592,0021 ÅyPositionsÅz([])
16:26:54.6683,I,16592,0021 ÅyOrdersÅz(,,,,,,,)
16:26:54.6683,I,16592,0021 ÅyOrdersÅz([])
16:26:54.6839,I,16592,0021 ÅyPositionsÅz(,,,)
16:26:54.6839,I,16592,0021 ÅyPositionsÅz([])
16:26:56.6613,I,16592,0021 ÅyOrdersÅz(,,,,,,,)
16:26:56.6613,I,16592,0021 ÅyOrdersÅz([])
16:26:56.6767,I,16592,0021 ÅyPositionsÅz(,,,)
16:26:56.6767,I,16592,0021 ÅyPositionsÅz([])
16:26:58.6388,I,16592,0021 ÅyOrdersÅz(,,,,,,,)
16:26:58.6388,I,16592,0021 ÅyOrdersÅz([])
16:26:58.6607,I,16592,0021 ÅyPositionsÅz(,,,)
16:26:58.6607,I,16592,0021 ÅyPositionsÅz([])
16:27:00.6542,I,16592,0021 ÅyOrdersÅz(,,,,,,,)
16:27:00.6542,I,16592,0021 ÅyOrdersÅz([])
16:27:00.6694,I,16592,0021 ÅyPositionsÅz(,,,)
16:27:00.6713,I,16592,0021 ÅyPositionsÅz([])
16:27:02.6465,I,16592,0021 ÅyOrdersÅz(,,,,,,,)
16:27:02.6465,I,16592,0021 ÅyOrdersÅz([])
16:27:02.6618,I,16592,0021 ÅyPositionsÅz(,,,)
16:27:02.6618,I,16592,0021 ÅyPositionsÅz([])
16:27:04.6461,I,16592,0021 ÅyOrdersÅz(,,,,,,,)
16:27:04.6461,I,16592,0021 ÅyOrdersÅz([])
16:27:04.6620,I,16592,0021 ÅyPositionsÅz(,,,)
16:27:04.6620,I,16592,0021 ÅyPositionsÅz([])
16:27:06.6720,I,16592,0021 ÅyOrdersÅz(,,,,,,,)
16:27:06.6720,I,16592,0021 ÅyOrdersÅz([])
16:27:06.6869,I,16592,0021 ÅyPositionsÅz(,,,)
16:27:06.6869,I,16592,0021 ÅyPositionsÅz([])
16:27:08.6601,I,16592,0021 ÅyOrdersÅz(,,,,,,,)
16:27:08.6601,I,16592,0021 ÅyOrdersÅz([])
16:27:08.6611,I,16592,0021 ÅyPositionsÅz(,,,)
16:27:08.6611,I,16592,0021 ÅyPositionsÅz([])
16:27:10.6701,I,16592,0021 ÅyOrdersÅz(,,,,,,,)
16:27:10.6701,I,16592,0021 ÅyOrdersÅz([])
16:27:10.6855,I,16592,0021 ÅyPositionsÅz(,,,)
16:27:10.6855,I,16592,0021 ÅyPositionsÅz([])
16:27:12.6730,I,16592,0021 ÅyOrdersÅz(,,,,,,,)
16:27:12.6730,I,16592,0021 ÅyOrdersÅz([])
16:27:12.6883,I,16592,0021 ÅyPositionsÅz(,,,)
16:27:12.6883,I,16592,0021 ÅyPositionsÅz([])
16:27:14.6544,I,16592,0021 ÅyOrdersÅz(,,,,,,,)
16:27:14.6553,I,16592,0021 ÅyOrdersÅz([])
16:27:14.6574,I,16592,0021 ÅyPositionsÅz(,,,)
16:27:14.6583,I,16592,0021 ÅyPositionsÅz([])
16:27:16.6574,I,16592,0021 ÅyOrdersÅz(,,,,,,,)
16:27:16.6574,I,16592,0021 ÅyOrdersÅz([])
16:27:16.6729,I,16592,0021 ÅyPositionsÅz(,,,)
16:27:16.6729,I,16592,0021 ÅyPositionsÅz([])
16:27:18.6834,I,16592,0021 ÅyOrdersÅz(,,,,,,,)
16:27:18.6834,I,16592,0021 ÅyOrdersÅz([])
16:27:18.6844,I,16592,0021 ÅyPositionsÅz(,,,)
16:27:18.6844,I,16592,0021 ÅyPositionsÅz([])
16:27:20.6449,I,16592,0021 ÅyOrdersÅz(,,,,,,,)
16:27:20.6449,I,16592,0021 ÅyOrdersÅz([])
16:27:20.6628,I,16592,0021 ÅyPositionsÅz(,,,)
16:27:20.6628,I,16592,0021 ÅyPositionsÅz([])
16:27:22.6769,I,16592,0021 ÅyOrdersÅz(,,,,,,,)
16:27:22.6769,I,16592,0021 ÅyOrdersÅz([])
16:27:22.6780,I,16592,0021 ÅyPositionsÅz(,,,)
16:27:22.6780,I,16592,0021 ÅyPositionsÅz([])
16:27:24.6451,I,16592,0021 ÅyOrdersÅz(,,,,,,,)
16:27:24.6451,I,16592,0021 ÅyOrdersÅz([])
16:27:24.6471,I,16592,0021 ÅyPositionsÅz(,,,)
16:27:24.6471,I,16592,0021 ÅyPositionsÅz([])
16:27:26.6659,I,16592,0021 ÅyOrdersÅz(,,,,,,,)
16:27:26.6659,I,16592,0021 ÅyOrdersÅz([])
16:27:26.6810,I,16592,0021 ÅyPositionsÅz(,,,)
16:27:26.6810,I,16592,0021 ÅyPositionsÅz([])
16:27:28.6484,I,16592,0021 ÅyOrdersÅz(,,,,,,,)
16:27:28.6484,I,16592,0021 ÅyOrdersÅz([])
16:27:28.6604,I,16592,0021 ÅyPositionsÅz(,,,)
16:27:28.6604,I,16592,0021 ÅyPositionsÅz([])
16:27:30.6628,I,16592,0021 ÅyOrdersÅz(,,,,,,,)
16:27:30.6628,I,16592,0021 ÅyOrdersÅz([])
16:27:30.6648,I,16592,0021 ÅyPositionsÅz(,,,)
16:27:30.6648,I,16592,0021 ÅyPositionsÅz([])
16:27:32.6911,I,16592,0021 ÅyOrdersÅz(,,,,,,,)
16:27:32.6911,I,16592,0021 ÅyOrdersÅz([])
16:27:32.7070,I,16592,0021 ÅyPositionsÅz(,,,)
16:27:32.7070,I,16592,0021 ÅyPositionsÅz([])
16:27:34.6720,I,16592,0021 ÅyOrdersÅz(,,,,,,,)
16:27:34.6720,I,16592,0021 ÅyOrdersÅz([])
16:27:34.6880,I,16592,0021 ÅyPositionsÅz(,,,)
16:27:34.6880,I,16592,0021 ÅyPositionsÅz([])
16:27:36.6837,I,16592,0021 ÅyOrdersÅz(,,,,,,,)
16:27:36.6837,I,16592,0021 ÅyOrdersÅz([])
16:27:36.6989,I,16592,0021 ÅyPositionsÅz(,,,)
16:27:36.6989,I,16592,0021 ÅyPositionsÅz([])
16:27:38.6793,I,16592,0021 ÅyOrdersÅz(,,,,,,,)
16:27:38.6793,I,16592,0021 ÅyOrdersÅz([])
16:27:38.6941,I,16592,0021 ÅyPositionsÅz(,,,)
16:27:38.6941,I,16592,0021 ÅyPositionsÅz([])
16:27:40.6773,I,16592,0021 ÅyOrdersÅz(,,,,,,,)
16:27:40.6773,I,16592,0021 ÅyOrdersÅz([])
16:27:40.6924,I,16592,0021 ÅyPositionsÅz(,,,)
16:27:40.6924,I,16592,0021 ÅyPositionsÅz([])
16:27:42.6759,I,16592,0021 ÅyOrdersÅz(,,,,,,,)
16:27:42.6759,I,16592,0021 ÅyOrdersÅz([])
16:27:42.6798,I,16592,0021 ÅyPositionsÅz(,,,)
16:27:42.6798,I,16592,0021 ÅyPositionsÅz([])
16:27:44.6660,I,16592,0021 ÅyOrdersÅz(,,,,,,,)
16:27:44.6660,I,16592,0021 ÅyOrdersÅz([])
16:27:44.6669,I,16592,0021 ÅyPositionsÅz(,,,)
16:27:44.6669,I,16592,0021 ÅyPositionsÅz([])
16:27:46.6460,I,16592,0021 ÅyOrdersÅz(,,,,,,,)
16:27:46.6460,I,16592,0021 ÅyOrdersÅz([])
16:27:46.6470,I,16592,0021 ÅyPositionsÅz(,,,)
16:27:46.6470,I,16592,0021 ÅyPositionsÅz([])
16:27:48.6752,I,16592,0021 ÅyOrdersÅz(,,,,,,,)
16:27:48.6752,I,16592,0021 ÅyOrdersÅz([])
16:27:48.6772,I,16592,0021 ÅyPositionsÅz(,,,)
16:27:48.6772,I,16592,0021 ÅyPositionsÅz([])
16:27:50.6714,I,16592,0021 ÅyOrdersÅz(,,,,,,,)
16:27:50.6714,I,16592,0021 ÅyOrdersÅz([])
16:27:50.6865,I,16592,0021 ÅyPositionsÅz(,,,)
16:27:50.6865,I,16592,0021 ÅyPositionsÅz([])
16:27:52.6439,I,16592,0021 ÅyOrdersÅz(,,,,,,,)
16:27:52.6439,I,16592,0021 ÅyOrdersÅz([])
16:27:52.6458,I,16592,0021 ÅyPositionsÅz(,,,)
16:27:52.6458,I,16592,0021 ÅyPositionsÅz([])
16:27:54.6822,I,16592,0021 ÅyOrdersÅz(,,,,,,,)
16:27:54.6822,I,16592,0021 ÅyOrdersÅz([])
16:27:54.6971,I,16592,0021 ÅyPositionsÅz(,,,)
16:27:54.6971,I,16592,0021 ÅyPositionsÅz([])
16:27:56.6554,I,16592,0021 ÅyOrdersÅz(,,,,,,,)
16:27:56.6554,I,16592,0021 ÅyOrdersÅz([])
16:27:56.6782,I,16592,0021 ÅyPositionsÅz(,,,)
16:27:56.6782,I,16592,0021 ÅyPositionsÅz([])
16:27:58.6566,I,16592,0021 ÅyOrdersÅz(,,,,,,,)
16:27:58.6566,I,16592,0021 ÅyOrdersÅz([])
16:27:58.6725,I,16592,0021 ÅyPositionsÅz(,,,)
16:27:58.6725,I,16592,0021 ÅyPositionsÅz([])
16:34:02.3920,I,16592,0021 ÅyTokenÅz({"APIPassword":"****************"})
16:34:02.3920,I,16592,0021 ÅyTokenÅz({"ResultCode":0,"Token":"****************"})
16:34:02.3930,I,16592,0021 ÅyOrdersÅz(,,,,,,,)
16:34:02.3930,I,16592,0021 ÅyOrdersÅz([])
16:34:02.4092,I,16592,0021 ÅyPositionsÅz(,,,)
16:34:02.4092,I,16592,0021 ÅyPositionsÅz([])
16:34:03.9356,I,16592,0021 ÅySymbolÅz(1332@1,)
16:34:04.5034,I,16592,0021 ÅySymbolÅz({"BisCategory":"0050      ","TotalMarketValue":482236132549.5,"TotalStocks":312430.0,"FiscalYearEndBasic":20260331,"KCMarginBuy":true,"KCMarginSell":true,"MarginBuy":true,"MarginSell":true,"DisplayName":"ÉjÉbÉXÉC","Exchange":1,"ExchangeName":"ìåèÿÉv","TradingUnit":100.0,"PriceRangeGroup":"10003","UpperLimit":1943.50,"LowerLimit":1143.50,"Symbol":"1332","SymbolName":"ÉjÉbÉXÉC"})
16:34:04.5275,I,16592,0021 ÅyBoardÅz(1332@1)
16:34:04.5275,I,16592,0021 ÅyBoardÅz({"OverSellQty":138500.0,"UnderBuyQty":149100.0,"TotalMarketValue":482236132549.5,"MarketOrderSellQty":0.0,"MarketOrderBuyQty":0.0,"BidTime":"2026-02-12T15:30:00+09:00","AskTime":"2026-02-12T15:30:00+09:00","Exchange":1,"ExchangeName":"ìåèÿÉv","TradingVolume":1886800.0,"TradingVolumeTime":"2026-02-12T15:30:00+09:00","VWAP":1542.8880,"TradingValue":2911121100.0,"BidQty":100.0,"BidPrice":1544.0,"BidSign":"0101","Sell1":{"Price":1544.0,"Qty":100.0,"Sign":"0101","Time":"2026-02-12T15:30:00+09:00"},"Sell2":{"Price":1545.0,"Qty":1200.0},"Sell3":{"Price":1546.0,"Qty":200.0},"Sell4":{"Price":1546.5000,"Qty":200.0},"Sell5":{"Price":1547.0,"Qty":200.0},"Sell6":{"Price":1547.5000,"Qty":700.0},"Sell7":{"Price":1548.0,"Qty":100.0},"Sell8":{"Price":1549.0,"Qty":5100.0},"Sell9":{"Price":1550.0,"Qty":5100.0},"Sell10":{"Price":1550.5000,"Qty":13300.0},"AskQty":1600.0,"AskPrice":1543.0,"AskSign":"0101","Buy1":{"Price":1543.0,"Qty":1600.0,"Sign":"0101","Time":"2026-02-12T15:30:00+09:00"},"Buy2":{"Price":1542.5000,"Qty":7000.0},"Buy3":{"Price":1542.0,"Qty":200.0},"Buy4":{"Price":1541.0,"Qty":600.0},"Buy5":{"Price":1540.5000,"Qty":500.0},"Buy6":{"Price":1540.0,"Qty":1100.0},"Buy7":{"Price":1539.5000,"Qty":7300.0},"Buy8":{"Price":1539.0,"Qty":1600.0},"Buy9":{"Price":1538.5000,"Qty":2900.0},"Buy10":{"Price":1538.0,"Qty":200.0},"Symbol":"1332","SymbolName":"ÉjÉbÉXÉC","CurrentPrice":1543.5000,"CurrentPriceTime":"2026-02-12T15:30:00+09:00","CurrentPriceChangeStatus":"0061","CurrentPriceStatus":1,"CalcPrice":1543.5,"PreviousClose":1498.50000,"PreviousCloseTime":"2026-02-10T00:00:00+09:00","ChangePreviousClose":45.00000,"ChangePreviousClosePer":3.00,"OpeningPrice":1520.0,"OpeningPriceTime":"2026-02-12T09:00:00+09:00","HighPrice":1561.5000,"HighPriceTime":"2026-02-12T12:39:04+09:00","LowPrice":1505.5000,"LowPriceTime":"2026-02-12T09:00:14+09:00","SecurityType":1})
16:34:04.5430,I,16592,0021 ÅyOrdersÅz(,,,,,,,)
16:34:04.5430,I,16592,0021 ÅyOrdersÅz([])
16:34:04.5590,I,16592,0021 ÅyPositionsÅz(,,,)
16:34:04.5590,I,16592,0021 ÅyPositionsÅz([])
16:34:06.3321,I,16592,0021 ÅyOrdersÅz(,,,,,,,)
16:34:06.3321,I,16592,0021 ÅyOrdersÅz([])
16:34:06.3431,I,16592,0021 ÅyPositionsÅz(,,,)
16:34:06.3431,I,16592,0021 ÅyPositionsÅz([])
16:34:08.3477,I,16592,0021 ÅyOrdersÅz(,,,,,,,)
16:34:08.3477,I,16592,0021 ÅyOrdersÅz([])
16:34:08.3626,I,16592,0021 ÅyPositionsÅz(,,,)
16:34:08.3626,I,16592,0021 ÅyPositionsÅz([])
16:34:10.3463,I,16592,0021 ÅyOrdersÅz(,,,,,,,)
16:34:10.3463,I,16592,0021 ÅyOrdersÅz([])
16:34:10.3645,I,16592,0021 ÅyPositionsÅz(,,,)
16:34:10.3645,I,16592,0021 ÅyPositionsÅz([])
16:34:12.3694,I,16592,0021 ÅyOrdersÅz(,,,,,,,)
16:34:12.3694,I,16592,0021 ÅyOrdersÅz([])
16:34:12.3853,I,16592,0021 ÅyPositionsÅz(,,,)
16:34:12.3853,I,16592,0021 ÅyPositionsÅz([])
16:34:14.3376,I,16592,0021 ÅyOrdersÅz(,,,,,,,)
16:34:14.3376,I,16592,0021 ÅyOrdersÅz([])
16:34:14.3386,I,16592,0021 ÅyPositionsÅz(,,,)
16:34:14.3386,I,16592,0021 ÅyPositionsÅz([])
16:34:16.3458,I,16592,0021 ÅyOrdersÅz(,,,,,,,)
16:34:16.3458,I,16592,0021 ÅyOrdersÅz([])
16:34:16.3468,I,16592,0021 ÅyPositionsÅz(,,,)
16:34:16.3468,I,16592,0021 ÅyPositionsÅz([])
16:34:18.3637,I,16592,0021 ÅyOrdersÅz(,,,,,,,)
16:34:18.3637,I,16592,0021 ÅyOrdersÅz([])
16:34:18.3655,I,16592,0021 ÅyPositionsÅz(,,,)
16:34:18.3655,I,16592,0021 ÅyPositionsÅz([])
16:34:20.3827,I,16592,0021 ÅyOrdersÅz(,,,,,,,)
16:34:20.3827,I,16592,0021 ÅyOrdersÅz([])
16:34:20.3984,I,16592,0021 ÅyPositionsÅz(,,,)
16:34:20.3984,I,16592,0021 ÅyPositionsÅz([])
16:34:22.3700,I,16592,0021 ÅyOrdersÅz(,,,,,,,)
16:34:22.3700,I,16592,0021 ÅyOrdersÅz([])
16:34:22.3729,I,16592,0021 ÅyPositionsÅz(,,,)
16:34:22.3739,I,16592,0021 ÅyPositionsÅz([])
16:34:24.3844,I,16592,0021 ÅyOrdersÅz(,,,,,,,)
16:34:24.3844,I,16592,0021 ÅyOrdersÅz([])
16:34:24.3874,I,16592,0021 ÅyPositionsÅz(,,,)
16:34:24.3874,I,16592,0021 ÅyPositionsÅz([])
16:34:26.3551,I,16592,0021 ÅyOrdersÅz(,,,,,,,)
16:34:26.3551,I,16592,0021 ÅyOrdersÅz([])
16:34:26.3777,I,16592,0021 ÅyPositionsÅz(,,,)
16:34:26.3786,I,16592,0021 ÅyPositionsÅz([])
16:34:28.3494,I,16592,0021 ÅyOrdersÅz(,,,,,,,)
16:34:28.3494,I,16592,0021 ÅyOrdersÅz([])
16:34:28.3615,I,16592,0021 ÅyPositionsÅz(,,,)
16:34:28.3615,I,16592,0021 ÅyPositionsÅz([])
16:34:30.3821,I,16592,0021 ÅyOrdersÅz(,,,,,,,)
16:34:30.3821,I,16592,0021 ÅyOrdersÅz([])
16:34:30.3972,I,16592,0021 ÅyPositionsÅz(,,,)
16:34:30.3972,I,16592,0021 ÅyPositionsÅz([])
16:34:32.3873,I,16592,0021 ÅyOrdersÅz(,,,,,,,)
16:34:32.3883,I,16592,0021 ÅyOrdersÅz([])
16:34:32.3893,I,16592,0021 ÅyPositionsÅz(,,,)
16:34:32.3893,I,16592,0021 ÅyPositionsÅz([])
16:34:34.3662,I,16592,0021 ÅyOrdersÅz(,,,,,,,)
16:34:34.3662,I,16592,0021 ÅyOrdersÅz([])
16:34:34.3818,I,16592,0021 ÅyPositionsÅz(,,,)
16:34:34.3818,I,16592,0021 ÅyPositionsÅz([])
16:34:36.3687,I,16592,0021 ÅyOrdersÅz(,,,,,,,)
16:34:36.3687,I,16592,0021 ÅyOrdersÅz([])
16:34:36.3697,I,16592,0021 ÅyPositionsÅz(,,,)
16:34:36.3697,I,16592,0021 ÅyPositionsÅz([])
16:34:38.3673,I,16592,0021 ÅyOrdersÅz(,,,,,,,)
16:34:38.3673,I,16592,0021 ÅyOrdersÅz([])
16:34:38.3683,I,16592,0021 ÅyPositionsÅz(,,,)
16:34:38.3683,I,16592,0021 ÅyPositionsÅz([])
16:34:40.3681,I,16592,0021 ÅyOrdersÅz(,,,,,,,)
16:34:40.3681,I,16592,0021 ÅyOrdersÅz([])
16:34:40.3691,I,16592,0021 ÅyPositionsÅz(,,,)
16:34:40.3691,I,16592,0021 ÅyPositionsÅz([])
16:34:42.3669,I,16592,0021 ÅyOrdersÅz(,,,,,,,)
16:34:42.3669,I,16592,0021 ÅyOrdersÅz([])
16:34:42.3678,I,16592,0021 ÅyPositionsÅz(,,,)
16:34:42.3678,I,16592,0021 ÅyPositionsÅz([])
16:34:44.3793,I,16592,0021 ÅyOrdersÅz(,,,,,,,)
16:34:44.3793,I,16592,0021 ÅyOrdersÅz([])
16:34:44.3942,I,16592,0021 ÅyPositionsÅz(,,,)
16:34:44.3942,I,16592,0021 ÅyPositionsÅz([])
16:34:46.3918,I,16592,0021 ÅySendOrderÅz({"Symbol": "1332", "Exchange": 1, "SecurityType": 1, "Side": "2", "Qty": 100, "FrontOrderType": 10, "Price": 0, "ExpireDay": 0, "AccountType": 4, "CashMargin": 1, "DelivType": 2})
16:34:46.3918,I,16592,0021 ÅySendOrderÅz({"Code":4001005,"Message":"ÉpÉâÉÅÅ[É^ïœä∑ÉGÉâÅ[ - è⁄ç◊ÇÕkabuSÉçÉOÉtÉ@ÉCÉãÇämîFÇµÇƒÇ≠ÇæÇ≥Ç¢"})
16:34:46.4047,I,16592,0021 ÅyOrdersÅz(,,,,,,,)
16:34:46.4047,I,16592,0021 ÅyOrdersÅz([])
16:34:46.4057,I,16592,0021 ÅyPositionsÅz(,,,)
16:34:46.4057,I,16592,0021 ÅyPositionsÅz([])
16:34:48.4015,I,16592,0021 ÅyOrdersÅz(,,,,,,,)
16:34:48.4015,I,16592,0021 ÅyOrdersÅz([])
16:34:48.4025,I,16592,0021 ÅyPositionsÅz(,,,)
16:34:48.4025,I,16592,0021 ÅyPositionsÅz([])
16:34:50.3883,I,16592,0021 ÅyOrdersÅz(,,,,,,,)
16:34:50.3883,I,16592,0021 ÅyOrdersÅz([])
16:34:50.3893,I,16592,0021 ÅyPositionsÅz(,,,)
16:34:50.3893,I,16592,0021 ÅyPositionsÅz([])
16:34:52.3668,I,16592,0021 ÅyOrdersÅz(,,,,,,,)
16:34:52.3678,I,16592,0021 ÅyOrdersÅz([])
16:34:52.3688,I,16592,0021 ÅyPositionsÅz(,,,)
16:34:52.3688,I,16592,0021 ÅyPositionsÅz([])
16:34:54.3847,I,16592,0021 ÅyOrdersÅz(,,,,,,,)
16:34:54.3847,I,16592,0021 ÅyOrdersÅz([])
16:34:54.3856,I,16592,0021 ÅyPositionsÅz(,,,)
16:34:54.3866,I,16592,0021 ÅyPositionsÅz([])
16:34:56.3843,I,16592,0021 ÅyOrdersÅz(,,,,,,,)
16:34:56.3843,I,16592,0021 ÅyOrdersÅz([])
16:34:56.3853,I,16592,0021 ÅyPositionsÅz(,,,)
16:34:56.3853,I,16592,0021 ÅyPositionsÅz([])
16:34:58.3668,I,16592,0021 ÅyOrdersÅz(,,,,,,,)
16:34:58.3668,I,16592,0021 ÅyOrdersÅz([])
16:34:58.3914,I,16592,0021 ÅyPositionsÅz(,,,)
16:34:58.3914,I,16592,0021 ÅyPositionsÅz([])
16:35:00.3910,I,16592,0021 ÅyOrdersÅz(,,,,,,,)
16:35:00.3910,I,16592,0021 ÅyOrdersÅz([])
16:35:00.3930,I,16592,0021 ÅyPositionsÅz(,,,)
16:35:00.3930,I,16592,0021 ÅyPositionsÅz([])
16:35:02.4019,I,16592,0021 ÅyOrdersÅz(,,,,,,,)
16:35:02.4019,I,16592,0021 ÅyOrdersÅz([])
16:35:02.4049,I,16592,0021 ÅyPositionsÅz(,,,)
16:35:02.4049,I,16592,0021 ÅyPositionsÅz([])
16:35:04.3871,I,16592,0021 ÅyOrdersÅz(,,,,,,,)
16:35:04.3871,I,16592,0021 ÅyOrdersÅz([])
16:35:04.3881,I,16592,0021 ÅyPositionsÅz(,,,)
16:35:04.3891,I,16592,0021 ÅyPositionsÅz([])
16:35:06.3774,I,16592,0021 ÅyOrdersÅz(,,,,,,,)
16:35:06.3774,I,16592,0021 ÅyOrdersÅz([])
16:35:06.4026,I,16592,0021 ÅyPositionsÅz(,,,)
16:35:06.4026,I,16592,0021 ÅyPositionsÅz([])
16:35:08.3942,I,16592,0021 ÅyOrdersÅz(,,,,,,,)
16:35:08.3942,I,16592,0021 ÅyOrdersÅz([])
16:35:08.3982,I,16592,0021 ÅyPositionsÅz(,,,)
16:35:08.3982,I,16592,0021 ÅyPositionsÅz([])
16:35:10.3663,I,16592,0021 ÅyOrdersÅz(,,,,,,,)
16:35:10.3673,I,16592,0021 ÅyOrdersÅz([])
16:35:10.3683,I,16592,0021 ÅyPositionsÅz(,,,)
16:35:10.3683,I,16592,0021 ÅyPositionsÅz([])
16:35:12.4049,I,16592,0021 ÅyOrdersÅz(,,,,,,,)
16:35:12.4049,I,16592,0021 ÅyOrdersÅz([])
16:35:12.4109,I,16592,0021 ÅyPositionsÅz(,,,)
16:35:12.4109,I,16592,0021 ÅyPositionsÅz([])
16:35:14.4039,I,16592,0021 ÅyOrdersÅz(,,,,,,,)
16:35:14.4049,I,16592,0021 ÅyOrdersÅz([])
16:35:14.4079,I,16592,0021 ÅyPositionsÅz(,,,)
16:35:14.4079,I,16592,0021 ÅyPositionsÅz([])
16:35:16.3790,I,16592,0021 ÅyOrdersÅz(,,,,,,,)
16:35:16.3790,I,16592,0021 ÅyOrdersÅz([])
16:35:16.3808,I,16592,0021 ÅyPositionsÅz(,,,)
16:35:16.3808,I,16592,0021 ÅyPositionsÅz([])
16:35:18.4030,I,16592,0021 ÅyOrdersÅz(,,,,,,,)
16:35:18.4030,I,16592,0021 ÅyOrdersÅz([])
16:35:18.4184,I,16592,0021 ÅyPositionsÅz(,,,)
16:35:18.4184,I,16592,0021 ÅyPositionsÅz([])
16:35:20.3938,I,16592,0021 ÅyOrdersÅz(,,,,,,,)
16:35:20.3938,I,16592,0021 ÅyOrdersÅz([])
16:35:20.3958,I,16592,0021 ÅyPositionsÅz(,,,)
16:35:20.3958,I,16592,0021 ÅyPositionsÅz([])
16:35:22.3820,I,16592,0021 ÅyOrdersÅz(,,,,,,,)
16:35:22.3820,I,16592,0021 ÅyOrdersÅz([])
16:35:22.3977,I,16592,0021 ÅyPositionsÅz(,,,)
16:35:22.3977,I,16592,0021 ÅyPositionsÅz([])
16:35:24.3930,I,16592,0021 ÅyOrdersÅz(,,,,,,,)
16:35:24.3930,I,16592,0021 ÅyOrdersÅz([])
16:35:24.4080,I,16592,0021 ÅyPositionsÅz(,,,)
16:35:24.4080,I,16592,0021 ÅyPositionsÅz([])
16:35:26.3655,I,16592,0021 ÅyOrdersÅz(,,,,,,,)
16:35:26.3655,I,16592,0021 ÅyOrdersÅz([])
16:35:26.3675,I,16592,0021 ÅyPositionsÅz(,,,)
16:35:26.3675,I,16592,0021 ÅyPositionsÅz([])
16:37:17.1382,I,16592,0021 ÅyTokenÅz({"APIPassword":"****************"})
16:37:17.1382,I,16592,0021 ÅyTokenÅz({"ResultCode":0,"Token":"****************"})
16:37:17.1498,I,16592,0021 ÅyOrdersÅz(,,,,,,,)
16:37:17.1498,I,16592,0021 ÅyOrdersÅz([])
16:37:17.1609,I,16592,0021 ÅyPositionsÅz(,,,)
16:37:17.1609,I,16592,0021 ÅyPositionsÅz([])
16:37:19.1165,I,16592,0021 ÅyOrdersÅz(,,,,,,,)
16:37:19.1165,I,16592,0021 ÅyOrdersÅz([])
16:37:19.1175,I,16592,0021 ÅyPositionsÅz(,,,)
16:37:19.1175,I,16592,0021 ÅyPositionsÅz([])
16:37:19.9253,I,16592,0021 ÅySymbolÅz(1332@1,)
16:37:20.6826,I,16592,0021 ÅySymbolÅz({"BisCategory":"0050      ","TotalMarketValue":482236132549.5,"TotalStocks":312430.0,"FiscalYearEndBasic":20260331,"KCMarginBuy":true,"KCMarginSell":true,"MarginBuy":true,"MarginSell":true,"DisplayName":"ÉjÉbÉXÉC","Exchange":1,"ExchangeName":"ìåèÿÉv","TradingUnit":100.0,"PriceRangeGroup":"10003","UpperLimit":1943.50,"LowerLimit":1143.50,"Symbol":"1332","SymbolName":"ÉjÉbÉXÉC"})
16:37:20.6836,I,16592,0021 ÅyBoardÅz(1332@1)
16:37:20.6836,I,16592,0021 ÅyBoardÅz({"OverSellQty":138500.0,"UnderBuyQty":149100.0,"TotalMarketValue":482236132549.5,"MarketOrderSellQty":0.0,"MarketOrderBuyQty":0.0,"BidTime":"2026-02-12T15:30:00+09:00","AskTime":"2026-02-12T15:30:00+09:00","Exchange":1,"ExchangeName":"ìåèÿÉv","TradingVolume":1886800.0,"TradingVolumeTime":"2026-02-12T15:30:00+09:00","VWAP":1542.8880,"TradingValue":2911121100.0,"BidQty":100.0,"BidPrice":1544.0,"BidSign":"0101","Sell1":{"Price":1544.0,"Qty":100.0,"Sign":"0101","Time":"2026-02-12T15:30:00+09:00"},"Sell2":{"Price":1545.0,"Qty":1200.0},"Sell3":{"Price":1546.0,"Qty":200.0},"Sell4":{"Price":1546.5000,"Qty":200.0},"Sell5":{"Price":1547.0,"Qty":200.0},"Sell6":{"Price":1547.5000,"Qty":700.0},"Sell7":{"Price":1548.0,"Qty":100.0},"Sell8":{"Price":1549.0,"Qty":5100.0},"Sell9":{"Price":1550.0,"Qty":5100.0},"Sell10":{"Price":1550.5000,"Qty":13300.0},"AskQty":1600.0,"AskPrice":1543.0,"AskSign":"0101","Buy1":{"Price":1543.0,"Qty":1600.0,"Sign":"0101","Time":"2026-02-12T15:30:00+09:00"},"Buy2":{"Price":1542.5000,"Qty":7000.0},"Buy3":{"Price":1542.0,"Qty":200.0},"Buy4":{"Price":1541.0,"Qty":600.0},"Buy5":{"Price":1540.5000,"Qty":500.0},"Buy6":{"Price":1540.0,"Qty":1100.0},"Buy7":{"Price":1539.5000,"Qty":7300.0},"Buy8":{"Price":1539.0,"Qty":1600.0},"Buy9":{"Price":1538.5000,"Qty":2900.0},"Buy10":{"Price":1538.0,"Qty":200.0},"Symbol":"1332","SymbolName":"ÉjÉbÉXÉC","CurrentPrice":1543.5000,"CurrentPriceTime":"2026-02-12T15:30:00+09:00","CurrentPriceChangeStatus":"0061","CurrentPriceStatus":1,"CalcPrice":1543.5,"PreviousClose":1498.50000,"PreviousCloseTime":"2026-02-10T00:00:00+09:00","ChangePreviousClose":45.00000,"ChangePreviousClosePer":3.00,"OpeningPrice":1520.0,"OpeningPriceTime":"2026-02-12T09:00:00+09:00","HighPrice":1561.5000,"HighPriceTime":"2026-02-12T12:39:04+09:00","LowPrice":1505.5000,"LowPriceTime":"2026-02-12T09:00:14+09:00","SecurityType":1})
16:37:21.1094,I,16592,0021 ÅyOrdersÅz(,,,,,,,)
16:37:21.1094,I,16592,0021 ÅyOrdersÅz([])
16:37:21.1253,I,16592,0021 ÅyPositionsÅz(,,,)
16:37:21.1253,I,16592,0021 ÅyPositionsÅz([])
16:37:23.0853,I,16592,0021 ÅyOrdersÅz(,,,,,,,)
16:37:23.0853,I,16592,0021 ÅyOrdersÅz([])
16:37:23.0982,I,16592,0021 ÅyPositionsÅz(,,,)
16:37:23.0982,I,16592,0021 ÅyPositionsÅz([])
16:37:25.1072,I,16592,0021 ÅyOrdersÅz(,,,,,,,)
16:37:25.1072,I,16592,0021 ÅyOrdersÅz([])
16:37:25.1223,I,16592,0021 ÅyPositionsÅz(,,,)
16:37:25.1223,I,16592,0021 ÅyPositionsÅz([])
16:37:27.1116,I,16592,0021 ÅyOrdersÅz(,,,,,,,)
16:37:27.1116,I,16592,0021 ÅyOrdersÅz([])
16:37:27.1136,I,16592,0021 ÅyPositionsÅz(,,,)
16:37:27.1136,I,16592,0021 ÅyPositionsÅz([])
16:37:29.1376,I,16592,0021 ÅySendOrderÅz({"Symbol": "1332", "Exchange": 1, "SecurityType": 1, "Side": "2", "Qty": 100, "FrontOrderType": 10, "Price": 0, "ExpireDay": 0, "AccountType": 4, "CashMargin": 1, "DelivType": 2})
16:37:29.1376,I,16592,0021 ÅySendOrderÅz({"Code":4001005,"Message":"ÉpÉâÉÅÅ[É^ïœä∑ÉGÉâÅ[ - è⁄ç◊ÇÕkabuSÉçÉOÉtÉ@ÉCÉãÇämîFÇµÇƒÇ≠ÇæÇ≥Ç¢"})
16:37:29.1686,I,16592,0021 ÅyOrdersÅz(,,,,,,,)
16:37:29.1686,I,16592,0021 ÅyOrdersÅz([])
16:37:29.1846,I,16592,0021 ÅyPositionsÅz(,,,)
16:37:29.1846,I,16592,0021 ÅyPositionsÅz([])
16:37:31.1482,I,16592,0021 ÅyOrdersÅz(,,,,,,,)
16:37:31.1482,I,16592,0021 ÅyOrdersÅz([])
16:37:31.1635,I,16592,0021 ÅyPositionsÅz(,,,)
16:37:31.1635,I,16592,0021 ÅyPositionsÅz([])
16:37:33.1254,I,16592,0021 ÅyOrdersÅz(,,,,,,,)
16:37:33.1254,I,16592,0021 ÅyOrdersÅz([])
16:37:33.1284,I,16592,0021 ÅyPositionsÅz(,,,)
16:37:33.1284,I,16592,0021 ÅyPositionsÅz([])
16:37:35.1103,I,16592,0021 ÅyOrdersÅz(,,,,,,,)
16:37:35.1113,I,16592,0021 ÅyOrdersÅz([])
16:37:35.1123,I,16592,0021 ÅyPositionsÅz(,,,)
16:37:35.1123,I,16592,0021 ÅyPositionsÅz([])
16:37:37.1125,I,16592,0021 ÅyOrdersÅz(,,,,,,,)
16:37:37.1125,I,16592,0021 ÅyOrdersÅz([])
16:37:37.1283,I,16592,0021 ÅyPositionsÅz(,,,)
16:37:37.1292,I,16592,0021 ÅyPositionsÅz([])
16:37:39.1013,I,16592,0021 ÅyOrdersÅz(,,,,,,,)
16:37:39.1013,I,16592,0021 ÅyOrdersÅz([])
16:37:39.1033,I,16592,0021 ÅyPositionsÅz(,,,)
16:37:39.1033,I,16592,0021 ÅyPositionsÅz([])
16:37:41.1335,I,16592,0021 ÅyOrdersÅz(,,,,,,,)
16:37:41.1335,I,16592,0021 ÅyOrdersÅz([])
16:37:41.1375,I,16592,0021 ÅyPositionsÅz(,,,)
16:37:41.1375,I,16592,0021 ÅyPositionsÅz([])
16:37:43.1236,I,16592,0021 ÅyOrdersÅz(,,,,,,,)
16:37:43.1236,I,16592,0021 ÅyOrdersÅz([])
16:37:43.1256,I,16592,0021 ÅyPositionsÅz(,,,)
16:37:43.1256,I,16592,0021 ÅyPositionsÅz([])
16:37:45.0989,I,16592,0021 ÅyOrdersÅz(,,,,,,,)
16:37:45.0989,I,16592,0021 ÅyOrdersÅz([])
16:37:45.0999,I,16592,0021 ÅyPositionsÅz(,,,)
16:37:45.0999,I,16592,0021 ÅyPositionsÅz([])
16:37:47.1210,I,16592,0021 ÅyOrdersÅz(,,,,,,,)
16:37:47.1210,I,16592,0021 ÅyOrdersÅz([])
16:37:47.1356,I,16592,0021 ÅyPositionsÅz(,,,)
16:37:47.1356,I,16592,0021 ÅyPositionsÅz([])
16:37:49.1109,I,16592,0021 ÅyOrdersÅz(,,,,,,,)
16:37:49.1109,I,16592,0021 ÅyOrdersÅz([])
16:37:49.1129,I,16592,0021 ÅyPositionsÅz(,,,)
16:37:49.1129,I,16592,0021 ÅyPositionsÅz([])
16:37:51.1120,I,16592,0021 ÅyOrdersÅz(,,,,,,,)
16:37:51.1120,I,16592,0021 ÅyOrdersÅz([])
16:37:51.1129,I,16592,0021 ÅyPositionsÅz(,,,)
16:37:51.1129,I,16592,0021 ÅyPositionsÅz([])
16:37:53.1072,I,16592,0021 ÅyOrdersÅz(,,,,,,,)
16:37:53.1072,I,16592,0021 ÅyOrdersÅz([])
16:37:53.1091,I,16592,0021 ÅyPositionsÅz(,,,)
16:37:53.1091,I,16592,0021 ÅyPositionsÅz([])
16:37:55.1303,I,16592,0021 ÅyOrdersÅz(,,,,,,,)
16:37:55.1303,I,16592,0021 ÅyOrdersÅz([])
16:37:55.1313,I,16592,0021 ÅyPositionsÅz(,,,)
16:37:55.1313,I,16592,0021 ÅyPositionsÅz([])
16:37:57.1306,I,16592,0021 ÅyOrdersÅz(,,,,,,,)
16:37:57.1306,I,16592,0021 ÅyOrdersÅz([])
16:37:57.1462,I,16592,0021 ÅyPositionsÅz(,,,)
16:37:57.1462,I,16592,0021 ÅyPositionsÅz([])
16:37:59.1090,I,16592,0021 ÅyOrdersÅz(,,,,,,,)
16:37:59.1090,I,16592,0021 ÅyOrdersÅz([])
16:37:59.1110,I,16592,0021 ÅyPositionsÅz(,,,)
16:37:59.1110,I,16592,0021 ÅyPositionsÅz([])
16:56:41.7581,I,16592,0021 ÅyTokenÅz({"APIPassword":"****************"})
16:56:41.7581,I,16592,0021 ÅyTokenÅz({"ResultCode":0,"Token":"****************"})
16:56:41.7723,I,16592,0021 ÅyOrdersÅz(,,,,,,,)
16:56:41.7723,I,16592,0021 ÅyOrdersÅz([])
16:56:41.7879,I,16592,0021 ÅyPositionsÅz(,,,)
16:56:41.7879,I,16592,0021 ÅyPositionsÅz([])
16:56:42.9303,I,16592,0021 ÅySymbolÅz(1332@1,)
16:56:43.3136,I,16592,0021 ÅySymbolÅz({"BisCategory":"0050      ","TotalMarketValue":482236132549.5,"TotalStocks":312430.0,"FiscalYearEndBasic":20260331,"KCMarginBuy":true,"KCMarginSell":true,"MarginBuy":true,"MarginSell":true,"DisplayName":"ÉjÉbÉXÉC","Exchange":1,"ExchangeName":"ìåèÿÉv","TradingUnit":100.0,"PriceRangeGroup":"10003","UpperLimit":1943.50,"LowerLimit":1143.50,"Symbol":"1332","SymbolName":"ÉjÉbÉXÉC"})
16:56:43.3145,I,16592,0021 ÅyBoardÅz(1332@1)
16:56:43.3145,I,16592,0021 ÅyBoardÅz({"OverSellQty":138500.0,"UnderBuyQty":149100.0,"TotalMarketValue":482236132549.5,"MarketOrderSellQty":0.0,"MarketOrderBuyQty":0.0,"BidTime":"2026-02-12T15:30:00+09:00","AskTime":"2026-02-12T15:30:00+09:00","Exchange":1,"ExchangeName":"ìåèÿÉv","TradingVolume":1886800.0,"TradingVolumeTime":"2026-02-12T15:30:00+09:00","VWAP":1542.8880,"TradingValue":2911121100.0,"BidQty":100.0,"BidPrice":1544.0,"BidSign":"0101","Sell1":{"Price":1544.0,"Qty":100.0,"Sign":"0101","Time":"2026-02-12T15:30:00+09:00"},"Sell2":{"Price":1545.0,"Qty":1200.0},"Sell3":{"Price":1546.0,"Qty":200.0},"Sell4":{"Price":1546.5000,"Qty":200.0},"Sell5":{"Price":1547.0,"Qty":200.0},"Sell6":{"Price":1547.5000,"Qty":700.0},"Sell7":{"Price":1548.0,"Qty":100.0},"Sell8":{"Price":1549.0,"Qty":5100.0},"Sell9":{"Price":1550.0,"Qty":5100.0},"Sell10":{"Price":1550.5000,"Qty":13300.0},"AskQty":1600.0,"AskPrice":1543.0,"AskSign":"0101","Buy1":{"Price":1543.0,"Qty":1600.0,"Sign":"0101","Time":"2026-02-12T15:30:00+09:00"},"Buy2":{"Price":1542.5000,"Qty":7000.0},"Buy3":{"Price":1542.0,"Qty":200.0},"Buy4":{"Price":1541.0,"Qty":600.0},"Buy5":{"Price":1540.5000,"Qty":500.0},"Buy6":{"Price":1540.0,"Qty":1100.0},"Buy7":{"Price":1539.5000,"Qty":7300.0},"Buy8":{"Price":1539.0,"Qty":1600.0},"Buy9":{"Price":1538.5000,"Qty":2900.0},"Buy10":{"Price":1538.0,"Qty":200.0},"Symbol":"1332","SymbolName":"ÉjÉbÉXÉC","CurrentPrice":1543.5000,"CurrentPriceTime":"2026-02-12T15:30:00+09:00","CurrentPriceChangeStatus":"0061","CurrentPriceStatus":1,"CalcPrice":1543.5,"PreviousClose":1498.50000,"PreviousCloseTime":"2026-02-10T00:00:00+09:00","ChangePreviousClose":45.00000,"ChangePreviousClosePer":3.00,"OpeningPrice":1520.0,"OpeningPriceTime":"2026-02-12T09:00:00+09:00","HighPrice":1561.5000,"HighPriceTime":"2026-02-12T12:39:04+09:00","LowPrice":1505.5000,"LowPriceTime":"2026-02-12T09:00:14+09:00","SecurityType":1})
16:56:43.7184,I,16592,0021 ÅyOrdersÅz(,,,,,,,)
16:56:43.7184,I,16592,0021 ÅyOrdersÅz([])
16:56:43.7192,I,16592,0021 ÅyPositionsÅz(,,,)
16:56:43.7202,I,16592,0021 ÅyPositionsÅz([])
16:56:45.7208,I,16592,0021 ÅyOrdersÅz(,,,,,,,)
16:56:45.7208,I,16592,0021 ÅyOrdersÅz([])
16:56:45.7360,I,16592,0021 ÅyPositionsÅz(,,,)
16:56:45.7360,I,16592,0021 ÅyPositionsÅz([])
16:56:47.7144,I,16592,0021 ÅyOrdersÅz(,,,,,,,)
16:56:47.7144,I,16592,0021 ÅyOrdersÅz([])
16:56:47.7296,I,16592,0021 ÅyPositionsÅz(,,,)
16:56:47.7296,I,16592,0021 ÅyPositionsÅz([])
16:56:49.6992,I,16592,0021 ÅyOrdersÅz(,,,,,,,)
16:56:49.7002,I,16592,0021 ÅyOrdersÅz([])
16:56:49.7022,I,16592,0021 ÅyPositionsÅz(,,,)
16:56:49.7022,I,16592,0021 ÅyPositionsÅz([])
16:56:51.7333,I,16592,0021 ÅySendOrderÅz({"Symbol": "1332", "Exchange": 1, "SecurityType": 1, "Side": "2", "Qty": 100, "FrontOrderType": 10, "Price": 0, "ExpireDay": 0, "AccountType": 4, "CashMargin": 1, "DelivType": 2})
16:56:51.7333,I,16592,0021 ÅySendOrderÅz({"Code":4001005,"Message":"ÉpÉâÉÅÅ[É^ïœä∑ÉGÉâÅ[ - è⁄ç◊ÇÕkabuSÉçÉOÉtÉ@ÉCÉãÇämîFÇµÇƒÇ≠ÇæÇ≥Ç¢"})
16:56:51.7644,I,16592,0021 ÅyOrdersÅz(,,,,,,,)
16:56:51.7644,I,16592,0021 ÅyOrdersÅz([])
16:56:51.7654,I,16592,0021 ÅyPositionsÅz(,,,)
16:56:51.7654,I,16592,0021 ÅyPositionsÅz([])
16:56:53.7044,I,16592,0021 ÅyOrdersÅz(,,,,,,,)
16:56:53.7044,I,16592,0021 ÅyOrdersÅz([])
16:56:53.7054,I,16592,0021 ÅyPositionsÅz(,,,)
16:56:53.7064,I,16592,0021 ÅyPositionsÅz([])
16:56:55.7292,I,16592,0021 ÅyOrdersÅz(,,,,,,,)
16:56:55.7292,I,16592,0021 ÅyOrdersÅz([])
16:56:55.7445,I,16592,0021 ÅyPositionsÅz(,,,)
16:56:55.7445,I,16592,0021 ÅyPositionsÅz([])
16:56:57.7097,I,16592,0021 ÅyOrdersÅz(,,,,,,,)
16:56:57.7097,I,16592,0021 ÅyOrdersÅz([])
16:56:57.7117,I,16592,0021 ÅyPositionsÅz(,,,)
16:56:57.7117,I,16592,0021 ÅyPositionsÅz([])
16:56:59.7171,I,16592,0021 ÅyOrdersÅz(,,,,,,,)
16:56:59.7171,I,16592,0021 ÅyOrdersÅz([])
16:56:59.7330,I,16592,0021 ÅyPositionsÅz(,,,)
16:56:59.7330,I,16592,0021 ÅyPositionsÅz([])
16:57:01.7443,I,16592,0021 ÅyOrdersÅz(,,,,,,,)
16:57:01.7443,I,16592,0021 ÅyOrdersÅz([])
16:57:01.7463,I,16592,0021 ÅyPositionsÅz(,,,)
16:57:01.7463,I,16592,0021 ÅyPositionsÅz([])
16:57:03.7242,I,16592,0021 ÅyOrdersÅz(,,,,,,,)
16:57:03.7242,I,16592,0021 ÅyOrdersÅz([])
16:57:03.7262,I,16592,0021 ÅyPositionsÅz(,,,)
16:57:03.7262,I,16592,0021 ÅyPositionsÅz([])
16:57:05.7361,I,16592,0021 ÅyOrdersÅz(,,,,,,,)
16:57:05.7361,I,16592,0021 ÅyOrdersÅz([])
16:57:05.7517,I,16592,0021 ÅyPositionsÅz(,,,)
16:57:05.7517,I,16592,0021 ÅyPositionsÅz([])
16:57:07.7453,I,16592,0021 ÅyOrdersÅz(,,,,,,,)
16:57:07.7453,I,16592,0021 ÅyOrdersÅz([])
16:57:07.7472,I,16592,0021 ÅyPositionsÅz(,,,)
16:57:07.7472,I,16592,0021 ÅyPositionsÅz([])
16:57:09.7193,I,16592,0021 ÅyOrdersÅz(,,,,,,,)
16:57:09.7193,I,16592,0021 ÅyOrdersÅz([])
16:57:09.7347,I,16592,0021 ÅyPositionsÅz(,,,)
16:57:09.7347,I,16592,0021 ÅyPositionsÅz([])
16:57:11.7309,I,16592,0021 ÅyOrdersÅz(,,,,,,,)
16:57:11.7309,I,16592,0021 ÅyOrdersÅz([])
16:57:11.7463,I,16592,0021 ÅyPositionsÅz(,,,)
16:57:11.7463,I,16592,0021 ÅyPositionsÅz([])
16:57:13.7472,I,16592,0021 ÅyOrdersÅz(,,,,,,,)
16:57:13.7472,I,16592,0021 ÅyOrdersÅz([])
16:57:13.7492,I,16592,0021 ÅyPositionsÅz(,,,)
16:57:13.7502,I,16592,0021 ÅyPositionsÅz([])
